#
# There is insufficient memory for the Java Runtime Environment to continue.
# Native memory allocation (malloc) failed to allocate 1421456 bytes for Chunk::new
# Possible reasons:
#   The system is out of physical RAM or swap space
#   The process is running with CompressedOops enabled, and the Java Heap may be blocking the growth of the native heap
# Possible solutions:
#   Reduce memory load on the system
#   Increase physical memory or swap space
#   Check if swap backing store is full
#   Decrease Java heap size (-Xmx/-Xms)
#   Decrease number of Java threads
#   Decrease Java thread stack sizes (-Xss)
#   Set larger code cache with -XX:ReservedCodeCacheSize=
#   JVM is running with Zero Based Compressed Oops mode in which the Java heap is
#     placed in the first 32GB address space. The Java Heap base address is the
#     maximum limit for the native heap growth. Please use -XX:HeapBaseMinAddress
#     to set the Java Heap base and to place the Java Heap above 32GB virtual address.
# This output file may be truncated or incomplete.
#
#  Out of Memory Error (allocation.cpp:389), pid=15680, tid=0x0000000000009314
#
# JRE version: Java(TM) SE Runtime Environment (8.0_361) (build 1.8.0_361-b09)
# Java VM: Java HotSpot(TM) 64-Bit Server VM (25.361-b09 mixed mode windows-amd64 compressed oops)
# Failed to write core dump. Minidumps are not enabled by default on client versions of Windows
#

---------------  T H R E A D  ---------------

Current thread (0x00000239d8e3c000):  JavaThread "C2 CompilerThread2" daemon [_thread_in_native, id=37652, stack(0x000000e511700000,0x000000e511800000)]

Stack: [0x000000e511700000,0x000000e511800000]
Native frames: (J=compiled Java code, j=interpreted, Vv=VM code, C=native code)
V  [jvm.dll+0x3317a9]
V  [jvm.dll+0x277c4e]
V  [jvm.dll+0x27888d]
V  [jvm.dll+0x26f0d5]
V  [jvm.dll+0xd590c]
V  [jvm.dll+0xd610c]
V  [jvm.dll+0x4731b3]
V  [jvm.dll+0x43a820]
V  [jvm.dll+0x443825]
V  [jvm.dll+0x442be5]
V  [jvm.dll+0x42d98b]
V  [jvm.dll+0xac70b]
V  [jvm.dll+0xaad6b]
V  [jvm.dll+0x23ffb2]
V  [jvm.dll+0x294a5c]
C  [ucrtbase.dll+0x37b0]
C  [KERNEL32.DLL+0x2e8d7]
C  [ntdll.dll+0x8c53c]


Current CompileTask:
C2:  21342 11233 %     4       com.sun.tools.javac.jvm.ClassWriter::writePool @ 18 (1051 bytes)


---------------  P R O C E S S  ---------------

Java Threads: ( => current thread )
  0x00000239d8ed2000 JavaThread "Service Thread" daemon [_thread_blocked, id=35808, stack(0x000000e511900000,0x000000e511a00000)]
  0x00000239d8e3f000 JavaThread "C1 CompilerThread3" daemon [_thread_blocked, id=10648, stack(0x000000e511800000,0x000000e511900000)]
=>0x00000239d8e3c000 JavaThread "C2 CompilerThread2" daemon [_thread_in_native, id=37652, stack(0x000000e511700000,0x000000e511800000)]
  0x00000239d8e3b000 JavaThread "C2 CompilerThread1" daemon [_thread_blocked, id=31248, stack(0x000000e511600000,0x000000e511700000)]
  0x00000239d8e38000 JavaThread "C2 CompilerThread0" daemon [_thread_in_native, id=4084, stack(0x000000e511500000,0x000000e511600000)]
  0x00000239d8e31000 JavaThread "Monitor Ctrl-Break" daemon [_thread_in_native, id=28096, stack(0x000000e511400000,0x000000e511500000)]
  0x00000239d70ae800 JavaThread "Attach Listener" daemon [_thread_blocked, id=25476, stack(0x000000e511300000,0x000000e511400000)]
  0x00000239d70ae000 JavaThread "Signal Dispatcher" daemon [_thread_blocked, id=19160, stack(0x000000e511200000,0x000000e511300000)]
  0x00000239d703d800 JavaThread "Finalizer" daemon [_thread_blocked, id=35944, stack(0x000000e511100000,0x000000e511200000)]
  0x00000239d702a800 JavaThread "Reference Handler" daemon [_thread_blocked, id=29040, stack(0x000000e511000000,0x000000e511100000)]
  0x00000239bc382800 JavaThread "main" [_thread_in_native, id=36372, stack(0x000000e510600000,0x000000e510700000)]

Other Threads:
  0x00000239d7000000 VMThread [stack: 0x000000e510f00000,0x000000e511000000] [id=11888]
  0x00000239d8eeb800 WatcherThread [stack: 0x000000e511a00000,0x000000e511b00000] [id=36284]

VM state:not at safepoint (normal execution)

VM Mutex/Monitor currently owned by a thread: None

heap address: 0x00000006c3200000, size: 4046 MB, Compressed Oops mode: Zero based, Oop shift amount: 3
Narrow klass base: 0x0000000000000000, Narrow klass shift: 3
Compressed class space size: 1073741824 Address: 0x00000007c0000000

Heap:
 PSYoungGen      total 410112K, used 59890K [0x000000076bb80000, 0x0000000787280000, 0x00000007c0000000)
  eden space 374272K, 8% used [0x000000076bb80000,0x000000076da510d0,0x0000000782900000)
  from space 35840K, 79% used [0x0000000784d80000,0x000000078692b990,0x0000000787080000)
  to   space 37376K, 0% used [0x0000000782900000,0x0000000782900000,0x0000000784d80000)
 ParOldGen       total 205312K, used 92671K [0x00000006c3200000, 0x00000006cfa80000, 0x000000076bb80000)
  object space 205312K, 45% used [0x00000006c3200000,0x00000006c8c7fe78,0x00000006cfa80000)
 Metaspace       used 35387K, capacity 36562K, committed 36824K, reserved 1081344K
  class space    used 3891K, capacity 4319K, committed 4352K, reserved 1048576K

Card table byte_map: [0x00000239cd230000,0x00000239cda20000] byte_map_base: 0x00000239c9c17000

Marking Bits: (ParMarkBitMap*) 0x000000006b88b090
 Begin Bits: [0x00000239cdf70000, 0x00000239d1ea8000)
 End Bits:   [0x00000239d1ea8000, 0x00000239d5de0000)

Polling page: 0x00000239bc5f0000

CodeCache: size=245760Kb used=32706Kb max_used=34538Kb free=213053Kb
 bounds [0x00000239bde70000, 0x00000239c00b0000, 0x00000239cce70000]
 total_blobs=8423 nmethods=7957 adapters=377
 compilation: enabled

Compilation events (10 events):
Event: 20.284 Thread 0x00000239d8e3f000 11317       3       org.apache.maven.model.interpolation.StringVisitorModelInterpolator$ModelVisitor::visit (47 bytes)
Event: 20.285 Thread 0x00000239d8e3f000 nmethod 11317 0x00000239bf573450 code [0x00000239bf573600, 0x00000239bf573b40]
Event: 20.285 Thread 0x00000239d8e3f000 11318       3       org.apache.maven.model.interpolation.StringVisitorModelInterpolator$ModelVisitor::visit (152 bytes)
Event: 20.285 Thread 0x00000239d8e3f000 nmethod 11318 0x00000239bf136cd0 code [0x00000239bf136f40, 0x00000239bf137d30]
Event: 20.285 Thread 0x00000239d8e3f000 11319       3       org.apache.maven.model.interpolation.StringVisitorModelInterpolator$ModelVisitor::visit (47 bytes)
Event: 20.285 Thread 0x00000239d8e3f000 nmethod 11319 0x00000239bf748890 code [0x00000239bf748a40, 0x00000239bf748f80]
Event: 20.309 Thread 0x00000239d8e3b000 nmethod 11224 0x00000239bef08f50 code [0x00000239bef09800, 0x00000239bef11400]
Event: 20.310 Thread 0x00000239d8e3b000 11295       4       org.codehaus.plexus.interpolation.reflection.ReflectionValueExtractor$Tokenizer::nextPropertyName (86 bytes)
Event: 20.324 Thread 0x00000239d8e3f000 11320       3       java.lang.Long::parseLong (272 bytes)
Event: 21.315 Thread 0x00000239d8e3f000 nmethod 11320 0x00000239beb71410 code [0x00000239beb71b20, 0x00000239beb76990]

GC Heap History (10 events):
Event: 11.486 GC heap before
{Heap before GC invocations=16 (full 2):
 PSYoungGen      total 344576K, used 24869K [0x000000076bb80000, 0x0000000783480000, 0x00000007c0000000)
  eden space 308224K, 0% used [0x000000076bb80000,0x000000076bb80000,0x000000077e880000)
  from space 36352K, 68% used [0x0000000781100000,0x0000000782949708,0x0000000783480000)
  to   space 38912K, 0% used [0x000000077e880000,0x000000077e880000,0x0000000780e80000)
 ParOldGen       total 123392K, used 82044K [0x00000006c3200000, 0x00000006caa80000, 0x000000076bb80000)
  object space 123392K, 66% used [0x00000006c3200000,0x00000006c821f380,0x00000006caa80000)
 Metaspace       used 34244K, capacity 35260K, committed 35416K, reserved 1081344K
  class space    used 3805K, capacity 4146K, committed 4224K, reserved 1048576K
Event: 11.550 GC heap after
Heap after GC invocations=16 (full 2):
 PSYoungGen      total 344576K, used 0K [0x000000076bb80000, 0x0000000783480000, 0x00000007c0000000)
  eden space 308224K, 0% used [0x000000076bb80000,0x000000076bb80000,0x000000077e880000)
  from space 36352K, 0% used [0x0000000781100000,0x0000000781100000,0x0000000783480000)
  to   space 38912K, 0% used [0x000000077e880000,0x000000077e880000,0x0000000780e80000)
 ParOldGen       total 205312K, used 46519K [0x00000006c3200000, 0x00000006cfa80000, 0x000000076bb80000)
  object space 205312K, 22% used [0x00000006c3200000,0x00000006c5f6df30,0x00000006cfa80000)
 Metaspace       used 30893K, capacity 31748K, committed 35416K, reserved 1081344K
  class space    used 3419K, capacity 3658K, committed 4224K, reserved 1048576K
}
Event: 12.759 GC heap before
{Heap before GC invocations=17 (full 2):
 PSYoungGen      total 344576K, used 308224K [0x000000076bb80000, 0x0000000783480000, 0x00000007c0000000)
  eden space 308224K, 100% used [0x000000076bb80000,0x000000077e880000,0x000000077e880000)
  from space 36352K, 0% used [0x0000000781100000,0x0000000781100000,0x0000000783480000)
  to   space 38912K, 0% used [0x000000077e880000,0x000000077e880000,0x0000000780e80000)
 ParOldGen       total 205312K, used 46519K [0x00000006c3200000, 0x00000006cfa80000, 0x000000076bb80000)
  object space 205312K, 22% used [0x00000006c3200000,0x00000006c5f6df30,0x00000006cfa80000)
 Metaspace       used 31471K, capacity 32368K, committed 35416K, reserved 1081344K
  class space    used 3463K, capacity 3692K, committed 4224K, reserved 1048576K
Event: 14.578 GC heap after
Heap after GC invocations=17 (full 2):
 PSYoungGen      total 347136K, used 9404K [0x000000076bb80000, 0x0000000783480000, 0x00000007c0000000)
  eden space 308224K, 0% used [0x000000076bb80000,0x000000076bb80000,0x000000077e880000)
  from space 38912K, 24% used [0x000000077e880000,0x000000077f1af120,0x0000000780e80000)
  to   space 36352K, 0% used [0x0000000781100000,0x0000000781100000,0x0000000783480000)
 ParOldGen       total 205312K, used 46527K [0x00000006c3200000, 0x00000006cfa80000, 0x000000076bb80000)
  object space 205312K, 22% used [0x00000006c3200000,0x00000006c5f6ff30,0x00000006cfa80000)
 Metaspace       used 31471K, capacity 32368K, committed 35416K, reserved 1081344K
  class space    used 3463K, capacity 3692K, committed 4224K, reserved 1048576K
}
Event: 16.057 GC heap before
{Heap before GC invocations=18 (full 2):
 PSYoungGen      total 347136K, used 317628K [0x000000076bb80000, 0x0000000783480000, 0x00000007c0000000)
  eden space 308224K, 100% used [0x000000076bb80000,0x000000077e880000,0x000000077e880000)
  from space 38912K, 24% used [0x000000077e880000,0x000000077f1af120,0x0000000780e80000)
  to   space 36352K, 0% used [0x0000000781100000,0x0000000781100000,0x0000000783480000)
 ParOldGen       total 205312K, used 46527K [0x00000006c3200000, 0x00000006cfa80000, 0x000000076bb80000)
  object space 205312K, 22% used [0x00000006c3200000,0x00000006c5f6ff30,0x00000006cfa80000)
 Metaspace       used 31735K, capacity 32656K, committed 35416K, reserved 1081344K
  class space    used 3476K, capacity 3724K, committed 4224K, reserved 1048576K
Event: 16.070 GC heap after
Heap after GC invocations=18 (full 2):
 PSYoungGen      total 348672K, used 20653K [0x000000076bb80000, 0x0000000789100000, 0x00000007c0000000)
  eden space 312320K, 0% used [0x000000076bb80000,0x000000076bb80000,0x000000077ec80000)
  from space 36352K, 56% used [0x0000000781100000,0x000000078252b670,0x0000000783480000)
  to   space 37376K, 0% used [0x000000077ec80000,0x000000077ec80000,0x0000000781100000)
 ParOldGen       total 205312K, used 52816K [0x00000006c3200000, 0x00000006cfa80000, 0x000000076bb80000)
  object space 205312K, 25% used [0x00000006c3200000,0x00000006c6594160,0x00000006cfa80000)
 Metaspace       used 31735K, capacity 32656K, committed 35416K, reserved 1081344K
  class space    used 3476K, capacity 3724K, committed 4224K, reserved 1048576K
}
Event: 17.863 GC heap before
{Heap before GC invocations=19 (full 2):
 PSYoungGen      total 348672K, used 332973K [0x000000076bb80000, 0x0000000789100000, 0x00000007c0000000)
  eden space 312320K, 100% used [0x000000076bb80000,0x000000077ec80000,0x000000077ec80000)
  from space 36352K, 56% used [0x0000000781100000,0x000000078252b670,0x0000000783480000)
  to   space 37376K, 0% used [0x000000077ec80000,0x000000077ec80000,0x0000000781100000)
 ParOldGen       total 205312K, used 52816K [0x00000006c3200000, 0x00000006cfa80000, 0x000000076bb80000)
  object space 205312K, 25% used [0x00000006c3200000,0x00000006c6594160,0x00000006cfa80000)
 Metaspace       used 33415K, capacity 34494K, committed 35416K, reserved 1081344K
  class space    used 3666K, capacity 3971K, committed 4224K, reserved 1048576K
Event: 17.881 GC heap after
Heap after GC invocations=19 (full 2):
 PSYoungGen      total 349696K, used 18751K [0x000000076bb80000, 0x0000000787080000, 0x00000007c0000000)
  eden space 312320K, 0% used [0x000000076bb80000,0x000000076bb80000,0x000000077ec80000)
  from space 37376K, 50% used [0x000000077ec80000,0x000000077fecfd40,0x0000000781100000)
  to   space 35840K, 0% used [0x0000000784d80000,0x0000000784d80000,0x0000000787080000)
 ParOldGen       total 205312K, used 68931K [0x00000006c3200000, 0x00000006cfa80000, 0x000000076bb80000)
  object space 205312K, 33% used [0x00000006c3200000,0x00000006c7550c28,0x00000006cfa80000)
 Metaspace       used 33415K, capacity 34494K, committed 35416K, reserved 1081344K
  class space    used 3666K, capacity 3971K, committed 4224K, reserved 1048576K
}
Event: 20.150 GC heap before
{Heap before GC invocations=20 (full 2):
 PSYoungGen      total 349696K, used 331071K [0x000000076bb80000, 0x0000000787080000, 0x00000007c0000000)
  eden space 312320K, 100% used [0x000000076bb80000,0x000000077ec80000,0x000000077ec80000)
  from space 37376K, 50% used [0x000000077ec80000,0x000000077fecfd40,0x0000000781100000)
  to   space 35840K, 0% used [0x0000000784d80000,0x0000000784d80000,0x0000000787080000)
 ParOldGen       total 205312K, used 76299K [0x00000006c3200000, 0x00000006cfa80000, 0x000000076bb80000)
  object space 205312K, 37% used [0x00000006c3200000,0x00000006c7c82c38,0x00000006cfa80000)
 Metaspace       used 35269K, capacity 36372K, committed 36568K, reserved 1081344K
  class space    used 3880K, capacity 4278K, committed 4352K, reserved 1048576K
Event: 20.174 GC heap after
Heap after GC invocations=20 (full 2):
 PSYoungGen      total 410112K, used 28334K [0x000000076bb80000, 0x0000000787280000, 0x00000007c0000000)
  eden space 374272K, 0% used [0x000000076bb80000,0x000000076bb80000,0x0000000782900000)
  from space 35840K, 79% used [0x0000000784d80000,0x000000078692b990,0x0000000787080000)
  to   space 37376K, 0% used [0x0000000782900000,0x0000000782900000,0x0000000784d80000)
 ParOldGen       total 205312K, used 92671K [0x00000006c3200000, 0x00000006cfa80000, 0x000000076bb80000)
  object space 205312K, 45% used [0x00000006c3200000,0x00000006c8c7fe78,0x00000006cfa80000)
 Metaspace       used 35269K, capacity 36372K, committed 36568K, reserved 1081344K
  class space    used 3880K, capacity 4278K, committed 4352K, reserved 1048576K
}

Deoptimization events (10 events):
Event: 19.010 Thread 0x00000239bc382800 Uncommon trap: reason=class_check action=maybe_recompile pc=0x00000239bf761a0c method=com.sun.tools.javac.code.Symbol$MethodSymbol.params()Lcom/sun/tools/javac/util/List; @ 91
Event: 19.010 Thread 0x00000239bc382800 Uncommon trap: reason=class_check action=maybe_recompile pc=0x00000239bf761a0c method=com.sun.tools.javac.code.Symbol$MethodSymbol.params()Lcom/sun/tools/javac/util/List; @ 91
Event: 19.014 Thread 0x00000239bc382800 Uncommon trap: reason=unstable_if action=reinterpret pc=0x00000239bf627ca8 method=com.sun.tools.javac.comp.Annotate.enterAttributeValue(Lcom/sun/tools/javac/code/Type;Lcom/sun/tools/javac/tree/JCTree$JCExpression;Lcom/sun/tools/javac/comp/Env;)Lcom/sun/to
Event: 19.014 Thread 0x00000239bc382800 Uncommon trap: reason=class_check action=maybe_recompile pc=0x00000239bf91035c method=com.sun.tools.javac.comp.Annotate.enterAnnotation(Lcom/sun/tools/javac/tree/JCTree$JCAnnotation;Lcom/sun/tools/javac/code/Type;Lcom/sun/tools/javac/comp/Env;Z)Lcom/sun/t
Event: 19.803 Thread 0x00000239bc382800 Uncommon trap: reason=bimorphic action=maybe_recompile pc=0x00000239bf8fae78 method=lombok.javac.JavacNode.traverse(Llombok/javac/JavacASTVisitor;)V @ 73
Event: 19.803 Thread 0x00000239bc382800 Uncommon trap: reason=bimorphic action=maybe_recompile pc=0x00000239bf8fae6c method=lombok.javac.JavacNode.traverse(Llombok/javac/JavacASTVisitor;)V @ 113
Event: 19.803 Thread 0x00000239bc382800 Uncommon trap: reason=bimorphic action=maybe_recompile pc=0x00000239bf8fab10 method=lombok.javac.JavacNode.traverse(Llombok/javac/JavacASTVisitor;)V @ 490
Event: 19.803 Thread 0x00000239bc382800 Uncommon trap: reason=bimorphic action=maybe_recompile pc=0x00000239bf8fab10 method=lombok.javac.JavacNode.traverse(Llombok/javac/JavacASTVisitor;)V @ 490
Event: 20.089 Thread 0x00000239bc382800 Uncommon trap: reason=unstable_if action=reinterpret pc=0x00000239bf555404 method=com.sun.tools.javac.code.Symbol.hasTypeAnnotations()Z @ 4
Event: 20.260 Thread 0x00000239bc382800 Uncommon trap: reason=unstable_if action=reinterpret pc=0x00000239be798420 method=org.codehaus.plexus.interpolation.StringSearchInterpolator.interpolate(Ljava/lang/String;Lorg/codehaus/plexus/interpolation/RecursionInterceptor;Ljava/util/Set;)Ljava/lang/S

Classes redefined (0 events):
No events

Internal exceptions (10 events):
Event: 15.065 Thread 0x00000239bc382800 Exception <a 'java/io/FileNotFoundException'> (0x0000000773feef10) thrown at [C:\jenkins\workspace\8-2-build-windows-x64-cygwin\jdk8u361\3183\hotspot\src\share\vm\prims\jni.cpp, line 710]
Event: 15.683 Thread 0x00000239bc382800 Exception <a 'java/lang/NoSuchMethodError': org.apache.maven.execution.MavenExecutionRequest.getFailureBehavior()Ljava/lang/String;> (0x000000077aa8d5e0) thrown at [C:\jenkins\workspace\8-2-build-windows-x64-cygwin\jdk8u361\3183\hotspot\src\share\vm\inter
Event: 16.139 Thread 0x00000239bc382800 Exception <a 'java/io/FileNotFoundException'> (0x000000076c330c20) thrown at [C:\jenkins\workspace\8-2-build-windows-x64-cygwin\jdk8u361\3183\hotspot\src\share\vm\prims\jni.cpp, line 710]
Event: 16.308 Thread 0x00000239bc382800 Exception <a 'java/io/FileNotFoundException'> (0x000000076d75ed58) thrown at [C:\jenkins\workspace\8-2-build-windows-x64-cygwin\jdk8u361\3183\hotspot\src\share\vm\prims\jni.cpp, line 710]
Event: 18.024 Thread 0x00000239bc382800 Exception <a 'java/io/FileNotFoundException'> (0x000000076dc24d70) thrown at [C:\jenkins\workspace\8-2-build-windows-x64-cygwin\jdk8u361\3183\hotspot\src\share\vm\prims\jni.cpp, line 710]
Event: 18.659 Thread 0x00000239bc382800 Exception <a 'java/lang/NoSuchMethodError': org.apache.maven.execution.MavenExecutionRequest.getFailureBehavior()Ljava/lang/String;> (0x00000007734489a0) thrown at [C:\jenkins\workspace\8-2-build-windows-x64-cygwin\jdk8u361\3183\hotspot\src\share\vm\inter
Event: 18.936 Thread 0x00000239bc382800 Exception <a 'java/io/FileNotFoundException'> (0x0000000776f85dc8) thrown at [C:\jenkins\workspace\8-2-build-windows-x64-cygwin\jdk8u361\3183\hotspot\src\share\vm\prims\jni.cpp, line 710]
Event: 19.018 Thread 0x00000239bc382800 Exception <a 'java/io/FileNotFoundException'> (0x000000077799a2c0) thrown at [C:\jenkins\workspace\8-2-build-windows-x64-cygwin\jdk8u361\3183\hotspot\src\share\vm\prims\jni.cpp, line 710]
Event: 19.917 Thread 0x00000239bc382800 Exception <a 'java/io/FileNotFoundException'> (0x000000077ce1ece8) thrown at [C:\jenkins\workspace\8-2-build-windows-x64-cygwin\jdk8u361\3183\hotspot\src\share\vm\prims\jni.cpp, line 710]
Event: 20.122 Thread 0x00000239bc382800 Exception <a 'java/lang/NoSuchMethodError': org.apache.maven.execution.MavenExecutionRequest.getFailureBehavior()Ljava/lang/String;> (0x000000077df238f0) thrown at [C:\jenkins\workspace\8-2-build-windows-x64-cygwin\jdk8u361\3183\hotspot\src\share\vm\inter

Events (10 events):
Event: 20.324 loading class org/apache/maven/plugin/Mojo
Event: 20.324 loading class org/apache/maven/plugin/Mojo done
Event: 20.324 loading class org/apache/maven/plugin/Mojo
Event: 20.324 loading class org/apache/maven/plugin/Mojo done
Event: 20.324 loading class org/apache/maven/plugin/Mojo
Event: 20.324 loading class org/apache/maven/plugin/Mojo done
Event: 20.324 loading class org/springframework/boot/maven/BuildImageMojo
Event: 20.324 loading class org/springframework/boot/maven/BuildImageMojo done
Event: 20.324 loading class org/springframework/boot/maven/BuildImageMojo
Event: 20.324 loading class org/springframework/boot/maven/BuildImageMojo done


Dynamic libraries:
0x00007ff736df0000 - 0x00007ff736e37000 	C:\Program Files\Java\jdk1.8.0_361\bin\java.exe
0x00007ff8e2d40000 - 0x00007ff8e2fa8000 	C:\WINDOWS\SYSTEM32\ntdll.dll
0x00007ff8e1760000 - 0x00007ff8e1829000 	C:\WINDOWS\System32\KERNEL32.DLL
0x00007ff8e03c0000 - 0x00007ff8e07b8000 	C:\WINDOWS\System32\KERNELBASE.dll
0x00007ff8e16a0000 - 0x00007ff8e1754000 	C:\WINDOWS\System32\ADVAPI32.dll
0x00007ff8e1f90000 - 0x00007ff8e2039000 	C:\WINDOWS\System32\msvcrt.dll
0x00007ff8e1560000 - 0x00007ff8e1606000 	C:\WINDOWS\System32\sechost.dll
0x00007ff8e20c0000 - 0x00007ff8e21d8000 	C:\WINDOWS\System32\RPCRT4.dll
0x00007ff8e1ba0000 - 0x00007ff8e1d67000 	C:\WINDOWS\System32\USER32.dll
0x00007ff8e07c0000 - 0x00007ff8e07e7000 	C:\WINDOWS\System32\win32u.dll
0x00007ff8e1830000 - 0x00007ff8e185b000 	C:\WINDOWS\System32\GDI32.dll
0x00007ff8dffd0000 - 0x00007ff8e00fc000 	C:\WINDOWS\System32\gdi32full.dll
0x00007ff8e08b0000 - 0x00007ff8e0953000 	C:\WINDOWS\System32\msvcp_win.dll
0x00007ff8e0100000 - 0x00007ff8e024b000 	C:\WINDOWS\System32\ucrtbase.dll
0x00007ff8c24a0000 - 0x00007ff8c2734000 	C:\WINDOWS\WinSxS\amd64_microsoft.windows.common-controls_6595b64144ccf1df_6.0.26100.7019_none_3e06ffa0e335b8a8\COMCTL32.dll
0x00007ff8e0d70000 - 0x00007ff8e0da1000 	C:\WINDOWS\System32\IMM32.DLL
0x00007ff8d4390000 - 0x00007ff8d43a5000 	C:\Program Files\Java\jdk1.8.0_361\jre\bin\vcruntime140.dll
0x00007ff8aaae0000 - 0x00007ff8aab7b000 	C:\Program Files\Java\jdk1.8.0_361\jre\bin\msvcp140.dll
0x000000006b0a0000 - 0x000000006b903000 	C:\Program Files\Java\jdk1.8.0_361\jre\bin\server\jvm.dll
0x00007ff8e2770000 - 0x00007ff8e2778000 	C:\WINDOWS\System32\PSAPI.DLL
0x00007ff8dc570000 - 0x00007ff8dc5a5000 	C:\WINDOWS\SYSTEM32\WINMM.dll
0x00007ff8d3aa0000 - 0x00007ff8d3aab000 	C:\WINDOWS\SYSTEM32\VERSION.dll
0x00007ff8c95f0000 - 0x00007ff8c95fa000 	C:\WINDOWS\SYSTEM32\WSOCK32.dll
0x00007ff8e1940000 - 0x00007ff8e19b4000 	C:\WINDOWS\System32\WS2_32.dll
0x00007ff8dec50000 - 0x00007ff8dec6b000 	C:\WINDOWS\SYSTEM32\kernel.appcore.dll
0x00007ff8d4350000 - 0x00007ff8d4360000 	C:\Program Files\Java\jdk1.8.0_361\jre\bin\verify.dll
0x00007ff8d3c30000 - 0x00007ff8d3c5b000 	C:\Program Files\Java\jdk1.8.0_361\jre\bin\java.dll
0x00007ff8d0fa0000 - 0x00007ff8d0fd0000 	C:\Program Files\Java\jdk1.8.0_361\jre\bin\instrument.dll
0x00007ff8d4260000 - 0x00007ff8d4278000 	C:\Program Files\Java\jdk1.8.0_361\jre\bin\zip.dll
0x00007ff8e0db0000 - 0x00007ff8e14ff000 	C:\WINDOWS\System32\SHELL32.dll
0x00007ff8e0250000 - 0x00007ff8e03bb000 	C:\WINDOWS\System32\wintypes.dll
0x00007ff8e21e0000 - 0x00007ff8e256b000 	C:\WINDOWS\System32\combase.dll
0x00007ff8ddad0000 - 0x00007ff8de32d000 	C:\WINDOWS\SYSTEM32\windows.storage.dll
0x00007ff8e0c70000 - 0x00007ff8e0d62000 	C:\WINDOWS\System32\SHCORE.dll
0x00007ff8e0bf0000 - 0x00007ff8e0c57000 	C:\WINDOWS\System32\shlwapi.dll
0x00007ff8dfdb0000 - 0x00007ff8dfdd9000 	C:\WINDOWS\SYSTEM32\profapi.dll
0x00007ff8d41f0000 - 0x00007ff8d420a000 	D:\IntelliJ IDEA 2021.2.2\bin\breakgen64.dll
0x00007ff8d40b0000 - 0x00007ff8d40cc000 	C:\Program Files\Java\jdk1.8.0_361\jre\bin\net.dll
0x00007ff8df1c0000 - 0x00007ff8df22b000 	C:\WINDOWS\system32\mswsock.dll
0x00007ff8df480000 - 0x00007ff8df49b000 	C:\WINDOWS\SYSTEM32\CRYPTSP.dll
0x00007ff8debb0000 - 0x00007ff8debea000 	C:\WINDOWS\system32\rsaenh.dll
0x00007ff8df270000 - 0x00007ff8df29b000 	C:\WINDOWS\SYSTEM32\USERENV.dll
0x00007ff8dfd80000 - 0x00007ff8dfdaa000 	C:\WINDOWS\SYSTEM32\bcrypt.dll
0x00007ff8dff20000 - 0x00007ff8dffc5000 	C:\WINDOWS\System32\bcryptprimitives.dll
0x00007ff8df4a0000 - 0x00007ff8df4ac000 	C:\WINDOWS\SYSTEM32\CRYPTBASE.dll
0x00007ff8de660000 - 0x00007ff8de694000 	C:\WINDOWS\SYSTEM32\IPHLPAPI.DLL
0x00007ff8e0ae0000 - 0x00007ff8e0aea000 	C:\WINDOWS\System32\NSI.dll
0x00007ff8d1530000 - 0x00007ff8d154e000 	C:\WINDOWS\SYSTEM32\dhcpcsvc6.DLL
0x00007ff8d1500000 - 0x00007ff8d1523000 	C:\WINDOWS\SYSTEM32\dhcpcsvc.DLL
0x00007ff8de6f0000 - 0x00007ff8de81c000 	C:\WINDOWS\SYSTEM32\DNSAPI.dll
0x00007ff8cbde0000 - 0x00007ff8cbdf3000 	C:\Program Files\Java\jdk1.8.0_361\jre\bin\nio.dll
0x00007ff8d4340000 - 0x00007ff8d434a000 	C:\Users\11371\AppData\Local\Temp\jansi-1.17.1-602451278548872337.dll
0x00007ff8d3be0000 - 0x00007ff8d3bea000 	C:\Users\11371\AppData\Local\Temp\jansi-1.17.1-4032303798370203614.dll
0x00007ff8d3ae0000 - 0x00007ff8d3aed000 	C:\Program Files\Java\jdk1.8.0_361\jre\bin\management.dll
0x00007ff8bb920000 - 0x00007ff8bb938000 	C:\WINDOWS\system32\napinsp.dll
0x00007ff8bb900000 - 0x00007ff8bb912000 	C:\WINDOWS\System32\winrnr.dll
0x00007ff8bb390000 - 0x00007ff8bb3b2000 	C:\WINDOWS\system32\nlansp_c.dll
0x00007ff8d1b40000 - 0x00007ff8d1b56000 	C:\WINDOWS\system32\wshbth.dll
0x00007ff8a64d0000 - 0x00007ff8a664a000 	C:\Program Files (x86)\Sangfor\SSL\ClientComponent\1_SangforTcpX64.dll
0x00007ff8e1d70000 - 0x00007ff8e1f07000 	C:\WINDOWS\System32\ole32.dll
0x00007ff8e1860000 - 0x00007ff8e1937000 	C:\WINDOWS\System32\OLEAUT32.dll
0x00007ff8dfe90000 - 0x00007ff8dff0f000 	C:\WINDOWS\System32\WINTRUST.dll
0x00007ff8e0960000 - 0x00007ff8e0ad7000 	C:\WINDOWS\System32\CRYPT32.dll
0x00007ff8df4f0000 - 0x00007ff8df503000 	C:\WINDOWS\SYSTEM32\MSASN1.dll
0x00007ff8d11d0000 - 0x00007ff8d11db000 	C:\Windows\System32\rasadhlp.dll
0x00007ff8d1b60000 - 0x00007ff8d1be6000 	C:\WINDOWS\System32\fwpuclnt.dll
0x00007ff8dd2f0000 - 0x00007ff8dd532000 	C:\WINDOWS\SYSTEM32\dbghelp.dll

VM Arguments:
jvm_args: -Dmaven.multiModuleProjectDirectory=D:\IdeaPeojects\Bot -Dmaven.home=D:\apache-maven-3.8.1 -Dclassworlds.conf=D:\apache-maven-3.8.1\bin\m2.conf -Dmaven.ext.class.path=D:\IntelliJ IDEA 2021.2.2\plugins\maven\lib\maven-event-listener.jar -javaagent:D:\IntelliJ IDEA 2021.2.2\lib\idea_rt.jar=7788:D:\IntelliJ IDEA 2021.2.2\bin -Dfile.encoding=UTF-8 
java_command: org.codehaus.classworlds.Launcher -Didea.version=2021.2.2 -s D:\apache-maven-3.8.1\conf\settings.xml -Dmaven.repo.local=D:\repo -DskipTests=true package -P prod
java_class_path (initial): D:\apache-maven-3.8.1\boot\plexus-classworlds-2.6.0.jar;D:\apache-maven-3.8.1\boot\plexus-classworlds.license;D:\IntelliJ IDEA 2021.2.2\lib\idea_rt.jar
Launcher Type: SUN_STANDARD

Environment Variables:
JAVA_HOME=C:\Program Files\Java\jdk1.8.0_361
PATH=C:\Python314\Scripts\;C:\Python314\;C:\WINDOWS\system32;C:\WINDOWS;C:\WINDOWS\System32\Wbem;C:\Program Files (x86)\Common Files\Oracle\Java\javapath;C:\Windows\System32\HWAudioDriverLibs;C:\Windows\system32;C:\Windows;C:\Windows\System32\Wbem;C:\Windows\System32\WindowsPowerShell\v1.0\;C:\Windows\System32\OpenSSH\;C:\Users\Administrator\AppData\Local\Microsoft\WindowsApps;C:\WINDOWS\System32\WindowsPowerShell\v1.0\;C:\WINDOWS\System32\OpenSSH\;%JAVA_HOME%\bin;C:\Program Files\Git\cmd;D:\Oracle\Instant Client\bin;C:\Program Files\TortoiseSVN\bin;D:\apache-tomcat-8.5.87\bin;D:\apache-maven-3.8.1\bin;C:\Program Files\nodejs\;C:\ProgramData\chocolatey\bin;C:\Users\11371\AppData\Local\Programs\Python\Python311\Scripts\;C:\Users\11371\AppData\Local\Programs\Python\Python311\;C:\Users\11371\AppData\Local\Programs\Python\Launcher\;C:\Program Files\Java\jdk1.8.0_361\bin;C:\WINDOWS\system32;C:\WINDOWS;C:\WINDOWS\System32\Wbem;C:\Users\11371\AppData\Local\Microsoft\WindowsApps;D:\apache-maven-3.8.1\bin;C:\Program Files\nodejs\node_global;D:\Oracle\instantclient_11_2;D:\apache-tomcat-8.5.87\bin;D:\gradle-8.12.1\bin;D:\apache-maven-3.8.1\bin;D:\Windsurf\bin;D:\Qoder\bin;C:\Users\11371\AppData\Roaming\npm;
USERNAME=11371
OS=Windows_NT
PROCESSOR_IDENTIFIER=Intel64 Family 6 Model 140 Stepping 1, GenuineIntel



---------------  S Y S T E M  ---------------

OS: Windows 11 , 64 bit Build 26100 (10.0.26100.7019)

CPU:total 8 (initial active 8) (4 cores per cpu, 2 threads per core) family 6 model 140 stepping 1, cmov, cx8, fxsr, mmx, sse, sse2, sse3, ssse3, sse4.1, sse4.2, popcnt, avx, avx2, aes, clmul, erms, 3dnowpref, lzcnt, ht, tsc, tscinvbit, bmi1, bmi2, adx

Memory: 4k page, physical 16571704k(1978432k free), swap 32158772k(75228k free)

vm_info: Java HotSpot(TM) 64-Bit Server VM (25.361-b09) for windows-amd64 JRE (1.8.0_361-b09), built on Jan  9 2023 08:38:53 by "java_re" with MS VC++ 15.9 (VS2017)

time: Thu Nov 27 09:03:32 2025
timezone: Intel64 Family 6 Model 140 Stepping 1, GenuineIntel
elapsed time: 21.346819 seconds (0d 0h 0m 21s)

