#
# There is insufficient memory for the Java Runtime Environment to continue.
# Native memory allocation (malloc) failed to allocate 1226864 bytes for Chunk::new
# Possible reasons:
#   The system is out of physical RAM or swap space
#   The process is running with CompressedOops enabled, and the Java Heap may be blocking the growth of the native heap
# Possible solutions:
#   Reduce memory load on the system
#   Increase physical memory or swap space
#   Check if swap backing store is full
#   Decrease Java heap size (-Xmx/-Xms)
#   Decrease number of Java threads
#   Decrease Java thread stack sizes (-Xss)
#   Set larger code cache with -XX:ReservedCodeCacheSize=
#   JVM is running with Zero Based Compressed Oops mode in which the Java heap is
#     placed in the first 32GB address space. The Java Heap base address is the
#     maximum limit for the native heap growth. Please use -XX:HeapBaseMinAddress
#     to set the Java Heap base and to place the Java Heap above 32GB virtual address.
# This output file may be truncated or incomplete.
#
#  Out of Memory Error (allocation.cpp:389), pid=17164, tid=0x00000000000053c4
#
# JRE version: Java(TM) SE Runtime Environment (8.0_361) (build 1.8.0_361-b09)
# Java VM: Java HotSpot(TM) 64-Bit Server VM (25.361-b09 mixed mode windows-amd64 compressed oops)
# Failed to write core dump. Minidumps are not enabled by default on client versions of Windows
#

---------------  T H R E A D  ---------------

Current thread (0x00000250aa2f8000):  JavaThread "C2 CompilerThread0" daemon [_thread_in_native, id=21444, stack(0x000000b1e0f00000,0x000000b1e1000000)]

Stack: [0x000000b1e0f00000,0x000000b1e1000000]
Native frames: (J=compiled Java code, j=interpreted, Vv=VM code, C=native code)
V  [jvm.dll+0x3317a9]
V  [jvm.dll+0x277c4e]
V  [jvm.dll+0x27888d]
V  [jvm.dll+0x26f0d5]
V  [jvm.dll+0xd590c]
V  [jvm.dll+0xd610c]
V  [jvm.dll+0x473205]
V  [jvm.dll+0x43a820]
V  [jvm.dll+0x443825]
V  [jvm.dll+0x442be5]
V  [jvm.dll+0x42d98b]
V  [jvm.dll+0xac70b]
V  [jvm.dll+0xaad6b]
V  [jvm.dll+0x23ffb2]
V  [jvm.dll+0x294a5c]
C  [ucrtbase.dll+0x37b0]
C  [KERNEL32.DLL+0x2e8d7]
C  [ntdll.dll+0x8c53c]


Current CompileTask:
C2:   5118 4701       4       lombok.javac.JavacAST::buildStatementOrExpression (104 bytes)


---------------  P R O C E S S  ---------------

Java Threads: ( => current thread )
  0x00000250aa39f800 JavaThread "Service Thread" daemon [_thread_blocked, id=13344, stack(0x000000b1e1300000,0x000000b1e1400000)]
  0x00000250aa301000 JavaThread "C1 CompilerThread3" daemon [_thread_in_native, id=24352, stack(0x000000b1e1200000,0x000000b1e1300000)]
  0x00000250aa2fa800 JavaThread "C2 CompilerThread2" daemon [_thread_in_native, id=17400, stack(0x000000b1e1100000,0x000000b1e1200000)]
  0x00000250aa2f8800 JavaThread "C2 CompilerThread1" daemon [_thread_in_native, id=2064, stack(0x000000b1e1000000,0x000000b1e1100000)]
=>0x00000250aa2f8000 JavaThread "C2 CompilerThread0" daemon [_thread_in_native, id=21444, stack(0x000000b1e0f00000,0x000000b1e1000000)]
  0x00000250aa2f0800 JavaThread "Monitor Ctrl-Break" daemon [_thread_in_native, id=23812, stack(0x000000b1e0e00000,0x000000b1e0f00000)]
  0x00000250a8590000 JavaThread "Attach Listener" daemon [_thread_blocked, id=19888, stack(0x000000b1e0d00000,0x000000b1e0e00000)]
  0x00000250a858f800 JavaThread "Signal Dispatcher" daemon [_thread_blocked, id=14484, stack(0x000000b1e0c00000,0x000000b1e0d00000)]
  0x00000250a851c000 JavaThread "Finalizer" daemon [_thread_blocked, id=26148, stack(0x000000b1e0b00000,0x000000b1e0c00000)]
  0x00000250a8515000 JavaThread "Reference Handler" daemon [_thread_blocked, id=27804, stack(0x000000b1e0a00000,0x000000b1e0b00000)]
  0x000002508d831800 JavaThread "main" [_thread_in_native, id=33584, stack(0x000000b1e0000000,0x000000b1e0100000)]

Other Threads:
  0x00000250a84ea800 VMThread [stack: 0x000000b1e0900000,0x000000b1e0a00000] [id=25152]
  0x00000250aa3b4800 WatcherThread [stack: 0x000000b1e1400000,0x000000b1e1500000] [id=16432]

VM state:not at safepoint (normal execution)

VM Mutex/Monitor currently owned by a thread: None

heap address: 0x00000006c3200000, size: 4046 MB, Compressed Oops mode: Zero based, Oop shift amount: 3
Narrow klass base: 0x0000000000000000, Narrow klass shift: 3
Compressed class space size: 1073741824 Address: 0x00000007c0000000

Heap:
 PSYoungGen      total 140800K, used 64978K [0x000000076bb80000, 0x000000077a200000, 0x00000007c0000000)
  eden space 130048K, 41% used [0x000000076bb80000,0x000000076f0764e0,0x0000000773a80000)
  from space 10752K, 99% used [0x0000000773a80000,0x00000007744fe6c0,0x0000000774500000)
  to   space 23040K, 0% used [0x0000000778b80000,0x0000000778b80000,0x000000077a200000)
 ParOldGen       total 120320K, used 29140K [0x00000006c3200000, 0x00000006ca780000, 0x000000076bb80000)
  object space 120320K, 24% used [0x00000006c3200000,0x00000006c4e75160,0x00000006ca780000)
 Metaspace       used 25798K, capacity 26566K, committed 26880K, reserved 1073152K
  class space    used 2971K, capacity 3208K, committed 3328K, reserved 1048576K

Card table byte_map: [0x000002509e820000,0x000002509f010000] byte_map_base: 0x000002509b207000

Marking Bits: (ParMarkBitMap*) 0x000000006b88b090
 Begin Bits: [0x000002509f560000, 0x00000250a3498000)
 End Bits:   [0x00000250a3498000, 0x00000250a73d0000)

Polling page: 0x000002508f280000

CodeCache: size=245760Kb used=15144Kb max_used=15144Kb free=230615Kb
 bounds [0x000002508f460000, 0x0000025090340000, 0x000002509e460000]
 total_blobs=4876 nmethods=4450 adapters=337
 compilation: enabled

Compilation events (10 events):
Event: 4.471 Thread 0x00000250aa301000 4938       2       lombok.javac.JavacAST::statementTypes (41 bytes)
Event: 4.472 Thread 0x00000250aa301000 nmethod 4938 0x0000025090327b10 code [0x0000025090327cc0, 0x0000025090328200]
Event: 4.478 Thread 0x00000250aa301000 4939       1       lombok.javac.JavacASTAdapter::endVisitType (1 bytes)
Event: 4.478 Thread 0x00000250aa301000 nmethod 4939 0x0000025090328690 code [0x00000250903287e0, 0x00000250903288f8]
Event: 4.478 Thread 0x00000250aa301000 4940       2       lombok.javac.JavacTransformer$AnnotationVisitor::visitAnnotationOnMethod (34 bytes)
Event: 4.478 Thread 0x00000250aa301000 nmethod 4940 0x0000025090328950 code [0x0000025090328ac0, 0x0000025090328cf0]
Event: 4.481 Thread 0x00000250aa301000 4941       2       lombok.javac.JavacASTAdapter::visitInitializer (1 bytes)
Event: 4.481 Thread 0x00000250aa301000 nmethod 4941 0x0000025090328f10 code [0x0000025090329060, 0x00000250903291b8]
Event: 4.481 Thread 0x00000250aa301000 4942       2       lombok.javac.JavacASTAdapter::endVisitInitializer (1 bytes)
Event: 4.481 Thread 0x00000250aa301000 nmethod 4942 0x0000025090329250 code [0x00000250903293a0, 0x00000250903294f8]

GC Heap History (10 events):
Event: 1.660 GC heap before
{Heap before GC invocations=2 (full 0):
 PSYoungGen      total 75776K, used 75031K [0x000000076bb80000, 0x0000000771000000, 0x00000007c0000000)
  eden space 65024K, 100% used [0x000000076bb80000,0x000000076fb00000,0x000000076fb00000)
  from space 10752K, 93% used [0x000000076fb00000,0x00000007704c5d70,0x0000000770580000)
  to   space 10752K, 0% used [0x0000000770580000,0x0000000770580000,0x0000000771000000)
 ParOldGen       total 173568K, used 16K [0x00000006c3200000, 0x00000006cdb80000, 0x000000076bb80000)
  object space 173568K, 0% used [0x00000006c3200000,0x00000006c3204000,0x00000006cdb80000)
 Metaspace       used 16175K, capacity 16546K, committed 16640K, reserved 1064960K
  class space    used 1924K, capacity 2042K, committed 2048K, reserved 1048576K
Event: 1.674 GC heap after
Heap after GC invocations=2 (full 0):
 PSYoungGen      total 75776K, used 10741K [0x000000076bb80000, 0x0000000774f80000, 0x00000007c0000000)
  eden space 65024K, 0% used [0x000000076bb80000,0x000000076bb80000,0x000000076fb00000)
  from space 10752K, 99% used [0x0000000770580000,0x0000000770ffd6f8,0x0000000771000000)
  to   space 10752K, 0% used [0x000000076fb00000,0x000000076fb00000,0x0000000770580000)
 ParOldGen       total 173568K, used 1585K [0x00000006c3200000, 0x00000006cdb80000, 0x000000076bb80000)
  object space 173568K, 0% used [0x00000006c3200000,0x00000006c338c5f8,0x00000006cdb80000)
 Metaspace       used 16175K, capacity 16546K, committed 16640K, reserved 1064960K
  class space    used 1924K, capacity 2042K, committed 2048K, reserved 1048576K
}
Event: 2.296 GC heap before
{Heap before GC invocations=3 (full 0):
 PSYoungGen      total 75776K, used 75765K [0x000000076bb80000, 0x0000000774f80000, 0x00000007c0000000)
  eden space 65024K, 100% used [0x000000076bb80000,0x000000076fb00000,0x000000076fb00000)
  from space 10752K, 99% used [0x0000000770580000,0x0000000770ffd6f8,0x0000000771000000)
  to   space 10752K, 0% used [0x000000076fb00000,0x000000076fb00000,0x0000000770580000)
 ParOldGen       total 173568K, used 1585K [0x00000006c3200000, 0x00000006cdb80000, 0x000000076bb80000)
  object space 173568K, 0% used [0x00000006c3200000,0x00000006c338c5f8,0x00000006cdb80000)
 Metaspace       used 16851K, capacity 17244K, committed 17536K, reserved 1064960K
  class space    used 1946K, capacity 2051K, committed 2176K, reserved 1048576K
Event: 2.302 GC heap after
Heap after GC invocations=3 (full 0):
 PSYoungGen      total 75776K, used 10728K [0x000000076bb80000, 0x0000000774f80000, 0x00000007c0000000)
  eden space 65024K, 0% used [0x000000076bb80000,0x000000076bb80000,0x000000076fb00000)
  from space 10752K, 99% used [0x000000076fb00000,0x000000077057a060,0x0000000770580000)
  to   space 10752K, 0% used [0x0000000774500000,0x0000000774500000,0x0000000774f80000)
 ParOldGen       total 173568K, used 3177K [0x00000006c3200000, 0x00000006cdb80000, 0x000000076bb80000)
  object space 173568K, 1% used [0x00000006c3200000,0x00000006c351a798,0x00000006cdb80000)
 Metaspace       used 16851K, capacity 17244K, committed 17536K, reserved 1064960K
  class space    used 1946K, capacity 2051K, committed 2176K, reserved 1048576K
}
Event: 2.807 GC heap before
{Heap before GC invocations=4 (full 0):
 PSYoungGen      total 75776K, used 66766K [0x000000076bb80000, 0x0000000774f80000, 0x00000007c0000000)
  eden space 65024K, 86% used [0x000000076bb80000,0x000000076f239ab8,0x000000076fb00000)
  from space 10752K, 99% used [0x000000076fb00000,0x000000077057a060,0x0000000770580000)
  to   space 10752K, 0% used [0x0000000774500000,0x0000000774500000,0x0000000774f80000)
 ParOldGen       total 173568K, used 3177K [0x00000006c3200000, 0x00000006cdb80000, 0x000000076bb80000)
  object space 173568K, 1% used [0x00000006c3200000,0x00000006c351a798,0x00000006cdb80000)
 Metaspace       used 20708K, capacity 21176K, committed 21248K, reserved 1069056K
  class space    used 2441K, capacity 2555K, committed 2560K, reserved 1048576K
Event: 2.815 GC heap after
Heap after GC invocations=4 (full 0):
 PSYoungGen      total 140800K, used 10744K [0x000000076bb80000, 0x0000000774f80000, 0x00000007c0000000)
  eden space 130048K, 0% used [0x000000076bb80000,0x000000076bb80000,0x0000000773a80000)
  from space 10752K, 99% used [0x0000000774500000,0x0000000774f7e070,0x0000000774f80000)
  to   space 10752K, 0% used [0x0000000773a80000,0x0000000773a80000,0x0000000774500000)
 ParOldGen       total 173568K, used 6843K [0x00000006c3200000, 0x00000006cdb80000, 0x000000076bb80000)
  object space 173568K, 3% used [0x00000006c3200000,0x00000006c38aeca0,0x00000006cdb80000)
 Metaspace       used 20708K, capacity 21176K, committed 21248K, reserved 1069056K
  class space    used 2441K, capacity 2555K, committed 2560K, reserved 1048576K
}
Event: 2.815 GC heap before
{Heap before GC invocations=5 (full 1):
 PSYoungGen      total 140800K, used 10744K [0x000000076bb80000, 0x0000000774f80000, 0x00000007c0000000)
  eden space 130048K, 0% used [0x000000076bb80000,0x000000076bb80000,0x0000000773a80000)
  from space 10752K, 99% used [0x0000000774500000,0x0000000774f7e070,0x0000000774f80000)
  to   space 10752K, 0% used [0x0000000773a80000,0x0000000773a80000,0x0000000774500000)
 ParOldGen       total 173568K, used 6843K [0x00000006c3200000, 0x00000006cdb80000, 0x000000076bb80000)
  object space 173568K, 3% used [0x00000006c3200000,0x00000006c38aeca0,0x00000006cdb80000)
 Metaspace       used 20708K, capacity 21176K, committed 21248K, reserved 1069056K
  class space    used 2441K, capacity 2555K, committed 2560K, reserved 1048576K
Event: 2.855 GC heap after
Heap after GC invocations=5 (full 1):
 PSYoungGen      total 140800K, used 0K [0x000000076bb80000, 0x0000000774f80000, 0x00000007c0000000)
  eden space 130048K, 0% used [0x000000076bb80000,0x000000076bb80000,0x0000000773a80000)
  from space 10752K, 0% used [0x0000000774500000,0x0000000774500000,0x0000000774f80000)
  to   space 10752K, 0% used [0x0000000773a80000,0x0000000773a80000,0x0000000774500000)
 ParOldGen       total 120320K, used 15568K [0x00000006c3200000, 0x00000006ca780000, 0x000000076bb80000)
  object space 120320K, 12% used [0x00000006c3200000,0x00000006c41340d8,0x00000006ca780000)
 Metaspace       used 20708K, capacity 21176K, committed 21248K, reserved 1069056K
  class space    used 2441K, capacity 2555K, committed 2560K, reserved 1048576K
}
Event: 4.258 GC heap before
{Heap before GC invocations=6 (full 1):
 PSYoungGen      total 140800K, used 130048K [0x000000076bb80000, 0x0000000774f80000, 0x00000007c0000000)
  eden space 130048K, 100% used [0x000000076bb80000,0x0000000773a80000,0x0000000773a80000)
  from space 10752K, 0% used [0x0000000774500000,0x0000000774500000,0x0000000774f80000)
  to   space 10752K, 0% used [0x0000000773a80000,0x0000000773a80000,0x0000000774500000)
 ParOldGen       total 120320K, used 15568K [0x00000006c3200000, 0x00000006ca780000, 0x000000076bb80000)
  object space 120320K, 12% used [0x00000006c3200000,0x00000006c41340d8,0x00000006ca780000)
 Metaspace       used 25333K, capacity 26016K, committed 26240K, reserved 1073152K
  class space    used 2918K, capacity 3127K, committed 3200K, reserved 1048576K
Event: 4.276 GC heap after
Heap after GC invocations=6 (full 1):
 PSYoungGen      total 140800K, used 10745K [0x000000076bb80000, 0x000000077a200000, 0x00000007c0000000)
  eden space 130048K, 0% used [0x000000076bb80000,0x000000076bb80000,0x0000000773a80000)
  from space 10752K, 99% used [0x0000000773a80000,0x00000007744fe6c0,0x0000000774500000)
  to   space 23040K, 0% used [0x0000000778b80000,0x0000000778b80000,0x000000077a200000)
 ParOldGen       total 120320K, used 29140K [0x00000006c3200000, 0x00000006ca780000, 0x000000076bb80000)
  object space 120320K, 24% used [0x00000006c3200000,0x00000006c4e75160,0x00000006ca780000)
 Metaspace       used 25333K, capacity 26016K, committed 26240K, reserved 1073152K
  class space    used 2918K, capacity 3127K, committed 3200K, reserved 1048576K
}

Deoptimization events (10 events):
Event: 4.202 Thread 0x000002508d831800 Uncommon trap: reason=class_check action=maybe_recompile pc=0x00000250902a4724 method=lombok.javac.JavacNode.traverse(Llombok/javac/JavacASTVisitor;)V @ 369
Event: 4.202 Thread 0x000002508d831800 Uncommon trap: reason=class_check action=maybe_recompile pc=0x00000250902a4724 method=lombok.javac.JavacNode.traverse(Llombok/javac/JavacASTVisitor;)V @ 369
Event: 4.202 Thread 0x000002508d831800 Uncommon trap: reason=class_check action=maybe_recompile pc=0x00000250902a4724 method=lombok.javac.JavacNode.traverse(Llombok/javac/JavacASTVisitor;)V @ 369
Event: 4.309 Thread 0x000002508d831800 Uncommon trap: reason=null_check action=maybe_recompile pc=0x000002508fb1e3c4 method=java.util.regex.Matcher.getTextLength()I @ 4
Event: 4.310 Thread 0x000002508d831800 Uncommon trap: reason=null_check action=maybe_recompile pc=0x000002508fb1e3c4 method=java.util.regex.Matcher.getTextLength()I @ 4
Event: 4.311 Thread 0x000002508d831800 Uncommon trap: reason=null_check action=maybe_recompile pc=0x000002508fb1e3c4 method=java.util.regex.Matcher.getTextLength()I @ 4
Event: 4.312 Thread 0x000002508d831800 Uncommon trap: reason=null_check action=maybe_recompile pc=0x000002508fbfc7c0 method=java.util.regex.Matcher.getTextLength()I @ 4
Event: 4.367 Thread 0x000002508d831800 Uncommon trap: reason=bimorphic action=maybe_recompile pc=0x00000250901de308 method=java.util.regex.Pattern$5.isSatisfiedBy(I)Z @ 16
Event: 4.367 Thread 0x000002508d831800 Uncommon trap: reason=bimorphic action=maybe_recompile pc=0x00000250901de308 method=java.util.regex.Pattern$5.isSatisfiedBy(I)Z @ 16
Event: 4.385 Thread 0x000002508d831800 Uncommon trap: reason=unstable_if action=reinterpret pc=0x000002508fda438c method=com.sun.tools.javac.code.Scope.dble()V @ 113

Classes redefined (0 events):
No events

Internal exceptions (10 events):
Event: 4.427 Thread 0x000002508d831800 NullPointerException in IC check 0x000002508f572480
Event: 4.427 Thread 0x000002508d831800 Exception <a 'java/lang/NullPointerException'> (0x000000076e4187c0) thrown at [C:\jenkins\workspace\8-2-build-windows-x64-cygwin\jdk8u361\3183\hotspot\src\share\vm\runtime\sharedRuntime.cpp, line 609]
Event: 4.427 Thread 0x000002508d831800 NullPointerException in IC check 0x000002508f572480
Event: 4.427 Thread 0x000002508d831800 Exception <a 'java/lang/NullPointerException'> (0x000000076e446c78) thrown at [C:\jenkins\workspace\8-2-build-windows-x64-cygwin\jdk8u361\3183\hotspot\src\share\vm\runtime\sharedRuntime.cpp, line 609]
Event: 4.429 Thread 0x000002508d831800 NullPointerException in IC check 0x000002508f572480
Event: 4.429 Thread 0x000002508d831800 Exception <a 'java/lang/NullPointerException'> (0x000000076e475138) thrown at [C:\jenkins\workspace\8-2-build-windows-x64-cygwin\jdk8u361\3183\hotspot\src\share\vm\runtime\sharedRuntime.cpp, line 609]
Event: 4.433 Thread 0x000002508d831800 NullPointerException in IC check 0x000002508f572480
Event: 4.433 Thread 0x000002508d831800 Exception <a 'java/lang/NullPointerException'> (0x000000076e525740) thrown at [C:\jenkins\workspace\8-2-build-windows-x64-cygwin\jdk8u361\3183\hotspot\src\share\vm\runtime\sharedRuntime.cpp, line 609]
Event: 4.434 Thread 0x000002508d831800 NullPointerException in IC check 0x000002508f572480
Event: 4.434 Thread 0x000002508d831800 Exception <a 'java/lang/NullPointerException'> (0x000000076e54bf78) thrown at [C:\jenkins\workspace\8-2-build-windows-x64-cygwin\jdk8u361\3183\hotspot\src\share\vm\runtime\sharedRuntime.cpp, line 609]

Events (10 events):
Event: 4.367 Thread 0x000002508d831800 Uncommon trap: trap_request=0xffffffc6 fr.pc=0x00000250901de308
Event: 4.367 Thread 0x000002508d831800 DEOPT PACKING pc=0x00000250901de308 sp=0x000000b1e00fbd30
Event: 4.367 Thread 0x000002508d831800 DEOPT UNPACKING pc=0x000002508f4a58c3 sp=0x000000b1e00fbcc0 mode 2
Event: 4.385 Thread 0x000002508d831800 Uncommon trap: trap_request=0xffffff65 fr.pc=0x000002508fda438c
Event: 4.385 Thread 0x000002508d831800 DEOPT PACKING pc=0x000002508fda438c sp=0x000000b1e00fccf0
Event: 4.385 Thread 0x000002508d831800 DEOPT UNPACKING pc=0x000002508f4a58c3 sp=0x000000b1e00fcc18 mode 2
Event: 4.462 Thread 0x000002508d831800 DEOPT PACKING pc=0x000002509025f12b sp=0x000000b1e00fd0d0
Event: 4.462 Thread 0x000002508d831800 DEOPT UNPACKING pc=0x000002508f4a7918 sp=0x000000b1e00fce10 mode 0
Event: 4.483 loading class lombok/launch/AnnotationProcessorHider$ClaimingProcessor
Event: 4.483 loading class lombok/launch/AnnotationProcessorHider$ClaimingProcessor done


Dynamic libraries:
0x00007ff608d70000 - 0x00007ff608db7000 	C:\Program Files\Java\jdk1.8.0_361\bin\java.exe
0x00007ff8e2d40000 - 0x00007ff8e2fa8000 	C:\WINDOWS\SYSTEM32\ntdll.dll
0x00007ff8e1760000 - 0x00007ff8e1829000 	C:\WINDOWS\System32\KERNEL32.DLL
0x00007ff8e03c0000 - 0x00007ff8e07b8000 	C:\WINDOWS\System32\KERNELBASE.dll
0x00007ff8e16a0000 - 0x00007ff8e1754000 	C:\WINDOWS\System32\ADVAPI32.dll
0x00007ff8e1f90000 - 0x00007ff8e2039000 	C:\WINDOWS\System32\msvcrt.dll
0x00007ff8e1560000 - 0x00007ff8e1606000 	C:\WINDOWS\System32\sechost.dll
0x00007ff8e20c0000 - 0x00007ff8e21d8000 	C:\WINDOWS\System32\RPCRT4.dll
0x00007ff8e1ba0000 - 0x00007ff8e1d67000 	C:\WINDOWS\System32\USER32.dll
0x00007ff8e07c0000 - 0x00007ff8e07e7000 	C:\WINDOWS\System32\win32u.dll
0x00007ff8e1830000 - 0x00007ff8e185b000 	C:\WINDOWS\System32\GDI32.dll
0x00007ff8dffd0000 - 0x00007ff8e00fc000 	C:\WINDOWS\System32\gdi32full.dll
0x00007ff8e08b0000 - 0x00007ff8e0953000 	C:\WINDOWS\System32\msvcp_win.dll
0x00007ff8e0100000 - 0x00007ff8e024b000 	C:\WINDOWS\System32\ucrtbase.dll
0x00007ff8c24a0000 - 0x00007ff8c2734000 	C:\WINDOWS\WinSxS\amd64_microsoft.windows.common-controls_6595b64144ccf1df_6.0.26100.7019_none_3e06ffa0e335b8a8\COMCTL32.dll
0x00007ff8e0d70000 - 0x00007ff8e0da1000 	C:\WINDOWS\System32\IMM32.DLL
0x00007ff8d43c0000 - 0x00007ff8d43d5000 	C:\Program Files\Java\jdk1.8.0_361\jre\bin\vcruntime140.dll
0x00007ff8a4dc0000 - 0x00007ff8a4e5b000 	C:\Program Files\Java\jdk1.8.0_361\jre\bin\msvcp140.dll
0x000000006b0a0000 - 0x000000006b903000 	C:\Program Files\Java\jdk1.8.0_361\jre\bin\server\jvm.dll
0x00007ff8e2770000 - 0x00007ff8e2778000 	C:\WINDOWS\System32\PSAPI.DLL
0x00007ff8d3aa0000 - 0x00007ff8d3aab000 	C:\WINDOWS\SYSTEM32\VERSION.dll
0x00007ff8dc570000 - 0x00007ff8dc5a5000 	C:\WINDOWS\SYSTEM32\WINMM.dll
0x00007ff8c95f0000 - 0x00007ff8c95fa000 	C:\WINDOWS\SYSTEM32\WSOCK32.dll
0x00007ff8e1940000 - 0x00007ff8e19b4000 	C:\WINDOWS\System32\WS2_32.dll
0x00007ff8dec50000 - 0x00007ff8dec6b000 	C:\WINDOWS\SYSTEM32\kernel.appcore.dll
0x00007ff8dc1c0000 - 0x00007ff8dc1d0000 	C:\Program Files\Java\jdk1.8.0_361\jre\bin\verify.dll
0x00007ff8c74f0000 - 0x00007ff8c751b000 	C:\Program Files\Java\jdk1.8.0_361\jre\bin\java.dll
0x00007ff8c7390000 - 0x00007ff8c73c0000 	C:\Program Files\Java\jdk1.8.0_361\jre\bin\instrument.dll
0x00007ff8d40b0000 - 0x00007ff8d40c8000 	C:\Program Files\Java\jdk1.8.0_361\jre\bin\zip.dll
0x00007ff8e0db0000 - 0x00007ff8e14ff000 	C:\WINDOWS\System32\SHELL32.dll
0x00007ff8e0250000 - 0x00007ff8e03bb000 	C:\WINDOWS\System32\wintypes.dll
0x00007ff8e21e0000 - 0x00007ff8e256b000 	C:\WINDOWS\System32\combase.dll
0x00007ff8ddad0000 - 0x00007ff8de32d000 	C:\WINDOWS\SYSTEM32\windows.storage.dll
0x00007ff8e0c70000 - 0x00007ff8e0d62000 	C:\WINDOWS\System32\SHCORE.dll
0x00007ff8e0bf0000 - 0x00007ff8e0c57000 	C:\WINDOWS\System32\shlwapi.dll
0x00007ff8dfdb0000 - 0x00007ff8dfdd9000 	C:\WINDOWS\SYSTEM32\profapi.dll
0x00007ff8d3c30000 - 0x00007ff8d3c4a000 	D:\IntelliJ IDEA 2021.2.2\bin\breakgen64.dll
0x00007ff8c7860000 - 0x00007ff8c787c000 	C:\Program Files\Java\jdk1.8.0_361\jre\bin\net.dll
0x00007ff8df1c0000 - 0x00007ff8df22b000 	C:\WINDOWS\system32\mswsock.dll
0x00007ff8df480000 - 0x00007ff8df49b000 	C:\WINDOWS\SYSTEM32\CRYPTSP.dll
0x00007ff8debb0000 - 0x00007ff8debea000 	C:\WINDOWS\system32\rsaenh.dll
0x00007ff8df270000 - 0x00007ff8df29b000 	C:\WINDOWS\SYSTEM32\USERENV.dll
0x00007ff8dfd80000 - 0x00007ff8dfdaa000 	C:\WINDOWS\SYSTEM32\bcrypt.dll
0x00007ff8dff20000 - 0x00007ff8dffc5000 	C:\WINDOWS\System32\bcryptprimitives.dll
0x00007ff8df4a0000 - 0x00007ff8df4ac000 	C:\WINDOWS\SYSTEM32\CRYPTBASE.dll
0x00007ff8de660000 - 0x00007ff8de694000 	C:\WINDOWS\SYSTEM32\IPHLPAPI.DLL
0x00007ff8e0ae0000 - 0x00007ff8e0aea000 	C:\WINDOWS\System32\NSI.dll
0x00007ff8d1530000 - 0x00007ff8d154e000 	C:\WINDOWS\SYSTEM32\dhcpcsvc6.DLL
0x00007ff8d1500000 - 0x00007ff8d1523000 	C:\WINDOWS\SYSTEM32\dhcpcsvc.DLL
0x00007ff8de6f0000 - 0x00007ff8de81c000 	C:\WINDOWS\SYSTEM32\DNSAPI.dll
0x00007ff8c7320000 - 0x00007ff8c7333000 	C:\Program Files\Java\jdk1.8.0_361\jre\bin\nio.dll
0x00007ff8c7640000 - 0x00007ff8c764a000 	C:\Users\11371\AppData\Local\Temp\jansi-1.17.1-6891533785251595080.dll
0x00007ff8c75f0000 - 0x00007ff8c75fa000 	C:\Users\11371\AppData\Local\Temp\jansi-1.17.1-5909407358738035281.dll
0x00007ff8dd2f0000 - 0x00007ff8dd532000 	C:\WINDOWS\SYSTEM32\dbghelp.dll
0x00007ff8e1860000 - 0x00007ff8e1937000 	C:\WINDOWS\System32\OLEAUT32.dll

VM Arguments:
jvm_args: -Dmaven.multiModuleProjectDirectory=D:\IdeaPeojects\Bot -Dmaven.home=D:\apache-maven-3.8.1 -Dclassworlds.conf=D:\apache-maven-3.8.1\bin\m2.conf -Dmaven.ext.class.path=D:\IntelliJ IDEA 2021.2.2\plugins\maven\lib\maven-event-listener.jar -javaagent:D:\IntelliJ IDEA 2021.2.2\lib\idea_rt.jar=1438:D:\IntelliJ IDEA 2021.2.2\bin -Dfile.encoding=UTF-8 
java_command: org.codehaus.classworlds.Launcher -Didea.version=2021.2.2 -s D:\apache-maven-3.8.1\conf\settings.xml -Dmaven.repo.local=D:\repo -DskipTests=true package -P prod
java_class_path (initial): D:\apache-maven-3.8.1\boot\plexus-classworlds-2.6.0.jar;D:\apache-maven-3.8.1\boot\plexus-classworlds.license;D:\IntelliJ IDEA 2021.2.2\lib\idea_rt.jar
Launcher Type: SUN_STANDARD

Environment Variables:
JAVA_HOME=C:\Program Files\Java\jdk1.8.0_361
PATH=C:\Python314\Scripts\;C:\Python314\;C:\WINDOWS\system32;C:\WINDOWS;C:\WINDOWS\System32\Wbem;C:\Program Files (x86)\Common Files\Oracle\Java\javapath;C:\Windows\System32\HWAudioDriverLibs;C:\Windows\system32;C:\Windows;C:\Windows\System32\Wbem;C:\Windows\System32\WindowsPowerShell\v1.0\;C:\Windows\System32\OpenSSH\;C:\Users\Administrator\AppData\Local\Microsoft\WindowsApps;C:\WINDOWS\System32\WindowsPowerShell\v1.0\;C:\WINDOWS\System32\OpenSSH\;%JAVA_HOME%\bin;C:\Program Files\Git\cmd;D:\Oracle\Instant Client\bin;C:\Program Files\TortoiseSVN\bin;D:\apache-tomcat-8.5.87\bin;D:\apache-maven-3.8.1\bin;C:\Program Files\nodejs\;C:\ProgramData\chocolatey\bin;C:\Users\11371\AppData\Local\Programs\Python\Python311\Scripts\;C:\Users\11371\AppData\Local\Programs\Python\Python311\;C:\Users\11371\AppData\Local\Programs\Python\Launcher\;C:\Program Files\Java\jdk1.8.0_361\bin;C:\WINDOWS\system32;C:\WINDOWS;C:\WINDOWS\System32\Wbem;C:\Users\11371\AppData\Local\Microsoft\WindowsApps;D:\apache-maven-3.8.1\bin;C:\Program Files\nodejs\node_global;D:\Oracle\instantclient_11_2;D:\apache-tomcat-8.5.87\bin;D:\gradle-8.12.1\bin;D:\apache-maven-3.8.1\bin;D:\Windsurf\bin;D:\Qoder\bin;C:\Users\11371\AppData\Roaming\npm;
USERNAME=11371
OS=Windows_NT
PROCESSOR_IDENTIFIER=Intel64 Family 6 Model 140 Stepping 1, GenuineIntel



---------------  S Y S T E M  ---------------

OS: Windows 11 , 64 bit Build 26100 (10.0.26100.7019)

CPU:total 8 (initial active 8) (4 cores per cpu, 2 threads per core) family 6 model 140 stepping 1, cmov, cx8, fxsr, mmx, sse, sse2, sse3, ssse3, sse4.1, sse4.2, popcnt, avx, avx2, aes, clmul, erms, 3dnowpref, lzcnt, ht, tsc, tscinvbit, bmi1, bmi2, adx

Memory: 4k page, physical 16571704k(2770212k free), swap 32158772k(23684k free)

vm_info: Java HotSpot(TM) 64-Bit Server VM (25.361-b09) for windows-amd64 JRE (1.8.0_361-b09), built on Jan  9 2023 08:38:53 by "java_re" with MS VC++ 15.9 (VS2017)

time: Thu Nov 27 21:11:52 2025
timezone: Intel64 Family 6 Model 140 Stepping 1, GenuineIntel
elapsed time: 5.121254 seconds (0d 0h 0m 5s)

