#
# There is insufficient memory for the Java Runtime Environment to continue.
# Native memory allocation (malloc) failed to allocate 1213296 bytes. Error detail: Chunk::new
# Possible reasons:
#   The system is out of physical RAM or swap space
#   This process is running with CompressedOops enabled, and the Java Heap may be blocking the growth of the native heap
# Possible solutions:
#   Reduce memory load on the system
#   Increase physical memory or swap space
#   Check if swap backing store is full
#   Decrease Java heap size (-Xmx/-Xms)
#   Decrease number of Java threads
#   Decrease Java thread stack sizes (-Xss)
#   Set larger code cache with -XX:ReservedCodeCacheSize=
#   JVM is running with Unscaled Compressed Oops mode in which the Java heap is
#     placed in the first 4GB address space. The Java Heap base address is the
#     maximum limit for the native heap growth. Please use -XX:HeapBaseMinAddress
#     to set the Java Heap base and to place the Java Heap above 4GB virtual address.
# This output file may be truncated or incomplete.
#
#  Out of Memory Error (arena.cpp:168), pid=9620, tid=29852
#
# JRE version: OpenJDK Runtime Environment Temurin-21.0.9+10 (21.0.9+10) (build 21.0.9+10-LTS)
# Java VM: OpenJDK 64-Bit Server VM Temurin-21.0.9+10 (21.0.9+10-LTS, mixed mode, sharing, tiered, compressed oops, compressed class ptrs, parallel gc, windows-amd64)
# No core dump will be written. Minidumps are not enabled by default on client versions of Windows
#

---------------  S U M M A R Y ------------

Command Line: --add-modules=ALL-SYSTEM --add-opens=java.base/java.util=ALL-UNNAMED --add-opens=java.base/java.lang=ALL-UNNAMED --add-opens=java.base/sun.nio.fs=ALL-UNNAMED -Declipse.application=org.eclipse.jdt.ls.core.id1 -Dosgi.bundles.defaultStartLevel=4 -Declipse.product=org.eclipse.jdt.ls.core.product -Djava.import.generatesMetadataFilesAtProjectRoot=false -DDetectVMInstallationsJob.disabled=true -Dfile.encoding=utf8 -XX:+UseParallelGC -XX:GCTimeRatio=4 -XX:AdaptiveSizePolicyWeight=90 -Dsun.zip.disableMemoryMapping=true -Xmx2G -Xms100m -Xlog:disable -javaagent:c:\Users\11371\.qoder\extensions\redhat.java-1.50.0-win32-x64\lombok\lombok-1.18.39-4050.jar -XX:+HeapDumpOnOutOfMemoryError -XX:HeapDumpPath=c:\Users\11371\AppData\Roaming\Qoder\User\workspaceStorage\d4adbc9f463a0530ef13eca0f25aac6f\redhat.java -Daether.dependencyCollector.impl=bf c:\Users\11371\.qoder\extensions\redhat.java-1.50.0-win32-x64\server\plugins\org.eclipse.equinox.launcher_1.7.100.v20251111-0406.jar -configuration c:\Users\11371\AppData\Roaming\Qoder\User\globalStorage\redhat.java\1.50.0\config_win -data c:\Users\11371\AppData\Roaming\Qoder\User\workspaceStorage\d4adbc9f463a0530ef13eca0f25aac6f\redhat.java\jdt_ws --pipe=\\.\pipe\lsp-ea0e2e497d30b00cc8373afae903641f-sock

Host: 11th Gen Intel(R) Core(TM) i5-1135G7 @ 2.40GHz, 8 cores, 15G,  Windows 11 , 64 bit Build 26100 (10.0.26100.7019)
Time: Tue Dec  2 11:05:07 2025 elapsed time: 16.642468 seconds (0d 0h 0m 16s)

---------------  T H R E A D  ---------------

Current thread (0x0000016ee8617d70):  JavaThread "C2 CompilerThread2" daemon [_thread_in_native, id=29852, stack(0x000000375dd00000,0x000000375de00000) (1024K)]


Current CompileTask:
C2:16642 11065       4       org.eclipse.jdt.internal.compiler.lookup.LookupEnvironment::getTypeFromTypeSignature (770 bytes)

Stack: [0x000000375dd00000,0x000000375de00000]
Native frames: (J=compiled Java code, j=interpreted, Vv=VM code, C=native code)
V  [jvm.dll+0x6d6e29]
V  [jvm.dll+0x8b4b76]
V  [jvm.dll+0x8b712e]
V  [jvm.dll+0x8b7813]
V  [jvm.dll+0x283d86]
V  [jvm.dll+0xc66ed]
V  [jvm.dll+0xc6c31]
V  [jvm.dll+0x2facee]
V  [jvm.dll+0x5fde44]
V  [jvm.dll+0x255557]
V  [jvm.dll+0x25591d]
V  [jvm.dll+0x24df40]
V  [jvm.dll+0x24b482]
V  [jvm.dll+0x1cb13e]
V  [jvm.dll+0x25b29d]
V  [jvm.dll+0x25982a]
V  [jvm.dll+0x3f7ea6]
V  [jvm.dll+0x85e9ad]
V  [jvm.dll+0x6d565d]
C  [ucrtbase.dll+0x37b0]
C  [KERNEL32.DLL+0x2e8d7]
C  [ntdll.dll+0x8c53c]


---------------  P R O C E S S  ---------------

Threads class SMR info:
_java_thread_list=0x0000016eeae551d0, length=68, elements={
0x0000016e88ed94a0, 0x0000016e88f8cf10, 0x0000016e88e49430, 0x0000016e88e4a310,
0x0000016e88e4c4c0, 0x0000016e88e4d240, 0x0000016e88e4fdd0, 0x0000016e88e54d50,
0x0000016ee215c4a0, 0x0000016ee22f6f40, 0x0000016ee22a88c0, 0x0000016ee2c47e30,
0x0000016ee2c45d60, 0x0000016ee2c477a0, 0x0000016ee2c449b0, 0x0000016ee7032f80,
0x0000016ee2c456d0, 0x0000016ee2c47110, 0x0000016ee2c463f0, 0x0000016ee75e0260,
0x0000016ee75df540, 0x0000016ee75dfbd0, 0x0000016ee75ddb00, 0x0000016ee75de190,
0x0000016ee75e0f80, 0x0000016ee75de820, 0x0000016ee75e08f0, 0x0000016ee75deeb0,
0x0000016eea89f520, 0x0000016eea89e170, 0x0000016eea89ee90, 0x0000016eea89e800,
0x0000016eea89fbb0, 0x0000016eea89dae0, 0x0000016eea8a0240, 0x0000016eea8a08d0,
0x0000016eea89d450, 0x0000016eea8a3d50, 0x0000016eea8a43e0, 0x0000016eea8a0f60,
0x0000016eea8a1c80, 0x0000016eea8a36c0, 0x0000016eea8a4a70, 0x0000016eea8a29a0,
0x0000016eea8a15f0, 0x0000016ee8617d70, 0x0000016ee9ed7e40, 0x0000016ee9ed56e0,
0x0000016ee9ed49c0, 0x0000016ee9ed6a90, 0x0000016ee9ed84d0, 0x0000016ee9ed77b0,
0x0000016ee9ed7120, 0x0000016ee9ed5050, 0x0000016ee9ed91f0, 0x0000016ee9ed8b60,
0x0000016ee9ed5d70, 0x0000016ee9edbfe0, 0x0000016ee9ed9f10, 0x0000016ee9edac30,
0x0000016ee9ed9880, 0x0000016ee9edb2c0, 0x0000016eedeca130, 0x0000016eedeca7c0,
0x0000016eedec8060, 0x0000016eedec9aa0, 0x0000016eedecae50, 0x0000016eedecbb70
}

Java Threads: ( => current thread )
  0x0000016e88ed94a0 JavaThread "main"                              [_thread_blocked, id=9756, stack(0x000000375c100000,0x000000375c200000) (1024K)]
  0x0000016e88f8cf10 JavaThread "Reference Handler"          daemon [_thread_blocked, id=36056, stack(0x000000375c500000,0x000000375c600000) (1024K)]
  0x0000016e88e49430 JavaThread "Finalizer"                  daemon [_thread_blocked, id=29632, stack(0x000000375c600000,0x000000375c700000) (1024K)]
  0x0000016e88e4a310 JavaThread "Signal Dispatcher"          daemon [_thread_blocked, id=3556, stack(0x000000375c700000,0x000000375c800000) (1024K)]
  0x0000016e88e4c4c0 JavaThread "Attach Listener"            daemon [_thread_blocked, id=35964, stack(0x000000375c800000,0x000000375c900000) (1024K)]
  0x0000016e88e4d240 JavaThread "Service Thread"             daemon [_thread_blocked, id=19528, stack(0x000000375c900000,0x000000375ca00000) (1024K)]
  0x0000016e88e4fdd0 JavaThread "Monitor Deflation Thread"   daemon [_thread_blocked, id=28384, stack(0x000000375ca00000,0x000000375cb00000) (1024K)]
  0x0000016e88e54d50 JavaThread "C2 CompilerThread0"         daemon [_thread_in_native, id=32228, stack(0x000000375cb00000,0x000000375cc00000) (1024K)]
  0x0000016ee215c4a0 JavaThread "C1 CompilerThread0"         daemon [_thread_blocked, id=18028, stack(0x000000375cc00000,0x000000375cd00000) (1024K)]
  0x0000016ee22f6f40 JavaThread "Common-Cleaner"             daemon [_thread_blocked, id=29504, stack(0x000000375ce00000,0x000000375cf00000) (1024K)]
  0x0000016ee22a88c0 JavaThread "Notification Thread"        daemon [_thread_blocked, id=22220, stack(0x000000375cd00000,0x000000375ce00000) (1024K)]
  0x0000016ee2c47e30 JavaThread "Active Thread: Equinox Container: 728f18eb-6b01-4681-a915-054d03085330"        [_thread_blocked, id=36884, stack(0x000000375d000000,0x000000375d100000) (1024K)]
  0x0000016ee2c45d60 JavaThread "Refresh Thread: Equinox Container: 728f18eb-6b01-4681-a915-054d03085330" daemon [_thread_blocked, id=16504, stack(0x000000375d700000,0x000000375d800000) (1024K)]
  0x0000016ee2c477a0 JavaThread "Framework Event Dispatcher: Equinox Container: 728f18eb-6b01-4681-a915-054d03085330" daemon [_thread_blocked, id=18248, stack(0x000000375d900000,0x000000375da00000) (1024K)]
  0x0000016ee2c449b0 JavaThread "Start Level: Equinox Container: 728f18eb-6b01-4681-a915-054d03085330" daemon [_thread_blocked, id=36496, stack(0x000000375da00000,0x000000375db00000) (1024K)]
  0x0000016ee7032f80 JavaThread "C2 CompilerThread1"         daemon [_thread_in_native, id=13616, stack(0x000000375cf00000,0x000000375d000000) (1024K)]
  0x0000016ee2c456d0 JavaThread "Bundle File Closer"         daemon [_thread_blocked, id=33664, stack(0x000000375dc00000,0x000000375dd00000) (1024K)]
  0x0000016ee2c47110 JavaThread "SCR Component Actor"        daemon [_thread_blocked, id=9888, stack(0x000000375db00000,0x000000375dc00000) (1024K)]
  0x0000016ee2c463f0 JavaThread "Worker-JM"                         [_thread_blocked, id=24084, stack(0x000000375de00000,0x000000375df00000) (1024K)]
  0x0000016ee75e0260 JavaThread "JNA Cleaner"                daemon [_thread_blocked, id=15668, stack(0x000000375df00000,0x000000375e000000) (1024K)]
  0x0000016ee75df540 JavaThread "Worker-0"                          [_thread_blocked, id=3748, stack(0x000000375e000000,0x000000375e100000) (1024K)]
  0x0000016ee75dfbd0 JavaThread "Worker-1: Initialize workspace"        [_thread_blocked, id=27556, stack(0x000000375e100000,0x000000375e200000) (1024K)]
  0x0000016ee75ddb00 JavaThread "Worker-2"                          [_thread_blocked, id=33508, stack(0x000000375e200000,0x000000375e300000) (1024K)]
  0x0000016ee75de190 JavaThread "Java indexing"              daemon [_thread_blocked, id=13664, stack(0x000000375e300000,0x000000375e400000) (1024K)]
  0x0000016ee75e0f80 JavaThread "Worker-3"                          [_thread_blocked, id=22552, stack(0x000000375e600000,0x000000375e700000) (1024K)]
  0x0000016ee75de820 JavaThread "Thread-1"                   daemon [_thread_in_native, id=24912, stack(0x000000375e700000,0x000000375e800000) (1024K)]
  0x0000016ee75e08f0 JavaThread "Thread-2"                   daemon [_thread_in_native, id=9812, stack(0x000000375e800000,0x000000375e900000) (1024K)]
  0x0000016ee75deeb0 JavaThread "Thread-3"                   daemon [_thread_in_native, id=29244, stack(0x000000375e900000,0x000000375ea00000) (1024K)]
  0x0000016eea89f520 JavaThread "Thread-4"                   daemon [_thread_in_native, id=19156, stack(0x000000375ea00000,0x000000375eb00000) (1024K)]
  0x0000016eea89e170 JavaThread "Thread-5"                   daemon [_thread_in_native, id=23696, stack(0x000000375eb00000,0x000000375ec00000) (1024K)]
  0x0000016eea89ee90 JavaThread "Thread-6"                   daemon [_thread_in_native, id=30348, stack(0x000000375ec00000,0x000000375ed00000) (1024K)]
  0x0000016eea89e800 JavaThread "Thread-7"                   daemon [_thread_in_native, id=8112, stack(0x000000375ed00000,0x000000375ee00000) (1024K)]
  0x0000016eea89fbb0 JavaThread "Thread-8"                   daemon [_thread_in_native, id=28880, stack(0x000000375ee00000,0x000000375ef00000) (1024K)]
  0x0000016eea89dae0 JavaThread "Thread-9"                   daemon [_thread_in_native, id=14352, stack(0x000000375ef00000,0x000000375f000000) (1024K)]
  0x0000016eea8a0240 JavaThread "pool-2-thread-1"                   [_thread_blocked, id=24540, stack(0x000000375f000000,0x000000375f100000) (1024K)]
  0x0000016eea8a08d0 JavaThread "WorkspaceEventsHandler"            [_thread_blocked, id=34560, stack(0x000000375f100000,0x000000375f200000) (1024K)]
  0x0000016eea89d450 JavaThread "pool-1-thread-1"                   [_thread_blocked, id=18456, stack(0x000000375f200000,0x000000375f300000) (1024K)]
  0x0000016eea8a3d50 JavaThread "Worker-4"                          [_thread_blocked, id=16004, stack(0x000000375f300000,0x000000375f400000) (1024K)]
  0x0000016eea8a43e0 JavaThread "ForkJoinPool.commonPool-worker-1" daemon [_thread_in_native, id=33940, stack(0x000000375f400000,0x000000375f500000) (1024K)]
  0x0000016eea8a0f60 JavaThread "ForkJoinPool.commonPool-worker-2" daemon [_thread_in_native, id=27004, stack(0x000000375f500000,0x000000375f600000) (1024K)]
  0x0000016eea8a1c80 JavaThread "ForkJoinPool.commonPool-worker-3" daemon [_thread_in_native, id=27668, stack(0x000000375f600000,0x000000375f700000) (1024K)]
  0x0000016eea8a36c0 JavaThread "ForkJoinPool.commonPool-worker-4" daemon [_thread_in_Java, id=19324, stack(0x000000375f700000,0x000000375f800000) (1024K)]
  0x0000016eea8a4a70 JavaThread "ForkJoinPool.commonPool-worker-5" daemon [_thread_in_vm, id=37276, stack(0x000000375f800000,0x000000375f900000) (1024K)]
  0x0000016eea8a29a0 JavaThread "ForkJoinPool.commonPool-worker-6" daemon [_thread_blocked, id=14868, stack(0x000000375f900000,0x000000375fa00000) (1024K)]
  0x0000016eea8a15f0 JavaThread "ForkJoinPool.commonPool-worker-7" daemon [_thread_in_native, id=16232, stack(0x000000375fa00000,0x000000375fb00000) (1024K)]
=>0x0000016ee8617d70 JavaThread "C2 CompilerThread2"         daemon [_thread_in_native, id=29852, stack(0x000000375dd00000,0x000000375de00000) (1024K)]
  0x0000016ee9ed7e40 JavaThread "Compiler Source File Reader" daemon [_thread_blocked, id=9304, stack(0x000000375fb00000,0x000000375fc00000) (1024K)]
  0x0000016ee9ed56e0 JavaThread "Worker-5: Building"                [_thread_in_vm, id=33256, stack(0x000000375fc00000,0x000000375fd00000) (1024K)]
  0x0000016ee9ed49c0 JavaThread "Compiler Processing Task"   daemon [_thread_blocked, id=22048, stack(0x000000375fd00000,0x000000375fe00000) (1024K)]
  0x0000016ee9ed6a90 JavaThread "LocalFile Deleter"          daemon [_thread_blocked, id=7832, stack(0x000000375fe00000,0x000000375ff00000) (1024K)]
  0x0000016ee9ed84d0 JavaThread "LocalFile Deleter"          daemon [_thread_blocked, id=9764, stack(0x000000375ff00000,0x0000003760000000) (1024K)]
  0x0000016ee9ed77b0 JavaThread "LocalFile Deleter"          daemon [_thread_blocked, id=35000, stack(0x0000003760000000,0x0000003760100000) (1024K)]
  0x0000016ee9ed7120 JavaThread "LocalFile Deleter"          daemon [_thread_blocked, id=26140, stack(0x0000003760100000,0x0000003760200000) (1024K)]
  0x0000016ee9ed5050 JavaThread "LocalFile Deleter"          daemon [_thread_blocked, id=27680, stack(0x0000003760200000,0x0000003760300000) (1024K)]
  0x0000016ee9ed91f0 JavaThread "LocalFile Deleter"          daemon [_thread_blocked, id=10288, stack(0x0000003760300000,0x0000003760400000) (1024K)]
  0x0000016ee9ed8b60 JavaThread "LocalFile Deleter"          daemon [_thread_blocked, id=11864, stack(0x0000003760400000,0x0000003760500000) (1024K)]
  0x0000016ee9ed5d70 JavaThread "LocalFile Deleter"          daemon [_thread_blocked, id=29392, stack(0x0000003760500000,0x0000003760600000) (1024K)]
  0x0000016ee9edbfe0 JavaThread "Compiler Source File Reader" daemon [_thread_blocked, id=14980, stack(0x0000003760600000,0x0000003760700000) (1024K)]
  0x0000016ee9ed9f10 JavaThread "Compiler Source File Reader" daemon [_thread_blocked, id=15584, stack(0x0000003760700000,0x0000003760800000) (1024K)]
  0x0000016ee9edac30 JavaThread "Compiler Source File Reader" daemon [_thread_blocked, id=1744, stack(0x0000003760800000,0x0000003760900000) (1024K)]
  0x0000016ee9ed9880 JavaThread "Compiler Source File Reader" daemon [_thread_blocked, id=34892, stack(0x0000003760900000,0x0000003760a00000) (1024K)]
  0x0000016ee9edb2c0 JavaThread "Compiler Source File Reader" daemon [_thread_blocked, id=27808, stack(0x0000003760a00000,0x0000003760b00000) (1024K)]
  0x0000016eedeca130 JavaThread "Compiler Class File Writer" daemon [_thread_blocked, id=15880, stack(0x0000003760b00000,0x0000003760c00000) (1024K)]
  0x0000016eedeca7c0 JavaThread "Compiler Class File Writer" daemon [_thread_blocked, id=32080, stack(0x0000003760c00000,0x0000003760d00000) (1024K)]
  0x0000016eedec8060 JavaThread "Compiler Class File Writer" daemon [_thread_blocked, id=28168, stack(0x0000003760d00000,0x0000003760e00000) (1024K)]
  0x0000016eedec9aa0 JavaThread "Compiler Class File Writer" daemon [_thread_blocked, id=26316, stack(0x0000003760e00000,0x0000003760f00000) (1024K)]
  0x0000016eedecae50 JavaThread "Compiler Class File Writer" daemon [_thread_blocked, id=22292, stack(0x0000003760f00000,0x0000003761000000) (1024K)]
  0x0000016eedecbb70 JavaThread "Compiler Class File Writer" daemon [_thread_blocked, id=21336, stack(0x0000003761000000,0x0000003761100000) (1024K)]
Total: 68

Other Threads:
  0x0000016e88e438b0 VMThread "VM Thread"                           [id=29884, stack(0x000000375c400000,0x000000375c500000) (1024K)]
  0x0000016e88f44cd0 WatcherThread "VM Periodic Task Thread"        [id=25004, stack(0x000000375c300000,0x000000375c400000) (1024K)]
  0x0000016e88ef6a00 WorkerThread "GC Thread#0"                     [id=20472, stack(0x000000375c200000,0x000000375c300000) (1024K)]
  0x0000016ee2c642c0 WorkerThread "GC Thread#1"                     [id=32424, stack(0x000000375d100000,0x000000375d200000) (1024K)]
  0x0000016ee2474a60 WorkerThread "GC Thread#2"                     [id=28600, stack(0x000000375d200000,0x000000375d300000) (1024K)]
  0x0000016ee2474e00 WorkerThread "GC Thread#3"                     [id=36008, stack(0x000000375d300000,0x000000375d400000) (1024K)]
  0x0000016ee24751a0 WorkerThread "GC Thread#4"                     [id=8060, stack(0x000000375d400000,0x000000375d500000) (1024K)]
  0x0000016ee2475540 WorkerThread "GC Thread#5"                     [id=7096, stack(0x000000375d500000,0x000000375d600000) (1024K)]
  0x0000016ee24758e0 WorkerThread "GC Thread#6"                     [id=25312, stack(0x000000375d600000,0x000000375d700000) (1024K)]
  0x0000016ee2e3ff20 WorkerThread "GC Thread#7"                     [id=16900, stack(0x000000375d800000,0x000000375d900000) (1024K)]
Total: 10

Threads with active compile tasks:
C2 CompilerThread0  16684 12145       4       org.eclipse.jdt.internal.compiler.lookup.Scope$Substitutor::substitute (850 bytes)
C1 CompilerThread0  16684 12720       2       org.codehaus.plexus.interpolation.PrefixAwareRecursionInterceptor::expressionResolutionFinished (9 bytes)
C2 CompilerThread1  16684 12671       4       java.util.regex.Pattern$CharPropertyGreedy::match (160 bytes)
C2 CompilerThread2  16684 11065       4       org.eclipse.jdt.internal.compiler.lookup.LookupEnvironment::getTypeFromTypeSignature (770 bytes)
Total: 4

VM state: not at safepoint (normal execution)

VM Mutex/Monitor currently owned by a thread: None

Heap address: 0x0000000080000000, size: 2048 MB, Compressed Oops mode: 32-bit

CDS archive(s) mapped at: [0x0000016ea0000000-0x0000016ea0ba0000-0x0000016ea0ba0000), size 12189696, SharedBaseAddress: 0x0000016ea0000000, ArchiveRelocationMode: 1.
Compressed class space mapped at: 0x0000016ea1000000-0x0000016ee1000000, reserved size: 1073741824
Narrow klass base: 0x0000016ea0000000, Narrow klass shift: 0, Narrow klass range: 0x100000000

GC Precious Log:
 CardTable entry size: 512
 CPUs: 8 total, 8 available
 Memory: 16183M
 Large Page Support: Disabled
 NUMA Support: Disabled
 Compressed Oops: Enabled (32-bit)
 Alignments: Space 512K, Generation 512K, Heap 2M
 Heap Min Capacity: 100M
 Heap Initial Capacity: 100M
 Heap Max Capacity: 2G
 Pre-touch: Disabled
 Parallel Workers: 8

Heap:
 PSYoungGen      total 5120K, used 4367K [0x00000000d5580000, 0x00000000d5f00000, 0x0000000100000000)
  eden space 4096K, 88% used [0x00000000d5580000,0x00000000d590be60,0x00000000d5980000)
  from space 1024K, 71% used [0x00000000d5e00000,0x00000000d5eb8000,0x00000000d5f00000)
  to   space 1536K, 0% used [0x00000000d5c00000,0x00000000d5c00000,0x00000000d5d80000)
 ParOldGen       total 150528K, used 150448K [0x0000000080000000, 0x0000000089300000, 0x00000000d5580000)
  object space 150528K, 99% used [0x0000000080000000,0x00000000892ec2a8,0x0000000089300000)
 Metaspace       used 66935K, committed 68416K, reserved 1114112K
  class space    used 6836K, committed 7488K, reserved 1048576K

Card table byte_map: [0x0000016e88870000,0x0000016e88c80000] _byte_map_base: 0x0000016e88470000

Marking Bits: (ParMarkBitMap*) 0x00007ff860902460
 Begin Bits: [0x0000016e9b380000, 0x0000016e9d380000)
 End Bits:   [0x0000016e9d380000, 0x0000016e9f380000)

Polling page: 0x0000016e86e20000

Metaspace:

Usage:
  Non-class:     58.69 MB used.
      Class:      6.68 MB used.
       Both:     65.37 MB used.

Virtual space:
  Non-class space:       64.00 MB reserved,      59.50 MB ( 93%) committed,  1 nodes.
      Class space:        1.00 GB reserved,       7.31 MB ( <1%) committed,  1 nodes.
             Both:        1.06 GB reserved,      66.81 MB (  6%) committed. 

Chunk freelists:
   Non-Class:  3.92 MB
       Class:  8.62 MB
        Both:  12.54 MB

MaxMetaspaceSize: unlimited
CompressedClassSpaceSize: 1.00 GB
Initial GC threshold: 21.00 MB
Current GC threshold: 97.31 MB
CDS: on
 - commit_granule_bytes: 65536.
 - commit_granule_words: 8192.
 - virtual_space_node_default_size: 8388608.
 - enlarge_chunks_in_place: 1.
 - use_allocation_guard: 0.


Internal statistics:

num_allocs_failed_limit: 9.
num_arena_births: 1334.
num_arena_deaths: 14.
num_vsnodes_births: 2.
num_vsnodes_deaths: 0.
num_space_committed: 1069.
num_space_uncommitted: 0.
num_chunks_returned_to_freelist: 23.
num_chunks_taken_from_freelist: 4555.
num_chunk_merges: 10.
num_chunk_splits: 2782.
num_chunks_enlarged: 1609.
num_inconsistent_stats: 0.

CodeHeap 'non-profiled nmethods': size=120000Kb used=8922Kb max_used=8922Kb free=111077Kb
 bounds [0x0000016e93ba0000, 0x0000016e94460000, 0x0000016e9b0d0000]
CodeHeap 'profiled nmethods': size=120000Kb used=30422Kb max_used=30422Kb free=89577Kb
 bounds [0x0000016e8c0d0000, 0x0000016e8de90000, 0x0000016e93600000]
CodeHeap 'non-nmethods': size=5760Kb used=1455Kb max_used=1543Kb free=4304Kb
 bounds [0x0000016e93600000, 0x0000016e93870000, 0x0000016e93ba0000]
CodeCache: size=245760Kb, used=40799Kb, max_used=40887Kb, free=204958Kb
 total_blobs=12594, nmethods=11838, adapters=658, full_count=0
Compilation: enabled, stopped_count=0, restarted_count=0

Compilation events (20 events):
Event: 15.626 Thread 0x0000016ee215c4a0 12654       3       org.apache.maven.model.merge.ModelMerger$DependencyKeyComputer::<init> (10 bytes)
Event: 15.626 Thread 0x0000016ee215c4a0 nmethod 12654 0x0000016e8de6b790 code [0x0000016e8de6b940, 0x0000016e8de6bac8]
Event: 15.626 Thread 0x0000016ee215c4a0 12655       3       org.codehaus.plexus.interpolation.reflection.ReflectionValueExtractor$Tokenizer::peekChar (30 bytes)
Event: 15.627 Thread 0x0000016ee215c4a0 nmethod 12655 0x0000016e8de6bb90 code [0x0000016e8de6bda0, 0x0000016e8de6c480]
Event: 15.627 Thread 0x0000016ee215c4a0 12657       2       org.apache.maven.model.validation.DefaultModelValidator::validateNotNull (42 bytes)
Event: 15.627 Thread 0x0000016ee215c4a0 nmethod 12657 0x0000016e8de6c790 code [0x0000016e8de6c980, 0x0000016e8de6cd10]
Event: 15.630 Thread 0x0000016ee215c4a0 12658   !   2       java.io.BufferedInputStream::mark (62 bytes)
Event: 15.631 Thread 0x0000016ee215c4a0 nmethod 12658 0x0000016e8de6cf10 code [0x0000016e8de6d120, 0x0000016e8de6d570]
Event: 15.632 Thread 0x0000016ee215c4a0 12659       2       org.eclipse.aether.AbstractForwardingRepositorySystemSession::getConfigProperties (10 bytes)
Event: 15.632 Thread 0x0000016ee215c4a0 nmethod 12659 0x0000016e8de6d890 code [0x0000016e8de6da20, 0x0000016e8de6db30]
Event: 15.635 Thread 0x0000016ee215c4a0 12660       3       java.lang.StringBuilder::charAt (6 bytes)
Event: 15.635 Thread 0x0000016ee215c4a0 nmethod 12660 0x0000016e8de6dc10 code [0x0000016e8de6ddc0, 0x0000016e8de6df00]
Event: 15.635 Thread 0x0000016ee215c4a0 12661       2       org.codehaus.plexus.util.xml.pull.MXParser::skipS (17 bytes)
Event: 15.635 Thread 0x0000016ee215c4a0 nmethod 12661 0x0000016e8de6df90 code [0x0000016e8de6e140, 0x0000016e8de6e318]
Event: 15.640 Thread 0x0000016ee215c4a0 12662   !   2       org.apache.maven.model.Plugin::clone (204 bytes)
Event: 15.640 Thread 0x0000016ee215c4a0 nmethod 12662 0x0000016e8de6e410 code [0x0000016e8de6e720, 0x0000016e8de6f1c8]
Event: 15.641 Thread 0x0000016ee215c4a0 12666       2       org.apache.maven.model.merge.ModelMerger$SourceDominant::<init> (10 bytes)
Event: 15.641 Thread 0x0000016ee215c4a0 nmethod 12666 0x0000016e8de6fa90 code [0x0000016e8de6fc20, 0x0000016e8de6fd30]
Event: 15.641 Thread 0x0000016ee215c4a0 12664       2       org.apache.maven.model.merge.ModelMerger::mergeConfigurationContainer (19 bytes)
Event: 16.640 Thread 0x0000016ee215c4a0 nmethod 12664 0x0000016e8de6fe10 code [0x0000016e8de6ffc0, 0x0000016e8de70158]

GC Heap History (20 events):
Event: 15.194 GC heap before
{Heap before GC invocations=81 (full 3):
 PSYoungGen      total 16896K, used 16824K [0x00000000d5580000, 0x00000000d6d00000, 0x0000000100000000)
  eden space 11776K, 100% used [0x00000000d5580000,0x00000000d6100000,0x00000000d6100000)
  from space 5120K, 98% used [0x00000000d6380000,0x00000000d686e3d8,0x00000000d6880000)
  to   space 4608K, 0% used [0x00000000d6880000,0x00000000d6880000,0x00000000d6d00000)
 ParOldGen       total 116736K, used 116572K [0x0000000080000000, 0x0000000087200000, 0x00000000d5580000)
  object space 116736K, 99% used [0x0000000080000000,0x00000000871d7310,0x0000000087200000)
 Metaspace       used 65679K, committed 67136K, reserved 1114112K
  class space    used 6727K, committed 7360K, reserved 1048576K
}
Event: 15.202 GC heap after
{Heap after GC invocations=81 (full 3):
 PSYoungGen      total 16384K, used 4416K [0x00000000d5580000, 0x00000000d6d00000, 0x0000000100000000)
  eden space 11776K, 0% used [0x00000000d5580000,0x00000000d5580000,0x00000000d6100000)
  from space 4608K, 95% used [0x00000000d6880000,0x00000000d6cd0010,0x00000000d6d00000)
  to   space 5120K, 0% used [0x00000000d6300000,0x00000000d6300000,0x00000000d6800000)
 ParOldGen       total 121344K, used 121048K [0x0000000080000000, 0x0000000087680000, 0x00000000d5580000)
  object space 121344K, 99% used [0x0000000080000000,0x00000000876363b0,0x0000000087680000)
 Metaspace       used 65679K, committed 67136K, reserved 1114112K
  class space    used 6727K, committed 7360K, reserved 1048576K
}
Event: 15.305 GC heap before
{Heap before GC invocations=82 (full 3):
 PSYoungGen      total 16384K, used 16192K [0x00000000d5580000, 0x00000000d6d00000, 0x0000000100000000)
  eden space 11776K, 100% used [0x00000000d5580000,0x00000000d6100000,0x00000000d6100000)
  from space 4608K, 95% used [0x00000000d6880000,0x00000000d6cd0010,0x00000000d6d00000)
  to   space 5120K, 0% used [0x00000000d6300000,0x00000000d6300000,0x00000000d6800000)
 ParOldGen       total 121344K, used 121048K [0x0000000080000000, 0x0000000087680000, 0x00000000d5580000)
  object space 121344K, 99% used [0x0000000080000000,0x00000000876363b0,0x0000000087680000)
 Metaspace       used 65806K, committed 67264K, reserved 1114112K
  class space    used 6727K, committed 7360K, reserved 1048576K
}
Event: 15.311 GC heap after
{Heap after GC invocations=82 (full 3):
 PSYoungGen      total 16384K, used 4442K [0x00000000d5580000, 0x00000000d6a00000, 0x0000000100000000)
  eden space 11776K, 0% used [0x00000000d5580000,0x00000000d5580000,0x00000000d6100000)
  from space 4608K, 96% used [0x00000000d6300000,0x00000000d6756ad0,0x00000000d6780000)
  to   space 2560K, 0% used [0x00000000d6780000,0x00000000d6780000,0x00000000d6a00000)
 ParOldGen       total 125440K, used 125361K [0x0000000080000000, 0x0000000087a80000, 0x00000000d5580000)
  object space 125440K, 99% used [0x0000000080000000,0x0000000087a6c430,0x0000000087a80000)
 Metaspace       used 65806K, committed 67264K, reserved 1114112K
  class space    used 6727K, committed 7360K, reserved 1048576K
}
Event: 15.365 GC heap before
{Heap before GC invocations=83 (full 3):
 PSYoungGen      total 16384K, used 16205K [0x00000000d5580000, 0x00000000d6a00000, 0x0000000100000000)
  eden space 11776K, 99% used [0x00000000d5580000,0x00000000d60fcb10,0x00000000d6100000)
  from space 4608K, 96% used [0x00000000d6300000,0x00000000d6756ad0,0x00000000d6780000)
  to   space 2560K, 0% used [0x00000000d6780000,0x00000000d6780000,0x00000000d6a00000)
 ParOldGen       total 125440K, used 125361K [0x0000000080000000, 0x0000000087a80000, 0x00000000d5580000)
  object space 125440K, 99% used [0x0000000080000000,0x0000000087a6c430,0x0000000087a80000)
 Metaspace       used 65972K, committed 67392K, reserved 1114112K
  class space    used 6744K, committed 7360K, reserved 1048576K
}
Event: 15.375 GC heap after
{Heap after GC invocations=83 (full 3):
 PSYoungGen      total 6656K, used 2560K [0x00000000d5580000, 0x00000000d7d00000, 0x0000000100000000)
  eden space 4096K, 0% used [0x00000000d5580000,0x00000000d5580000,0x00000000d5980000)
  from space 2560K, 100% used [0x00000000d6780000,0x00000000d6a00000,0x00000000d6a00000)
  to   space 14336K, 0% used [0x00000000d5980000,0x00000000d5980000,0x00000000d6780000)
 ParOldGen       total 135680K, used 135659K [0x0000000080000000, 0x0000000088480000, 0x00000000d5580000)
  object space 135680K, 99% used [0x0000000080000000,0x000000008847adb8,0x0000000088480000)
 Metaspace       used 65972K, committed 67392K, reserved 1114112K
  class space    used 6744K, committed 7360K, reserved 1048576K
}
Event: 15.435 GC heap before
{Heap before GC invocations=84 (full 3):
 PSYoungGen      total 6656K, used 6656K [0x00000000d5580000, 0x00000000d7d00000, 0x0000000100000000)
  eden space 4096K, 100% used [0x00000000d5580000,0x00000000d5980000,0x00000000d5980000)
  from space 2560K, 100% used [0x00000000d6780000,0x00000000d6a00000,0x00000000d6a00000)
  to   space 14336K, 0% used [0x00000000d5980000,0x00000000d5980000,0x00000000d6780000)
 ParOldGen       total 135680K, used 135659K [0x0000000080000000, 0x0000000088480000, 0x00000000d5580000)
  object space 135680K, 99% used [0x0000000080000000,0x000000008847adb8,0x0000000088480000)
 Metaspace       used 66293K, committed 67776K, reserved 1114112K
  class space    used 6777K, committed 7424K, reserved 1048576K
}
Event: 15.439 GC heap after
{Heap after GC invocations=84 (full 3):
 PSYoungGen      total 5632K, used 1206K [0x00000000d5580000, 0x00000000d6800000, 0x0000000100000000)
  eden space 4096K, 0% used [0x00000000d5580000,0x00000000d5580000,0x00000000d5980000)
  from space 1536K, 78% used [0x00000000d5980000,0x00000000d5aad888,0x00000000d5b00000)
  to   space 5632K, 0% used [0x00000000d6280000,0x00000000d6280000,0x00000000d6800000)
 ParOldGen       total 138752K, used 138243K [0x0000000080000000, 0x0000000088780000, 0x00000000d5580000)
  object space 138752K, 99% used [0x0000000080000000,0x0000000088700dd8,0x0000000088780000)
 Metaspace       used 66293K, committed 67776K, reserved 1114112K
  class space    used 6777K, committed 7424K, reserved 1048576K
}
Event: 15.450 GC heap before
{Heap before GC invocations=85 (full 3):
 PSYoungGen      total 5632K, used 3834K [0x00000000d5580000, 0x00000000d6800000, 0x0000000100000000)
  eden space 4096K, 64% used [0x00000000d5580000,0x00000000d5811058,0x00000000d5980000)
  from space 1536K, 78% used [0x00000000d5980000,0x00000000d5aad888,0x00000000d5b00000)
  to   space 5632K, 0% used [0x00000000d6280000,0x00000000d6280000,0x00000000d6800000)
 ParOldGen       total 138752K, used 138243K [0x0000000080000000, 0x0000000088780000, 0x00000000d5580000)
  object space 138752K, 99% used [0x0000000080000000,0x0000000088700dd8,0x0000000088780000)
 Metaspace       used 66337K, committed 67840K, reserved 1114112K
  class space    used 6784K, committed 7424K, reserved 1048576K
}
Event: 15.453 GC heap after
{Heap after GC invocations=85 (full 3):
 PSYoungGen      total 5120K, used 999K [0x00000000d5580000, 0x00000000d6380000, 0x0000000100000000)
  eden space 4096K, 0% used [0x00000000d5580000,0x00000000d5580000,0x00000000d5980000)
  from space 1024K, 97% used [0x00000000d6280000,0x00000000d6379db0,0x00000000d6380000)
  to   space 2048K, 0% used [0x00000000d5f80000,0x00000000d5f80000,0x00000000d6180000)
 ParOldGen       total 139264K, used 139256K [0x0000000080000000, 0x0000000088800000, 0x00000000d5580000)
  object space 139264K, 99% used [0x0000000080000000,0x00000000887fe1c8,0x0000000088800000)
 Metaspace       used 66337K, committed 67840K, reserved 1114112K
  class space    used 6784K, committed 7424K, reserved 1048576K
}
Event: 15.459 GC heap before
{Heap before GC invocations=86 (full 3):
 PSYoungGen      total 5120K, used 5095K [0x00000000d5580000, 0x00000000d6380000, 0x0000000100000000)
  eden space 4096K, 100% used [0x00000000d5580000,0x00000000d5980000,0x00000000d5980000)
  from space 1024K, 97% used [0x00000000d6280000,0x00000000d6379db0,0x00000000d6380000)
  to   space 2048K, 0% used [0x00000000d5f80000,0x00000000d5f80000,0x00000000d6180000)
 ParOldGen       total 139264K, used 139256K [0x0000000080000000, 0x0000000088800000, 0x00000000d5580000)
  object space 139264K, 99% used [0x0000000080000000,0x00000000887fe1c8,0x0000000088800000)
 Metaspace       used 66416K, committed 67904K, reserved 1114112K
  class space    used 6794K, committed 7424K, reserved 1048576K
}
Event: 15.461 GC heap after
{Heap after GC invocations=86 (full 3):
 PSYoungGen      total 6144K, used 1121K [0x00000000d5580000, 0x00000000d6300000, 0x0000000100000000)
  eden space 4096K, 0% used [0x00000000d5580000,0x00000000d5580000,0x00000000d5980000)
  from space 2048K, 54% used [0x00000000d5f80000,0x00000000d60987c8,0x00000000d6180000)
  to   space 1536K, 0% used [0x00000000d6180000,0x00000000d6180000,0x00000000d6300000)
 ParOldGen       total 142336K, used 142010K [0x0000000080000000, 0x0000000088b00000, 0x00000000d5580000)
  object space 142336K, 99% used [0x0000000080000000,0x0000000088aaea78,0x0000000088b00000)
 Metaspace       used 66416K, committed 67904K, reserved 1114112K
  class space    used 6794K, committed 7424K, reserved 1048576K
}
Event: 15.492 GC heap before
{Heap before GC invocations=87 (full 3):
 PSYoungGen      total 6144K, used 5217K [0x00000000d5580000, 0x00000000d6300000, 0x0000000100000000)
  eden space 4096K, 100% used [0x00000000d5580000,0x00000000d5980000,0x00000000d5980000)
  from space 2048K, 54% used [0x00000000d5f80000,0x00000000d60987c8,0x00000000d6180000)
  to   space 1536K, 0% used [0x00000000d6180000,0x00000000d6180000,0x00000000d6300000)
 ParOldGen       total 142336K, used 142010K [0x0000000080000000, 0x0000000088b00000, 0x00000000d5580000)
  object space 142336K, 99% used [0x0000000080000000,0x0000000088aaea78,0x0000000088b00000)
 Metaspace       used 66598K, committed 68032K, reserved 1114112K
  class space    used 6810K, committed 7424K, reserved 1048576K
}
Event: 15.494 GC heap after
{Heap after GC invocations=87 (full 3):
 PSYoungGen      total 5632K, used 1530K [0x00000000d5580000, 0x00000000d6300000, 0x0000000100000000)
  eden space 4096K, 0% used [0x00000000d5580000,0x00000000d5580000,0x00000000d5980000)
  from space 1536K, 99% used [0x00000000d6180000,0x00000000d62fe8f8,0x00000000d6300000)
  to   space 3072K, 0% used [0x00000000d5d00000,0x00000000d5d00000,0x00000000d6000000)
 ParOldGen       total 143360K, used 143224K [0x0000000080000000, 0x0000000088c00000, 0x00000000d5580000)
  object space 143360K, 99% used [0x0000000080000000,0x0000000088bde078,0x0000000088c00000)
 Metaspace       used 66598K, committed 68032K, reserved 1114112K
  class space    used 6810K, committed 7424K, reserved 1048576K
}
Event: 15.519 GC heap before
{Heap before GC invocations=88 (full 3):
 PSYoungGen      total 5632K, used 5427K [0x00000000d5580000, 0x00000000d6300000, 0x0000000100000000)
  eden space 4096K, 95% used [0x00000000d5580000,0x00000000d594e398,0x00000000d5980000)
  from space 1536K, 99% used [0x00000000d6180000,0x00000000d62fe8f8,0x00000000d6300000)
  to   space 3072K, 0% used [0x00000000d5d00000,0x00000000d5d00000,0x00000000d6000000)
 ParOldGen       total 143360K, used 143224K [0x0000000080000000, 0x0000000088c00000, 0x00000000d5580000)
  object space 143360K, 99% used [0x0000000080000000,0x0000000088bde078,0x0000000088c00000)
 Metaspace       used 66644K, committed 68096K, reserved 1114112K
  class space    used 6815K, committed 7424K, reserved 1048576K
}
Event: 15.522 GC heap after
{Heap after GC invocations=88 (full 3):
 PSYoungGen      total 7168K, used 2577K [0x00000000d5580000, 0x00000000d6200000, 0x0000000100000000)
  eden space 4096K, 0% used [0x00000000d5580000,0x00000000d5580000,0x00000000d5980000)
  from space 3072K, 83% used [0x00000000d5d00000,0x00000000d5f84758,0x00000000d6000000)
  to   space 2048K, 0% used [0x00000000d6000000,0x00000000d6000000,0x00000000d6200000)
 ParOldGen       total 144896K, used 144660K [0x0000000080000000, 0x0000000088d80000, 0x00000000d5580000)
  object space 144896K, 99% used [0x0000000080000000,0x0000000088d453a0,0x0000000088d80000)
 Metaspace       used 66644K, committed 68096K, reserved 1114112K
  class space    used 6815K, committed 7424K, reserved 1048576K
}
Event: 15.540 GC heap before
{Heap before GC invocations=89 (full 3):
 PSYoungGen      total 7168K, used 6673K [0x00000000d5580000, 0x00000000d6200000, 0x0000000100000000)
  eden space 4096K, 100% used [0x00000000d5580000,0x00000000d5980000,0x00000000d5980000)
  from space 3072K, 83% used [0x00000000d5d00000,0x00000000d5f84758,0x00000000d6000000)
  to   space 2048K, 0% used [0x00000000d6000000,0x00000000d6000000,0x00000000d6200000)
 ParOldGen       total 144896K, used 144660K [0x0000000080000000, 0x0000000088d80000, 0x00000000d5580000)
  object space 144896K, 99% used [0x0000000080000000,0x0000000088d453a0,0x0000000088d80000)
 Metaspace       used 66676K, committed 68096K, reserved 1114112K
  class space    used 6816K, committed 7424K, reserved 1048576K
}
Event: 15.543 GC heap after
{Heap after GC invocations=89 (full 3):
 PSYoungGen      total 6144K, used 2034K [0x00000000d5580000, 0x00000000d6480000, 0x0000000100000000)
  eden space 4096K, 0% used [0x00000000d5580000,0x00000000d5580000,0x00000000d5980000)
  from space 2048K, 99% used [0x00000000d6000000,0x00000000d61fc858,0x00000000d6200000)
  to   space 5632K, 0% used [0x00000000d5980000,0x00000000d5980000,0x00000000d5f00000)
 ParOldGen       total 147968K, used 147698K [0x0000000080000000, 0x0000000089080000, 0x00000000d5580000)
  object space 147968K, 99% used [0x0000000080000000,0x000000008903ca48,0x0000000089080000)
 Metaspace       used 66676K, committed 68096K, reserved 1114112K
  class space    used 6816K, committed 7424K, reserved 1048576K
}
Event: 15.562 GC heap before
{Heap before GC invocations=90 (full 3):
 PSYoungGen      total 6144K, used 6130K [0x00000000d5580000, 0x00000000d6480000, 0x0000000100000000)
  eden space 4096K, 100% used [0x00000000d5580000,0x00000000d5980000,0x00000000d5980000)
  from space 2048K, 99% used [0x00000000d6000000,0x00000000d61fc858,0x00000000d6200000)
  to   space 5632K, 0% used [0x00000000d5980000,0x00000000d5980000,0x00000000d5f00000)
 ParOldGen       total 147968K, used 147698K [0x0000000080000000, 0x0000000089080000, 0x00000000d5580000)
  object space 147968K, 99% used [0x0000000080000000,0x000000008903ca48,0x0000000089080000)
 Metaspace       used 66693K, committed 68096K, reserved 1114112K
  class space    used 6816K, committed 7424K, reserved 1048576K
}
Event: 15.564 GC heap after
{Heap after GC invocations=90 (full 3):
 PSYoungGen      total 5120K, used 951K [0x00000000d5580000, 0x00000000d6080000, 0x0000000100000000)
  eden space 4096K, 0% used [0x00000000d5580000,0x00000000d5580000,0x00000000d5980000)
  from space 1024K, 92% used [0x00000000d5980000,0x00000000d5a6dc18,0x00000000d5a80000)
  to   space 2560K, 0% used [0x00000000d5e00000,0x00000000d5e00000,0x00000000d6080000)
 ParOldGen       total 150016K, used 149729K [0x0000000080000000, 0x0000000089280000, 0x00000000d5580000)
  object space 150016K, 99% used [0x0000000080000000,0x0000000089238690,0x0000000089280000)
 Metaspace       used 66693K, committed 68096K, reserved 1114112K
  class space    used 6816K, committed 7424K, reserved 1048576K
}

Dll operation events (10 events):
Event: 0.016 Loaded shared library c:\Users\11371\.qoder\extensions\redhat.java-1.50.0-win32-x64\jre\21.0.9-win32-x86_64\bin\java.dll
Event: 0.084 Loaded shared library c:\Users\11371\.qoder\extensions\redhat.java-1.50.0-win32-x64\jre\21.0.9-win32-x86_64\bin\zip.dll
Event: 0.181 Loaded shared library C:\Users\11371\.qoder\extensions\redhat.java-1.50.0-win32-x64\jre\21.0.9-win32-x86_64\bin\instrument.dll
Event: 0.187 Loaded shared library C:\Users\11371\.qoder\extensions\redhat.java-1.50.0-win32-x64\jre\21.0.9-win32-x86_64\bin\net.dll
Event: 0.208 Loaded shared library C:\Users\11371\.qoder\extensions\redhat.java-1.50.0-win32-x64\jre\21.0.9-win32-x86_64\bin\nio.dll
Event: 0.212 Loaded shared library C:\Users\11371\.qoder\extensions\redhat.java-1.50.0-win32-x64\jre\21.0.9-win32-x86_64\bin\zip.dll
Event: 0.242 Loaded shared library C:\Users\11371\.qoder\extensions\redhat.java-1.50.0-win32-x64\jre\21.0.9-win32-x86_64\bin\jimage.dll
Event: 0.324 Loaded shared library c:\Users\11371\.qoder\extensions\redhat.java-1.50.0-win32-x64\jre\21.0.9-win32-x86_64\bin\verify.dll
Event: 2.004 Loaded shared library C:\Users\11371\AppData\Roaming\Qoder\User\globalStorage\redhat.java\1.50.0\config_win\org.eclipse.equinox.launcher\org.eclipse.equinox.launcher.win32.win32.x86_64_1.2.1400.v20250801-0854\eclipse_11916.dll
Event: 3.389 Loaded shared library C:\Users\11371\AppData\Local\Temp\jna-46763053\jna15732252937729475923.dll

Deoptimization events (20 events):
Event: 15.560 Thread 0x0000016ee9ed56e0 DEOPT PACKING pc=0x0000016e8de3cdd0 sp=0x000000375fcfd3c0
Event: 15.560 Thread 0x0000016ee9ed56e0 DEOPT UNPACKING pc=0x0000016e936578e2 sp=0x000000375fcfc908 mode 0
Event: 15.561 Thread 0x0000016ee75de190 DEOPT PACKING pc=0x0000016e8d5aab3b sp=0x000000375e3fdb80
Event: 15.561 Thread 0x0000016ee75de190 DEOPT UNPACKING pc=0x0000016e936578e2 sp=0x000000375e3fd0b8 mode 0
Event: 15.587 Thread 0x0000016ee9ed56e0 DEOPT PACKING pc=0x0000016e8de3cdd0 sp=0x000000375fcfd5b0
Event: 15.587 Thread 0x0000016ee9ed56e0 DEOPT UNPACKING pc=0x0000016e936578e2 sp=0x000000375fcfcaf8 mode 0
Event: 15.602 Thread 0x0000016ee9ed56e0 DEOPT PACKING pc=0x0000016e8de3cdd0 sp=0x000000375fcfd2e0
Event: 15.602 Thread 0x0000016ee9ed56e0 DEOPT UNPACKING pc=0x0000016e936578e2 sp=0x000000375fcfc828 mode 0
Event: 15.604 Thread 0x0000016ee9ed56e0 Uncommon trap: trap_request=0xffffff45 fr.pc=0x0000016e93f08608 relative=0x0000000000000068
Event: 15.604 Thread 0x0000016ee9ed56e0 Uncommon trap: reason=unstable_if action=reinterpret pc=0x0000016e93f08608 method=java.util.stream.StreamOpFlag.fromCharacteristics(Ljava/util/Spliterator;)I @ 10 c2
Event: 15.604 Thread 0x0000016ee9ed56e0 DEOPT PACKING pc=0x0000016e93f08608 sp=0x000000375fcfdb80
Event: 15.604 Thread 0x0000016ee9ed56e0 DEOPT UNPACKING pc=0x0000016e93656da2 sp=0x000000375fcfdb18 mode 2
Event: 15.609 Thread 0x0000016ee9ed56e0 DEOPT PACKING pc=0x0000016e8de3cdd0 sp=0x000000375fcfd5b0
Event: 15.609 Thread 0x0000016ee9ed56e0 DEOPT UNPACKING pc=0x0000016e936578e2 sp=0x000000375fcfcaf8 mode 0
Event: 15.621 Thread 0x0000016ee9ed56e0 DEOPT PACKING pc=0x0000016e8de3cdd0 sp=0x000000375fcfd5b0
Event: 15.621 Thread 0x0000016ee9ed56e0 DEOPT UNPACKING pc=0x0000016e936578e2 sp=0x000000375fcfcaf8 mode 0
Event: 15.631 Thread 0x0000016ee9ed56e0 DEOPT PACKING pc=0x0000016e8de3cdd0 sp=0x000000375fcfd5e0
Event: 15.631 Thread 0x0000016ee9ed56e0 DEOPT UNPACKING pc=0x0000016e936578e2 sp=0x000000375fcfcb28 mode 0
Event: 15.639 Thread 0x0000016ee9ed56e0 DEOPT PACKING pc=0x0000016e8de3cdd0 sp=0x000000375fcfd320
Event: 15.639 Thread 0x0000016ee9ed56e0 DEOPT UNPACKING pc=0x0000016e936578e2 sp=0x000000375fcfc868 mode 0

Classes loaded (20 events):
Event: 13.201 Loading class java/util/concurrent/CompletableFuture$UniApply
Event: 13.201 Loading class java/util/concurrent/CompletableFuture$UniCompletion
Event: 13.201 Loading class java/util/concurrent/CompletableFuture$UniCompletion done
Event: 13.201 Loading class java/util/concurrent/CompletableFuture$UniApply done
Event: 13.202 Loading class java/util/concurrent/CompletableFuture$UniAccept
Event: 13.202 Loading class java/util/concurrent/CompletableFuture$UniAccept done
Event: 13.202 Loading class java/util/concurrent/CompletableFuture$UniExceptionally
Event: 13.202 Loading class java/util/concurrent/CompletableFuture$UniExceptionally done
Event: 13.312 Loading class java/lang/UnsupportedClassVersionError
Event: 13.312 Loading class java/lang/UnsupportedClassVersionError done
Event: 14.034 Loading class jdk/internal/module/IllegalAccessLogger
Event: 14.034 Loading class jdk/internal/module/IllegalAccessLogger done
Event: 14.151 Loading class java/util/concurrent/ConcurrentHashMap$KeySpliterator
Event: 14.152 Loading class java/util/concurrent/ConcurrentHashMap$KeySpliterator done
Event: 14.264 Loading class java/util/ArrayDeque$DeqSpliterator
Event: 14.264 Loading class java/util/ArrayDeque$DeqSpliterator done
Event: 14.283 Loading class java/util/AbstractList$ListItr
Event: 14.283 Loading class java/util/AbstractList$ListItr done
Event: 14.529 Loading class sun/nio/fs/WindowsFileCopy
Event: 14.530 Loading class sun/nio/fs/WindowsFileCopy done

Classes unloaded (7 events):
Event: 4.045 Thread 0x0000016e88e438b0 Unloading class 0x0000016ea11ab000 'java/lang/invoke/LambdaForm$MH+0x0000016ea11ab000'
Event: 4.045 Thread 0x0000016e88e438b0 Unloading class 0x0000016ea11aac00 'java/lang/invoke/LambdaForm$MH+0x0000016ea11aac00'
Event: 4.045 Thread 0x0000016e88e438b0 Unloading class 0x0000016ea11aa800 'java/lang/invoke/LambdaForm$MH+0x0000016ea11aa800'
Event: 4.045 Thread 0x0000016e88e438b0 Unloading class 0x0000016ea11aa400 'java/lang/invoke/LambdaForm$MH+0x0000016ea11aa400'
Event: 4.045 Thread 0x0000016e88e438b0 Unloading class 0x0000016ea11aa000 'java/lang/invoke/LambdaForm$BMH+0x0000016ea11aa000'
Event: 4.045 Thread 0x0000016e88e438b0 Unloading class 0x0000016ea11a9c00 'java/lang/invoke/LambdaForm$DMH+0x0000016ea11a9c00'
Event: 4.045 Thread 0x0000016e88e438b0 Unloading class 0x0000016ea11a8c00 'java/lang/invoke/LambdaForm$DMH+0x0000016ea11a8c00'

Classes redefined (0 events):
No events

Internal exceptions (20 events):
Event: 15.443 Thread 0x0000016ee75de190 Exception <a 'java/lang/NullPointerException'{0x00000000d55b7a08}> (0x00000000d55b7a08) 
thrown [s\src\hotspot\share\runtime\sharedRuntime.cpp, line 625]
Event: 15.443 Thread 0x0000016ee75de190 Exception <a 'java/lang/NullPointerException'{0x00000000d55b7e40}> (0x00000000d55b7e40) 
thrown [s\src\hotspot\share\interpreter\linkResolver.cpp, line 1372]
Event: 15.443 Thread 0x0000016ee75de190 Implicit null exception at 0x0000016e8d153b1b to 0x0000016e8d1540d5
Event: 15.443 Thread 0x0000016ee75de190 Exception <a 'java/lang/NullPointerException'{0x00000000d55b8448}> (0x00000000d55b8448) 
thrown [s\src\hotspot\share\runtime\sharedRuntime.cpp, line 625]
Event: 15.443 Thread 0x0000016ee75de190 Exception <a 'java/lang/NullPointerException'{0x00000000d55b9320}> (0x00000000d55b9320) 
thrown [s\src\hotspot\share\interpreter\linkResolver.cpp, line 1372]
Event: 15.443 Thread 0x0000016ee75de190 Exception <a 'java/lang/NullPointerException'{0x00000000d55b99c8}> (0x00000000d55b99c8) 
thrown [s\src\hotspot\share\interpreter\linkResolver.cpp, line 1372]
Event: 15.483 Thread 0x0000016ee9ed56e0 Exception <a 'java/lang/NoSuchMethodError'{0x00000000d58d7f28}: 'void java.lang.invoke.DirectMethodHandle$Holder.invokeStatic(java.lang.Object, java.lang.Object, java.lang.Object, int)'> (0x00000000d58d7f28) 
thrown [s\src\hotspot\share\interpreter\linkResolver.cpp, line 773]
Event: 15.490 Thread 0x0000016ee9ed56e0 Exception <a 'java/lang/NoSuchMethodError'{0x00000000d5967490}: 'void java.lang.invoke.DirectMethodHandle$Holder.invokeVirtual(java.lang.Object, java.lang.Object, int)'> (0x00000000d5967490) 
thrown [s\src\hotspot\share\interpreter\linkResolver.cpp, line 773]
Event: 15.536 Thread 0x0000016ee75de190 Implicit null exception at 0x0000016e8d153b1b to 0x0000016e8d1540d5
Event: 15.537 Thread 0x0000016ee75de190 Exception <a 'java/lang/NullPointerException'{0x00000000d58d5d50}> (0x00000000d58d5d50) 
thrown [s\src\hotspot\share\runtime\sharedRuntime.cpp, line 625]
Event: 15.537 Thread 0x0000016ee75de190 Implicit null exception at 0x0000016e8d153b1b to 0x0000016e8d1540d5
Event: 15.537 Thread 0x0000016ee75de190 Exception <a 'java/lang/NullPointerException'{0x00000000d58f2548}> (0x00000000d58f2548) 
thrown [s\src\hotspot\share\runtime\sharedRuntime.cpp, line 625]
Event: 15.537 Thread 0x0000016ee75de190 Implicit null exception at 0x0000016e8d153b1b to 0x0000016e8d1540d5
Event: 15.537 Thread 0x0000016ee75de190 Exception <a 'java/lang/NullPointerException'{0x00000000d58f2ca8}> (0x00000000d58f2ca8) 
thrown [s\src\hotspot\share\runtime\sharedRuntime.cpp, line 625]
Event: 15.546 Thread 0x0000016ee75de190 Implicit null exception at 0x0000016e8d153b1b to 0x0000016e8d1540d5
Event: 15.546 Thread 0x0000016ee75de190 Exception <a 'java/lang/NullPointerException'{0x00000000d5605fc8}> (0x00000000d5605fc8) 
thrown [s\src\hotspot\share\runtime\sharedRuntime.cpp, line 625]
Event: 15.546 Thread 0x0000016ee75de190 Implicit null exception at 0x0000016e8d153b1b to 0x0000016e8d1540d5
Event: 15.546 Thread 0x0000016ee75de190 Exception <a 'java/lang/NullPointerException'{0x00000000d56063f0}> (0x00000000d56063f0) 
thrown [s\src\hotspot\share\runtime\sharedRuntime.cpp, line 625]
Event: 15.546 Thread 0x0000016ee75de190 Implicit null exception at 0x0000016e8d153b1b to 0x0000016e8d1540d5
Event: 15.546 Thread 0x0000016ee75de190 Exception <a 'java/lang/NullPointerException'{0x00000000d5606800}> (0x00000000d5606800) 
thrown [s\src\hotspot\share\runtime\sharedRuntime.cpp, line 625]

ZGC Phase Switch (0 events):
No events

VM Operations (20 events):
Event: 15.305 Executing VM operation: ParallelGCFailedAllocation (Allocation Failure)
Event: 15.311 Executing VM operation: ParallelGCFailedAllocation (Allocation Failure) done
Event: 15.327 Executing VM operation: HandshakeAllThreads (Deoptimize)
Event: 15.327 Executing VM operation: HandshakeAllThreads (Deoptimize) done
Event: 15.364 Executing VM operation: ParallelGCFailedAllocation (Allocation Failure)
Event: 15.375 Executing VM operation: ParallelGCFailedAllocation (Allocation Failure) done
Event: 15.435 Executing VM operation: ParallelGCFailedAllocation (Allocation Failure)
Event: 15.439 Executing VM operation: ParallelGCFailedAllocation (Allocation Failure) done
Event: 15.450 Executing VM operation: ParallelGCFailedAllocation (Allocation Failure)
Event: 15.453 Executing VM operation: ParallelGCFailedAllocation (Allocation Failure) done
Event: 15.459 Executing VM operation: ParallelGCFailedAllocation (Allocation Failure)
Event: 15.461 Executing VM operation: ParallelGCFailedAllocation (Allocation Failure) done
Event: 15.492 Executing VM operation: ParallelGCFailedAllocation (Allocation Failure)
Event: 15.494 Executing VM operation: ParallelGCFailedAllocation (Allocation Failure) done
Event: 15.519 Executing VM operation: ParallelGCFailedAllocation (Allocation Failure)
Event: 15.522 Executing VM operation: ParallelGCFailedAllocation (Allocation Failure) done
Event: 15.540 Executing VM operation: ParallelGCFailedAllocation (Allocation Failure)
Event: 15.543 Executing VM operation: ParallelGCFailedAllocation (Allocation Failure) done
Event: 15.562 Executing VM operation: ParallelGCFailedAllocation (Allocation Failure)
Event: 15.564 Executing VM operation: ParallelGCFailedAllocation (Allocation Failure) done

Memory protections (0 events):
No events

Nmethod flushes (20 events):
Event: 12.112 Thread 0x0000016e88e438b0 flushing  nmethod 0x0000016e8ca29790
Event: 12.112 Thread 0x0000016e88e438b0 flushing  nmethod 0x0000016e8ca2de90
Event: 12.112 Thread 0x0000016e88e438b0 flushing  nmethod 0x0000016e8ca42110
Event: 12.112 Thread 0x0000016e88e438b0 flushing  nmethod 0x0000016e8ca73690
Event: 12.112 Thread 0x0000016e88e438b0 flushing  nmethod 0x0000016e8ca76610
Event: 12.112 Thread 0x0000016e88e438b0 flushing osr nmethod 0x0000016e8ca7ec10
Event: 12.112 Thread 0x0000016e88e438b0 flushing  nmethod 0x0000016e8cab5210
Event: 12.112 Thread 0x0000016e88e438b0 flushing  nmethod 0x0000016e8cac4710
Event: 12.112 Thread 0x0000016e88e438b0 flushing  nmethod 0x0000016e8cac5f90
Event: 12.112 Thread 0x0000016e88e438b0 flushing  nmethod 0x0000016e8cac6710
Event: 12.112 Thread 0x0000016e88e438b0 flushing  nmethod 0x0000016e8cac6a90
Event: 12.112 Thread 0x0000016e88e438b0 flushing  nmethod 0x0000016e8cac6e10
Event: 12.112 Thread 0x0000016e88e438b0 flushing  nmethod 0x0000016e8cacb610
Event: 12.112 Thread 0x0000016e88e438b0 flushing  nmethod 0x0000016e8cae1690
Event: 12.112 Thread 0x0000016e88e438b0 flushing  nmethod 0x0000016e8cae1a90
Event: 12.112 Thread 0x0000016e88e438b0 flushing  nmethod 0x0000016e8cae1f90
Event: 12.112 Thread 0x0000016e88e438b0 flushing  nmethod 0x0000016e8cae2990
Event: 12.112 Thread 0x0000016e88e438b0 flushing  nmethod 0x0000016e8caf3210
Event: 12.112 Thread 0x0000016e88e438b0 flushing  nmethod 0x0000016e8caf3690
Event: 12.112 Thread 0x0000016e88e438b0 flushing  nmethod 0x0000016e8caf4910

Events (20 events):
Event: 11.563 Thread 0x0000016ee75ddb00 Thread added: 0x0000016ee9ed49c0
Event: 12.857 Thread 0x0000016ee9ed56e0 Thread added: 0x0000016ee9ed6a90
Event: 12.861 Thread 0x0000016ee9ed6a90 Thread added: 0x0000016ee9ed84d0
Event: 12.862 Thread 0x0000016ee9ed6a90 Thread added: 0x0000016ee9ed77b0
Event: 12.863 Thread 0x0000016ee9ed84d0 Thread added: 0x0000016ee9ed7120
Event: 12.863 Thread 0x0000016ee9ed84d0 Thread added: 0x0000016ee9ed5050
Event: 12.865 Thread 0x0000016ee9ed77b0 Thread added: 0x0000016ee9ed91f0
Event: 12.865 Thread 0x0000016ee9ed77b0 Thread added: 0x0000016ee9ed8b60
Event: 12.877 Thread 0x0000016ee9ed84d0 Thread added: 0x0000016ee9ed5d70
Event: 13.088 Thread 0x0000016ee9ed56e0 Thread added: 0x0000016ee9edbfe0
Event: 13.088 Thread 0x0000016ee9ed56e0 Thread added: 0x0000016ee9ed9f10
Event: 13.088 Thread 0x0000016ee9ed56e0 Thread added: 0x0000016ee9edac30
Event: 13.088 Thread 0x0000016ee9ed56e0 Thread added: 0x0000016ee9ed9880
Event: 13.089 Thread 0x0000016ee9ed56e0 Thread added: 0x0000016ee9edb2c0
Event: 14.155 Thread 0x0000016ee9ed56e0 Thread added: 0x0000016eedeca130
Event: 14.215 Thread 0x0000016ee9ed56e0 Thread added: 0x0000016eedeca7c0
Event: 14.215 Thread 0x0000016ee9ed56e0 Thread added: 0x0000016eedec8060
Event: 14.215 Thread 0x0000016ee9ed56e0 Thread added: 0x0000016eedec9aa0
Event: 14.215 Thread 0x0000016ee9ed56e0 Thread added: 0x0000016eedecae50
Event: 14.215 Thread 0x0000016ee9ed56e0 Thread added: 0x0000016eedecbb70


Dynamic libraries:
0x00007ff664bb0000 - 0x00007ff664bbe000 	c:\Users\11371\.qoder\extensions\redhat.java-1.50.0-win32-x64\jre\21.0.9-win32-x86_64\bin\java.exe
0x00007ff8e2d40000 - 0x00007ff8e2fa8000 	C:\WINDOWS\SYSTEM32\ntdll.dll
0x00007ff8e1760000 - 0x00007ff8e1829000 	C:\WINDOWS\System32\KERNEL32.DLL
0x00007ff8e03c0000 - 0x00007ff8e07b8000 	C:\WINDOWS\System32\KERNELBASE.dll
0x00007ff8e0100000 - 0x00007ff8e024b000 	C:\WINDOWS\System32\ucrtbase.dll
0x00007ff8a6960000 - 0x00007ff8a697e000 	c:\Users\11371\.qoder\extensions\redhat.java-1.50.0-win32-x64\jre\21.0.9-win32-x86_64\bin\VCRUNTIME140.dll
0x00007ff8b7750000 - 0x00007ff8b7768000 	c:\Users\11371\.qoder\extensions\redhat.java-1.50.0-win32-x64\jre\21.0.9-win32-x86_64\bin\jli.dll
0x00007ff8e1ba0000 - 0x00007ff8e1d67000 	C:\WINDOWS\System32\USER32.dll
0x00007ff8e07c0000 - 0x00007ff8e07e7000 	C:\WINDOWS\System32\win32u.dll
0x00007ff8e1830000 - 0x00007ff8e185b000 	C:\WINDOWS\System32\GDI32.dll
0x00007ff8dffd0000 - 0x00007ff8e00fc000 	C:\WINDOWS\System32\gdi32full.dll
0x00007ff8e08b0000 - 0x00007ff8e0953000 	C:\WINDOWS\System32\msvcp_win.dll
0x00007ff8c24a0000 - 0x00007ff8c2734000 	C:\WINDOWS\WinSxS\amd64_microsoft.windows.common-controls_6595b64144ccf1df_6.0.26100.7019_none_3e06ffa0e335b8a8\COMCTL32.dll
0x00007ff8e1f90000 - 0x00007ff8e2039000 	C:\WINDOWS\System32\msvcrt.dll
0x00007ff8e0d70000 - 0x00007ff8e0da1000 	C:\WINDOWS\System32\IMM32.DLL
0x00007ff8d1970000 - 0x00007ff8d197c000 	c:\Users\11371\.qoder\extensions\redhat.java-1.50.0-win32-x64\jre\21.0.9-win32-x86_64\bin\vcruntime140_1.dll
0x00007ff896040000 - 0x00007ff8960cd000 	c:\Users\11371\.qoder\extensions\redhat.java-1.50.0-win32-x64\jre\21.0.9-win32-x86_64\bin\msvcp140.dll
0x00007ff85fc40000 - 0x00007ff8609e0000 	c:\Users\11371\.qoder\extensions\redhat.java-1.50.0-win32-x64\jre\21.0.9-win32-x86_64\bin\server\jvm.dll
0x00007ff8e16a0000 - 0x00007ff8e1754000 	C:\WINDOWS\System32\ADVAPI32.dll
0x00007ff8e1560000 - 0x00007ff8e1606000 	C:\WINDOWS\System32\sechost.dll
0x00007ff8e20c0000 - 0x00007ff8e21d8000 	C:\WINDOWS\System32\RPCRT4.dll
0x00007ff8e1940000 - 0x00007ff8e19b4000 	C:\WINDOWS\System32\WS2_32.dll
0x00007ff8dfcf0000 - 0x00007ff8dfd4e000 	C:\WINDOWS\SYSTEM32\POWRPROF.dll
0x00007ff8dc570000 - 0x00007ff8dc5a5000 	C:\WINDOWS\SYSTEM32\WINMM.dll
0x00007ff8d3aa0000 - 0x00007ff8d3aab000 	C:\WINDOWS\SYSTEM32\VERSION.dll
0x00007ff8dfcd0000 - 0x00007ff8dfce4000 	C:\WINDOWS\SYSTEM32\UMPDC.dll
0x00007ff8dec50000 - 0x00007ff8dec6b000 	C:\WINDOWS\SYSTEM32\kernel.appcore.dll
0x00007ff8d0ec0000 - 0x00007ff8d0eca000 	c:\Users\11371\.qoder\extensions\redhat.java-1.50.0-win32-x64\jre\21.0.9-win32-x86_64\bin\jimage.dll
0x00007ff8dd2f0000 - 0x00007ff8dd532000 	C:\WINDOWS\SYSTEM32\DBGHELP.DLL
0x00007ff8e21e0000 - 0x00007ff8e256b000 	C:\WINDOWS\System32\combase.dll
0x00007ff8e1860000 - 0x00007ff8e1937000 	C:\WINDOWS\System32\OLEAUT32.dll
0x00007ff8c09f0000 - 0x00007ff8c0a2c000 	C:\WINDOWS\SYSTEM32\dbgcore.DLL
0x00007ff8dff20000 - 0x00007ff8dffc5000 	C:\WINDOWS\System32\bcryptPrimitives.dll
0x00007ff8d0ea0000 - 0x00007ff8d0eaf000 	c:\Users\11371\.qoder\extensions\redhat.java-1.50.0-win32-x64\jre\21.0.9-win32-x86_64\bin\instrument.dll
0x00007ff8a67c0000 - 0x00007ff8a67e0000 	c:\Users\11371\.qoder\extensions\redhat.java-1.50.0-win32-x64\jre\21.0.9-win32-x86_64\bin\java.dll
0x00007ff8e0db0000 - 0x00007ff8e14ff000 	C:\WINDOWS\System32\SHELL32.dll
0x00007ff8e0250000 - 0x00007ff8e03bb000 	C:\WINDOWS\System32\wintypes.dll
0x00007ff8ddad0000 - 0x00007ff8de32d000 	C:\WINDOWS\SYSTEM32\windows.storage.dll
0x00007ff8e0c70000 - 0x00007ff8e0d62000 	C:\WINDOWS\System32\SHCORE.dll
0x00007ff8e0bf0000 - 0x00007ff8e0c57000 	C:\WINDOWS\System32\shlwapi.dll
0x00007ff8dfdb0000 - 0x00007ff8dfdd9000 	C:\WINDOWS\SYSTEM32\profapi.dll
0x00007ff8a6300000 - 0x00007ff8a6318000 	c:\Users\11371\.qoder\extensions\redhat.java-1.50.0-win32-x64\jre\21.0.9-win32-x86_64\bin\zip.dll
0x00007ff8d0cd0000 - 0x00007ff8d0ce0000 	C:\Users\11371\.qoder\extensions\redhat.java-1.50.0-win32-x64\jre\21.0.9-win32-x86_64\bin\net.dll
0x00007ff8d3830000 - 0x00007ff8d3958000 	C:\WINDOWS\SYSTEM32\WINHTTP.dll
0x00007ff8a64d0000 - 0x00007ff8a664a000 	C:\Program Files (x86)\Sangfor\SSL\ClientComponent\1_SangforTcpX64.dll
0x00007ff8e1d70000 - 0x00007ff8e1f07000 	C:\WINDOWS\System32\ole32.dll
0x00007ff8dfe90000 - 0x00007ff8dff0f000 	C:\WINDOWS\System32\WINTRUST.dll
0x00007ff8e0960000 - 0x00007ff8e0ad7000 	C:\WINDOWS\System32\CRYPT32.dll
0x00007ff8df4f0000 - 0x00007ff8df503000 	C:\WINDOWS\SYSTEM32\MSASN1.dll
0x00007ff8df1c0000 - 0x00007ff8df22b000 	C:\WINDOWS\system32\mswsock.dll
0x00007ff8a5e00000 - 0x00007ff8a5e16000 	C:\Users\11371\.qoder\extensions\redhat.java-1.50.0-win32-x64\jre\21.0.9-win32-x86_64\bin\nio.dll
0x00007ff8c8800000 - 0x00007ff8c8810000 	c:\Users\11371\.qoder\extensions\redhat.java-1.50.0-win32-x64\jre\21.0.9-win32-x86_64\bin\verify.dll
0x00007ff8b6800000 - 0x00007ff8b6844000 	C:\Users\11371\AppData\Roaming\Qoder\User\globalStorage\redhat.java\1.50.0\config_win\org.eclipse.equinox.launcher\org.eclipse.equinox.launcher.win32.win32.x86_64_1.2.1400.v20250801-0854\eclipse_11916.dll
0x00007ff8df480000 - 0x00007ff8df49b000 	C:\WINDOWS\SYSTEM32\CRYPTSP.dll
0x00007ff8debb0000 - 0x00007ff8debea000 	C:\WINDOWS\system32\rsaenh.dll
0x00007ff8df270000 - 0x00007ff8df29b000 	C:\WINDOWS\SYSTEM32\USERENV.dll
0x00007ff8dfd80000 - 0x00007ff8dfdaa000 	C:\WINDOWS\SYSTEM32\bcrypt.dll
0x00007ff8df4a0000 - 0x00007ff8df4ac000 	C:\WINDOWS\SYSTEM32\CRYPTBASE.dll
0x00007ff8de660000 - 0x00007ff8de694000 	C:\WINDOWS\SYSTEM32\IPHLPAPI.DLL
0x00007ff8e0ae0000 - 0x00007ff8e0aea000 	C:\WINDOWS\System32\NSI.dll
0x00007ff8962c0000 - 0x00007ff896309000 	C:\Users\11371\AppData\Local\Temp\jna-46763053\jna15732252937729475923.dll
0x00007ff8e2770000 - 0x00007ff8e2778000 	C:\WINDOWS\System32\PSAPI.DLL
0x00007ff8d1530000 - 0x00007ff8d154e000 	C:\WINDOWS\SYSTEM32\dhcpcsvc6.DLL
0x00007ff8d1500000 - 0x00007ff8d1523000 	C:\WINDOWS\SYSTEM32\dhcpcsvc.DLL

JVMTI agents:
c:\Users\11371\.qoder\extensions\redhat.java-1.50.0-win32-x64\lombok\lombok-1.18.39-4050.jar path:c:\Users\11371\.qoder\extensions\redhat.java-1.50.0-win32-x64\jre\21.0.9-win32-x86_64\bin\instrument.dll, loaded, initialized, instrumentlib options:none

dbghelp: loaded successfully - version: 4.0.5 - missing functions: none
symbol engine: initialized successfully - sym options: 0x614 - pdb path: .;c:\Users\11371\.qoder\extensions\redhat.java-1.50.0-win32-x64\jre\21.0.9-win32-x86_64\bin;C:\WINDOWS\SYSTEM32;C:\WINDOWS\WinSxS\amd64_microsoft.windows.common-controls_6595b64144ccf1df_6.0.26100.7019_none_3e06ffa0e335b8a8;c:\Users\11371\.qoder\extensions\redhat.java-1.50.0-win32-x64\jre\21.0.9-win32-x86_64\bin\server;C:\Program Files (x86)\Sangfor\SSL\ClientComponent;C:\Users\11371\AppData\Roaming\Qoder\User\globalStorage\redhat.java\1.50.0\config_win\org.eclipse.equinox.launcher\org.eclipse.equinox.launcher.win32.win32.x86_64_1.2.1400.v20250801-0854;C:\Users\11371\AppData\Local\Temp\jna-46763053

VM Arguments:
jvm_args: --add-modules=ALL-SYSTEM --add-opens=java.base/java.util=ALL-UNNAMED --add-opens=java.base/java.lang=ALL-UNNAMED --add-opens=java.base/sun.nio.fs=ALL-UNNAMED -Declipse.application=org.eclipse.jdt.ls.core.id1 -Dosgi.bundles.defaultStartLevel=4 -Declipse.product=org.eclipse.jdt.ls.core.product -Djava.import.generatesMetadataFilesAtProjectRoot=false -DDetectVMInstallationsJob.disabled=true -Dfile.encoding=utf8 -XX:+UseParallelGC -XX:GCTimeRatio=4 -XX:AdaptiveSizePolicyWeight=90 -Dsun.zip.disableMemoryMapping=true -Xmx2G -Xms100m -Xlog:disable -javaagent:c:\Users\11371\.qoder\extensions\redhat.java-1.50.0-win32-x64\lombok\lombok-1.18.39-4050.jar -XX:+HeapDumpOnOutOfMemoryError -XX:HeapDumpPath=c:\Users\11371\AppData\Roaming\Qoder\User\workspaceStorage\d4adbc9f463a0530ef13eca0f25aac6f\redhat.java -Daether.dependencyCollector.impl=bf 
java_command: c:\Users\11371\.qoder\extensions\redhat.java-1.50.0-win32-x64\server\plugins\org.eclipse.equinox.launcher_1.7.100.v20251111-0406.jar -configuration c:\Users\11371\AppData\Roaming\Qoder\User\globalStorage\redhat.java\1.50.0\config_win -data c:\Users\11371\AppData\Roaming\Qoder\User\workspaceStorage\d4adbc9f463a0530ef13eca0f25aac6f\redhat.java\jdt_ws --pipe=\\.\pipe\lsp-ea0e2e497d30b00cc8373afae903641f-sock
java_class_path (initial): c:\Users\11371\.qoder\extensions\redhat.java-1.50.0-win32-x64\server\plugins\org.eclipse.equinox.launcher_1.7.100.v20251111-0406.jar
Launcher Type: SUN_STANDARD

[Global flags]
    uintx AdaptiveSizePolicyWeight                 = 90                                        {product} {command line}
     intx CICompilerCount                          = 4                                         {product} {ergonomic}
    uintx GCTimeRatio                              = 4                                         {product} {command line}
     bool HeapDumpOnOutOfMemoryError               = true                                   {manageable} {command line}
    ccstr HeapDumpPath                             = c:\Users\11371\AppData\Roaming\Qoder\User\workspaceStorage\d4adbc9f463a0530ef13eca0f25aac6f\redhat.java         {manageable} {command line}
   size_t InitialHeapSize                          = 104857600                                 {product} {command line}
   size_t MaxHeapSize                              = 2147483648                                {product} {command line}
   size_t MaxNewSize                               = 715653120                                 {product} {ergonomic}
   size_t MinHeapDeltaBytes                        = 524288                                    {product} {ergonomic}
   size_t MinHeapSize                              = 104857600                                 {product} {command line}
   size_t NewSize                                  = 34603008                                  {product} {ergonomic}
    uintx NonNMethodCodeHeapSize                   = 5839372                                {pd product} {ergonomic}
    uintx NonProfiledCodeHeapSize                  = 122909434                              {pd product} {ergonomic}
   size_t OldSize                                  = 70254592                                  {product} {ergonomic}
    uintx ProfiledCodeHeapSize                     = 122909434                              {pd product} {ergonomic}
    uintx ReservedCodeCacheSize                    = 251658240                              {pd product} {ergonomic}
     bool SegmentedCodeCache                       = true                                      {product} {ergonomic}
   size_t SoftMaxHeapSize                          = 2147483648                             {manageable} {ergonomic}
     bool UseCompressedOops                        = true                           {product lp64_product} {ergonomic}
     bool UseLargePagesIndividualAllocation        = false                                  {pd product} {ergonomic}
     bool UseParallelGC                            = true                                      {product} {command line}

Logging:
Log output configuration:
 #0: stdout all=off uptime,level,tags foldmultilines=false
 #1: stderr all=off uptime,level,tags foldmultilines=false

Release file:
JAVA_VERSION="21.0.9" 
MODULES="java.base java.compiler java.datatransfer java.xml java.prefs java.desktop java.instrument java.logging java.management java.security.sasl java.naming java.rmi java.management.rmi java.net.http java.scripting java.security.jgss java.transaction.xa java.sql java.sql.rowset java.xml.crypto java.se java.smartcardio jdk.accessibility jdk.internal.jvmstat jdk.attach jdk.charsets jdk.internal.opt jdk.zipfs jdk.compiler jdk.crypto.ec jdk.crypto.cryptoki jdk.crypto.mscapi jdk.dynalink jdk.internal.ed jdk.editpad jdk.hotspot.agent jdk.httpserver jdk.internal.le jdk.internal.vm.ci jdk.internal.vm.compiler jdk.internal.vm.compiler.management jdk.jartool jdk.javadoc jdk.jcmd jdk.management jdk.management.agent jdk.jconsole jdk.jdeps jdk.jdwp.agent jdk.jdi jdk.jfr jdk.jshell jdk.jsobject jdk.jstatd jdk.localedata jdk.management.jfr jdk.naming.dns jdk.naming.rmi jdk.net jdk.nio.mapmode jdk.random jdk.sctp jdk.security.auth jdk.security.jgss jdk.unsupported jdk.unsupported.desktop jdk.xml.dom" 

Environment Variables:
JAVA_HOME=C:\Program Files\Java\jdk1.8.0_361
PATH=C:\Python314\Scripts\;C:\Python314\;C:\WINDOWS\system32;C:\WINDOWS;C:\WINDOWS\System32\Wbem;C:\Program Files (x86)\Common Files\Oracle\Java\javapath;C:\Windows\System32\HWAudioDriverLibs;C:\Windows\system32;C:\Windows;C:\Windows\System32\Wbem;C:\Windows\System32\WindowsPowerShell\v1.0\;C:\Windows\System32\OpenSSH\;C:\Users\Administrator\AppData\Local\Microsoft\WindowsApps;C:\WINDOWS\System32\WindowsPowerShell\v1.0\;C:\WINDOWS\System32\OpenSSH\;%JAVA_HOME%\bin;C:\Program Files\Git\cmd;D:\Oracle\Instant Client\bin;C:\Program Files\TortoiseSVN\bin;D:\apache-tomcat-8.5.87\bin;D:\apache-maven-3.8.1\bin;C:\Program Files\nodejs\;C:\ProgramData\chocolatey\bin;C:\Users\11371\AppData\Local\Programs\Python\Python311\Scripts\;C:\Users\11371\AppData\Local\Programs\Python\Python311\;C:\Users\11371\AppData\Local\Programs\Python\Launcher\;C:\Program Files\Java\jdk1.8.0_361\bin;C:\WINDOWS\system32;C:\WINDOWS;C:\WINDOWS\System32\Wbem;C:\Users\11371\AppData\Local\Microsoft\WindowsApps;D:\apache-maven-3.8.1\bin;C:\Program Files\nodejs\node_global;D:\Oracle\instantclient_11_2;D:\apache-tomcat-8.5.87\bin;D:\gradle-8.12.1\bin;D:\apache-maven-3.8.1\bin;D:\Windsurf\bin;D:\Qoder\bin;C:\Users\11371\AppData\Roaming\npm;
USERNAME=11371
OS=Windows_NT
PROCESSOR_IDENTIFIER=Intel64 Family 6 Model 140 Stepping 1, GenuineIntel
TMP=C:\Users\11371\AppData\Local\Temp
TEMP=C:\Users\11371\AppData\Local\Temp




Periodic native trim disabled

---------------  S Y S T E M  ---------------

OS:
 Windows 11 , 64 bit Build 26100 (10.0.26100.7019)
OS uptime: 13 days 18:55 hours

CPU: total 8 (initial active 8) (4 cores per cpu, 2 threads per core) family 6 model 140 stepping 1 microcode 0x8a, cx8, cmov, fxsr, ht, mmx, 3dnowpref, sse, sse2, sse3, ssse3, sse4.1, sse4.2, popcnt, lzcnt, tsc, tscinvbit, avx, avx2, aes, erms, clmul, bmi1, bmi2, adx, avx512f, avx512dq, avx512cd, avx512bw, avx512vl, sha, fma, vzeroupper, avx512_vpopcntdq, avx512_vpclmulqdq, avx512_vaes, avx512_vnni, clflush, clflushopt, clwb, avx512_vbmi2, avx512_vbmi, rdtscp, rdpid, fsrm, gfni, avx512_bitalg, f16c, pku, cet_ibt, cet_ss, avx512_ifma
Processor Information for the first 8 processors :
  Max Mhz: 2419, Current Mhz: 2419, Mhz Limit: 2419

Memory: 4k page, system-wide physical 16183M (930M free)
TotalPageFile size 31405M (AvailPageFile size 134M)
current process WorkingSet (physical memory assigned to process): 402M, peak: 420M
current process commit charge ("private bytes"): 473M, peak: 504M

vm_info: OpenJDK 64-Bit Server VM (21.0.9+10-LTS) for windows-amd64 JRE (21.0.9+10-LTS), built on 2025-10-21T00:00:00Z by "admin" with unknown MS VC++:1942

END.
