#
# There is insufficient memory for the Java Runtime Environment to continue.
# Native memory allocation (malloc) failed to allocate 1317808 bytes for Chunk::new
# Possible reasons:
#   The system is out of physical RAM or swap space
#   The process is running with CompressedOops enabled, and the Java Heap may be blocking the growth of the native heap
# Possible solutions:
#   Reduce memory load on the system
#   Increase physical memory or swap space
#   Check if swap backing store is full
#   Decrease Java heap size (-Xmx/-Xms)
#   Decrease number of Java threads
#   Decrease Java thread stack sizes (-Xss)
#   Set larger code cache with -XX:ReservedCodeCacheSize=
#   JVM is running with Zero Based Compressed Oops mode in which the Java heap is
#     placed in the first 32GB address space. The Java Heap base address is the
#     maximum limit for the native heap growth. Please use -XX:HeapBaseMinAddress
#     to set the Java Heap base and to place the Java Heap above 32GB virtual address.
# This output file may be truncated or incomplete.
#
#  Out of Memory Error (allocation.cpp:389), pid=27676, tid=0x0000000000006d54
#
# JRE version: Java(TM) SE Runtime Environment (8.0_361) (build 1.8.0_361-b09)
# Java VM: Java HotSpot(TM) 64-Bit Server VM (25.361-b09 mixed mode windows-amd64 compressed oops)
# Failed to write core dump. Minidumps are not enabled by default on client versions of Windows
#

---------------  T H R E A D  ---------------

Current thread (0x0000026b444b6000):  JavaThread "C2 CompilerThread2" daemon [_thread_in_native, id=27988, stack(0x000000decd700000,0x000000decd800000)]

Stack: [0x000000decd700000,0x000000decd800000]
Native frames: (J=compiled Java code, j=interpreted, Vv=VM code, C=native code)
V  [jvm.dll+0x3317a9]
V  [jvm.dll+0x277c4e]
V  [jvm.dll+0x27888d]
V  [jvm.dll+0x26f0d5]
V  [jvm.dll+0xd590c]
V  [jvm.dll+0xd610c]
V  [jvm.dll+0x473205]
V  [jvm.dll+0x43a9d8]
V  [jvm.dll+0x443825]
V  [jvm.dll+0x442be5]
V  [jvm.dll+0x42d98b]
V  [jvm.dll+0xac70b]
V  [jvm.dll+0xaad6b]
V  [jvm.dll+0x23ffb2]
V  [jvm.dll+0x294a5c]
C  [ucrtbase.dll+0x29333]
C  [KERNEL32.DLL+0x1259d]
C  [ntdll.dll+0x5af78]


Current CompileTask:
C2:   5490 4523   !   4       lombok.core.AST::buildWithField0 (122 bytes)


---------------  P R O C E S S  ---------------

Java Threads: ( => current thread )
  0x0000026b462ae000 JavaThread "Service Thread" daemon [_thread_blocked, id=27080, stack(0x000000decd900000,0x000000decda00000)]
  0x0000026b444b9000 JavaThread "C1 CompilerThread3" daemon [_thread_blocked, id=33388, stack(0x000000decd800000,0x000000decd900000)]
=>0x0000026b444b6000 JavaThread "C2 CompilerThread2" daemon [_thread_in_native, id=27988, stack(0x000000decd700000,0x000000decd800000)]
  0x0000026b444b2800 JavaThread "C2 CompilerThread1" daemon [_thread_in_native, id=17288, stack(0x000000decd600000,0x000000decd700000)]
  0x0000026b444ad800 JavaThread "C2 CompilerThread0" daemon [_thread_in_native, id=28208, stack(0x000000decd500000,0x000000decd600000)]
  0x0000026b444ac000 JavaThread "Attach Listener" daemon [_thread_blocked, id=32188, stack(0x000000decd400000,0x000000decd500000)]
  0x0000026b44457800 JavaThread "Signal Dispatcher" daemon [_thread_blocked, id=9828, stack(0x000000decd300000,0x000000decd400000)]
  0x0000026b44427000 JavaThread "Finalizer" daemon [_thread_blocked, id=35772, stack(0x000000decd200000,0x000000decd300000)]
  0x0000026b4441d000 JavaThread "Reference Handler" daemon [_thread_blocked, id=35192, stack(0x000000decd100000,0x000000decd200000)]
  0x0000026b2992e800 JavaThread "main" [_thread_in_Java, id=10988, stack(0x000000decc700000,0x000000decc800000)]

Other Threads:
  0x0000026b443f4000 VMThread [stack: 0x000000decd000000,0x000000decd100000] [id=35392]
  0x0000026b462cb000 WatcherThread [stack: 0x000000decda00000,0x000000decdb00000] [id=31260]

VM state:not at safepoint (normal execution)

VM Mutex/Monitor currently owned by a thread: None

heap address: 0x00000006c3200000, size: 4046 MB, Compressed Oops mode: Zero based, Oop shift amount: 3
Narrow klass base: 0x0000000000000000, Narrow klass shift: 3
Compressed class space size: 1073741824 Address: 0x00000007c0000000

Heap:
 PSYoungGen      total 140800K, used 42243K [0x000000076bb80000, 0x0000000779d80000, 0x00000007c0000000)
  eden space 130048K, 24% used [0x000000076bb80000,0x000000076da43e90,0x0000000773a80000)
  from space 10752K, 99% used [0x0000000773a80000,0x00000007744fd0f0,0x0000000774500000)
  to   space 22528K, 0% used [0x0000000778780000,0x0000000778780000,0x0000000779d80000)
 ParOldGen       total 119296K, used 28901K [0x00000006c3200000, 0x00000006ca680000, 0x000000076bb80000)
  object space 119296K, 24% used [0x00000006c3200000,0x00000006c4e39790,0x00000006ca680000)
 Metaspace       used 25083K, capacity 25780K, committed 26032K, reserved 1073152K
  class space    used 2896K, capacity 3142K, committed 3248K, reserved 1048576K

Card table byte_map: [0x0000026b3a5e0000,0x0000026b3add0000] byte_map_base: 0x0000026b36fc7000

Marking Bits: (ParMarkBitMap*) 0x0000000069bfb090
 Begin Bits: [0x0000026b3b320000, 0x0000026b3f258000)
 End Bits:   [0x0000026b3f258000, 0x0000026b43190000)

Polling page: 0x0000026b29bd0000

CodeCache: size=245760Kb used=14916Kb max_used=15299Kb free=230843Kb
 bounds [0x0000026b2b220000, 0x0000026b2c120000, 0x0000026b3a220000]
 total_blobs=4713 nmethods=4302 adapters=323
 compilation: enabled

Compilation events (10 events):
Event: 5.397 Thread 0x0000026b444b9000 4755       2       com.sun.tools.javac.tree.JCTree$JCExpressionStatement::<init> (10 bytes)
Event: 5.397 Thread 0x0000026b444b9000 nmethod 4755 0x0000026b2b720ed0 code [0x0000026b2b721020, 0x0000026b2b721198]
Event: 5.403 Thread 0x0000026b444b9000 4756       2       lombok.core.handlers.HandlerUtil::toAccessorName (275 bytes)
Event: 5.407 Thread 0x0000026b444b9000 nmethod 4756 0x0000026b2b71e650 code [0x0000026b2b71e9a0, 0x0000026b2b71fa40]
Event: 5.423 Thread 0x0000026b444b9000 4757       2       lombok.core.TypeLibrary::toQualifieds (81 bytes)
Event: 5.424 Thread 0x0000026b444b9000 nmethod 4757 0x0000026b2b71dc90 code [0x0000026b2b71de40, 0x0000026b2b71e380]
Event: 5.428 Thread 0x0000026b444b9000 4759       2       java.lang.Throwable::<init> (29 bytes)
Event: 5.428 Thread 0x0000026b444b9000 nmethod 4759 0x0000026b2b71d650 code [0x0000026b2b71d7c0, 0x0000026b2b71db90]
Event: 5.458 Thread 0x0000026b444b9000 4760       2       lombok.javac.JavacImportList::getFullyQualifiedNameForSimpleNameNoAliasing (90 bytes)
Event: 5.459 Thread 0x0000026b444b9000 nmethod 4760 0x0000026b2b71c950 code [0x0000026b2b71cb40, 0x0000026b2b71d1b0]

GC Heap History (10 events):
Event: 2.362 GC heap before
{Heap before GC invocations=2 (full 0):
 PSYoungGen      total 75776K, used 75749K [0x000000076bb80000, 0x0000000774f80000, 0x00000007c0000000)
  eden space 65024K, 100% used [0x000000076bb80000,0x000000076fb00000,0x000000076fb00000)
  from space 10752K, 99% used [0x000000076fb00000,0x00000007705794b8,0x0000000770580000)
  to   space 10752K, 0% used [0x0000000774500000,0x0000000774500000,0x0000000774f80000)
 ParOldGen       total 173568K, used 355K [0x00000006c3200000, 0x00000006cdb80000, 0x000000076bb80000)
  object space 173568K, 0% used [0x00000006c3200000,0x00000006c3258ea0,0x00000006cdb80000)
 Metaspace       used 15538K, capacity 15814K, committed 16128K, reserved 1062912K
  class space    used 1846K, capacity 1947K, committed 2048K, reserved 1048576K
Event: 2.375 GC heap after
Heap after GC invocations=2 (full 0):
 PSYoungGen      total 75776K, used 10728K [0x000000076bb80000, 0x0000000774f80000, 0x00000007c0000000)
  eden space 65024K, 0% used [0x000000076bb80000,0x000000076bb80000,0x000000076fb00000)
  from space 10752K, 99% used [0x0000000774500000,0x0000000774f7a040,0x0000000774f80000)
  to   space 10752K, 0% used [0x000000076fb00000,0x000000076fb00000,0x0000000770580000)
 ParOldGen       total 173568K, used 1492K [0x00000006c3200000, 0x00000006cdb80000, 0x000000076bb80000)
  object space 173568K, 0% used [0x00000006c3200000,0x00000006c3375308,0x00000006cdb80000)
 Metaspace       used 15538K, capacity 15814K, committed 16128K, reserved 1062912K
  class space    used 1846K, capacity 1947K, committed 2048K, reserved 1048576K
}
Event: 2.995 GC heap before
{Heap before GC invocations=3 (full 0):
 PSYoungGen      total 75776K, used 75752K [0x000000076bb80000, 0x0000000774f80000, 0x00000007c0000000)
  eden space 65024K, 100% used [0x000000076bb80000,0x000000076fb00000,0x000000076fb00000)
  from space 10752K, 99% used [0x0000000774500000,0x0000000774f7a040,0x0000000774f80000)
  to   space 10752K, 0% used [0x000000076fb00000,0x000000076fb00000,0x0000000770580000)
 ParOldGen       total 173568K, used 1492K [0x00000006c3200000, 0x00000006cdb80000, 0x000000076bb80000)
  object space 173568K, 0% used [0x00000006c3200000,0x00000006c3375308,0x00000006cdb80000)
 Metaspace       used 16792K, capacity 17186K, committed 17536K, reserved 1064960K
  class space    used 1947K, capacity 2057K, committed 2176K, reserved 1048576K
Event: 3.010 GC heap after
Heap after GC invocations=3 (full 0):
 PSYoungGen      total 75776K, used 10728K [0x000000076bb80000, 0x0000000774f80000, 0x00000007c0000000)
  eden space 65024K, 0% used [0x000000076bb80000,0x000000076bb80000,0x000000076fb00000)
  from space 10752K, 99% used [0x000000076fb00000,0x000000077057a040,0x0000000770580000)
  to   space 10752K, 0% used [0x0000000774500000,0x0000000774500000,0x0000000774f80000)
 ParOldGen       total 173568K, used 4609K [0x00000006c3200000, 0x00000006cdb80000, 0x000000076bb80000)
  object space 173568K, 2% used [0x00000006c3200000,0x00000006c36806a0,0x00000006cdb80000)
 Metaspace       used 16792K, capacity 17186K, committed 17536K, reserved 1064960K
  class space    used 1947K, capacity 2057K, committed 2176K, reserved 1048576K
}
Event: 3.307 GC heap before
{Heap before GC invocations=4 (full 0):
 PSYoungGen      total 75776K, used 33337K [0x000000076bb80000, 0x0000000774f80000, 0x00000007c0000000)
  eden space 65024K, 34% used [0x000000076bb80000,0x000000076d194520,0x000000076fb00000)
  from space 10752K, 99% used [0x000000076fb00000,0x000000077057a040,0x0000000770580000)
  to   space 10752K, 0% used [0x0000000774500000,0x0000000774500000,0x0000000774f80000)
 ParOldGen       total 173568K, used 4609K [0x00000006c3200000, 0x00000006cdb80000, 0x000000076bb80000)
  object space 173568K, 2% used [0x00000006c3200000,0x00000006c36806a0,0x00000006cdb80000)
 Metaspace       used 20776K, capacity 21190K, committed 21296K, reserved 1069056K
  class space    used 2462K, capacity 2585K, committed 2608K, reserved 1048576K
Event: 3.314 GC heap after
Heap after GC invocations=4 (full 0):
 PSYoungGen      total 140800K, used 10744K [0x000000076bb80000, 0x0000000774f80000, 0x00000007c0000000)
  eden space 130048K, 0% used [0x000000076bb80000,0x000000076bb80000,0x0000000773a80000)
  from space 10752K, 99% used [0x0000000774500000,0x0000000774f7e030,0x0000000774f80000)
  to   space 10752K, 0% used [0x0000000773a80000,0x0000000773a80000,0x0000000774500000)
 ParOldGen       total 173568K, used 6652K [0x00000006c3200000, 0x00000006cdb80000, 0x000000076bb80000)
  object space 173568K, 3% used [0x00000006c3200000,0x00000006c387f258,0x00000006cdb80000)
 Metaspace       used 20776K, capacity 21190K, committed 21296K, reserved 1069056K
  class space    used 2462K, capacity 2585K, committed 2608K, reserved 1048576K
}
Event: 3.314 GC heap before
{Heap before GC invocations=5 (full 1):
 PSYoungGen      total 140800K, used 10744K [0x000000076bb80000, 0x0000000774f80000, 0x00000007c0000000)
  eden space 130048K, 0% used [0x000000076bb80000,0x000000076bb80000,0x0000000773a80000)
  from space 10752K, 99% used [0x0000000774500000,0x0000000774f7e030,0x0000000774f80000)
  to   space 10752K, 0% used [0x0000000773a80000,0x0000000773a80000,0x0000000774500000)
 ParOldGen       total 173568K, used 6652K [0x00000006c3200000, 0x00000006cdb80000, 0x000000076bb80000)
  object space 173568K, 3% used [0x00000006c3200000,0x00000006c387f258,0x00000006cdb80000)
 Metaspace       used 20776K, capacity 21190K, committed 21296K, reserved 1069056K
  class space    used 2462K, capacity 2585K, committed 2608K, reserved 1048576K
Event: 3.376 GC heap after
Heap after GC invocations=5 (full 1):
 PSYoungGen      total 140800K, used 0K [0x000000076bb80000, 0x0000000774f80000, 0x00000007c0000000)
  eden space 130048K, 0% used [0x000000076bb80000,0x000000076bb80000,0x0000000773a80000)
  from space 10752K, 0% used [0x0000000774500000,0x0000000774500000,0x0000000774f80000)
  to   space 10752K, 0% used [0x0000000773a80000,0x0000000773a80000,0x0000000774500000)
 ParOldGen       total 119296K, used 14821K [0x00000006c3200000, 0x00000006ca680000, 0x000000076bb80000)
  object space 119296K, 12% used [0x00000006c3200000,0x00000006c4079710,0x00000006ca680000)
 Metaspace       used 20776K, capacity 21190K, committed 21296K, reserved 1069056K
  class space    used 2462K, capacity 2585K, committed 2608K, reserved 1048576K
}
Event: 5.197 GC heap before
{Heap before GC invocations=6 (full 1):
 PSYoungGen      total 140800K, used 130048K [0x000000076bb80000, 0x0000000774f80000, 0x00000007c0000000)
  eden space 130048K, 100% used [0x000000076bb80000,0x0000000773a80000,0x0000000773a80000)
  from space 10752K, 0% used [0x0000000774500000,0x0000000774500000,0x0000000774f80000)
  to   space 10752K, 0% used [0x0000000773a80000,0x0000000773a80000,0x0000000774500000)
 ParOldGen       total 119296K, used 14821K [0x00000006c3200000, 0x00000006ca680000, 0x000000076bb80000)
  object space 119296K, 12% used [0x00000006c3200000,0x00000006c4079710,0x00000006ca680000)
 Metaspace       used 24868K, capacity 25530K, committed 25648K, reserved 1071104K
  class space    used 2875K, capacity 3095K, committed 3120K, reserved 1048576K
Event: 5.218 GC heap after
Heap after GC invocations=6 (full 1):
 PSYoungGen      total 140800K, used 10740K [0x000000076bb80000, 0x0000000779d80000, 0x00000007c0000000)
  eden space 130048K, 0% used [0x000000076bb80000,0x000000076bb80000,0x0000000773a80000)
  from space 10752K, 99% used [0x0000000773a80000,0x00000007744fd0f0,0x0000000774500000)
  to   space 22528K, 0% used [0x0000000778780000,0x0000000778780000,0x0000000779d80000)
 ParOldGen       total 119296K, used 28901K [0x00000006c3200000, 0x00000006ca680000, 0x000000076bb80000)
  object space 119296K, 24% used [0x00000006c3200000,0x00000006c4e39790,0x00000006ca680000)
 Metaspace       used 24868K, capacity 25530K, committed 25648K, reserved 1071104K
  class space    used 2875K, capacity 3095K, committed 3120K, reserved 1048576K
}

Deoptimization events (10 events):
Event: 4.931 Thread 0x0000026b2992e800 Uncommon trap: reason=class_check action=maybe_recompile pc=0x0000026b2b976688 method=java.util.Collections$UnmodifiableMap$UnmodifiableEntrySet$UnmodifiableEntry.getValue()Ljava/lang/Object; @ 4
Event: 4.931 Thread 0x0000026b2992e800 Uncommon trap: reason=class_check action=maybe_recompile pc=0x0000026b2b974f10 method=java.util.Collections$UnmodifiableMap$UnmodifiableEntrySet$1.hasNext()Z @ 4
Event: 4.931 Thread 0x0000026b2992e800 Uncommon trap: reason=class_check action=maybe_recompile pc=0x0000026b2b975e84 method=java.util.Collections$UnmodifiableMap$UnmodifiableEntrySet$1.next()Ljava/util/Map$Entry; @ 8
Event: 4.931 Thread 0x0000026b2992e800 Uncommon trap: reason=class_check action=maybe_recompile pc=0x0000026b2b976408 method=java.util.Collections$UnmodifiableMap$UnmodifiableEntrySet$UnmodifiableEntry.getKey()Ljava/lang/Object; @ 4
Event: 4.931 Thread 0x0000026b2992e800 Uncommon trap: reason=class_check action=maybe_recompile pc=0x0000026b2b976688 method=java.util.Collections$UnmodifiableMap$UnmodifiableEntrySet$UnmodifiableEntry.getValue()Ljava/lang/Object; @ 4
Event: 5.194 Thread 0x0000026b2992e800 Uncommon trap: reason=class_check action=maybe_recompile pc=0x0000026b2b6fbfa8 method=java.lang.reflect.Field.get(Ljava/lang/Object;)Ljava/lang/Object; @ 45
Event: 5.194 Thread 0x0000026b2992e800 Uncommon trap: reason=class_check action=maybe_recompile pc=0x0000026b2b6fbfa8 method=java.lang.reflect.Field.get(Ljava/lang/Object;)Ljava/lang/Object; @ 45
Event: 5.196 Thread 0x0000026b2992e800 Uncommon trap: reason=class_check action=maybe_recompile pc=0x0000026b2b6fbfa8 method=java.lang.reflect.Field.get(Ljava/lang/Object;)Ljava/lang/Object; @ 45
Event: 5.196 Thread 0x0000026b2992e800 Uncommon trap: reason=class_check action=maybe_recompile pc=0x0000026b2b6fbfa8 method=java.lang.reflect.Field.get(Ljava/lang/Object;)Ljava/lang/Object; @ 45
Event: 5.338 Thread 0x0000026b2992e800 Uncommon trap: reason=unstable_if action=reinterpret pc=0x0000026b2c049eb0 method=com.sun.tools.javac.code.Scope.dble()V @ 113

Classes redefined (0 events):
No events

Internal exceptions (10 events):
Event: 5.458 Thread 0x0000026b2992e800 NullPointerException at vtable entry 0x0000026b2b622cef
Event: 5.458 Thread 0x0000026b2992e800 Exception <a 'java/lang/NullPointerException'> (0x000000076d61a2c0) thrown at [C:\jenkins\workspace\8-2-build-windows-x64-cygwin\jdk8u361\3183\hotspot\src\share\vm\runtime\sharedRuntime.cpp, line 609]
Event: 5.461 Thread 0x0000026b2992e800 NullPointerException at vtable entry 0x0000026b2b622cef
Event: 5.461 Thread 0x0000026b2992e800 Exception <a 'java/lang/NullPointerException'> (0x000000076d660270) thrown at [C:\jenkins\workspace\8-2-build-windows-x64-cygwin\jdk8u361\3183\hotspot\src\share\vm\runtime\sharedRuntime.cpp, line 609]
Event: 5.461 Thread 0x0000026b2992e800 NullPointerException at vtable entry 0x0000026b2b622cef
Event: 5.461 Thread 0x0000026b2992e800 Exception <a 'java/lang/NullPointerException'> (0x000000076d686238) thrown at [C:\jenkins\workspace\8-2-build-windows-x64-cygwin\jdk8u361\3183\hotspot\src\share\vm\runtime\sharedRuntime.cpp, line 609]
Event: 5.462 Thread 0x0000026b2992e800 NullPointerException at vtable entry 0x0000026b2b622cef
Event: 5.462 Thread 0x0000026b2992e800 Exception <a 'java/lang/NullPointerException'> (0x000000076d6ac650) thrown at [C:\jenkins\workspace\8-2-build-windows-x64-cygwin\jdk8u361\3183\hotspot\src\share\vm\runtime\sharedRuntime.cpp, line 609]
Event: 5.470 Thread 0x0000026b2992e800 NullPointerException at vtable entry 0x0000026b2b622cef
Event: 5.470 Thread 0x0000026b2992e800 Exception <a 'java/lang/NullPointerException'> (0x000000076d6d8478) thrown at [C:\jenkins\workspace\8-2-build-windows-x64-cygwin\jdk8u361\3183\hotspot\src\share\vm\runtime\sharedRuntime.cpp, line 609]

Events (10 events):
Event: 5.378 Thread 0x0000026b2992e800 DEOPT PACKING pc=0x0000026b2be2b3f0 sp=0x000000decc7fc7c0
Event: 5.378 Thread 0x0000026b2992e800 DEOPT UNPACKING pc=0x0000026b2b267918 sp=0x000000decc7fc610 mode 0
Event: 5.395 Thread 0x0000026b2992e800 DEOPT PACKING pc=0x0000026b2be2b3f0 sp=0x000000decc7fc7a0
Event: 5.395 Thread 0x0000026b2992e800 DEOPT UNPACKING pc=0x0000026b2b267918 sp=0x000000decc7fc5f0 mode 0
Event: 5.425 Thread 0x0000026b2992e800 DEOPT PACKING pc=0x0000026b2be2b3f0 sp=0x000000decc7fc740
Event: 5.425 Thread 0x0000026b2992e800 DEOPT UNPACKING pc=0x0000026b2b267918 sp=0x000000decc7fc590 mode 0
Event: 5.435 Thread 0x0000026b2992e800 DEOPT PACKING pc=0x0000026b2be2b3f0 sp=0x000000decc7fc590
Event: 5.435 Thread 0x0000026b2992e800 DEOPT UNPACKING pc=0x0000026b2b267918 sp=0x000000decc7fc3e0 mode 0
Event: 5.458 Thread 0x0000026b2992e800 DEOPT PACKING pc=0x0000026b2be2b3f0 sp=0x000000decc7fc730
Event: 5.458 Thread 0x0000026b2992e800 DEOPT UNPACKING pc=0x0000026b2b267918 sp=0x000000decc7fc580 mode 0


Dynamic libraries:
0x00007ff7b36e0000 - 0x00007ff7b3727000 	C:\Program Files\Java\jdk1.8.0_361\bin\java.exe
0x00007ff9a3070000 - 0x00007ff9a3287000 	C:\WINDOWS\SYSTEM32\ntdll.dll
0x00007ff9a1fb0000 - 0x00007ff9a2074000 	C:\WINDOWS\System32\KERNEL32.DLL
0x00007ff9a04e0000 - 0x00007ff9a08b2000 	C:\WINDOWS\System32\KERNELBASE.dll
0x00007ff9a1980000 - 0x00007ff9a1a31000 	C:\WINDOWS\System32\ADVAPI32.dll
0x00007ff9a2f10000 - 0x00007ff9a2fb7000 	C:\WINDOWS\System32\msvcrt.dll
0x00007ff9a2080000 - 0x00007ff9a2128000 	C:\WINDOWS\System32\sechost.dll
0x00007ff9a0210000 - 0x00007ff9a0238000 	C:\WINDOWS\System32\bcrypt.dll
0x00007ff9a2540000 - 0x00007ff9a2654000 	C:\WINDOWS\System32\RPCRT4.dll
0x00007ff9a1df0000 - 0x00007ff9a1fa1000 	C:\WINDOWS\System32\USER32.dll
0x00007ff9a01e0000 - 0x00007ff9a0206000 	C:\WINDOWS\System32\win32u.dll
0x00007ff9a2a00000 - 0x00007ff9a2a29000 	C:\WINDOWS\System32\GDI32.dll
0x00007ff9a0240000 - 0x00007ff9a0363000 	C:\WINDOWS\System32\gdi32full.dll
0x00007ff9a0c60000 - 0x00007ff9a0cfa000 	C:\WINDOWS\System32\msvcp_win.dll
0x00007ff9a0a00000 - 0x00007ff9a0b11000 	C:\WINDOWS\System32\ucrtbase.dll
0x00007ff97fe00000 - 0x00007ff98009b000 	C:\WINDOWS\WinSxS\amd64_microsoft.windows.common-controls_6595b64144ccf1df_6.0.22621.5547_none_27104afb73855772\COMCTL32.dll
0x00007ff9a2ed0000 - 0x00007ff9a2f01000 	C:\WINDOWS\System32\IMM32.DLL
0x00007ff950710000 - 0x00007ff950725000 	C:\Program Files\Java\jdk1.8.0_361\jre\bin\vcruntime140.dll
0x00007ff94a3e0000 - 0x00007ff94a47b000 	C:\Program Files\Java\jdk1.8.0_361\jre\bin\msvcp140.dll
0x0000000069410000 - 0x0000000069c73000 	C:\Program Files\Java\jdk1.8.0_361\jre\bin\server\jvm.dll
0x00007ff9a1040000 - 0x00007ff9a1048000 	C:\WINDOWS\System32\PSAPI.DLL
0x00007ff977730000 - 0x00007ff977739000 	C:\WINDOWS\SYSTEM32\WSOCK32.dll
0x00007ff998620000 - 0x00007ff99862a000 	C:\WINDOWS\SYSTEM32\VERSION.dll
0x00007ff99c7a0000 - 0x00007ff99c7d4000 	C:\WINDOWS\SYSTEM32\WINMM.dll
0x00007ff9a0e20000 - 0x00007ff9a0e91000 	C:\WINDOWS\System32\WS2_32.dll
0x00007ff99f190000 - 0x00007ff99f1a8000 	C:\WINDOWS\SYSTEM32\kernel.appcore.dll
0x00007ff96c150000 - 0x00007ff96c160000 	C:\Program Files\Java\jdk1.8.0_361\jre\bin\verify.dll
0x00007ff950670000 - 0x00007ff95069b000 	C:\Program Files\Java\jdk1.8.0_361\jre\bin\java.dll
0x00007ff94f550000 - 0x00007ff94f568000 	C:\Program Files\Java\jdk1.8.0_361\jre\bin\zip.dll
0x00007ff9a10d0000 - 0x00007ff9a1972000 	C:\WINDOWS\System32\SHELL32.dll
0x00007ff9a0b20000 - 0x00007ff9a0c5f000 	C:\WINDOWS\System32\wintypes.dll
0x00007ff9a2660000 - 0x00007ff9a29f3000 	C:\WINDOWS\System32\combase.dll
0x00007ff99e090000 - 0x00007ff99e9ad000 	C:\WINDOWS\SYSTEM32\windows.storage.dll
0x00007ff9a2340000 - 0x00007ff9a244c000 	C:\WINDOWS\System32\SHCORE.dll
0x00007ff9a2fc0000 - 0x00007ff9a3029000 	C:\WINDOWS\System32\shlwapi.dll
0x00007ff9a0090000 - 0x00007ff9a00bb000 	C:\WINDOWS\SYSTEM32\profapi.dll
0x00007ff96bcb0000 - 0x00007ff96bcba000 	D:\apache-maven-3.8.1\lib\jansi-native\windows64\jansi.dll
0x00007ff99d8d0000 - 0x00007ff99db03000 	C:\WINDOWS\SYSTEM32\dbghelp.dll
0x00007ff9a1ad0000 - 0x00007ff9a1ba7000 	C:\WINDOWS\System32\OLEAUT32.dll
0x00007ff9a0160000 - 0x00007ff9a01db000 	C:\WINDOWS\System32\bcryptPrimitives.dll

VM Arguments:
jvm_args: -Dclassworlds.conf=D:\apache-maven-3.8.1\bin\..\bin\m2.conf -Dmaven.home=D:\apache-maven-3.8.1\bin\.. -Dlibrary.jansi.path=D:\apache-maven-3.8.1\bin\..\lib\jansi-native -Dmaven.multiModuleProjectDirectory=D:\IdeaPeojects\Bot 
java_command: org.codehaus.plexus.classworlds.launcher.Launcher compile -DskipTests
java_class_path (initial): D:\apache-maven-3.8.1\bin\..\boot\plexus-classworlds-2.6.0.jar
Launcher Type: SUN_STANDARD

Environment Variables:
JAVA_HOME=C:\Program Files\Java\jdk1.8.0_361
PATH=C:\WINDOWS\system32;C:\WINDOWS;C:\WINDOWS\System32\Wbem;C:\Program Files (x86)\Common Files\Oracle\Java\javapath;C:\Windows\System32\HWAudioDriverLibs;C:\Windows\system32;C:\Windows;C:\Windows\System32\Wbem;C:\Windows\System32\WindowsPowerShell\v1.0\;C:\Windows\System32\OpenSSH\;C:\Users\Administrator\AppData\Local\Microsoft\WindowsApps;C:\WINDOWS\System32\WindowsPowerShell\v1.0\;C:\WINDOWS\System32\OpenSSH\;C:\Program Files\Java\jdk1.8.0_361\bin;C:\Program Files\nodejs\;C:\Program Files\Git\cmd;D:\Oracle\Instant Client\bin;C:\Program Files\TortoiseSVN\bin;D:\cursor\resources\app\bin;D:\apache-tomcat-8.5.87\bin;D:\apache-maven-3.8.1\bin;C:\Users\11371\AppData\Local\Microsoft\WindowsApps;C:\Program Files\Java\jdk1.8.0_361\bin;C:\Users\11371\AppData\Roaming\npm;C:\Program Files\nodejs\node_global;D:\Oracle\instantclient_11_2;D:\gradle-8.12.1\bin
USERNAME=11371
OS=Windows_NT
PROCESSOR_IDENTIFIER=Intel64 Family 6 Model 140 Stepping 1, GenuineIntel



---------------  S Y S T E M  ---------------

OS: Windows 11 , 64 bit Build 22621 (10.0.22621.5415)

CPU:total 8 (initial active 8) (4 cores per cpu, 2 threads per core) family 6 model 140 stepping 1, cmov, cx8, fxsr, mmx, sse, sse2, sse3, ssse3, sse4.1, sse4.2, popcnt, avx, avx2, aes, clmul, erms, 3dnowpref, lzcnt, ht, tsc, tscinvbit, bmi1, bmi2, adx

Memory: 4k page, physical 16571704k(2389872k free), swap 32158772k(6260k free)

vm_info: Java HotSpot(TM) 64-Bit Server VM (25.361-b09) for windows-amd64 JRE (1.8.0_361-b09), built on Jan  9 2023 08:38:53 by "java_re" with MS VC++ 15.9 (VS2017)

time: Thu Oct  9 15:33:06 2025
timezone: Intel64 Family 6 Model 140 Stepping 1, GenuineIntel
elapsed time: 5.494843 seconds (0d 0h 0m 5s)

