#
# There is insufficient memory for the Java Runtime Environment to continue.
# Native memory allocation (malloc) failed to allocate 1896512 bytes for Chunk::new
# Possible reasons:
#   The system is out of physical RAM or swap space
#   The process is running with CompressedOops enabled, and the Java Heap may be blocking the growth of the native heap
# Possible solutions:
#   Reduce memory load on the system
#   Increase physical memory or swap space
#   Check if swap backing store is full
#   Decrease Java heap size (-Xmx/-Xms)
#   Decrease number of Java threads
#   Decrease Java thread stack sizes (-Xss)
#   Set larger code cache with -XX:ReservedCodeCacheSize=
#   JVM is running with Zero Based Compressed Oops mode in which the Java heap is
#     placed in the first 32GB address space. The Java Heap base address is the
#     maximum limit for the native heap growth. Please use -XX:HeapBaseMinAddress
#     to set the Java Heap base and to place the Java Heap above 32GB virtual address.
# This output file may be truncated or incomplete.
#
#  Out of Memory Error (allocation.cpp:389), pid=29612, tid=0x0000000000001814
#
# JRE version: Java(TM) SE Runtime Environment (8.0_361) (build 1.8.0_361-b09)
# Java VM: Java HotSpot(TM) 64-Bit Server VM (25.361-b09 mixed mode windows-amd64 compressed oops)
# Failed to write core dump. Minidumps are not enabled by default on client versions of Windows
#

---------------  T H R E A D  ---------------

Current thread (0x00000196aa57c800):  JavaThread "C2 CompilerThread0" daemon [_thread_in_native, id=6164, stack(0x0000000fbe800000,0x0000000fbe900000)]

Stack: [0x0000000fbe800000,0x0000000fbe900000]
Native frames: (J=compiled Java code, j=interpreted, Vv=VM code, C=native code)
V  [jvm.dll+0x3317a9]
V  [jvm.dll+0x277c4e]
V  [jvm.dll+0x27888d]
V  [jvm.dll+0x26f0d5]
V  [jvm.dll+0xd590c]
V  [jvm.dll+0xd610c]
V  [jvm.dll+0x473205]
V  [jvm.dll+0x43a9d8]
V  [jvm.dll+0x443825]
V  [jvm.dll+0x442be5]
V  [jvm.dll+0x42d98b]
V  [jvm.dll+0xac70b]
V  [jvm.dll+0xaad6b]
V  [jvm.dll+0x23ffb2]
V  [jvm.dll+0x294a5c]
C  [ucrtbase.dll+0x29333]
C  [KERNEL32.DLL+0x1259d]
C  [ntdll.dll+0x5af78]


Current CompileTask:
C2:   8364 4622   !   4       lombok.javac.JavacAST::drill (146 bytes)


---------------  P R O C E S S  ---------------

Java Threads: ( => current thread )
  0x00000196ac358800 JavaThread "Service Thread" daemon [_thread_blocked, id=30920, stack(0x0000000fbec00000,0x0000000fbed00000)]
  0x00000196aa58d800 JavaThread "C1 CompilerThread3" daemon [_thread_blocked, id=4856, stack(0x0000000fbeb00000,0x0000000fbec00000)]
  0x00000196aa58c800 JavaThread "C2 CompilerThread2" daemon [_thread_in_native, id=34104, stack(0x0000000fbea00000,0x0000000fbeb00000)]
  0x00000196aa589800 JavaThread "C2 CompilerThread1" daemon [_thread_in_native, id=32180, stack(0x0000000fbe900000,0x0000000fbea00000)]
=>0x00000196aa57c800 JavaThread "C2 CompilerThread0" daemon [_thread_in_native, id=6164, stack(0x0000000fbe800000,0x0000000fbe900000)]
  0x00000196aa524800 JavaThread "Attach Listener" daemon [_thread_blocked, id=23064, stack(0x0000000fbe700000,0x0000000fbe800000)]
  0x00000196aa524000 JavaThread "Signal Dispatcher" daemon [_thread_blocked, id=34236, stack(0x0000000fbe600000,0x0000000fbe700000)]
  0x00000196aa4f6000 JavaThread "Finalizer" daemon [_thread_blocked, id=9892, stack(0x0000000fbe500000,0x0000000fbe600000)]
  0x00000196aa4ee000 JavaThread "Reference Handler" daemon [_thread_blocked, id=29532, stack(0x0000000fbe400000,0x0000000fbe500000)]
  0x000001968f99e800 JavaThread "main" [_thread_in_Java, id=33480, stack(0x0000000fbda00000,0x0000000fbdb00000)]

Other Threads:
  0x00000196aa4c4000 VMThread [stack: 0x0000000fbe300000,0x0000000fbe400000] [id=36544]
  0x00000196ac397800 WatcherThread [stack: 0x0000000fbed00000,0x0000000fbee00000] [id=26356]

VM state:not at safepoint (normal execution)

VM Mutex/Monitor currently owned by a thread: None

heap address: 0x00000006c3200000, size: 4046 MB, Compressed Oops mode: Zero based, Oop shift amount: 3
Narrow klass base: 0x0000000000000000, Narrow klass shift: 3
Compressed class space size: 1073741824 Address: 0x00000007c0000000

Heap:
 PSYoungGen      total 130560K, used 37253K [0x000000076bb80000, 0x0000000778b80000, 0x00000007c0000000)
  eden space 119808K, 22% used [0x000000076bb80000,0x000000076d563b18,0x0000000773080000)
  from space 10752K, 99% used [0x0000000773080000,0x0000000773afd8f8,0x0000000773b00000)
  to   space 22016K, 0% used [0x0000000777600000,0x0000000777600000,0x0000000778b80000)
 ParOldGen       total 120320K, used 28571K [0x00000006c3200000, 0x00000006ca780000, 0x000000076bb80000)
  object space 120320K, 23% used [0x00000006c3200000,0x00000006c4de6e28,0x00000006ca780000)
 Metaspace       used 25378K, capacity 26178K, committed 26368K, reserved 1073152K
  class space    used 2938K, capacity 3213K, committed 3328K, reserved 1048576K

Card table byte_map: [0x00000196a06b0000,0x00000196a0ea0000] byte_map_base: 0x000001969d097000

Marking Bits: (ParMarkBitMap*) 0x0000000069bfb090
 Begin Bits: [0x00000196a13f0000, 0x00000196a5328000)
 End Bits:   [0x00000196a5328000, 0x00000196a9260000)

Polling page: 0x00000196912c0000

CodeCache: size=245760Kb used=15513Kb max_used=16883Kb free=230246Kb
 bounds [0x00000196912f0000, 0x0000019692380000, 0x00000196a02f0000]
 total_blobs=4829 nmethods=4406 adapters=335
 compilation: enabled

Compilation events (10 events):
Event: 8.317 Thread 0x00000196aa58d800 4791   !   2       java.util.Locale::getDefault (132 bytes)
Event: 8.318 Thread 0x00000196aa58d800 nmethod 4791 0x0000019691470590 code [0x0000019691470740, 0x0000019691470d60]
Event: 8.318 Thread 0x00000196aa58d800 4793   !   2       java.util.Formatter::format (271 bytes)
Event: 8.319 Thread 0x00000196aa58d800 nmethod 4793 0x00000196914c88d0 code [0x00000196914c8b40, 0x00000196914c9410]
Event: 8.319 Thread 0x00000196aa58d800 4792       2       java.text.DecimalFormatSymbols::getInstance (37 bytes)
Event: 8.319 Thread 0x00000196aa58d800 nmethod 4792 0x00000196918c9f50 code [0x00000196918ca0e0, 0x00000196918ca310]
Event: 8.319 Thread 0x00000196aa58d800 4794       2       java.lang.System$2::getConstantPool (5 bytes)
Event: 8.319 Thread 0x00000196aa58d800 nmethod 4794 0x00000196916ccf90 code [0x00000196916cd100, 0x00000196916cd270]
Event: 8.333 Thread 0x00000196aa58d800 4795       2       lombok.javac.handlers.JavacHandlerUtil::getAccessorsForField (127 bytes)
Event: 8.335 Thread 0x00000196aa58d800 nmethod 4795 0x00000196919c8510 code [0x00000196919c8760, 0x00000196919c9180]

GC Heap History (10 events):
Event: 2.962 GC heap before
{Heap before GC invocations=2 (full 0):
 PSYoungGen      total 75776K, used 75759K [0x000000076bb80000, 0x0000000774f80000, 0x00000007c0000000)
  eden space 65024K, 100% used [0x000000076bb80000,0x000000076fb00000,0x000000076fb00000)
  from space 10752K, 99% used [0x000000076fb00000,0x000000077057bf50,0x0000000770580000)
  to   space 10752K, 0% used [0x0000000774500000,0x0000000774500000,0x0000000774f80000)
 ParOldGen       total 173568K, used 413K [0x00000006c3200000, 0x00000006cdb80000, 0x000000076bb80000)
  object space 173568K, 0% used [0x00000006c3200000,0x00000006c32674e0,0x00000006cdb80000)
 Metaspace       used 15961K, capacity 16338K, committed 16640K, reserved 1064960K
  class space    used 1914K, capacity 2017K, committed 2048K, reserved 1048576K
Event: 2.978 GC heap after
Heap after GC invocations=2 (full 0):
 PSYoungGen      total 75776K, used 10724K [0x000000076bb80000, 0x0000000774f80000, 0x00000007c0000000)
  eden space 65024K, 0% used [0x000000076bb80000,0x000000076bb80000,0x000000076fb00000)
  from space 10752K, 99% used [0x0000000774500000,0x0000000774f791c8,0x0000000774f80000)
  to   space 10752K, 0% used [0x000000076fb00000,0x000000076fb00000,0x0000000770580000)
 ParOldGen       total 173568K, used 2129K [0x00000006c3200000, 0x00000006cdb80000, 0x000000076bb80000)
  object space 173568K, 1% used [0x00000006c3200000,0x00000006c3414558,0x00000006cdb80000)
 Metaspace       used 15961K, capacity 16338K, committed 16640K, reserved 1064960K
  class space    used 1914K, capacity 2017K, committed 2048K, reserved 1048576K
}
Event: 3.895 GC heap before
{Heap before GC invocations=3 (full 0):
 PSYoungGen      total 75776K, used 75748K [0x000000076bb80000, 0x0000000774f80000, 0x00000007c0000000)
  eden space 65024K, 100% used [0x000000076bb80000,0x000000076fb00000,0x000000076fb00000)
  from space 10752K, 99% used [0x0000000774500000,0x0000000774f791c8,0x0000000774f80000)
  to   space 10752K, 0% used [0x000000076fb00000,0x000000076fb00000,0x0000000770580000)
 ParOldGen       total 173568K, used 2129K [0x00000006c3200000, 0x00000006cdb80000, 0x000000076bb80000)
  object space 173568K, 1% used [0x00000006c3200000,0x00000006c3414558,0x00000006cdb80000)
 Metaspace       used 17131K, capacity 17606K, committed 17792K, reserved 1064960K
  class space    used 1994K, capacity 2131K, committed 2176K, reserved 1048576K
Event: 3.907 GC heap after
Heap after GC invocations=3 (full 0):
 PSYoungGen      total 75776K, used 10728K [0x000000076bb80000, 0x0000000774580000, 0x00000007c0000000)
  eden space 65024K, 0% used [0x000000076bb80000,0x000000076bb80000,0x000000076fb00000)
  from space 10752K, 99% used [0x000000076fb00000,0x000000077057a040,0x0000000770580000)
  to   space 10752K, 0% used [0x0000000773b00000,0x0000000773b00000,0x0000000774580000)
 ParOldGen       total 173568K, used 4882K [0x00000006c3200000, 0x00000006cdb80000, 0x000000076bb80000)
  object space 173568K, 2% used [0x00000006c3200000,0x00000006c36c4bd0,0x00000006cdb80000)
 Metaspace       used 17131K, capacity 17606K, committed 17792K, reserved 1064960K
  class space    used 1994K, capacity 2131K, committed 2176K, reserved 1048576K
}
Event: 4.569 GC heap before
{Heap before GC invocations=4 (full 0):
 PSYoungGen      total 75776K, used 35733K [0x000000076bb80000, 0x0000000774580000, 0x00000007c0000000)
  eden space 65024K, 38% used [0x000000076bb80000,0x000000076d3eb620,0x000000076fb00000)
  from space 10752K, 99% used [0x000000076fb00000,0x000000077057a040,0x0000000770580000)
  to   space 10752K, 0% used [0x0000000773b00000,0x0000000773b00000,0x0000000774580000)
 ParOldGen       total 173568K, used 4882K [0x00000006c3200000, 0x00000006cdb80000, 0x000000076bb80000)
  object space 173568K, 2% used [0x00000006c3200000,0x00000006c36c4bd0,0x00000006cdb80000)
 Metaspace       used 20545K, capacity 21094K, committed 21296K, reserved 1069056K
  class space    used 2455K, capacity 2595K, committed 2688K, reserved 1048576K
Event: 4.585 GC heap after
Heap after GC invocations=4 (full 0):
 PSYoungGen      total 130560K, used 10728K [0x000000076bb80000, 0x0000000774f80000, 0x00000007c0000000)
  eden space 119808K, 0% used [0x000000076bb80000,0x000000076bb80000,0x0000000773080000)
  from space 10752K, 99% used [0x0000000773b00000,0x000000077457a060,0x0000000774580000)
  to   space 10752K, 0% used [0x0000000773080000,0x0000000773080000,0x0000000773b00000)
 ParOldGen       total 173568K, used 6854K [0x00000006c3200000, 0x00000006cdb80000, 0x000000076bb80000)
  object space 173568K, 3% used [0x00000006c3200000,0x00000006c38b1a08,0x00000006cdb80000)
 Metaspace       used 20545K, capacity 21094K, committed 21296K, reserved 1069056K
  class space    used 2455K, capacity 2595K, committed 2688K, reserved 1048576K
}
Event: 4.585 GC heap before
{Heap before GC invocations=5 (full 1):
 PSYoungGen      total 130560K, used 10728K [0x000000076bb80000, 0x0000000774f80000, 0x00000007c0000000)
  eden space 119808K, 0% used [0x000000076bb80000,0x000000076bb80000,0x0000000773080000)
  from space 10752K, 99% used [0x0000000773b00000,0x000000077457a060,0x0000000774580000)
  to   space 10752K, 0% used [0x0000000773080000,0x0000000773080000,0x0000000773b00000)
 ParOldGen       total 173568K, used 6854K [0x00000006c3200000, 0x00000006cdb80000, 0x000000076bb80000)
  object space 173568K, 3% used [0x00000006c3200000,0x00000006c38b1a08,0x00000006cdb80000)
 Metaspace       used 20545K, capacity 21094K, committed 21296K, reserved 1069056K
  class space    used 2455K, capacity 2595K, committed 2688K, reserved 1048576K
Event: 4.666 GC heap after
Heap after GC invocations=5 (full 1):
 PSYoungGen      total 130560K, used 0K [0x000000076bb80000, 0x0000000774f80000, 0x00000007c0000000)
  eden space 119808K, 0% used [0x000000076bb80000,0x000000076bb80000,0x0000000773080000)
  from space 10752K, 0% used [0x0000000773b00000,0x0000000773b00000,0x0000000774580000)
  to   space 10752K, 0% used [0x0000000773080000,0x0000000773080000,0x0000000773b00000)
 ParOldGen       total 120320K, used 14671K [0x00000006c3200000, 0x00000006ca780000, 0x000000076bb80000)
  object space 120320K, 12% used [0x00000006c3200000,0x00000006c4053ca0,0x00000006ca780000)
 Metaspace       used 20545K, capacity 21094K, committed 21296K, reserved 1069056K
  class space    used 2455K, capacity 2595K, committed 2688K, reserved 1048576K
}
Event: 7.868 GC heap before
{Heap before GC invocations=6 (full 1):
 PSYoungGen      total 130560K, used 119808K [0x000000076bb80000, 0x0000000774f80000, 0x00000007c0000000)
  eden space 119808K, 100% used [0x000000076bb80000,0x0000000773080000,0x0000000773080000)
  from space 10752K, 0% used [0x0000000773b00000,0x0000000773b00000,0x0000000774580000)
  to   space 10752K, 0% used [0x0000000773080000,0x0000000773080000,0x0000000773b00000)
 ParOldGen       total 120320K, used 14671K [0x00000006c3200000, 0x00000006ca780000, 0x000000076bb80000)
  object space 120320K, 12% used [0x00000006c3200000,0x00000006c4053ca0,0x00000006ca780000)
 Metaspace       used 24901K, capacity 25646K, committed 25984K, reserved 1073152K
  class space    used 2888K, capacity 3135K, committed 3200K, reserved 1048576K
Event: 7.897 GC heap after
Heap after GC invocations=6 (full 1):
 PSYoungGen      total 130560K, used 10742K [0x000000076bb80000, 0x0000000778b80000, 0x00000007c0000000)
  eden space 119808K, 0% used [0x000000076bb80000,0x000000076bb80000,0x0000000773080000)
  from space 10752K, 99% used [0x0000000773080000,0x0000000773afd8f8,0x0000000773b00000)
  to   space 22016K, 0% used [0x0000000777600000,0x0000000777600000,0x0000000778b80000)
 ParOldGen       total 120320K, used 28571K [0x00000006c3200000, 0x00000006ca780000, 0x000000076bb80000)
  object space 120320K, 23% used [0x00000006c3200000,0x00000006c4de6e28,0x00000006ca780000)
 Metaspace       used 24901K, capacity 25646K, committed 25984K, reserved 1073152K
  class space    used 2888K, capacity 3135K, committed 3200K, reserved 1048576K
}

Deoptimization events (10 events):
Event: 7.678 Thread 0x000001968f99e800 Uncommon trap: reason=class_check action=maybe_recompile pc=0x0000019691b0c8c8 method=java.util.Collections$UnmodifiableMap$UnmodifiableEntrySet$UnmodifiableEntry.getKey()Ljava/lang/Object; @ 4
Event: 7.678 Thread 0x000001968f99e800 Uncommon trap: reason=class_check action=maybe_recompile pc=0x0000019691b0cb48 method=java.util.Collections$UnmodifiableMap$UnmodifiableEntrySet$UnmodifiableEntry.getValue()Ljava/lang/Object; @ 4
Event: 7.678 Thread 0x000001968f99e800 Uncommon trap: reason=class_check action=maybe_recompile pc=0x0000019691b03110 method=java.util.Collections$UnmodifiableMap$UnmodifiableEntrySet$1.hasNext()Z @ 4
Event: 7.678 Thread 0x000001968f99e800 Uncommon trap: reason=class_check action=maybe_recompile pc=0x0000019691b0ae38 method=java.util.Collections$UnmodifiableMap$UnmodifiableEntrySet$1.next()Ljava/util/Map$Entry; @ 8
Event: 7.678 Thread 0x000001968f99e800 Uncommon trap: reason=class_check action=maybe_recompile pc=0x0000019691b0c8c8 method=java.util.Collections$UnmodifiableMap$UnmodifiableEntrySet$UnmodifiableEntry.getKey()Ljava/lang/Object; @ 4
Event: 7.678 Thread 0x000001968f99e800 Uncommon trap: reason=class_check action=maybe_recompile pc=0x0000019691b0cb48 method=java.util.Collections$UnmodifiableMap$UnmodifiableEntrySet$UnmodifiableEntry.getValue()Ljava/lang/Object; @ 4
Event: 7.793 Thread 0x000001968f99e800 Uncommon trap: reason=class_check action=maybe_recompile pc=0x000001969235a178 method=lombok.javac.JavacNode.traverse(Llombok/javac/JavacASTVisitor;)V @ 490
Event: 7.793 Thread 0x000001968f99e800 Uncommon trap: reason=class_check action=maybe_recompile pc=0x000001969235a024 method=lombok.javac.JavacNode.traverse(Llombok/javac/JavacASTVisitor;)V @ 193
Event: 7.793 Thread 0x000001968f99e800 Uncommon trap: reason=class_check action=maybe_recompile pc=0x000001969235a03c method=lombok.javac.JavacNode.traverse(Llombok/javac/JavacASTVisitor;)V @ 369
Event: 7.793 Thread 0x000001968f99e800 Uncommon trap: reason=class_check action=maybe_recompile pc=0x000001969235a03c method=lombok.javac.JavacNode.traverse(Llombok/javac/JavacASTVisitor;)V @ 369

Classes redefined (0 events):
No events

Internal exceptions (10 events):
Event: 8.316 Thread 0x000001968f99e800 NullPointerException at vtable entry 0x00000196916f926f
Event: 8.316 Thread 0x000001968f99e800 Exception <a 'java/lang/NullPointerException'> (0x000000076d1cd310) thrown at [C:\jenkins\workspace\8-2-build-windows-x64-cygwin\jdk8u361\3183\hotspot\src\share\vm\runtime\sharedRuntime.cpp, line 609]
Event: 8.317 Thread 0x000001968f99e800 NullPointerException at vtable entry 0x00000196916f926f
Event: 8.317 Thread 0x000001968f99e800 Exception <a 'java/lang/NullPointerException'> (0x000000076d1f9108) thrown at [C:\jenkins\workspace\8-2-build-windows-x64-cygwin\jdk8u361\3183\hotspot\src\share\vm\runtime\sharedRuntime.cpp, line 609]
Event: 8.318 Thread 0x000001968f99e800 NullPointerException at vtable entry 0x00000196916f926f
Event: 8.318 Thread 0x000001968f99e800 Exception <a 'java/lang/NullPointerException'> (0x000000076d227048) thrown at [C:\jenkins\workspace\8-2-build-windows-x64-cygwin\jdk8u361\3183\hotspot\src\share\vm\runtime\sharedRuntime.cpp, line 609]
Event: 8.334 Thread 0x000001968f99e800 NullPointerException at vtable entry 0x00000196916f926f
Event: 8.335 Thread 0x000001968f99e800 Exception <a 'java/lang/NullPointerException'> (0x000000076d25a550) thrown at [C:\jenkins\workspace\8-2-build-windows-x64-cygwin\jdk8u361\3183\hotspot\src\share\vm\runtime\sharedRuntime.cpp, line 609]
Event: 8.336 Thread 0x000001968f99e800 NullPointerException at vtable entry 0x00000196916f926f
Event: 8.336 Thread 0x000001968f99e800 Exception <a 'java/lang/NullPointerException'> (0x000000076d288608) thrown at [C:\jenkins\workspace\8-2-build-windows-x64-cygwin\jdk8u361\3183\hotspot\src\share\vm\runtime\sharedRuntime.cpp, line 609]

Events (10 events):
Event: 8.234 Thread 0x000001968f99e800 DEOPT PACKING pc=0x0000019691f40df0 sp=0x0000000fbdafc150
Event: 8.234 Thread 0x000001968f99e800 DEOPT UNPACKING pc=0x0000019691337918 sp=0x0000000fbdafbfa0 mode 0
Event: 8.256 Thread 0x000001968f99e800 DEOPT PACKING pc=0x0000019691f40df0 sp=0x0000000fbdafc250
Event: 8.256 Thread 0x000001968f99e800 DEOPT UNPACKING pc=0x0000019691337918 sp=0x0000000fbdafc0a0 mode 0
Event: 8.282 Thread 0x000001968f99e800 DEOPT PACKING pc=0x0000019691f40df0 sp=0x0000000fbdafc360
Event: 8.282 Thread 0x000001968f99e800 DEOPT UNPACKING pc=0x0000019691337918 sp=0x0000000fbdafc1b0 mode 0
Event: 8.301 Thread 0x000001968f99e800 DEOPT PACKING pc=0x0000019691f40df0 sp=0x0000000fbdafc280
Event: 8.301 Thread 0x000001968f99e800 DEOPT UNPACKING pc=0x0000019691337918 sp=0x0000000fbdafc0d0 mode 0
Event: 8.318 Thread 0x000001968f99e800 DEOPT PACKING pc=0x0000019691f40df0 sp=0x0000000fbdafc170
Event: 8.318 Thread 0x000001968f99e800 DEOPT UNPACKING pc=0x0000019691337918 sp=0x0000000fbdafbfc0 mode 0


Dynamic libraries:
0x00007ff7b36e0000 - 0x00007ff7b3727000 	C:\Program Files\Java\jdk1.8.0_361\bin\java.exe
0x00007ff9a3070000 - 0x00007ff9a3287000 	C:\WINDOWS\SYSTEM32\ntdll.dll
0x00007ff9a1fb0000 - 0x00007ff9a2074000 	C:\WINDOWS\System32\KERNEL32.DLL
0x00007ff9a04e0000 - 0x00007ff9a08b2000 	C:\WINDOWS\System32\KERNELBASE.dll
0x00007ff9a1980000 - 0x00007ff9a1a31000 	C:\WINDOWS\System32\ADVAPI32.dll
0x00007ff9a2f10000 - 0x00007ff9a2fb7000 	C:\WINDOWS\System32\msvcrt.dll
0x00007ff9a2080000 - 0x00007ff9a2128000 	C:\WINDOWS\System32\sechost.dll
0x00007ff9a0210000 - 0x00007ff9a0238000 	C:\WINDOWS\System32\bcrypt.dll
0x00007ff9a2540000 - 0x00007ff9a2654000 	C:\WINDOWS\System32\RPCRT4.dll
0x00007ff9a1df0000 - 0x00007ff9a1fa1000 	C:\WINDOWS\System32\USER32.dll
0x00007ff9a01e0000 - 0x00007ff9a0206000 	C:\WINDOWS\System32\win32u.dll
0x00007ff9a2a00000 - 0x00007ff9a2a29000 	C:\WINDOWS\System32\GDI32.dll
0x00007ff9a0240000 - 0x00007ff9a0363000 	C:\WINDOWS\System32\gdi32full.dll
0x00007ff9a0c60000 - 0x00007ff9a0cfa000 	C:\WINDOWS\System32\msvcp_win.dll
0x00007ff9a0a00000 - 0x00007ff9a0b11000 	C:\WINDOWS\System32\ucrtbase.dll
0x00007ff97fe00000 - 0x00007ff98009b000 	C:\WINDOWS\WinSxS\amd64_microsoft.windows.common-controls_6595b64144ccf1df_6.0.22621.5547_none_27104afb73855772\COMCTL32.dll
0x00007ff9a2ed0000 - 0x00007ff9a2f01000 	C:\WINDOWS\System32\IMM32.DLL
0x00007ff950710000 - 0x00007ff950725000 	C:\Program Files\Java\jdk1.8.0_361\jre\bin\vcruntime140.dll
0x00007ff94a3e0000 - 0x00007ff94a47b000 	C:\Program Files\Java\jdk1.8.0_361\jre\bin\msvcp140.dll
0x0000000069410000 - 0x0000000069c73000 	C:\Program Files\Java\jdk1.8.0_361\jre\bin\server\jvm.dll
0x00007ff9a1040000 - 0x00007ff9a1048000 	C:\WINDOWS\System32\PSAPI.DLL
0x00007ff977730000 - 0x00007ff977739000 	C:\WINDOWS\SYSTEM32\WSOCK32.dll
0x00007ff998620000 - 0x00007ff99862a000 	C:\WINDOWS\SYSTEM32\VERSION.dll
0x00007ff99c7a0000 - 0x00007ff99c7d4000 	C:\WINDOWS\SYSTEM32\WINMM.dll
0x00007ff9a0e20000 - 0x00007ff9a0e91000 	C:\WINDOWS\System32\WS2_32.dll
0x00007ff99f190000 - 0x00007ff99f1a8000 	C:\WINDOWS\SYSTEM32\kernel.appcore.dll
0x00007ff96c150000 - 0x00007ff96c160000 	C:\Program Files\Java\jdk1.8.0_361\jre\bin\verify.dll
0x00007ff950670000 - 0x00007ff95069b000 	C:\Program Files\Java\jdk1.8.0_361\jre\bin\java.dll
0x00007ff94f590000 - 0x00007ff94f5a8000 	C:\Program Files\Java\jdk1.8.0_361\jre\bin\zip.dll
0x00007ff9a10d0000 - 0x00007ff9a1972000 	C:\WINDOWS\System32\SHELL32.dll
0x00007ff9a0b20000 - 0x00007ff9a0c5f000 	C:\WINDOWS\System32\wintypes.dll
0x00007ff9a2660000 - 0x00007ff9a29f3000 	C:\WINDOWS\System32\combase.dll
0x00007ff99e090000 - 0x00007ff99e9ad000 	C:\WINDOWS\SYSTEM32\windows.storage.dll
0x00007ff9a2340000 - 0x00007ff9a244c000 	C:\WINDOWS\System32\SHCORE.dll
0x00007ff9a2fc0000 - 0x00007ff9a3029000 	C:\WINDOWS\System32\shlwapi.dll
0x00007ff9a0090000 - 0x00007ff9a00bb000 	C:\WINDOWS\SYSTEM32\profapi.dll
0x00007ff96bcb0000 - 0x00007ff96bcba000 	D:\apache-maven-3.8.1\lib\jansi-native\windows64\jansi.dll
0x00007ff94f570000 - 0x00007ff94f58c000 	C:\Program Files\Java\jdk1.8.0_361\jre\bin\net.dll
0x00007ff99f610000 - 0x00007ff99f679000 	C:\WINDOWS\system32\mswsock.dll
0x00007ff94f550000 - 0x00007ff94f563000 	C:\Program Files\Java\jdk1.8.0_361\jre\bin\nio.dll
0x00007ff99d8d0000 - 0x00007ff99db03000 	C:\WINDOWS\SYSTEM32\dbghelp.dll
0x00007ff9a1ad0000 - 0x00007ff9a1ba7000 	C:\WINDOWS\System32\OLEAUT32.dll
0x00007ff9a0160000 - 0x00007ff9a01db000 	C:\WINDOWS\System32\bcryptPrimitives.dll

VM Arguments:
jvm_args: -Dclassworlds.conf=D:\apache-maven-3.8.1\bin\..\bin\m2.conf -Dmaven.home=D:\apache-maven-3.8.1\bin\.. -Dlibrary.jansi.path=D:\apache-maven-3.8.1\bin\..\lib\jansi-native -Dmaven.multiModuleProjectDirectory=D:\IdeaPeojects\Bot 
java_command: org.codehaus.plexus.classworlds.launcher.Launcher clean compile -DskipTests
java_class_path (initial): D:\apache-maven-3.8.1\bin\..\boot\plexus-classworlds-2.6.0.jar
Launcher Type: SUN_STANDARD

Environment Variables:
JAVA_HOME=C:\Program Files\Java\jdk1.8.0_361
PATH=C:\WINDOWS\system32;C:\WINDOWS;C:\WINDOWS\System32\Wbem;C:\Program Files (x86)\Common Files\Oracle\Java\javapath;C:\Windows\System32\HWAudioDriverLibs;C:\Windows\system32;C:\Windows;C:\Windows\System32\Wbem;C:\Windows\System32\WindowsPowerShell\v1.0\;C:\Windows\System32\OpenSSH\;C:\Users\Administrator\AppData\Local\Microsoft\WindowsApps;C:\WINDOWS\System32\WindowsPowerShell\v1.0\;C:\WINDOWS\System32\OpenSSH\;C:\Program Files\Java\jdk1.8.0_361\bin;C:\Program Files\nodejs\;C:\Program Files\Git\cmd;D:\Oracle\Instant Client\bin;C:\Program Files\TortoiseSVN\bin;D:\cursor\resources\app\bin;D:\apache-tomcat-8.5.87\bin;D:\apache-maven-3.8.1\bin;C:\Users\11371\AppData\Local\Microsoft\WindowsApps;C:\Program Files\Java\jdk1.8.0_361\bin;C:\Users\11371\AppData\Roaming\npm;C:\Program Files\nodejs\node_global;D:\Oracle\instantclient_11_2;D:\gradle-8.12.1\bin
USERNAME=11371
OS=Windows_NT
PROCESSOR_IDENTIFIER=Intel64 Family 6 Model 140 Stepping 1, GenuineIntel



---------------  S Y S T E M  ---------------

OS: Windows 11 , 64 bit Build 22621 (10.0.22621.5415)

CPU:total 8 (initial active 8) (4 cores per cpu, 2 threads per core) family 6 model 140 stepping 1, cmov, cx8, fxsr, mmx, sse, sse2, sse3, ssse3, sse4.1, sse4.2, popcnt, avx, avx2, aes, clmul, erms, 3dnowpref, lzcnt, ht, tsc, tscinvbit, bmi1, bmi2, adx

Memory: 4k page, physical 16571704k(2394288k free), swap 32158772k(6044k free)

vm_info: Java HotSpot(TM) 64-Bit Server VM (25.361-b09) for windows-amd64 JRE (1.8.0_361-b09), built on Jan  9 2023 08:38:53 by "java_re" with MS VC++ 15.9 (VS2017)

time: Thu Oct  9 15:32:48 2025
timezone: Intel64 Family 6 Model 140 Stepping 1, GenuineIntel
elapsed time: 8.368308 seconds (0d 0h 0m 8s)

