#
# There is insufficient memory for the Java Runtime Environment to continue.
# Native memory allocation (malloc) failed to allocate 1638576 bytes. Error detail: Chunk::new
# Possible reasons:
#   The system is out of physical RAM or swap space
#   This process is running with CompressedOops enabled, and the Java Heap may be blocking the growth of the native heap
# Possible solutions:
#   Reduce memory load on the system
#   Increase physical memory or swap space
#   Check if swap backing store is full
#   Decrease Java heap size (-Xmx/-Xms)
#   Decrease number of Java threads
#   Decrease Java thread stack sizes (-Xss)
#   Set larger code cache with -XX:ReservedCodeCacheSize=
#   JVM is running with Unscaled Compressed Oops mode in which the Java heap is
#     placed in the first 4GB address space. The Java Heap base address is the
#     maximum limit for the native heap growth. Please use -XX:HeapBaseMinAddress
#     to set the Java Heap base and to place the Java Heap above 4GB virtual address.
# This output file may be truncated or incomplete.
#
#  Out of Memory Error (arena.cpp:168), pid=17372, tid=9036
#
# JRE version: OpenJDK Runtime Environment Temurin-21.0.9+10 (21.0.9+10) (build 21.0.9+10-LTS)
# Java VM: OpenJDK 64-Bit Server VM Temurin-21.0.9+10 (21.0.9+10-LTS, mixed mode, sharing, tiered, compressed oops, compressed class ptrs, parallel gc, windows-amd64)
# No core dump will be written. Minidumps are not enabled by default on client versions of Windows
#

---------------  S U M M A R Y ------------

Command Line: --add-modules=ALL-SYSTEM --add-opens=java.base/java.util=ALL-UNNAMED --add-opens=java.base/java.lang=ALL-UNNAMED --add-opens=java.base/sun.nio.fs=ALL-UNNAMED -Declipse.application=org.eclipse.jdt.ls.core.id1 -Dosgi.bundles.defaultStartLevel=4 -Declipse.product=org.eclipse.jdt.ls.core.product -Djava.import.generatesMetadataFilesAtProjectRoot=false -DDetectVMInstallationsJob.disabled=true -Dfile.encoding=utf8 -XX:+UseParallelGC -XX:GCTimeRatio=4 -XX:AdaptiveSizePolicyWeight=90 -Dsun.zip.disableMemoryMapping=true -Xmx2G -Xms100m -Xlog:disable -javaagent:c:\Users\11371\.qoder\extensions\redhat.java-1.50.0-win32-x64\lombok\lombok-1.18.39-4050.jar c:\Users\11371\.qoder\extensions\redhat.java-1.50.0-win32-x64\server\plugins\org.eclipse.equinox.launcher_1.7.100.v20251111-0406.jar -configuration c:\Users\11371\AppData\Roaming\Qoder\User\globalStorage\redhat.java\1.50.0\config_ss_win -data c:\Users\11371\AppData\Roaming\Qoder\User\workspaceStorage\d4adbc9f463a0530ef13eca0f25aac6f\redhat.java\ss_ws --pipe=\\.\pipe\lsp-fc5d502a9ab60118c211de4690b07cdf-sock

Host: 11th Gen Intel(R) Core(TM) i5-1135G7 @ 2.40GHz, 8 cores, 15G,  Windows 11 , 64 bit Build 26100 (10.0.26100.7019)
Time: Wed Dec  3 16:44:54 2025 elapsed time: 12.377401 seconds (0d 0h 0m 12s)

---------------  T H R E A D  ---------------

Current thread (0x000001c3686a5f90):  JavaThread "C2 CompilerThread2" daemon [_thread_in_native, id=9036, stack(0x00000006d6900000,0x00000006d6a00000) (1024K)]


Current CompileTask:
C2:12377 4196 %     4       org.lombokweb.asm.ClassReader::readCode @ 92 (5117 bytes)

Stack: [0x00000006d6900000,0x00000006d6a00000]
Native frames: (J=compiled Java code, j=interpreted, Vv=VM code, C=native code)
V  [jvm.dll+0x6d6e29]
V  [jvm.dll+0x8b4b76]
V  [jvm.dll+0x8b712e]
V  [jvm.dll+0x8b7813]
V  [jvm.dll+0x283d86]
V  [jvm.dll+0xc66ed]
V  [jvm.dll+0xc6c31]
V  [jvm.dll+0x3be501]
V  [jvm.dll+0x38ab92]
V  [jvm.dll+0x389fda]
V  [jvm.dll+0x24bfa0]
V  [jvm.dll+0x24b580]
V  [jvm.dll+0x1cb13e]
V  [jvm.dll+0x25b29d]
V  [jvm.dll+0x25982a]
V  [jvm.dll+0x3f7ea6]
V  [jvm.dll+0x85e9ad]
V  [jvm.dll+0x6d565d]
C  [ucrtbase.dll+0x37b0]
C  [KERNEL32.DLL+0x2e8d7]
C  [ntdll.dll+0x8c53c]


---------------  P R O C E S S  ---------------

Threads class SMR info:
_java_thread_list=0x000001c36e4c5d30, length=36, elements={
0x000001c30f144ef0, 0x000001c30f1fda10, 0x000001c30f0ba2d0, 0x000001c30f0bc930,
0x000001c30f0c08a0, 0x000001c30f0c12f0, 0x000001c30f0c1d40, 0x000001c30f0c4b80,
0x000001c368459680, 0x000001c3686600f0, 0x000001c36877ffa0, 0x000001c36d3135a0,
0x000001c36d2d7ee0, 0x000001c36d2d8540, 0x000001c36d2c00f0, 0x000001c36d2d2c40,
0x000001c36d6a5140, 0x000001c36dbc5cb0, 0x000001c36d95ad20, 0x000001c36d1a3d70,
0x000001c36efe9b50, 0x000001c36efea1e0, 0x000001c36efeaf00, 0x000001c36efea870,
0x000001c36efe87a0, 0x000001c36efe7a80, 0x000001c36efe8e30, 0x000001c36efe8110,
0x000001c36efe94c0, 0x000001c36f73a830, 0x000001c36f73aec0, 0x000001c36f73a1a0,
0x000001c36f739b10, 0x000001c36f73b550, 0x000001c36f73bbe0, 0x000001c3686a5f90
}

Java Threads: ( => current thread )
  0x000001c30f144ef0 JavaThread "main"                              [_thread_blocked, id=30268, stack(0x00000006d4f00000,0x00000006d5000000) (1024K)]
  0x000001c30f1fda10 JavaThread "Reference Handler"          daemon [_thread_blocked, id=20528, stack(0x00000006d5300000,0x00000006d5400000) (1024K)]
  0x000001c30f0ba2d0 JavaThread "Finalizer"                  daemon [_thread_blocked, id=10356, stack(0x00000006d5400000,0x00000006d5500000) (1024K)]
  0x000001c30f0bc930 JavaThread "Signal Dispatcher"          daemon [_thread_blocked, id=12692, stack(0x00000006d5500000,0x00000006d5600000) (1024K)]
  0x000001c30f0c08a0 JavaThread "Attach Listener"            daemon [_thread_blocked, id=25384, stack(0x00000006d5600000,0x00000006d5700000) (1024K)]
  0x000001c30f0c12f0 JavaThread "Service Thread"             daemon [_thread_blocked, id=29168, stack(0x00000006d5700000,0x00000006d5800000) (1024K)]
  0x000001c30f0c1d40 JavaThread "Monitor Deflation Thread"   daemon [_thread_blocked, id=10248, stack(0x00000006d5800000,0x00000006d5900000) (1024K)]
  0x000001c30f0c4b80 JavaThread "C2 CompilerThread0"         daemon [_thread_in_native, id=18732, stack(0x00000006d5900000,0x00000006d5a00000) (1024K)]
  0x000001c368459680 JavaThread "C1 CompilerThread0"         daemon [_thread_blocked, id=27368, stack(0x00000006d5a00000,0x00000006d5b00000) (1024K)]
  0x000001c3686600f0 JavaThread "Common-Cleaner"             daemon [_thread_blocked, id=2320, stack(0x00000006d5c00000,0x00000006d5d00000) (1024K)]
  0x000001c36877ffa0 JavaThread "Notification Thread"        daemon [_thread_blocked, id=19364, stack(0x00000006d5b00000,0x00000006d5c00000) (1024K)]
  0x000001c36d3135a0 JavaThread "Active Thread: Equinox Container: a32f4d68-3c2e-45ac-8123-8cbe93fcbb7c"        [_thread_blocked, id=27268, stack(0x00000006d5e00000,0x00000006d5f00000) (1024K)]
  0x000001c36d2d7ee0 JavaThread "Framework Event Dispatcher: Equinox Container: a32f4d68-3c2e-45ac-8123-8cbe93fcbb7c" daemon [_thread_blocked, id=5432, stack(0x00000006d6500000,0x00000006d6600000) (1024K)]
  0x000001c36d2d8540 JavaThread "Start Level: Equinox Container: a32f4d68-3c2e-45ac-8123-8cbe93fcbb7c" daemon [_thread_blocked, id=29612, stack(0x00000006d6600000,0x00000006d6700000) (1024K)]
  0x000001c36d2c00f0 JavaThread "SCR Component Actor"        daemon [_thread_blocked, id=29200, stack(0x00000006d5d00000,0x00000006d5e00000) (1024K)]
  0x000001c36d2d2c40 JavaThread "C2 CompilerThread1"         daemon [_thread_in_native, id=29088, stack(0x00000006d6800000,0x00000006d6900000) (1024K)]
  0x000001c36d6a5140 JavaThread "Worker-JM"                         [_thread_blocked, id=3436, stack(0x00000006d6a00000,0x00000006d6b00000) (1024K)]
  0x000001c36dbc5cb0 JavaThread "JNA Cleaner"                daemon [_thread_blocked, id=21552, stack(0x00000006d6b00000,0x00000006d6c00000) (1024K)]
  0x000001c36d95ad20 JavaThread "Worker-0"                          [_thread_blocked, id=2188, stack(0x00000006d6c00000,0x00000006d6d00000) (1024K)]
  0x000001c36d1a3d70 JavaThread "Worker-1"                          [_thread_blocked, id=30288, stack(0x00000006d6d00000,0x00000006d6e00000) (1024K)]
  0x000001c36efe9b50 JavaThread "Thread-1"                   daemon [_thread_in_native, id=18516, stack(0x00000006d7000000,0x00000006d7100000) (1024K)]
  0x000001c36efea1e0 JavaThread "Thread-2"                   daemon [_thread_in_native, id=30112, stack(0x00000006d7100000,0x00000006d7200000) (1024K)]
  0x000001c36efeaf00 JavaThread "Thread-3"                   daemon [_thread_in_native, id=5664, stack(0x00000006d7200000,0x00000006d7300000) (1024K)]
  0x000001c36efea870 JavaThread "Thread-4"                   daemon [_thread_in_native, id=18460, stack(0x00000006d7300000,0x00000006d7400000) (1024K)]
  0x000001c36efe87a0 JavaThread "Thread-5"                   daemon [_thread_in_native, id=22112, stack(0x00000006d7400000,0x00000006d7500000) (1024K)]
  0x000001c36efe7a80 JavaThread "Thread-6"                   daemon [_thread_in_native, id=12928, stack(0x00000006d7500000,0x00000006d7600000) (1024K)]
  0x000001c36efe8e30 JavaThread "Thread-7"                   daemon [_thread_in_native, id=20128, stack(0x00000006d7600000,0x00000006d7700000) (1024K)]
  0x000001c36efe8110 JavaThread "Thread-8"                   daemon [_thread_in_native, id=16772, stack(0x00000006d7700000,0x00000006d7800000) (1024K)]
  0x000001c36efe94c0 JavaThread "Thread-9"                   daemon [_thread_in_native, id=28260, stack(0x00000006d7800000,0x00000006d7900000) (1024K)]
  0x000001c36f73a830 JavaThread "pool-2-thread-1"                   [_thread_blocked, id=2220, stack(0x00000006d7900000,0x00000006d7a00000) (1024K)]
  0x000001c36f73aec0 JavaThread "Worker-2"                          [_thread_blocked, id=22756, stack(0x00000006d7a00000,0x00000006d7b00000) (1024K)]
  0x000001c36f73a1a0 JavaThread "WorkspaceEventsHandler"            [_thread_blocked, id=29180, stack(0x00000006d7b00000,0x00000006d7c00000) (1024K)]
  0x000001c36f739b10 JavaThread "pool-1-thread-1"                   [_thread_in_vm, id=10936, stack(0x00000006d7c00000,0x00000006d7d00000) (1024K)]
  0x000001c36f73b550 JavaThread "ForkJoinPool.commonPool-worker-1" daemon [_thread_blocked, id=5632, stack(0x00000006d7d00000,0x00000006d7e00000) (1024K)]
  0x000001c36f73bbe0 JavaThread "ForkJoinPool.commonPool-worker-2" daemon [_thread_blocked, id=20968, stack(0x00000006d7e00000,0x00000006d7f00000) (1024K)]
=>0x000001c3686a5f90 JavaThread "C2 CompilerThread2"         daemon [_thread_in_native, id=9036, stack(0x00000006d6900000,0x00000006d6a00000) (1024K)]
Total: 36

Other Threads:
  0x000001c30f0b2a80 VMThread "VM Thread"                           [id=29836, stack(0x00000006d5200000,0x00000006d5300000) (1024K)]
  0x000001c30efcbbf0 WatcherThread "VM Periodic Task Thread"        [id=3680, stack(0x00000006d5100000,0x00000006d5200000) (1024K)]
  0x000001c30f163700 WorkerThread "GC Thread#0"                     [id=5704, stack(0x00000006d5000000,0x00000006d5100000) (1024K)]
  0x000001c36d31c4c0 WorkerThread "GC Thread#1"                     [id=28808, stack(0x00000006d5f00000,0x00000006d6000000) (1024K)]
  0x000001c36d31c860 WorkerThread "GC Thread#2"                     [id=4992, stack(0x00000006d6000000,0x00000006d6100000) (1024K)]
  0x000001c36d31cc00 WorkerThread "GC Thread#3"                     [id=29784, stack(0x00000006d6100000,0x00000006d6200000) (1024K)]
  0x000001c36d4f2ec0 WorkerThread "GC Thread#4"                     [id=7128, stack(0x00000006d6200000,0x00000006d6300000) (1024K)]
  0x000001c36d4f3260 WorkerThread "GC Thread#5"                     [id=23172, stack(0x00000006d6300000,0x00000006d6400000) (1024K)]
  0x000001c36d4f3600 WorkerThread "GC Thread#6"                     [id=5988, stack(0x00000006d6400000,0x00000006d6500000) (1024K)]
  0x000001c36d7dbf50 WorkerThread "GC Thread#7"                     [id=23544, stack(0x00000006d6700000,0x00000006d6800000) (1024K)]
Total: 10

Threads with active compile tasks:
C2 CompilerThread0  12405 4150 %     4       org.lombokweb.asm.SymbolTable::<init> @ 98 (554 bytes)
C2 CompilerThread1  12406 4091       4       java.lang.invoke.MethodType::makeImpl (109 bytes)
C2 CompilerThread2  12406 4196 %     4       org.lombokweb.asm.ClassReader::readCode @ 92 (5117 bytes)
Total: 3

VM state: not at safepoint (normal execution)

VM Mutex/Monitor currently owned by a thread: None

Heap address: 0x0000000080000000, size: 2048 MB, Compressed Oops mode: 32-bit

CDS archive(s) mapped at: [0x000001c326000000-0x000001c326ba0000-0x000001c326ba0000), size 12189696, SharedBaseAddress: 0x000001c326000000, ArchiveRelocationMode: 1.
Compressed class space mapped at: 0x000001c327000000-0x000001c367000000, reserved size: 1073741824
Narrow klass base: 0x000001c326000000, Narrow klass shift: 0, Narrow klass range: 0x100000000

GC Precious Log:
 CardTable entry size: 512
 CPUs: 8 total, 8 available
 Memory: 16183M
 Large Page Support: Disabled
 NUMA Support: Disabled
 Compressed Oops: Enabled (32-bit)
 Alignments: Space 512K, Generation 512K, Heap 2M
 Heap Min Capacity: 100M
 Heap Initial Capacity: 100M
 Heap Max Capacity: 2G
 Pre-touch: Disabled
 Parallel Workers: 8

Heap:
 PSYoungGen      total 22528K, used 4183K [0x00000000d5580000, 0x00000000d7000000, 0x0000000100000000)
  eden space 22016K, 17% used [0x00000000d5580000,0x00000000d5935c30,0x00000000d6b00000)
  from space 512K, 75% used [0x00000000d6f80000,0x00000000d6fe0010,0x00000000d7000000)
  to   space 1024K, 0% used [0x00000000d6e00000,0x00000000d6e00000,0x00000000d6f00000)
 ParOldGen       total 68608K, used 16726K [0x0000000080000000, 0x0000000084300000, 0x00000000d5580000)
  object space 68608K, 24% used [0x0000000080000000,0x0000000081055b58,0x0000000084300000)
 Metaspace       used 37217K, committed 38080K, reserved 1114112K
  class space    used 3765K, committed 4160K, reserved 1048576K

Card table byte_map: [0x000001c30eae0000,0x000001c30eef0000] _byte_map_base: 0x000001c30e6e0000

Marking Bits: (ParMarkBitMap*) 0x00007ffbc2ef2460
 Begin Bits: [0x000001c3215f0000, 0x000001c3235f0000)
 End Bits:   [0x000001c3235f0000, 0x000001c3255f0000)

Polling page: 0x000001c30d010000

Metaspace:

Usage:
  Non-class:     32.67 MB used.
      Class:      3.68 MB used.
       Both:     36.34 MB used.

Virtual space:
  Non-class space:       64.00 MB reserved,      33.12 MB ( 52%) committed,  1 nodes.
      Class space:        1.00 GB reserved,       4.06 MB ( <1%) committed,  1 nodes.
             Both:        1.06 GB reserved,      37.19 MB (  3%) committed. 

Chunk freelists:
   Non-Class:  14.20 MB
       Class:  11.97 MB
        Both:  26.18 MB

MaxMetaspaceSize: unlimited
CompressedClassSpaceSize: 1.00 GB
Initial GC threshold: 21.00 MB
Current GC threshold: 58.38 MB
CDS: on
 - commit_granule_bytes: 65536.
 - commit_granule_words: 8192.
 - virtual_space_node_default_size: 8388608.
 - enlarge_chunks_in_place: 1.
 - use_allocation_guard: 0.


Internal statistics:

num_allocs_failed_limit: 6.
num_arena_births: 622.
num_arena_deaths: 14.
num_vsnodes_births: 2.
num_vsnodes_deaths: 0.
num_space_committed: 595.
num_space_uncommitted: 0.
num_chunks_returned_to_freelist: 20.
num_chunks_taken_from_freelist: 2118.
num_chunk_merges: 10.
num_chunk_splits: 1380.
num_chunks_enlarged: 882.
num_inconsistent_stats: 0.

CodeHeap 'non-profiled nmethods': size=120000Kb used=1984Kb max_used=2261Kb free=118015Kb
 bounds [0x000001c319e10000, 0x000001c31a080000, 0x000001c321340000]
CodeHeap 'profiled nmethods': size=120000Kb used=8226Kb max_used=8664Kb free=111773Kb
 bounds [0x000001c312340000, 0x000001c312bf0000, 0x000001c319870000]
CodeHeap 'non-nmethods': size=5760Kb used=1387Kb max_used=1424Kb free=4372Kb
 bounds [0x000001c319870000, 0x000001c319ae0000, 0x000001c319e10000]
CodeCache: size=245760Kb, used=11597Kb, max_used=12349Kb, free=234160Kb
 total_blobs=4517, nmethods=3838, adapters=585, full_count=0
Compilation: enabled, stopped_count=0, restarted_count=0

Compilation events (20 events):
Event: 11.343 Thread 0x000001c368459680 4250   !   3       org.eclipse.osgi.internal.loader.BundleLoader::isDynamicallyImported (150 bytes)
Event: 11.343 Thread 0x000001c368459680 nmethod 4250 0x000001c312475a90 code [0x000001c312475ce0, 0x000001c312476650]
Event: 11.354 Thread 0x000001c368459680 4251       3       java.util.concurrent.locks.AbstractQueuedSynchronizer::acquireShared (20 bytes)
Event: 11.354 Thread 0x000001c368459680 nmethod 4251 0x000001c312572c10 code [0x000001c312572de0, 0x000001c312573050]
Event: 11.357 Thread 0x000001c368459680 4252  s    1       java.util.Vector::size (5 bytes)
Event: 11.358 Thread 0x000001c368459680 nmethod 4252 0x000001c319e30690 code [0x000001c319e30820, 0x000001c319e309a8]
Event: 11.361 Thread 0x000001c368459680 4253       3       org.eclipse.jdt.internal.core.util.WeakHashSet::add (105 bytes)
Event: 11.362 Thread 0x000001c368459680 nmethod 4253 0x000001c31240e510 code [0x000001c31240e760, 0x000001c31240f1f8]
Event: 11.362 Thread 0x000001c368459680 4254       3       org.eclipse.jdt.internal.core.util.WeakHashSet::cleanupGarbageCollectedValues (144 bytes)
Event: 11.362 Thread 0x000001c368459680 nmethod 4254 0x000001c312589a90 code [0x000001c312589ca0, 0x000001c31258a580]
Event: 11.363 Thread 0x000001c368459680 4255       3       org.eclipse.jdt.internal.core.util.Util::combineHashCodes (7 bytes)
Event: 11.363 Thread 0x000001c368459680 nmethod 4255 0x000001c3127eab90 code [0x000001c3127ead20, 0x000001c3127eae18]
Event: 11.363 Thread 0x000001c368459680 4256       3       java.util.Vector::elementData (7 bytes)
Event: 11.363 Thread 0x000001c368459680 nmethod 4256 0x000001c31258ca10 code [0x000001c31258cbc0, 0x000001c31258ccf8]
Event: 11.363 Thread 0x000001c368459680 4257  s    3       java.util.Stack::peek (25 bytes)
Event: 11.363 Thread 0x000001c368459680 nmethod 4257 0x000001c31278aa90 code [0x000001c31278ac60, 0x000001c31278b120]
Event: 11.363 Thread 0x000001c368459680 4258  s    3       java.util.Vector::elementAt (48 bytes)
Event: 11.364 Thread 0x000001c368459680 nmethod 4258 0x000001c3124ace10 code [0x000001c3124ad060, 0x000001c3124ad8f0]
Event: 11.369 Thread 0x000001c368459680 4259       3       org.eclipse.jdt.internal.core.PackageFragmentRoot::resource (17 bytes)
Event: 11.369 Thread 0x000001c368459680 nmethod 4259 0x000001c312695e10 code [0x000001c312696020, 0x000001c312696778]

GC Heap History (20 events):
Event: 6.894 GC heap before
{Heap before GC invocations=7 (full 1):
 PSYoungGen      total 29696K, used 4486K [0x00000000d5580000, 0x00000000d7780000, 0x0000000100000000)
  eden space 25088K, 0% used [0x00000000d5580000,0x00000000d5580000,0x00000000d6e00000)
  from space 4608K, 97% used [0x00000000d7300000,0x00000000d77619c0,0x00000000d7780000)
  to   space 4608K, 0% used [0x00000000d6e80000,0x00000000d6e80000,0x00000000d7300000)
 ParOldGen       total 68608K, used 5221K [0x0000000080000000, 0x0000000084300000, 0x00000000d5580000)
  object space 68608K, 7% used [0x0000000080000000,0x0000000080519768,0x0000000084300000)
 Metaspace       used 20810K, committed 21504K, reserved 1114112K
  class space    used 2056K, committed 2368K, reserved 1048576K
}
Event: 6.922 GC heap after
{Heap after GC invocations=7 (full 1):
 PSYoungGen      total 29696K, used 0K [0x00000000d5580000, 0x00000000d7780000, 0x0000000100000000)
  eden space 25088K, 0% used [0x00000000d5580000,0x00000000d5580000,0x00000000d6e00000)
  from space 4608K, 0% used [0x00000000d7300000,0x00000000d7300000,0x00000000d7780000)
  to   space 4608K, 0% used [0x00000000d6e80000,0x00000000d6e80000,0x00000000d7300000)
 ParOldGen       total 68608K, used 9309K [0x0000000080000000, 0x0000000084300000, 0x00000000d5580000)
  object space 68608K, 13% used [0x0000000080000000,0x0000000080917720,0x0000000084300000)
 Metaspace       used 20798K, committed 21504K, reserved 1114112K
  class space    used 2053K, committed 2368K, reserved 1048576K
}
Event: 7.191 GC heap before
{Heap before GC invocations=8 (full 1):
 PSYoungGen      total 29696K, used 25088K [0x00000000d5580000, 0x00000000d7780000, 0x0000000100000000)
  eden space 25088K, 100% used [0x00000000d5580000,0x00000000d6e00000,0x00000000d6e00000)
  from space 4608K, 0% used [0x00000000d7300000,0x00000000d7300000,0x00000000d7780000)
  to   space 4608K, 0% used [0x00000000d6e80000,0x00000000d6e80000,0x00000000d7300000)
 ParOldGen       total 68608K, used 9309K [0x0000000080000000, 0x0000000084300000, 0x00000000d5580000)
  object space 68608K, 13% used [0x0000000080000000,0x0000000080917720,0x0000000084300000)
 Metaspace       used 22907K, committed 23552K, reserved 1114112K
  class space    used 2222K, committed 2496K, reserved 1048576K
}
Event: 7.193 GC heap after
{Heap after GC invocations=8 (full 1):
 PSYoungGen      total 27136K, used 2376K [0x00000000d5580000, 0x00000000d7480000, 0x0000000100000000)
  eden space 24576K, 0% used [0x00000000d5580000,0x00000000d5580000,0x00000000d6d80000)
  from space 2560K, 92% used [0x00000000d6e80000,0x00000000d70d22b0,0x00000000d7100000)
  to   space 3584K, 0% used [0x00000000d7100000,0x00000000d7100000,0x00000000d7480000)
 ParOldGen       total 68608K, used 9317K [0x0000000080000000, 0x0000000084300000, 0x00000000d5580000)
  object space 68608K, 13% used [0x0000000080000000,0x0000000080919720,0x0000000084300000)
 Metaspace       used 22907K, committed 23552K, reserved 1114112K
  class space    used 2222K, committed 2496K, reserved 1048576K
}
Event: 7.576 GC heap before
{Heap before GC invocations=9 (full 1):
 PSYoungGen      total 27136K, used 26952K [0x00000000d5580000, 0x00000000d7480000, 0x0000000100000000)
  eden space 24576K, 100% used [0x00000000d5580000,0x00000000d6d80000,0x00000000d6d80000)
  from space 2560K, 92% used [0x00000000d6e80000,0x00000000d70d22b0,0x00000000d7100000)
  to   space 3584K, 0% used [0x00000000d7100000,0x00000000d7100000,0x00000000d7480000)
 ParOldGen       total 68608K, used 9317K [0x0000000080000000, 0x0000000084300000, 0x00000000d5580000)
  object space 68608K, 13% used [0x0000000080000000,0x0000000080919720,0x0000000084300000)
 Metaspace       used 26296K, committed 27136K, reserved 1114112K
  class space    used 2579K, committed 2944K, reserved 1048576K
}
Event: 7.579 GC heap after
{Heap after GC invocations=9 (full 1):
 PSYoungGen      total 27136K, used 2946K [0x00000000d5580000, 0x00000000d7400000, 0x0000000100000000)
  eden space 24064K, 0% used [0x00000000d5580000,0x00000000d5580000,0x00000000d6d00000)
  from space 3072K, 95% used [0x00000000d7100000,0x00000000d73e08a0,0x00000000d7400000)
  to   space 3072K, 0% used [0x00000000d6e00000,0x00000000d6e00000,0x00000000d7100000)
 ParOldGen       total 68608K, used 10888K [0x0000000080000000, 0x0000000084300000, 0x00000000d5580000)
  object space 68608K, 15% used [0x0000000080000000,0x0000000080aa2140,0x0000000084300000)
 Metaspace       used 26296K, committed 27136K, reserved 1114112K
  class space    used 2579K, committed 2944K, reserved 1048576K
}
Event: 7.961 GC heap before
{Heap before GC invocations=10 (full 1):
 PSYoungGen      total 27136K, used 27010K [0x00000000d5580000, 0x00000000d7400000, 0x0000000100000000)
  eden space 24064K, 100% used [0x00000000d5580000,0x00000000d6d00000,0x00000000d6d00000)
  from space 3072K, 95% used [0x00000000d7100000,0x00000000d73e08a0,0x00000000d7400000)
  to   space 3072K, 0% used [0x00000000d6e00000,0x00000000d6e00000,0x00000000d7100000)
 ParOldGen       total 68608K, used 10888K [0x0000000080000000, 0x0000000084300000, 0x00000000d5580000)
  object space 68608K, 15% used [0x0000000080000000,0x0000000080aa2140,0x0000000084300000)
 Metaspace       used 29631K, committed 30400K, reserved 1114112K
  class space    used 2973K, committed 3328K, reserved 1048576K
}
Event: 7.964 GC heap after
{Heap after GC invocations=10 (full 1):
 PSYoungGen      total 26624K, used 3043K [0x00000000d5580000, 0x00000000d7580000, 0x0000000100000000)
  eden space 23552K, 0% used [0x00000000d5580000,0x00000000d5580000,0x00000000d6c80000)
  from space 3072K, 99% used [0x00000000d6e00000,0x00000000d70f8f18,0x00000000d7100000)
  to   space 4608K, 0% used [0x00000000d7100000,0x00000000d7100000,0x00000000d7580000)
 ParOldGen       total 68608K, used 12100K [0x0000000080000000, 0x0000000084300000, 0x00000000d5580000)
  object space 68608K, 17% used [0x0000000080000000,0x0000000080bd11b0,0x0000000084300000)
 Metaspace       used 29631K, committed 30400K, reserved 1114112K
  class space    used 2973K, committed 3328K, reserved 1048576K
}
Event: 8.339 GC heap before
{Heap before GC invocations=11 (full 1):
 PSYoungGen      total 26624K, used 26594K [0x00000000d5580000, 0x00000000d7580000, 0x0000000100000000)
  eden space 23552K, 99% used [0x00000000d5580000,0x00000000d6c7fcd8,0x00000000d6c80000)
  from space 3072K, 99% used [0x00000000d6e00000,0x00000000d70f8f18,0x00000000d7100000)
  to   space 4608K, 0% used [0x00000000d7100000,0x00000000d7100000,0x00000000d7580000)
 ParOldGen       total 68608K, used 12100K [0x0000000080000000, 0x0000000084300000, 0x00000000d5580000)
  object space 68608K, 17% used [0x0000000080000000,0x0000000080bd11b0,0x0000000084300000)
 Metaspace       used 32299K, committed 33088K, reserved 1114112K
  class space    used 3288K, committed 3648K, reserved 1048576K
}
Event: 8.341 GC heap after
{Heap after GC invocations=11 (full 1):
 PSYoungGen      total 26112K, used 2861K [0x00000000d5580000, 0x00000000d7400000, 0x0000000100000000)
  eden space 23040K, 0% used [0x00000000d5580000,0x00000000d5580000,0x00000000d6c00000)
  from space 3072K, 93% used [0x00000000d7100000,0x00000000d73cb458,0x00000000d7400000)
  to   space 3584K, 0% used [0x00000000d6d00000,0x00000000d6d00000,0x00000000d7080000)
 ParOldGen       total 68608K, used 14122K [0x0000000080000000, 0x0000000084300000, 0x00000000d5580000)
  object space 68608K, 20% used [0x0000000080000000,0x0000000080dca908,0x0000000084300000)
 Metaspace       used 32299K, committed 33088K, reserved 1114112K
  class space    used 3288K, committed 3648K, reserved 1048576K
}
Event: 8.755 GC heap before
{Heap before GC invocations=12 (full 1):
 PSYoungGen      total 26112K, used 25858K [0x00000000d5580000, 0x00000000d7400000, 0x0000000100000000)
  eden space 23040K, 99% used [0x00000000d5580000,0x00000000d6bf55b0,0x00000000d6c00000)
  from space 3072K, 93% used [0x00000000d7100000,0x00000000d73cb458,0x00000000d7400000)
  to   space 3584K, 0% used [0x00000000d6d00000,0x00000000d6d00000,0x00000000d7080000)
 ParOldGen       total 68608K, used 14122K [0x0000000080000000, 0x0000000084300000, 0x00000000d5580000)
  object space 68608K, 20% used [0x0000000080000000,0x0000000080dca908,0x0000000084300000)
 Metaspace       used 34058K, committed 34816K, reserved 1114112K
  class space    used 3465K, committed 3776K, reserved 1048576K
}
Event: 8.757 GC heap after
{Heap after GC invocations=12 (full 1):
 PSYoungGen      total 23040K, used 480K [0x00000000d5580000, 0x00000000d7180000, 0x0000000100000000)
  eden space 22528K, 0% used [0x00000000d5580000,0x00000000d5580000,0x00000000d6b80000)
  from space 512K, 93% used [0x00000000d6d00000,0x00000000d6d78000,0x00000000d6d80000)
  to   space 1536K, 0% used [0x00000000d7000000,0x00000000d7000000,0x00000000d7180000)
 ParOldGen       total 68608K, used 16410K [0x0000000080000000, 0x0000000084300000, 0x00000000d5580000)
  object space 68608K, 23% used [0x0000000080000000,0x00000000810069c8,0x0000000084300000)
 Metaspace       used 34058K, committed 34816K, reserved 1114112K
  class space    used 3465K, committed 3776K, reserved 1048576K
}
Event: 8.991 GC heap before
{Heap before GC invocations=13 (full 1):
 PSYoungGen      total 23040K, used 12507K [0x00000000d5580000, 0x00000000d7180000, 0x0000000100000000)
  eden space 22528K, 53% used [0x00000000d5580000,0x00000000d613ee90,0x00000000d6b80000)
  from space 512K, 93% used [0x00000000d6d00000,0x00000000d6d78000,0x00000000d6d80000)
  to   space 1536K, 0% used [0x00000000d7000000,0x00000000d7000000,0x00000000d7180000)
 ParOldGen       total 68608K, used 16410K [0x0000000080000000, 0x0000000084300000, 0x00000000d5580000)
  object space 68608K, 23% used [0x0000000080000000,0x00000000810069c8,0x0000000084300000)
 Metaspace       used 35077K, committed 35840K, reserved 1114112K
  class space    used 3566K, committed 3904K, reserved 1048576K
}
Event: 8.992 GC heap after
{Heap after GC invocations=13 (full 1):
 PSYoungGen      total 23040K, used 384K [0x00000000d5580000, 0x00000000d7080000, 0x0000000100000000)
  eden space 22528K, 0% used [0x00000000d5580000,0x00000000d5580000,0x00000000d6b80000)
  from space 512K, 75% used [0x00000000d7000000,0x00000000d7060000,0x00000000d7080000)
  to   space 1024K, 0% used [0x00000000d6e80000,0x00000000d6e80000,0x00000000d6f80000)
 ParOldGen       total 68608K, used 16746K [0x0000000080000000, 0x0000000084300000, 0x00000000d5580000)
  object space 68608K, 24% used [0x0000000080000000,0x000000008105a9c8,0x0000000084300000)
 Metaspace       used 35077K, committed 35840K, reserved 1114112K
  class space    used 3566K, committed 3904K, reserved 1048576K
}
Event: 8.992 GC heap before
{Heap before GC invocations=14 (full 2):
 PSYoungGen      total 23040K, used 384K [0x00000000d5580000, 0x00000000d7080000, 0x0000000100000000)
  eden space 22528K, 0% used [0x00000000d5580000,0x00000000d5580000,0x00000000d6b80000)
  from space 512K, 75% used [0x00000000d7000000,0x00000000d7060000,0x00000000d7080000)
  to   space 1024K, 0% used [0x00000000d6e80000,0x00000000d6e80000,0x00000000d6f80000)
 ParOldGen       total 68608K, used 16746K [0x0000000080000000, 0x0000000084300000, 0x00000000d5580000)
  object space 68608K, 24% used [0x0000000080000000,0x000000008105a9c8,0x0000000084300000)
 Metaspace       used 35077K, committed 35840K, reserved 1114112K
  class space    used 3566K, committed 3904K, reserved 1048576K
}
Event: 9.029 GC heap after
{Heap after GC invocations=14 (full 2):
 PSYoungGen      total 23040K, used 0K [0x00000000d5580000, 0x00000000d7080000, 0x0000000100000000)
  eden space 22528K, 0% used [0x00000000d5580000,0x00000000d5580000,0x00000000d6b80000)
  from space 512K, 0% used [0x00000000d7000000,0x00000000d7000000,0x00000000d7080000)
  to   space 1024K, 0% used [0x00000000d6e80000,0x00000000d6e80000,0x00000000d6f80000)
 ParOldGen       total 68608K, used 16271K [0x0000000080000000, 0x0000000084300000, 0x00000000d5580000)
  object space 68608K, 23% used [0x0000000080000000,0x0000000080fe3fd0,0x0000000084300000)
 Metaspace       used 35077K, committed 35840K, reserved 1114112K
  class space    used 3566K, committed 3904K, reserved 1048576K
}
Event: 9.189 GC heap before
{Heap before GC invocations=15 (full 2):
 PSYoungGen      total 23040K, used 22528K [0x00000000d5580000, 0x00000000d7080000, 0x0000000100000000)
  eden space 22528K, 100% used [0x00000000d5580000,0x00000000d6b80000,0x00000000d6b80000)
  from space 512K, 0% used [0x00000000d7000000,0x00000000d7000000,0x00000000d7080000)
  to   space 1024K, 0% used [0x00000000d6e80000,0x00000000d6e80000,0x00000000d6f80000)
 ParOldGen       total 68608K, used 16271K [0x0000000080000000, 0x0000000084300000, 0x00000000d5580000)
  object space 68608K, 23% used [0x0000000080000000,0x0000000080fe3fd0,0x0000000084300000)
 Metaspace       used 35577K, committed 36416K, reserved 1114112K
  class space    used 3609K, committed 3968K, reserved 1048576K
}
Event: 9.190 GC heap after
{Heap after GC invocations=15 (full 2):
 PSYoungGen      total 23040K, used 992K [0x00000000d5580000, 0x00000000d7080000, 0x0000000100000000)
  eden space 22016K, 0% used [0x00000000d5580000,0x00000000d5580000,0x00000000d6b00000)
  from space 1024K, 96% used [0x00000000d6e80000,0x00000000d6f782e8,0x00000000d6f80000)
  to   space 1024K, 0% used [0x00000000d6f80000,0x00000000d6f80000,0x00000000d7080000)
 ParOldGen       total 68608K, used 16518K [0x0000000080000000, 0x0000000084300000, 0x00000000d5580000)
  object space 68608K, 24% used [0x0000000080000000,0x0000000081021b48,0x0000000084300000)
 Metaspace       used 35577K, committed 36416K, reserved 1114112K
  class space    used 3609K, committed 3968K, reserved 1048576K
}
Event: 11.340 GC heap before
{Heap before GC invocations=16 (full 2):
 PSYoungGen      total 23040K, used 23008K [0x00000000d5580000, 0x00000000d7080000, 0x0000000100000000)
  eden space 22016K, 100% used [0x00000000d5580000,0x00000000d6b00000,0x00000000d6b00000)
  from space 1024K, 96% used [0x00000000d6e80000,0x00000000d6f782e8,0x00000000d6f80000)
  to   space 1024K, 0% used [0x00000000d6f80000,0x00000000d6f80000,0x00000000d7080000)
 ParOldGen       total 68608K, used 16582K [0x0000000080000000, 0x0000000084300000, 0x00000000d5580000)
  object space 68608K, 24% used [0x0000000080000000,0x0000000081031b58,0x0000000084300000)
 Metaspace       used 36733K, committed 37504K, reserved 1114112K
  class space    used 3717K, committed 4032K, reserved 1048576K
}
Event: 11.341 GC heap after
{Heap after GC invocations=16 (full 2):
 PSYoungGen      total 22528K, used 384K [0x00000000d5580000, 0x00000000d7000000, 0x0000000100000000)
  eden space 22016K, 0% used [0x00000000d5580000,0x00000000d5580000,0x00000000d6b00000)
  from space 512K, 75% used [0x00000000d6f80000,0x00000000d6fe0010,0x00000000d7000000)
  to   space 1024K, 0% used [0x00000000d6e00000,0x00000000d6e00000,0x00000000d6f00000)
 ParOldGen       total 68608K, used 16726K [0x0000000080000000, 0x0000000084300000, 0x00000000d5580000)
  object space 68608K, 24% used [0x0000000080000000,0x0000000081055b58,0x0000000084300000)
 Metaspace       used 36733K, committed 37504K, reserved 1114112K
  class space    used 3717K, committed 4032K, reserved 1048576K
}

Dll operation events (10 events):
Event: 0.059 Loaded shared library c:\Users\11371\.qoder\extensions\redhat.java-1.50.0-win32-x64\jre\21.0.9-win32-x86_64\bin\java.dll
Event: 0.206 Loaded shared library c:\Users\11371\.qoder\extensions\redhat.java-1.50.0-win32-x64\jre\21.0.9-win32-x86_64\bin\zip.dll
Event: 0.321 Loaded shared library C:\Users\11371\.qoder\extensions\redhat.java-1.50.0-win32-x64\jre\21.0.9-win32-x86_64\bin\instrument.dll
Event: 0.328 Loaded shared library C:\Users\11371\.qoder\extensions\redhat.java-1.50.0-win32-x64\jre\21.0.9-win32-x86_64\bin\net.dll
Event: 0.341 Loaded shared library C:\Users\11371\.qoder\extensions\redhat.java-1.50.0-win32-x64\jre\21.0.9-win32-x86_64\bin\nio.dll
Event: 0.344 Loaded shared library C:\Users\11371\.qoder\extensions\redhat.java-1.50.0-win32-x64\jre\21.0.9-win32-x86_64\bin\zip.dll
Event: 0.377 Loaded shared library C:\Users\11371\.qoder\extensions\redhat.java-1.50.0-win32-x64\jre\21.0.9-win32-x86_64\bin\jimage.dll
Event: 0.497 Loaded shared library c:\Users\11371\.qoder\extensions\redhat.java-1.50.0-win32-x64\jre\21.0.9-win32-x86_64\bin\verify.dll
Event: 4.327 Loaded shared library C:\Users\11371\AppData\Roaming\Qoder\User\globalStorage\redhat.java\1.50.0\config_ss_win\org.eclipse.equinox.launcher\org.eclipse.equinox.launcher.win32.win32.x86_64_1.2.1400.v20250801-0854\eclipse_11916.dll
Event: 6.337 Loaded shared library C:\Users\11371\AppData\Local\Temp\jna-46763053\jna1717597781514457909.dll

Deoptimization events (20 events):
Event: 9.148 Thread 0x000001c36f739b10 Uncommon trap: trap_request=0xffffffde fr.pc=0x000001c319fb5ca8 relative=0x0000000000007e88
Event: 9.148 Thread 0x000001c36f739b10 Uncommon trap: reason=class_check action=maybe_recompile pc=0x000001c319fb5ca8 method=lombok.patcher.PatchScript$MethodPatcher.visitMethod(ILjava/lang/String;Ljava/lang/String;Ljava/lang/String;[Ljava/lang/String;)Lorg/lombokweb/asm/MethodVisitor; @ 101 c
Event: 9.148 Thread 0x000001c36f739b10 DEOPT PACKING pc=0x000001c319fb5ca8 sp=0x00000006d7cf9ad0
Event: 9.148 Thread 0x000001c36f739b10 DEOPT UNPACKING pc=0x000001c3198c6da2 sp=0x00000006d7cf9a78 mode 2
Event: 9.148 Thread 0x000001c36f739b10 Uncommon trap: trap_request=0xffffffde fr.pc=0x000001c319fb5ca8 relative=0x0000000000007e88
Event: 9.148 Thread 0x000001c36f739b10 Uncommon trap: reason=class_check action=maybe_recompile pc=0x000001c319fb5ca8 method=lombok.patcher.PatchScript$MethodPatcher.visitMethod(ILjava/lang/String;Ljava/lang/String;Ljava/lang/String;[Ljava/lang/String;)Lorg/lombokweb/asm/MethodVisitor; @ 101 c
Event: 9.148 Thread 0x000001c36f739b10 DEOPT PACKING pc=0x000001c319fb5ca8 sp=0x00000006d7cf9ad0
Event: 9.148 Thread 0x000001c36f739b10 DEOPT UNPACKING pc=0x000001c3198c6da2 sp=0x00000006d7cf9a78 mode 2
Event: 9.148 Thread 0x000001c36f739b10 Uncommon trap: trap_request=0xffffffde fr.pc=0x000001c319fb5ca8 relative=0x0000000000007e88
Event: 9.148 Thread 0x000001c36f739b10 Uncommon trap: reason=class_check action=maybe_recompile pc=0x000001c319fb5ca8 method=lombok.patcher.PatchScript$MethodPatcher.visitMethod(ILjava/lang/String;Ljava/lang/String;Ljava/lang/String;[Ljava/lang/String;)Lorg/lombokweb/asm/MethodVisitor; @ 101 c
Event: 9.148 Thread 0x000001c36f739b10 DEOPT PACKING pc=0x000001c319fb5ca8 sp=0x00000006d7cf9ad0
Event: 9.148 Thread 0x000001c36f739b10 DEOPT UNPACKING pc=0x000001c3198c6da2 sp=0x00000006d7cf9a78 mode 2
Event: 9.148 Thread 0x000001c36f739b10 Uncommon trap: trap_request=0xffffffde fr.pc=0x000001c319f5dcbc relative=0x0000000000000f1c
Event: 9.148 Thread 0x000001c36f739b10 Uncommon trap: reason=class_check action=maybe_recompile pc=0x000001c319f5dcbc method=lombok.patcher.PatchScript$MethodPatcher.visitMethod(ILjava/lang/String;Ljava/lang/String;Ljava/lang/String;[Ljava/lang/String;)Lorg/lombokweb/asm/MethodVisitor; @ 101 c
Event: 9.148 Thread 0x000001c36f739b10 DEOPT PACKING pc=0x000001c319f5dcbc sp=0x00000006d7cf9a90
Event: 9.148 Thread 0x000001c36f739b10 DEOPT UNPACKING pc=0x000001c3198c6da2 sp=0x00000006d7cf9a78 mode 2
Event: 9.163 Thread 0x000001c36f739b10 DEOPT PACKING pc=0x000001c3128686b3 sp=0x00000006d7cf9c30
Event: 9.164 Thread 0x000001c36f739b10 DEOPT UNPACKING pc=0x000001c3198c78e2 sp=0x00000006d7cf9160 mode 0
Event: 9.170 Thread 0x000001c36f739b10 DEOPT PACKING pc=0x000001c3128686b3 sp=0x00000006d7cf9c30
Event: 9.170 Thread 0x000001c36f739b10 DEOPT UNPACKING pc=0x000001c3198c78e2 sp=0x00000006d7cf9160 mode 0

Classes loaded (20 events):
Event: 8.195 Loading class java/lang/ExceptionInInitializerError
Event: 8.195 Loading class java/lang/ExceptionInInitializerError done
Event: 8.310 Loading class sun/misc/Unsafe
Event: 8.311 Loading class sun/misc/Unsafe done
Event: 8.560 Loading class java/util/Vector$1
Event: 8.561 Loading class java/util/Vector$1 done
Event: 8.841 Loading class java/util/regex/Pattern$Caret
Event: 8.841 Loading class java/util/regex/Pattern$Caret done
Event: 9.058 Loading class java/util/stream/ReferencePipeline$4
Event: 9.058 Loading class java/util/stream/ReferencePipeline$4 done
Event: 9.059 Loading class java/util/stream/Nodes$IntFixedNodeBuilder
Event: 9.059 Loading class java/util/stream/Node$Builder$OfInt
Event: 9.059 Loading class java/util/stream/Node$Builder$OfInt done
Event: 9.059 Loading class java/util/stream/Nodes$IntArrayNode
Event: 9.060 Loading class java/util/stream/Nodes$IntArrayNode done
Event: 9.060 Loading class java/util/stream/Nodes$IntFixedNodeBuilder done
Event: 9.060 Loading class java/util/stream/ReferencePipeline$4$1
Event: 9.060 Loading class java/util/stream/ReferencePipeline$4$1 done
Event: 11.368 Loading class java/util/Hashtable$ValueCollection
Event: 11.368 Loading class java/util/Hashtable$ValueCollection done

Classes unloaded (7 events):
Event: 6.900 Thread 0x000001c30f0b2a80 Unloading class 0x000001c32718c800 'java/lang/invoke/LambdaForm$MH+0x000001c32718c800'
Event: 6.900 Thread 0x000001c30f0b2a80 Unloading class 0x000001c32718c400 'java/lang/invoke/LambdaForm$MH+0x000001c32718c400'
Event: 6.900 Thread 0x000001c30f0b2a80 Unloading class 0x000001c32718c000 'java/lang/invoke/LambdaForm$MH+0x000001c32718c000'
Event: 6.900 Thread 0x000001c30f0b2a80 Unloading class 0x000001c32718bc00 'java/lang/invoke/LambdaForm$MH+0x000001c32718bc00'
Event: 6.900 Thread 0x000001c30f0b2a80 Unloading class 0x000001c32718b800 'java/lang/invoke/LambdaForm$BMH+0x000001c32718b800'
Event: 6.900 Thread 0x000001c30f0b2a80 Unloading class 0x000001c32718b400 'java/lang/invoke/LambdaForm$DMH+0x000001c32718b400'
Event: 6.900 Thread 0x000001c30f0b2a80 Unloading class 0x000001c32718a400 'java/lang/invoke/LambdaForm$DMH+0x000001c32718a400'

Classes redefined (0 events):
No events

Internal exceptions (20 events):
Event: 7.809 Thread 0x000001c36d95ad20 Exception <a 'java/lang/NoSuchMethodError'{0x00000000d614ba70}: 'java.lang.Object java.lang.invoke.DirectMethodHandle$Holder.newInvokeSpecial(java.lang.Object, java.lang.Object, java.lang.Object, int)'> (0x00000000d614ba70) 
thrown [s\src\hotspot\share\interpreter\linkResolver.cpp, line 773]
Event: 7.810 Thread 0x000001c36d95ad20 Exception <a 'java/lang/NoSuchMethodError'{0x00000000d614f648}: 'java.lang.Object java.lang.invoke.DirectMethodHandle$Holder.invokeSpecial(java.lang.Object, java.lang.Object, java.lang.Object, java.lang.Object, int)'> (0x00000000d614f648) 
thrown [s\src\hotspot\share\interpreter\linkResolver.cpp, line 773]
Event: 7.810 Thread 0x000001c36d95ad20 Exception <a 'java/lang/NoSuchMethodError'{0x00000000d6152ae0}: 'java.lang.Object java.lang.invoke.Invokers$Holder.linkToTargetMethod(java.lang.Object, java.lang.Object, int, java.lang.Object)'> (0x00000000d6152ae0) 
thrown [s\src\hotspot\share\interpreter\linkResolver.cpp, line 773]
Event: 7.811 Thread 0x000001c36d95ad20 Exception <a 'java/lang/NoSuchMethodError'{0x00000000d6196498}: 'void java.lang.invoke.DirectMethodHandle$Holder.invokeStaticInit(java.lang.Object, java.lang.Object, java.lang.Object)'> (0x00000000d6196498) 
thrown [s\src\hotspot\share\interpreter\linkResolver.cpp, line 773]
Event: 7.842 Thread 0x000001c30f144ef0 Exception <a 'java/lang/NoSuchMethodError'{0x00000000d64620e8}: 'void java.lang.invoke.DirectMethodHandle$Holder.invokeSpecial(java.lang.Object, java.lang.Object, java.lang.Object, java.lang.Object, java.lang.Object, java.lang.Object)'> (0x00000000d64620e8) 
thrown [s\src\hotspot\share\interpreter\linkResolver.cpp, line 773]
Event: 7.843 Thread 0x000001c30f144ef0 Exception <a 'java/lang/IncompatibleClassChangeError'{0x00000000d6469b50}: Found class java.lang.Object, but interface was expected> (0x00000000d6469b50) 
thrown [s\src\hotspot\share\interpreter\linkResolver.cpp, line 840]
Event: 7.843 Thread 0x000001c30f144ef0 Exception <a 'java/lang/IncompatibleClassChangeError'{0x00000000d646b900}: Found class java.lang.Object, but interface was expected> (0x00000000d646b900) 
thrown [s\src\hotspot\share\interpreter\linkResolver.cpp, line 840]
Event: 7.937 Thread 0x000001c36f739b10 Exception <a 'java/lang/NoSuchMethodError'{0x00000000d6ab02d8}: 'java.lang.Object java.lang.invoke.DirectMethodHandle$Holder.invokeInterface(java.lang.Object, java.lang.Object, java.lang.Object)'> (0x00000000d6ab02d8) 
thrown [s\src\hotspot\share\interpreter\linkResolver.cpp, line 773]
Event: 7.956 Thread 0x000001c36f739b10 Exception <a 'java/io/FileNotFoundException'{0x00000000d6b50fd0}> (0x00000000d6b50fd0) 
thrown [s\src\hotspot\share\prims\jni.cpp, line 520]
Event: 7.994 Thread 0x000001c36f739b10 Exception <a 'sun/nio/fs/WindowsException'{0x00000000d59a1c60}> (0x00000000d59a1c60) 
thrown [s\src\hotspot\share\prims\jni.cpp, line 520]
Event: 8.047 Thread 0x000001c36f739b10 Exception <a 'java/lang/IncompatibleClassChangeError'{0x00000000d5c57268}: Found class java.lang.Object, but interface was expected> (0x00000000d5c57268) 
thrown [s\src\hotspot\share\interpreter\linkResolver.cpp, line 840]
Event: 8.076 Thread 0x000001c36f739b10 Exception <a 'java/lang/IncompatibleClassChangeError'{0x00000000d5cf5430}: Found class java.lang.Object, but interface was expected> (0x00000000d5cf5430) 
thrown [s\src\hotspot\share\interpreter\linkResolver.cpp, line 840]
Event: 8.383 Thread 0x000001c36f739b10 Exception <a 'java/lang/LinkageError'{0x00000000d5761600}: loader lombok.launch.ShadowClassLoader @21b29298 attempted duplicate class definition for lombok.launch.PatchFixesHider$Transform. (lombok.launch.PatchFixesHider$Transform is in unnamed module of loader lombok.launch.ShadowClassLoader @21b29298, parent loader org.eclipse.osgi.internal.loader.EquinoxClassLoader @312f2253)> (0x00000000d5761600) 
thrown [s\src\hotspot\share\classfile\systemDictionary.cpp, line 1682]
Event: 8.384 Thread 0x000001c36f73b550 Exception <a 'java/lang/LinkageError'{0x00000000d578d150}: loader lombok.launch.ShadowClassLoader @21b29298 attempted duplicate class definition for lombok.launch.PatchFixesHider$Transform. (lombok.launch.PatchFixesHider$Transform is in unnamed module of loader lombok.launch.ShadowClassLoader @21b29298, parent loader org.eclipse.osgi.internal.loader.EquinoxClassLoader @312f2253)> (0x00000000d578d150) 
thrown [s\src\hotspot\share\classfile\systemDictionary.cpp, line 1682]
Event: 9.064 Thread 0x000001c36f73b550 Exception <a 'java/lang/LinkageError'{0x00000000d5733000}: loader lombok.launch.ShadowClassLoader @21b29298 attempted duplicate class definition for lombok.launch.PatchFixesHider$ValPortal. (lombok.launch.PatchFixesHider$ValPortal is in unnamed module of loader lombok.launch.ShadowClassLoader @21b29298, parent loader org.eclipse.osgi.internal.loader.EquinoxClassLoader @312f2253)> (0x00000000d5733000) 
thrown [s\src\hotspot\share\classfile\systemDictionary.cpp, line 1682]
Event: 9.064 Thread 0x000001c36f73bbe0 Exception <a 'java/lang/LinkageError'{0x00000000d56998d0}: loader lombok.launch.ShadowClassLoader @21b29298 attempted duplicate class definition for lombok.launch.PatchFixesHider$ValPortal. (lombok.launch.PatchFixesHider$ValPortal is in unnamed module of loader lombok.launch.ShadowClassLoader @21b29298, parent loader org.eclipse.osgi.internal.loader.EquinoxClassLoader @312f2253)> (0x00000000d56998d0) 
thrown [s\src\hotspot\share\classfile\systemDictionary.cpp, line 1682]
Event: 11.342 Thread 0x000001c36f73b550 Exception <a 'java/lang/LinkageError'{0x00000000d55e6080}: loader lombok.launch.ShadowClassLoader @7e6c8b78 attempted duplicate class definition for lombok.launch.PatchFixesHider$FieldInitializer. (lombok.launch.PatchFixesHider$FieldInitializer is in unnamed module of loader lombok.launch.ShadowClassLoader @7e6c8b78, parent loader org.eclipse.osgi.internal.loader.EquinoxClassLoader @2dd77c1)> (0x00000000d55e6080) 
thrown [s\src\hotspot\share\classfile\systemDictionary.cpp, line 1682]
Event: 11.345 Thread 0x000001c36f73bbe0 Exception <a 'java/lang/LinkageError'{0x00000000d55eeb68}: loader lombok.launch.ShadowClassLoader @7e6c8b78 attempted duplicate class definition for lombok.launch.PatchFixesHider$FieldInitializer. (lombok.launch.PatchFixesHider$FieldInitializer is in unnamed module of loader lombok.launch.ShadowClassLoader @7e6c8b78, parent loader org.eclipse.osgi.internal.loader.EquinoxClassLoader @2dd77c1)> (0x00000000d55eeb68) 
thrown [s\src\hotspot\share\classfile\systemDictionary.cpp, line 1682]
Event: 11.372 Thread 0x000001c36f73b550 Exception <a 'java/lang/NoSuchMethodError'{0x00000000d572dbe8}: 'java.lang.Object java.lang.invoke.DirectMethodHandle$Holder.invokeSpecial(java.lang.Object, java.lang.Object, java.lang.Object, java.lang.Object, int, java.lang.Object, java.lang.Object)'> (0x00000000d572dbe8) 
thrown [s\src\hotspot\share\interpreter\linkResolver.cpp, line 773]
Event: 11.372 Thread 0x000001c36f73bbe0 Exception <a 'java/lang/NoSuchMethodError'{0x00000000d5708488}: 'java.lang.Object java.lang.invoke.DirectMethodHandle$Holder.invokeSpecial(java.lang.Object, java.lang.Object, java.lang.Object, java.lang.Object, int, java.lang.Object, java.lang.Object)'> (0x00000000d5708488) 
thrown [s\src\hotspot\share\interpreter\linkResolver.cpp, line 773]

ZGC Phase Switch (0 events):
No events

VM Operations (20 events):
Event: 8.339 Executing VM operation: ParallelGCFailedAllocation (Allocation Failure)
Event: 8.341 Executing VM operation: ParallelGCFailedAllocation (Allocation Failure) done
Event: 8.755 Executing VM operation: ParallelGCFailedAllocation (Allocation Failure)
Event: 8.757 Executing VM operation: ParallelGCFailedAllocation (Allocation Failure) done
Event: 8.991 Executing VM operation: CollectForMetadataAllocation (Metadata GC Threshold)
Event: 9.029 Executing VM operation: CollectForMetadataAllocation (Metadata GC Threshold) done
Event: 9.189 Executing VM operation: ParallelGCFailedAllocation (Allocation Failure)
Event: 9.190 Executing VM operation: ParallelGCFailedAllocation (Allocation Failure) done
Event: 10.199 Executing VM operation: Cleanup
Event: 10.199 Executing VM operation: Cleanup done
Event: 11.319 Executing VM operation: HandshakeAllThreads (Deoptimize)
Event: 11.319 Executing VM operation: HandshakeAllThreads (Deoptimize) done
Event: 11.319 Executing VM operation: Cleanup
Event: 11.319 Executing VM operation: Cleanup done
Event: 11.340 Executing VM operation: ParallelGCFailedAllocation (Allocation Failure)
Event: 11.340 Executing VM operation: ParallelGCFailedAllocation (Allocation Failure) done
Event: 11.340 Executing VM operation: ParallelGCSystemGC (GCLocker Initiated GC)
Event: 11.341 Executing VM operation: ParallelGCSystemGC (GCLocker Initiated GC) done
Event: 12.345 Executing VM operation: Cleanup
Event: 12.345 Executing VM operation: Cleanup done

Memory protections (0 events):
No events

Nmethod flushes (20 events):
Event: 9.007 Thread 0x000001c30f0b2a80 flushing  nmethod 0x000001c3127add90
Event: 9.007 Thread 0x000001c30f0b2a80 flushing  nmethod 0x000001c3127af390
Event: 9.007 Thread 0x000001c30f0b2a80 flushing  nmethod 0x000001c3127b3710
Event: 9.007 Thread 0x000001c30f0b2a80 flushing  nmethod 0x000001c3127b6390
Event: 9.007 Thread 0x000001c30f0b2a80 flushing  nmethod 0x000001c3127b6b90
Event: 9.007 Thread 0x000001c30f0b2a80 flushing  nmethod 0x000001c3127b7390
Event: 9.007 Thread 0x000001c30f0b2a80 flushing  nmethod 0x000001c3127b8690
Event: 9.007 Thread 0x000001c30f0b2a80 flushing  nmethod 0x000001c3127b8f10
Event: 9.007 Thread 0x000001c30f0b2a80 flushing  nmethod 0x000001c3127d7610
Event: 9.007 Thread 0x000001c30f0b2a80 flushing  nmethod 0x000001c3127eab90
Event: 9.007 Thread 0x000001c30f0b2a80 flushing  nmethod 0x000001c3127eec10
Event: 9.007 Thread 0x000001c30f0b2a80 flushing  nmethod 0x000001c3127ef590
Event: 9.007 Thread 0x000001c30f0b2a80 flushing  nmethod 0x000001c312800e90
Event: 9.007 Thread 0x000001c30f0b2a80 flushing  nmethod 0x000001c31281f790
Event: 9.007 Thread 0x000001c30f0b2a80 flushing  nmethod 0x000001c31281fb90
Event: 9.007 Thread 0x000001c30f0b2a80 flushing  nmethod 0x000001c312828110
Event: 9.007 Thread 0x000001c30f0b2a80 flushing  nmethod 0x000001c31282f290
Event: 9.007 Thread 0x000001c30f0b2a80 flushing  nmethod 0x000001c31282f790
Event: 9.007 Thread 0x000001c30f0b2a80 flushing  nmethod 0x000001c312833790
Event: 9.007 Thread 0x000001c30f0b2a80 flushing  nmethod 0x000001c31283ec10

Events (20 events):
Event: 6.434 Thread 0x000001c36d2d8540 Thread added: 0x000001c36d1a3d70
Event: 7.190 Thread 0x000001c36d2d8540 Thread added: 0x000001c36efea870
Event: 7.280 Thread 0x000001c36efea870 Thread exited: 0x000001c36efea870
Event: 7.528 Thread 0x000001c30f144ef0 Thread added: 0x000001c36efe9b50
Event: 7.528 Thread 0x000001c30f144ef0 Thread added: 0x000001c36efea1e0
Event: 7.528 Thread 0x000001c30f144ef0 Thread added: 0x000001c36efeaf00
Event: 7.529 Thread 0x000001c30f144ef0 Thread added: 0x000001c36efea870
Event: 7.529 Thread 0x000001c30f144ef0 Thread added: 0x000001c36efe87a0
Event: 7.529 Thread 0x000001c30f144ef0 Thread added: 0x000001c36efe7a80
Event: 7.529 Thread 0x000001c30f144ef0 Thread added: 0x000001c36efe8e30
Event: 7.529 Thread 0x000001c30f144ef0 Thread added: 0x000001c36efe8110
Event: 7.529 Thread 0x000001c30f144ef0 Thread added: 0x000001c36efe94c0
Event: 7.554 Thread 0x000001c30f144ef0 Thread added: 0x000001c36f73a830
Event: 7.655 Thread 0x000001c36d1a3d70 Thread added: 0x000001c36f73aec0
Event: 7.862 Thread 0x000001c30f144ef0 Thread added: 0x000001c36f73a1a0
Event: 7.862 Thread 0x000001c30f144ef0 Thread added: 0x000001c36f739b10
Event: 8.081 Thread 0x000001c36f739b10 Thread added: 0x000001c36f73b550
Event: 8.084 Thread 0x000001c36f739b10 Thread added: 0x000001c36f73bbe0
Event: 8.579 Thread 0x000001c36d891390 Thread exited: 0x000001c36d891390
Event: 9.155 Thread 0x000001c368459680 Thread added: 0x000001c3686a5f90


Dynamic libraries:
0x00007ff740fa0000 - 0x00007ff740fae000 	c:\Users\11371\.qoder\extensions\redhat.java-1.50.0-win32-x64\jre\21.0.9-win32-x86_64\bin\java.exe
0x00007ffc30ce0000 - 0x00007ffc30f48000 	C:\WINDOWS\SYSTEM32\ntdll.dll
0x00007ffc2ed20000 - 0x00007ffc2ede9000 	C:\WINDOWS\System32\KERNEL32.DLL
0x00007ffc2e020000 - 0x00007ffc2e418000 	C:\WINDOWS\System32\KERNELBASE.dll
0x00007ffc2e420000 - 0x00007ffc2e56b000 	C:\WINDOWS\System32\ucrtbase.dll
0x00007ffc1f940000 - 0x00007ffc1f958000 	c:\Users\11371\.qoder\extensions\redhat.java-1.50.0-win32-x64\jre\21.0.9-win32-x86_64\bin\jli.dll
0x00007ffc303b0000 - 0x00007ffc30577000 	C:\WINDOWS\System32\USER32.dll
0x00007ffc2de30000 - 0x00007ffc2de57000 	C:\WINDOWS\System32\win32u.dll
0x00007ffc30c40000 - 0x00007ffc30c6b000 	C:\WINDOWS\System32\GDI32.dll
0x00007ffc2de60000 - 0x00007ffc2df8c000 	C:\WINDOWS\System32\gdi32full.dll
0x00007ffc2e620000 - 0x00007ffc2e6c3000 	C:\WINDOWS\System32\msvcp_win.dll
0x00007ffc1f7f0000 - 0x00007ffc1f80e000 	c:\Users\11371\.qoder\extensions\redhat.java-1.50.0-win32-x64\jre\21.0.9-win32-x86_64\bin\VCRUNTIME140.dll
0x00007ffc1a730000 - 0x00007ffc1a9c4000 	C:\WINDOWS\WinSxS\amd64_microsoft.windows.common-controls_6595b64144ccf1df_6.0.26100.7019_none_3e06ffa0e335b8a8\COMCTL32.dll
0x00007ffc309f0000 - 0x00007ffc30a99000 	C:\WINDOWS\System32\msvcrt.dll
0x00007ffc30580000 - 0x00007ffc305b1000 	C:\WINDOWS\System32\IMM32.DLL
0x00007ffc22c80000 - 0x00007ffc22c8c000 	c:\Users\11371\.qoder\extensions\redhat.java-1.50.0-win32-x64\jre\21.0.9-win32-x86_64\bin\vcruntime140_1.dll
0x00007ffbf4be0000 - 0x00007ffbf4c6d000 	c:\Users\11371\.qoder\extensions\redhat.java-1.50.0-win32-x64\jre\21.0.9-win32-x86_64\bin\msvcp140.dll
0x00007ffbc2230000 - 0x00007ffbc2fd0000 	c:\Users\11371\.qoder\extensions\redhat.java-1.50.0-win32-x64\jre\21.0.9-win32-x86_64\bin\server\jvm.dll
0x00007ffc2f090000 - 0x00007ffc2f144000 	C:\WINDOWS\System32\ADVAPI32.dll
0x00007ffc2eb00000 - 0x00007ffc2eba6000 	C:\WINDOWS\System32\sechost.dll
0x00007ffc2ee70000 - 0x00007ffc2ef88000 	C:\WINDOWS\System32\RPCRT4.dll
0x00007ffc2edf0000 - 0x00007ffc2ee64000 	C:\WINDOWS\System32\WS2_32.dll
0x00007ffc2a050000 - 0x00007ffc2a085000 	C:\WINDOWS\SYSTEM32\WINMM.dll
0x00007ffc2dc90000 - 0x00007ffc2dcee000 	C:\WINDOWS\SYSTEM32\POWRPROF.dll
0x00007ffc24840000 - 0x00007ffc2484b000 	C:\WINDOWS\SYSTEM32\VERSION.dll
0x00007ffc2dc70000 - 0x00007ffc2dc84000 	C:\WINDOWS\SYSTEM32\UMPDC.dll
0x00007ffc2cbf0000 - 0x00007ffc2cc0b000 	C:\WINDOWS\SYSTEM32\kernel.appcore.dll
0x00007ffc1fe20000 - 0x00007ffc1fe2a000 	c:\Users\11371\.qoder\extensions\redhat.java-1.50.0-win32-x64\jre\21.0.9-win32-x86_64\bin\jimage.dll
0x00007ffc2b250000 - 0x00007ffc2b492000 	C:\WINDOWS\SYSTEM32\DBGHELP.DLL
0x00007ffc2f7d0000 - 0x00007ffc2fb5b000 	C:\WINDOWS\System32\combase.dll
0x00007ffc305c0000 - 0x00007ffc30697000 	C:\WINDOWS\System32\OLEAUT32.dll
0x00007ffc1ccf0000 - 0x00007ffc1cd2c000 	C:\WINDOWS\SYSTEM32\dbgcore.DLL
0x00007ffc2e570000 - 0x00007ffc2e615000 	C:\WINDOWS\System32\bcryptPrimitives.dll
0x00007ffc1fab0000 - 0x00007ffc1fabf000 	c:\Users\11371\.qoder\extensions\redhat.java-1.50.0-win32-x64\jre\21.0.9-win32-x86_64\bin\instrument.dll
0x00007ffc1f4d0000 - 0x00007ffc1f4f0000 	c:\Users\11371\.qoder\extensions\redhat.java-1.50.0-win32-x64\jre\21.0.9-win32-x86_64\bin\java.dll
0x00007ffc2fc50000 - 0x00007ffc3039f000 	C:\WINDOWS\System32\SHELL32.dll
0x00007ffc2e910000 - 0x00007ffc2ea7b000 	C:\WINDOWS\System32\wintypes.dll
0x00007ffc2ba70000 - 0x00007ffc2c2cd000 	C:\WINDOWS\SYSTEM32\windows.storage.dll
0x00007ffc30700000 - 0x00007ffc307f2000 	C:\WINDOWS\System32\SHCORE.dll
0x00007ffc2f160000 - 0x00007ffc2f1c7000 	C:\WINDOWS\System32\shlwapi.dll
0x00007ffc2dd50000 - 0x00007ffc2dd79000 	C:\WINDOWS\SYSTEM32\profapi.dll
0x00007ffc1f700000 - 0x00007ffc1f718000 	c:\Users\11371\.qoder\extensions\redhat.java-1.50.0-win32-x64\jre\21.0.9-win32-x86_64\bin\zip.dll
0x00007ffc26930000 - 0x00007ffc26940000 	C:\Users\11371\.qoder\extensions\redhat.java-1.50.0-win32-x64\jre\21.0.9-win32-x86_64\bin\net.dll
0x00007ffc26fa0000 - 0x00007ffc270c8000 	C:\WINDOWS\SYSTEM32\WINHTTP.dll
0x00007ffc1c990000 - 0x00007ffc1cb0a000 	C:\Program Files (x86)\Sangfor\SSL\ClientComponent\1_SangforTcpX64.dll
0x00007ffc30aa0000 - 0x00007ffc30c37000 	C:\WINDOWS\System32\ole32.dll
0x00007ffc2df90000 - 0x00007ffc2e00f000 	C:\WINDOWS\System32\WINTRUST.dll
0x00007ffc2e790000 - 0x00007ffc2e907000 	C:\WINDOWS\System32\CRYPT32.dll
0x00007ffc2d490000 - 0x00007ffc2d4a3000 	C:\WINDOWS\SYSTEM32\MSASN1.dll
0x00007ffc2d160000 - 0x00007ffc2d1cb000 	C:\WINDOWS\system32\mswsock.dll
0x00007ffc268c0000 - 0x00007ffc268d6000 	C:\Users\11371\.qoder\extensions\redhat.java-1.50.0-win32-x64\jre\21.0.9-win32-x86_64\bin\nio.dll
0x00007ffc26910000 - 0x00007ffc26920000 	c:\Users\11371\.qoder\extensions\redhat.java-1.50.0-win32-x64\jre\21.0.9-win32-x86_64\bin\verify.dll
0x00007ffbf4f00000 - 0x00007ffbf4f44000 	C:\Users\11371\AppData\Roaming\Qoder\User\globalStorage\redhat.java\1.50.0\config_ss_win\org.eclipse.equinox.launcher\org.eclipse.equinox.launcher.win32.win32.x86_64_1.2.1400.v20250801-0854\eclipse_11916.dll
0x00007ffc2d420000 - 0x00007ffc2d43b000 	C:\WINDOWS\SYSTEM32\CRYPTSP.dll
0x00007ffc2cb50000 - 0x00007ffc2cb8a000 	C:\WINDOWS\system32\rsaenh.dll
0x00007ffc2d210000 - 0x00007ffc2d23b000 	C:\WINDOWS\SYSTEM32\USERENV.dll
0x00007ffc2dd20000 - 0x00007ffc2dd4a000 	C:\WINDOWS\SYSTEM32\bcrypt.dll
0x00007ffc2d440000 - 0x00007ffc2d44c000 	C:\WINDOWS\SYSTEM32\CRYPTBASE.dll
0x00007ffc2c650000 - 0x00007ffc2c684000 	C:\WINDOWS\SYSTEM32\IPHLPAPI.DLL
0x00007ffc2ec90000 - 0x00007ffc2ec9a000 	C:\WINDOWS\System32\NSI.dll
0x00007ffc09c80000 - 0x00007ffc09cc9000 	C:\Users\11371\AppData\Local\Temp\jna-46763053\jna1717597781514457909.dll
0x00007ffc30c70000 - 0x00007ffc30c78000 	C:\WINDOWS\System32\PSAPI.DLL
0x00007ffc27b70000 - 0x00007ffc27b8e000 	C:\WINDOWS\SYSTEM32\dhcpcsvc6.DLL
0x00007ffc27b40000 - 0x00007ffc27b63000 	C:\WINDOWS\SYSTEM32\dhcpcsvc.DLL

JVMTI agents:
c:\Users\11371\.qoder\extensions\redhat.java-1.50.0-win32-x64\lombok\lombok-1.18.39-4050.jar path:c:\Users\11371\.qoder\extensions\redhat.java-1.50.0-win32-x64\jre\21.0.9-win32-x86_64\bin\instrument.dll, loaded, initialized, instrumentlib options:none

dbghelp: loaded successfully - version: 4.0.5 - missing functions: none
symbol engine: initialized successfully - sym options: 0x614 - pdb path: .;c:\Users\11371\.qoder\extensions\redhat.java-1.50.0-win32-x64\jre\21.0.9-win32-x86_64\bin;C:\WINDOWS\SYSTEM32;C:\WINDOWS\WinSxS\amd64_microsoft.windows.common-controls_6595b64144ccf1df_6.0.26100.7019_none_3e06ffa0e335b8a8;c:\Users\11371\.qoder\extensions\redhat.java-1.50.0-win32-x64\jre\21.0.9-win32-x86_64\bin\server;C:\Program Files (x86)\Sangfor\SSL\ClientComponent;C:\Users\11371\AppData\Roaming\Qoder\User\globalStorage\redhat.java\1.50.0\config_ss_win\org.eclipse.equinox.launcher\org.eclipse.equinox.launcher.win32.win32.x86_64_1.2.1400.v20250801-0854;C:\Users\11371\AppData\Local\Temp\jna-46763053

VM Arguments:
jvm_args: --add-modules=ALL-SYSTEM --add-opens=java.base/java.util=ALL-UNNAMED --add-opens=java.base/java.lang=ALL-UNNAMED --add-opens=java.base/sun.nio.fs=ALL-UNNAMED -Declipse.application=org.eclipse.jdt.ls.core.id1 -Dosgi.bundles.defaultStartLevel=4 -Declipse.product=org.eclipse.jdt.ls.core.product -Djava.import.generatesMetadataFilesAtProjectRoot=false -DDetectVMInstallationsJob.disabled=true -Dfile.encoding=utf8 -XX:+UseParallelGC -XX:GCTimeRatio=4 -XX:AdaptiveSizePolicyWeight=90 -Dsun.zip.disableMemoryMapping=true -Xmx2G -Xms100m -Xlog:disable -javaagent:c:\Users\11371\.qoder\extensions\redhat.java-1.50.0-win32-x64\lombok\lombok-1.18.39-4050.jar 
java_command: c:\Users\11371\.qoder\extensions\redhat.java-1.50.0-win32-x64\server\plugins\org.eclipse.equinox.launcher_1.7.100.v20251111-0406.jar -configuration c:\Users\11371\AppData\Roaming\Qoder\User\globalStorage\redhat.java\1.50.0\config_ss_win -data c:\Users\11371\AppData\Roaming\Qoder\User\workspaceStorage\d4adbc9f463a0530ef13eca0f25aac6f\redhat.java\ss_ws --pipe=\\.\pipe\lsp-fc5d502a9ab60118c211de4690b07cdf-sock
java_class_path (initial): c:\Users\11371\.qoder\extensions\redhat.java-1.50.0-win32-x64\server\plugins\org.eclipse.equinox.launcher_1.7.100.v20251111-0406.jar
Launcher Type: SUN_STANDARD

[Global flags]
    uintx AdaptiveSizePolicyWeight                 = 90                                        {product} {command line}
     intx CICompilerCount                          = 4                                         {product} {ergonomic}
    uintx GCTimeRatio                              = 4                                         {product} {command line}
   size_t InitialHeapSize                          = 104857600                                 {product} {command line}
   size_t MaxHeapSize                              = 2147483648                                {product} {command line}
   size_t MaxNewSize                               = 715653120                                 {product} {ergonomic}
   size_t MinHeapDeltaBytes                        = 524288                                    {product} {ergonomic}
   size_t MinHeapSize                              = 104857600                                 {product} {command line}
   size_t NewSize                                  = 34603008                                  {product} {ergonomic}
    uintx NonNMethodCodeHeapSize                   = 5839372                                {pd product} {ergonomic}
    uintx NonProfiledCodeHeapSize                  = 122909434                              {pd product} {ergonomic}
   size_t OldSize                                  = 70254592                                  {product} {ergonomic}
    uintx ProfiledCodeHeapSize                     = 122909434                              {pd product} {ergonomic}
    uintx ReservedCodeCacheSize                    = 251658240                              {pd product} {ergonomic}
     bool SegmentedCodeCache                       = true                                      {product} {ergonomic}
   size_t SoftMaxHeapSize                          = 2147483648                             {manageable} {ergonomic}
     bool UseCompressedOops                        = true                           {product lp64_product} {ergonomic}
     bool UseLargePagesIndividualAllocation        = false                                  {pd product} {ergonomic}
     bool UseParallelGC                            = true                                      {product} {command line}

Logging:
Log output configuration:
 #0: stdout all=off uptime,level,tags foldmultilines=false
 #1: stderr all=off uptime,level,tags foldmultilines=false

Release file:
JAVA_VERSION="21.0.9" 
MODULES="java.base java.compiler java.datatransfer java.xml java.prefs java.desktop java.instrument java.logging java.management java.security.sasl java.naming java.rmi java.management.rmi java.net.http java.scripting java.security.jgss java.transaction.xa java.sql java.sql.rowset java.xml.crypto java.se java.smartcardio jdk.accessibility jdk.internal.jvmstat jdk.attach jdk.charsets jdk.internal.opt jdk.zipfs jdk.compiler jdk.crypto.ec jdk.crypto.cryptoki jdk.crypto.mscapi jdk.dynalink jdk.internal.ed jdk.editpad jdk.hotspot.agent jdk.httpserver jdk.internal.le jdk.internal.vm.ci jdk.internal.vm.compiler jdk.internal.vm.compiler.management jdk.jartool jdk.javadoc jdk.jcmd jdk.management jdk.management.agent jdk.jconsole jdk.jdeps jdk.jdwp.agent jdk.jdi jdk.jfr jdk.jshell jdk.jsobject jdk.jstatd jdk.localedata jdk.management.jfr jdk.naming.dns jdk.naming.rmi jdk.net jdk.nio.mapmode jdk.random jdk.sctp jdk.security.auth jdk.security.jgss jdk.unsupported jdk.unsupported.desktop jdk.xml.dom" 

Environment Variables:
JAVA_HOME=C:\Program Files\Java\jdk1.8.0_361
PATH=C:\Python314\Scripts\;C:\Python314\;C:\WINDOWS\system32;C:\WINDOWS;C:\WINDOWS\System32\Wbem;C:\Program Files (x86)\Common Files\Oracle\Java\javapath;C:\Windows\System32\HWAudioDriverLibs;C:\Windows\system32;C:\Windows;C:\Windows\System32\Wbem;C:\Windows\System32\WindowsPowerShell\v1.0\;C:\Windows\System32\OpenSSH\;C:\Users\Administrator\AppData\Local\Microsoft\WindowsApps;C:\WINDOWS\System32\WindowsPowerShell\v1.0\;C:\WINDOWS\System32\OpenSSH\;%JAVA_HOME%\bin;C:\Program Files\Git\cmd;D:\Oracle\Instant Client\bin;C:\Program Files\TortoiseSVN\bin;D:\apache-tomcat-8.5.87\bin;D:\apache-maven-3.8.1\bin;C:\Program Files\nodejs\;C:\ProgramData\chocolatey\bin;C:\Users\11371\AppData\Local\Programs\Python\Python311\Scripts\;C:\Users\11371\AppData\Local\Programs\Python\Python311\;C:\Users\11371\AppData\Local\Programs\Python\Launcher\;C:\Program Files\Java\jdk1.8.0_361\bin;C:\WINDOWS\system32;C:\WINDOWS;C:\WINDOWS\System32\Wbem;C:\Users\11371\AppData\Local\Microsoft\WindowsApps;D:\apache-maven-3.8.1\bin;C:\Program Files\nodejs\node_global;D:\Oracle\instantclient_11_2;D:\apache-tomcat-8.5.87\bin;D:\gradle-8.12.1\bin;D:\apache-maven-3.8.1\bin;D:\Windsurf\bin;D:\Qoder\bin;C:\Users\11371\AppData\Roaming\npm;
USERNAME=11371
OS=Windows_NT
PROCESSOR_IDENTIFIER=Intel64 Family 6 Model 140 Stepping 1, GenuineIntel
TMP=C:\Users\11371\AppData\Local\Temp
TEMP=C:\Users\11371\AppData\Local\Temp




Periodic native trim disabled

---------------  S Y S T E M  ---------------

OS:
 Windows 11 , 64 bit Build 26100 (10.0.26100.7019)
OS uptime: 1 days 0:43 hours

CPU: total 8 (initial active 8) (4 cores per cpu, 2 threads per core) family 6 model 140 stepping 1 microcode 0x8a, cx8, cmov, fxsr, ht, mmx, 3dnowpref, sse, sse2, sse3, ssse3, sse4.1, sse4.2, popcnt, lzcnt, tsc, tscinvbit, avx, avx2, aes, erms, clmul, bmi1, bmi2, adx, avx512f, avx512dq, avx512cd, avx512bw, avx512vl, sha, fma, vzeroupper, avx512_vpopcntdq, avx512_vpclmulqdq, avx512_vaes, avx512_vnni, clflush, clflushopt, clwb, avx512_vbmi2, avx512_vbmi, rdtscp, rdpid, fsrm, gfni, avx512_bitalg, f16c, pku, cet_ibt, cet_ss, avx512_ifma
Processor Information for the first 8 processors :
  Max Mhz: 2419, Current Mhz: 2419, Mhz Limit: 2419

Memory: 4k page, system-wide physical 16183M (2039M free)
TotalPageFile size 31405M (AvailPageFile size 6M)
current process WorkingSet (physical memory assigned to process): 213M, peak: 213M
current process commit charge ("private bytes"): 336M, peak: 337M

vm_info: OpenJDK 64-Bit Server VM (21.0.9+10-LTS) for windows-amd64 JRE (21.0.9+10-LTS), built on 2025-10-21T00:00:00Z by "admin" with unknown MS VC++:1942

END.
