#
# There is insufficient memory for the Java Runtime Environment to continue.
# Native memory allocation (malloc) failed to allocate 476816 bytes for Chunk::new
# Possible reasons:
#   The system is out of physical RAM or swap space
#   The process is running with CompressedOops enabled, and the Java Heap may be blocking the growth of the native heap
# Possible solutions:
#   Reduce memory load on the system
#   Increase physical memory or swap space
#   Check if swap backing store is full
#   Decrease Java heap size (-Xmx/-Xms)
#   Decrease number of Java threads
#   Decrease Java thread stack sizes (-Xss)
#   Set larger code cache with -XX:ReservedCodeCacheSize=
#   JVM is running with Zero Based Compressed Oops mode in which the Java heap is
#     placed in the first 32GB address space. The Java Heap base address is the
#     maximum limit for the native heap growth. Please use -XX:HeapBaseMinAddress
#     to set the Java Heap base and to place the Java Heap above 32GB virtual address.
# This output file may be truncated or incomplete.
#
#  Out of Memory Error (allocation.cpp:389), pid=28060, tid=0x0000000000003cfc
#
# JRE version: Java(TM) SE Runtime Environment (8.0_361) (build 1.8.0_361-b09)
# Java VM: Java HotSpot(TM) 64-Bit Server VM (25.361-b09 mixed mode windows-amd64 compressed oops)
# Failed to write core dump. Minidumps are not enabled by default on client versions of Windows
#

---------------  T H R E A D  ---------------

Current thread (0x0000021d09bb8000):  JavaThread "C2 CompilerThread0" daemon [_thread_in_native, id=15612, stack(0x00000059ac800000,0x00000059ac900000)]

Stack: [0x00000059ac800000,0x00000059ac900000]
Native frames: (J=compiled Java code, j=interpreted, Vv=VM code, C=native code)
V  [jvm.dll+0x3317a9]
V  [jvm.dll+0x277c4e]
V  [jvm.dll+0x27888d]
V  [jvm.dll+0x26f0d5]
V  [jvm.dll+0xd590c]
V  [jvm.dll+0xd610c]
V  [jvm.dll+0x455cd2]
V  [jvm.dll+0x490d8d]
V  [jvm.dll+0x445239]
V  [jvm.dll+0x442abb]
V  [jvm.dll+0x42d98b]
V  [jvm.dll+0xac70b]
V  [jvm.dll+0xaad6b]
V  [jvm.dll+0x23ffb2]
V  [jvm.dll+0x294a5c]
C  [ucrtbase.dll+0x29333]
C  [KERNEL32.DLL+0x1259d]
C  [ntdll.dll+0x5af78]


Current CompileTask:
C2:   1430 2106       4       org.apache.maven.model.validation.DefaultModelValidator::validateEffectiveDependency (616 bytes)


---------------  P R O C E S S  ---------------

Java Threads: ( => current thread )
  0x0000021d09c63000 JavaThread "Service Thread" daemon [_thread_blocked, id=24200, stack(0x00000059acc00000,0x00000059acd00000)]
  0x0000021d09bc0000 JavaThread "C1 CompilerThread3" daemon [_thread_blocked, id=9628, stack(0x00000059acb00000,0x00000059acc00000)]
  0x0000021d09bbd800 JavaThread "C2 CompilerThread2" daemon [_thread_blocked, id=15644, stack(0x00000059aca00000,0x00000059acb00000)]
  0x0000021d09bbb800 JavaThread "C2 CompilerThread1" daemon [_thread_in_native, id=11984, stack(0x00000059ac900000,0x00000059aca00000)]
=>0x0000021d09bb8000 JavaThread "C2 CompilerThread0" daemon [_thread_in_native, id=15612, stack(0x00000059ac800000,0x00000059ac900000)]
  0x0000021d09bb1000 JavaThread "Monitor Ctrl-Break" daemon [_thread_in_native, id=20756, stack(0x00000059ac700000,0x00000059ac800000)]
  0x0000021d7ffb9800 JavaThread "Attach Listener" daemon [_thread_blocked, id=31964, stack(0x00000059ac600000,0x00000059ac700000)]
  0x0000021d7ff61000 JavaThread "Signal Dispatcher" daemon [_thread_blocked, id=10200, stack(0x00000059ac500000,0x00000059ac600000)]
  0x0000021d7ff49000 JavaThread "Finalizer" daemon [_thread_blocked, id=5104, stack(0x00000059ac400000,0x00000059ac500000)]
  0x0000021d7ff41800 JavaThread "Reference Handler" daemon [_thread_blocked, id=28272, stack(0x00000059ac300000,0x00000059ac400000)]
  0x0000021d6d131800 JavaThread "main" [_thread_in_Java, id=23172, stack(0x00000059ab900000,0x00000059aba00000)]

Other Threads:
  0x0000021d7ff18000 VMThread [stack: 0x00000059ac200000,0x00000059ac300000] [id=31208]
  0x0000021d09c77800 WatcherThread [stack: 0x00000059acd00000,0x00000059ace00000] [id=5660]

VM state:not at safepoint (normal execution)

VM Mutex/Monitor currently owned by a thread: None

heap address: 0x00000006c3200000, size: 4046 MB, Compressed Oops mode: Zero based, Oop shift amount: 3
Narrow klass base: 0x0000000000000000, Narrow klass shift: 3
Compressed class space size: 1073741824 Address: 0x00000007c0000000

Heap:
 PSYoungGen      total 75776K, used 62150K [0x000000076bb80000, 0x0000000771000000, 0x00000007c0000000)
  eden space 65024K, 80% used [0x000000076bb80000,0x000000076ee741f8,0x000000076fb00000)
  from space 10752K, 92% used [0x000000076fb00000,0x00000007704bd7e8,0x0000000770580000)
  to   space 10752K, 0% used [0x0000000770580000,0x0000000770580000,0x0000000771000000)
 ParOldGen       total 173568K, used 16K [0x00000006c3200000, 0x00000006cdb80000, 0x000000076bb80000)
  object space 173568K, 0% used [0x00000006c3200000,0x00000006c3204000,0x00000006cdb80000)
 Metaspace       used 15943K, capacity 16258K, committed 16384K, reserved 1062912K
  class space    used 1908K, capacity 2010K, committed 2048K, reserved 1048576K

Card table byte_map: [0x0000021d7df70000,0x0000021d7e760000] byte_map_base: 0x0000021d7a957000

Marking Bits: (ParMarkBitMap*) 0x0000000053fbb090
 Begin Bits: [0x0000021d00000000, 0x0000021d03f38000)
 End Bits:   [0x0000021d03f38000, 0x0000021d07e70000)

Polling page: 0x0000021d6eb80000

CodeCache: size=245760Kb used=7078Kb max_used=7097Kb free=238681Kb
 bounds [0x0000021d6ebb0000, 0x0000021d6f2b0000, 0x0000021d7dbb0000]
 total_blobs=2506 nmethods=2138 adapters=279
 compilation: disabled (not enough contiguous free space left)

Compilation events (10 events):
Event: 1.408 Thread 0x0000021d09bc0000 2139       3       java.util.Collections$UnmodifiableMap$UnmodifiableEntrySet$UnmodifiableEntry::getKey (10 bytes)
Event: 1.408 Thread 0x0000021d09bc0000 nmethod 2139 0x0000021d6f29b8d0 code [0x0000021d6f29ba40, 0x0000021d6f29bc70]
Event: 1.408 Thread 0x0000021d09bc0000 2140       3       java.util.Collections$UnmodifiableMap$UnmodifiableEntrySet$UnmodifiableEntry::getValue (10 bytes)
Event: 1.408 Thread 0x0000021d09bc0000 nmethod 2140 0x0000021d6f29bd10 code [0x0000021d6f29be80, 0x0000021d6f29c0b0]
Event: 1.408 Thread 0x0000021d09bc0000 2141       1       org.eclipse.aether.DefaultRepositorySystemSession::getMirrorSelector (5 bytes)
Event: 1.408 Thread 0x0000021d09bc0000 nmethod 2141 0x0000021d6f29c150 code [0x0000021d6f29c2a0, 0x0000021d6f29c3b8]
Event: 1.408 Thread 0x0000021d09bc0000 2142       3       org.eclipse.aether.artifact.DefaultArtifact::emptify (11 bytes)
Event: 1.408 Thread 0x0000021d09bc0000 nmethod 2142 0x0000021d6f29c410 code [0x0000021d6f29c560, 0x0000021d6f29c6f8]
Event: 1.410 Thread 0x0000021d09bc0000 2143       3       org.apache.maven.model.building.DefaultModelBuildingRequest::getSystemProperties (23 bytes)
Event: 1.410 Thread 0x0000021d09bc0000 nmethod 2143 0x0000021d6f29c790 code [0x0000021d6f29c940, 0x0000021d6f29ccf0]

GC Heap History (2 events):
Event: 0.906 GC heap before
{Heap before GC invocations=1 (full 0):
 PSYoungGen      total 75776K, used 65024K [0x000000076bb80000, 0x0000000771000000, 0x00000007c0000000)
  eden space 65024K, 100% used [0x000000076bb80000,0x000000076fb00000,0x000000076fb00000)
  from space 10752K, 0% used [0x0000000770580000,0x0000000770580000,0x0000000771000000)
  to   space 10752K, 0% used [0x000000076fb00000,0x000000076fb00000,0x0000000770580000)
 ParOldGen       total 173568K, used 0K [0x00000006c3200000, 0x00000006cdb80000, 0x000000076bb80000)
  object space 173568K, 0% used [0x00000006c3200000,0x00000006c3200000,0x00000006cdb80000)
 Metaspace       used 11733K, capacity 11954K, committed 12032K, reserved 1060864K
  class space    used 1433K, capacity 1510K, committed 1536K, reserved 1048576K
Event: 0.912 GC heap after
Heap after GC invocations=1 (full 0):
 PSYoungGen      total 75776K, used 9973K [0x000000076bb80000, 0x0000000771000000, 0x00000007c0000000)
  eden space 65024K, 0% used [0x000000076bb80000,0x000000076bb80000,0x000000076fb00000)
  from space 10752K, 92% used [0x000000076fb00000,0x00000007704bd7e8,0x0000000770580000)
  to   space 10752K, 0% used [0x0000000770580000,0x0000000770580000,0x0000000771000000)
 ParOldGen       total 173568K, used 16K [0x00000006c3200000, 0x00000006cdb80000, 0x000000076bb80000)
  object space 173568K, 0% used [0x00000006c3200000,0x00000006c3204000,0x00000006cdb80000)
 Metaspace       used 11733K, capacity 11954K, committed 12032K, reserved 1060864K
  class space    used 1433K, capacity 1510K, committed 1536K, reserved 1048576K
}

Deoptimization events (10 events):
Event: 1.180 Thread 0x0000021d6d131800 Uncommon trap: reason=unstable_if action=reinterpret pc=0x0000021d6ed9359c method=java.lang.AbstractStringBuilder.append(Ljava/lang/String;)Ljava/lang/AbstractStringBuilder; @ 1
Event: 1.199 Thread 0x0000021d6d131800 Uncommon trap: reason=unstable_if action=reinterpret pc=0x0000021d6ed864c8 method=java.lang.String.replace(CC)Ljava/lang/String; @ 2
Event: 1.278 Thread 0x0000021d6d131800 Uncommon trap: reason=unstable_if action=reinterpret pc=0x0000021d6f17fb70 method=org.codehaus.plexus.util.xml.pull.MXParser.nextImpl()I @ 280
Event: 1.284 Thread 0x0000021d6d131800 Uncommon trap: reason=unstable_if action=reinterpret pc=0x0000021d6ee8f980 method=sun.nio.cs.UTF_8$Decoder.decodeArrayLoop(Ljava/nio/ByteBuffer;Ljava/nio/CharBuffer;)Ljava/nio/charset/CoderResult; @ 84
Event: 1.294 Thread 0x0000021d6d131800 Uncommon trap: reason=null_check action=make_not_entrant pc=0x0000021d6f1ed360 method=org.apache.maven.model.io.xpp3.MavenXpp3ReaderEx.checkFieldWithDuplicate(Lorg/codehaus/plexus/util/xml/pull/XmlPullParser;Ljava/lang/String;Ljava/lang/String;Ljava/util/
Event: 1.332 Thread 0x0000021d6d131800 Uncommon trap: reason=unstable_if action=reinterpret pc=0x0000021d6f1c73f8 method=java.lang.String.trim()Ljava/lang/String; @ 63
Event: 1.332 Thread 0x0000021d6d131800 Uncommon trap: reason=unstable_if action=reinterpret pc=0x0000021d6f17cc60 method=org.codehaus.plexus.util.xml.pull.MXParser.isS(C)Z @ 21
Event: 1.332 Thread 0x0000021d6d131800 Uncommon trap: reason=unstable_if action=reinterpret pc=0x0000021d6f1ba868 method=org.codehaus.plexus.util.xml.pull.MXParser.isS(C)Z @ 21
Event: 1.347 Thread 0x0000021d6d131800 Uncommon trap: reason=unstable_if action=reinterpret pc=0x0000021d6ef2bfcc method=java.lang.String.regionMatches(ZILjava/lang/String;II)Z @ 25
Event: 1.360 Thread 0x0000021d6d131800 Uncommon trap: reason=unstable_if action=reinterpret pc=0x0000021d6f22eec4 method=org.apache.maven.model.validation.DefaultModelValidator.isValidIdCharacter(C)Z @ 51

Classes redefined (0 events):
No events

Internal exceptions (10 events):
Event: 0.059 Thread 0x0000021d6d131800 Exception <a 'java/security/PrivilegedActionException'> (0x000000076bc55a48) thrown at [C:\jenkins\workspace\8-2-build-windows-x64-cygwin\jdk8u361\3183\hotspot\src\share\vm\prims\jvm.cpp, line 1513]
Event: 0.135 Thread 0x0000021d6d131800 Exception <a 'java/security/PrivilegedActionException'> (0x000000076c1c42e0) thrown at [C:\jenkins\workspace\8-2-build-windows-x64-cygwin\jdk8u361\3183\hotspot\src\share\vm\prims\jvm.cpp, line 1513]
Event: 0.135 Thread 0x0000021d6d131800 Exception <a 'java/security/PrivilegedActionException'> (0x000000076c1c46d8) thrown at [C:\jenkins\workspace\8-2-build-windows-x64-cygwin\jdk8u361\3183\hotspot\src\share\vm\prims\jvm.cpp, line 1513]
Event: 1.057 Thread 0x0000021d6d131800 Exception <a 'java/lang/NoClassDefFoundError': com/google/inject/servlet/ServletModuleTargetVisitor> (0x000000076cb8f070) thrown at [C:\jenkins\workspace\8-2-build-windows-x64-cygwin\jdk8u361\3183\hotspot\src\share\vm\classfile\systemDictionary.cpp, line 
Event: 1.057 Thread 0x0000021d6d131800 Exception <a 'java/lang/NoClassDefFoundError'> (0x000000076cb8f070) thrown at [C:\jenkins\workspace\8-2-build-windows-x64-cygwin\jdk8u361\3183\hotspot\src\share\vm\prims\jvm.cpp, line 1517]
Event: 1.057 Thread 0x0000021d6d131800 Exception <a 'java/lang/NoClassDefFoundError': javax/annotation/Priority> (0x000000076cb93c08) thrown at [C:\jenkins\workspace\8-2-build-windows-x64-cygwin\jdk8u361\3183\hotspot\src\share\vm\classfile\systemDictionary.cpp, line 201]
Event: 1.109 Thread 0x0000021d6d131800 Implicit null exception at 0x0000021d6ed7abd8 to 0x0000021d6ed7adc5
Event: 1.180 Thread 0x0000021d6d131800 Implicit null exception at 0x0000021d6edd0c56 to 0x0000021d6edd1009
Event: 1.180 Thread 0x0000021d6d131800 Implicit null exception at 0x0000021d6ed931d6 to 0x0000021d6ed93585
Event: 1.294 Thread 0x0000021d6d131800 Implicit null exception at 0x0000021d6f1ec06f to 0x0000021d6f1ed351

Events (10 events):
Event: 1.406 loading class java/util/TreeMap$ValueIterator
Event: 1.406 loading class java/util/TreeMap$ValueIterator done
Event: 1.406 loading class org/apache/maven/plugin/DefaultPluginDescriptorCache$CacheKey
Event: 1.406 loading class org/apache/maven/plugin/DefaultPluginDescriptorCache$CacheKey done
Event: 1.409 loading class org/apache/maven/repository/internal/DefaultModelCache
Event: 1.409 loading class org/apache/maven/repository/internal/DefaultModelCache done
Event: 1.409 loading class org/apache/maven/repository/internal/DefaultModelResolver
Event: 1.409 loading class org/apache/maven/repository/internal/DefaultModelResolver done
Event: 1.411 loading class org/apache/maven/model/io/xpp3/MavenXpp3Reader
Event: 1.411 loading class org/apache/maven/model/io/xpp3/MavenXpp3Reader done


Dynamic libraries:
0x00007ff771500000 - 0x00007ff771547000 	C:\Program Files\Java\jdk1.8.0_361\bin\java.exe
0x00007ffa08070000 - 0x00007ffa08288000 	C:\WINDOWS\SYSTEM32\ntdll.dll
0x00007ffa05f70000 - 0x00007ffa06034000 	C:\WINDOWS\System32\KERNEL32.DLL
0x00007ffa052b0000 - 0x00007ffa05683000 	C:\WINDOWS\System32\KERNELBASE.dll
0x00007ffa06c10000 - 0x00007ffa06cc1000 	C:\WINDOWS\System32\ADVAPI32.dll
0x00007ffa06db0000 - 0x00007ffa06e57000 	C:\WINDOWS\System32\msvcrt.dll
0x00007ffa06ce0000 - 0x00007ffa06d88000 	C:\WINDOWS\System32\sechost.dll
0x00007ffa05b40000 - 0x00007ffa05b68000 	C:\WINDOWS\System32\bcrypt.dll
0x00007ffa05d90000 - 0x00007ffa05ea8000 	C:\WINDOWS\System32\RPCRT4.dll
0x00007ffa062c0000 - 0x00007ffa06472000 	C:\WINDOWS\System32\USER32.dll
0x00007ffa057c0000 - 0x00007ffa057e6000 	C:\WINDOWS\System32\win32u.dll
0x00007ffa07b60000 - 0x00007ffa07b89000 	C:\WINDOWS\System32\GDI32.dll
0x00007ffa05690000 - 0x00007ffa057b3000 	C:\WINDOWS\System32\gdi32full.dll
0x00007ffa05aa0000 - 0x00007ffa05b3a000 	C:\WINDOWS\System32\msvcp_win.dll
0x00007ffa05b70000 - 0x00007ffa05c81000 	C:\WINDOWS\System32\ucrtbase.dll
0x00007ff9ecba0000 - 0x00007ff9ece3c000 	C:\WINDOWS\WinSxS\amd64_microsoft.windows.common-controls_6595b64144ccf1df_6.0.22621.6060_none_2712eda17382d24b\COMCTL32.dll
0x00007ffa05eb0000 - 0x00007ffa05ee1000 	C:\WINDOWS\System32\IMM32.DLL
0x00007ff9fbee0000 - 0x00007ff9fbef5000 	C:\Program Files\Java\jdk1.8.0_361\jre\bin\vcruntime140.dll
0x00007ff9ad0b0000 - 0x00007ff9ad14b000 	C:\Program Files\Java\jdk1.8.0_361\jre\bin\msvcp140.dll
0x00000000537d0000 - 0x0000000054033000 	C:\Program Files\Java\jdk1.8.0_361\jre\bin\server\jvm.dll
0x00007ffa07b90000 - 0x00007ffa07b98000 	C:\WINDOWS\System32\PSAPI.DLL
0x00007ff9e7790000 - 0x00007ff9e7799000 	C:\WINDOWS\SYSTEM32\WSOCK32.dll
0x00007ff9fe890000 - 0x00007ff9fe89a000 	C:\WINDOWS\SYSTEM32\VERSION.dll
0x00007ffa01760000 - 0x00007ffa01794000 	C:\WINDOWS\SYSTEM32\WINMM.dll
0x00007ffa05d10000 - 0x00007ffa05d81000 	C:\WINDOWS\System32\WS2_32.dll
0x00007ffa041b0000 - 0x00007ffa041c8000 	C:\WINDOWS\SYSTEM32\kernel.appcore.dll
0x00007ff9fce00000 - 0x00007ff9fce10000 	C:\Program Files\Java\jdk1.8.0_361\jre\bin\verify.dll
0x00007ff9a7450000 - 0x00007ff9a747b000 	C:\Program Files\Java\jdk1.8.0_361\jre\bin\java.dll
0x00007ff9a62d0000 - 0x00007ff9a6300000 	C:\Program Files\Java\jdk1.8.0_361\jre\bin\instrument.dll
0x00007ff9dc8c0000 - 0x00007ff9dc8d8000 	C:\Program Files\Java\jdk1.8.0_361\jre\bin\zip.dll
0x00007ffa071b0000 - 0x00007ffa07a4e000 	C:\WINDOWS\System32\SHELL32.dll
0x00007ffa05170000 - 0x00007ffa052af000 	C:\WINDOWS\System32\wintypes.dll
0x00007ffa066a0000 - 0x00007ffa06a32000 	C:\WINDOWS\System32\combase.dll
0x00007ffa03050000 - 0x00007ffa03968000 	C:\WINDOWS\SYSTEM32\windows.storage.dll
0x00007ffa07a50000 - 0x00007ffa07b54000 	C:\WINDOWS\System32\SHCORE.dll
0x00007ffa06040000 - 0x00007ffa060a9000 	C:\WINDOWS\System32\shlwapi.dll
0x00007ffa050a0000 - 0x00007ffa050c5000 	C:\WINDOWS\SYSTEM32\profapi.dll
0x00007ff9d43d0000 - 0x00007ff9d43ea000 	D:\IntelliJ IDEA 2021.2.2\bin\breakgen64.dll
0x00007ff9ab530000 - 0x00007ff9ab54c000 	C:\Program Files\Java\jdk1.8.0_361\jre\bin\net.dll
0x00007ffa04710000 - 0x00007ffa04779000 	C:\WINDOWS\system32\mswsock.dll
0x00007ffa04960000 - 0x00007ffa0497b000 	C:\WINDOWS\SYSTEM32\CRYPTSP.dll
0x00007ffa04110000 - 0x00007ffa04147000 	C:\WINDOWS\system32\rsaenh.dll
0x00007ffa04800000 - 0x00007ffa04828000 	C:\WINDOWS\SYSTEM32\USERENV.dll
0x00007ffa057f0000 - 0x00007ffa0586b000 	C:\WINDOWS\System32\bcryptprimitives.dll
0x00007ffa04980000 - 0x00007ffa0498c000 	C:\WINDOWS\SYSTEM32\CRYPTBASE.dll
0x00007ffa03c60000 - 0x00007ffa03c8d000 	C:\WINDOWS\SYSTEM32\IPHLPAPI.DLL
0x00007ffa06cd0000 - 0x00007ffa06cd9000 	C:\WINDOWS\System32\NSI.dll
0x00007ff9fee50000 - 0x00007ff9fee69000 	C:\WINDOWS\SYSTEM32\dhcpcsvc6.DLL
0x00007ff9fee30000 - 0x00007ff9fee4f000 	C:\WINDOWS\SYSTEM32\dhcpcsvc.DLL
0x00007ffa03c90000 - 0x00007ffa03d88000 	C:\WINDOWS\SYSTEM32\DNSAPI.dll
0x00007ff9ab210000 - 0x00007ff9ab223000 	C:\Program Files\Java\jdk1.8.0_361\jre\bin\nio.dll
0x00007ff9b18f0000 - 0x00007ff9b18fa000 	C:\Users\11371\AppData\Local\Temp\jansi-1.17.1-5756089774599206913.dll
0x00007ff9afe80000 - 0x00007ff9afe8a000 	C:\Users\11371\AppData\Local\Temp\jansi-1.17.1-2667001692236634629.dll
0x00007ffa02410000 - 0x00007ffa02643000 	C:\WINDOWS\SYSTEM32\dbghelp.dll
0x00007ffa060b0000 - 0x00007ffa06188000 	C:\WINDOWS\System32\OLEAUT32.dll

VM Arguments:
jvm_args: -Dmaven.multiModuleProjectDirectory=D:\IdeaPeojects\Bot -Dmaven.home=D:\apache-maven-3.8.1 -Dclassworlds.conf=D:\apache-maven-3.8.1\bin\m2.conf -Dmaven.ext.class.path=D:\IntelliJ IDEA 2021.2.2\plugins\maven\lib\maven-event-listener.jar -javaagent:D:\IntelliJ IDEA 2021.2.2\lib\idea_rt.jar=46354:D:\IntelliJ IDEA 2021.2.2\bin -Dfile.encoding=UTF-8 
java_command: org.codehaus.classworlds.Launcher -Didea.version=2021.2.2 -s D:\apache-maven-3.8.1\conf\settings.xml -Dmaven.repo.local=D:\repo -DskipTests=true clean -P prod
java_class_path (initial): D:\apache-maven-3.8.1\boot\plexus-classworlds-2.6.0.jar;D:\apache-maven-3.8.1\boot\plexus-classworlds.license;D:\IntelliJ IDEA 2021.2.2\lib\idea_rt.jar
Launcher Type: SUN_STANDARD

Environment Variables:
JAVA_HOME=C:\Program Files\Java\jdk1.8.0_361
PATH=C:\WINDOWS\system32;C:\WINDOWS;C:\WINDOWS\System32\Wbem;C:\Program Files (x86)\Common Files\Oracle\Java\javapath;C:\Windows\System32\HWAudioDriverLibs;C:\Windows\system32;C:\Windows;C:\Windows\System32\Wbem;C:\Windows\System32\WindowsPowerShell\v1.0\;C:\Windows\System32\OpenSSH\;C:\Users\Administrator\AppData\Local\Microsoft\WindowsApps;C:\WINDOWS\System32\WindowsPowerShell\v1.0\;C:\WINDOWS\System32\OpenSSH\;%JAVA_HOME%\bin;C:\Program Files\nodejs\;C:\Program Files\Git\cmd;D:\Oracle\Instant Client\bin;C:\Program Files\TortoiseSVN\bin;D:\cursor\resources\app\bin;D:\apache-tomcat-8.5.87\bin;D:\apache-maven-3.8.1\bin;C:\Program Files\Java\jdk1.8.0_361\bin;C:\Users\11371\AppData\Local\Microsoft\WindowsApps;C:\Users\11371\AppData\Roaming\npm;C:\Program Files\nodejs\node_global;D:\Oracle\instantclient_11_2;D:\gradle-8.12.1\bin
USERNAME=11371
OS=Windows_NT
PROCESSOR_IDENTIFIER=Intel64 Family 6 Model 140 Stepping 1, GenuineIntel



---------------  S Y S T E M  ---------------

OS: Windows 11 , 64 bit Build 22621 (10.0.22621.5415)

CPU:total 8 (initial active 8) (4 cores per cpu, 2 threads per core) family 6 model 140 stepping 1, cmov, cx8, fxsr, mmx, sse, sse2, sse3, ssse3, sse4.1, sse4.2, popcnt, avx, avx2, aes, clmul, erms, 3dnowpref, lzcnt, ht, tsc, tscinvbit, bmi1, bmi2, adx

Memory: 4k page, physical 16571704k(1370300k free), swap 32158772k(3084k free)

vm_info: Java HotSpot(TM) 64-Bit Server VM (25.361-b09) for windows-amd64 JRE (1.8.0_361-b09), built on Jan  9 2023 08:38:53 by "java_re" with MS VC++ 15.9 (VS2017)

time: Wed Nov  5 10:32:33 2025
timezone: Intel64 Family 6 Model 140 Stepping 1, GenuineIntel
elapsed time: 1.433369 seconds (0d 0h 0m 1s)

