#
# There is insufficient memory for the Java Runtime Environment to continue.
# Native memory allocation (malloc) failed to allocate 1163536 bytes for Chunk::new
# Possible reasons:
#   The system is out of physical RAM or swap space
#   The process is running with CompressedOops enabled, and the Java Heap may be blocking the growth of the native heap
# Possible solutions:
#   Reduce memory load on the system
#   Increase physical memory or swap space
#   Check if swap backing store is full
#   Decrease Java heap size (-Xmx/-Xms)
#   Decrease number of Java threads
#   Decrease Java thread stack sizes (-Xss)
#   Set larger code cache with -XX:ReservedCodeCacheSize=
#   JVM is running with Zero Based Compressed Oops mode in which the Java heap is
#     placed in the first 32GB address space. The Java Heap base address is the
#     maximum limit for the native heap growth. Please use -XX:HeapBaseMinAddress
#     to set the Java Heap base and to place the Java Heap above 32GB virtual address.
# This output file may be truncated or incomplete.
#
#  Out of Memory Error (allocation.cpp:389), pid=22440, tid=0x00000000000056d8
#
# JRE version: Java(TM) SE Runtime Environment (8.0_361) (build 1.8.0_361-b09)
# Java VM: Java HotSpot(TM) 64-Bit Server VM (25.361-b09 mixed mode windows-amd64 compressed oops)
# Failed to write core dump. Minidumps are not enabled by default on client versions of Windows
#

---------------  T H R E A D  ---------------

Current thread (0x000001bd688d3000):  JavaThread "C2 CompilerThread0" daemon [_thread_in_native, id=22232, stack(0x0000004a79400000,0x0000004a79500000)]

Stack: [0x0000004a79400000,0x0000004a79500000]
Native frames: (J=compiled Java code, j=interpreted, Vv=VM code, C=native code)
V  [jvm.dll+0x3317a9]
V  [jvm.dll+0x277c4e]
V  [jvm.dll+0x27888d]
V  [jvm.dll+0x26f0d5]
V  [jvm.dll+0xd590c]
V  [jvm.dll+0xd610c]
V  [jvm.dll+0x455cd2]
V  [jvm.dll+0x490d8d]
V  [jvm.dll+0x445911]
V  [jvm.dll+0x442abb]
V  [jvm.dll+0x42d98b]
V  [jvm.dll+0xac70b]
V  [jvm.dll+0xaad6b]
V  [jvm.dll+0x23ffb2]
V  [jvm.dll+0x294a5c]
C  [ucrtbase.dll+0x29333]
C  [KERNEL32.DLL+0x1259d]
C  [ntdll.dll+0x5af78]


Current CompileTask:
C2:  36368 11108   !   4       lombok.core.AST::buildWithField0 (122 bytes)


---------------  P R O C E S S  ---------------

Java Threads: ( => current thread )
  0x000001bd688dd800 JavaThread "Service Thread" daemon [_thread_blocked, id=3856, stack(0x0000004a79800000,0x0000004a79900000)]
  0x000001bd688db800 JavaThread "C1 CompilerThread3" daemon [_thread_blocked, id=19640, stack(0x0000004a79700000,0x0000004a79800000)]
  0x000001bd688d7000 JavaThread "C2 CompilerThread2" daemon [_thread_in_native, id=25592, stack(0x0000004a79600000,0x0000004a79700000)]
  0x000001bd688d4800 JavaThread "C2 CompilerThread1" daemon [_thread_in_native, id=13824, stack(0x0000004a79500000,0x0000004a79600000)]
=>0x000001bd688d3000 JavaThread "C2 CompilerThread0" daemon [_thread_in_native, id=22232, stack(0x0000004a79400000,0x0000004a79500000)]
  0x000001bd66b8e000 JavaThread "Monitor Ctrl-Break" daemon [_thread_in_native, id=23016, stack(0x0000004a79300000,0x0000004a79400000)]
  0x000001bd66b5a800 JavaThread "Attach Listener" daemon [_thread_blocked, id=21156, stack(0x0000004a79200000,0x0000004a79300000)]
  0x000001bd66b59000 JavaThread "Signal Dispatcher" daemon [_thread_blocked, id=29608, stack(0x0000004a79100000,0x0000004a79200000)]
  0x000001bd66ae9800 JavaThread "Finalizer" daemon [_thread_blocked, id=13656, stack(0x0000004a79000000,0x0000004a79100000)]
  0x000001bd66ae1800 JavaThread "Reference Handler" daemon [_thread_blocked, id=15464, stack(0x0000004a78f00000,0x0000004a79000000)]
  0x000001bd4bf50000 JavaThread "main" [_thread_in_Java, id=14436, stack(0x0000004a78500000,0x0000004a78600000)]

Other Threads:
  0x000001bd66ab7800 VMThread [stack: 0x0000004a78e00000,0x0000004a78f00000] [id=5644]
  0x000001bd688f9800 WatcherThread [stack: 0x0000004a79900000,0x0000004a79a00000] [id=28992]

VM state:not at safepoint (normal execution)

VM Mutex/Monitor currently owned by a thread: None

heap address: 0x00000006c3200000, size: 4046 MB, Compressed Oops mode: Zero based, Oop shift amount: 3
Narrow klass base: 0x0000000000000000, Narrow klass shift: 3
Compressed class space size: 1073741824 Address: 0x00000007c0000000

Heap:
 PSYoungGen      total 516608K, used 77923K [0x000000076bb80000, 0x0000000795300000, 0x00000007c0000000)
  eden space 481280K, 13% used [0x000000076bb80000,0x000000076fd1cc28,0x0000000789180000)
  from space 35328K, 30% used [0x0000000789180000,0x0000000789bfc148,0x000000078b400000)
  to   space 34304K, 0% used [0x0000000793180000,0x0000000793180000,0x0000000795300000)
 ParOldGen       total 187392K, used 62860K [0x00000006c3200000, 0x00000006ce900000, 0x000000076bb80000)
  object space 187392K, 33% used [0x00000006c3200000,0x00000006c6f63180,0x00000006ce900000)
 Metaspace       used 35220K, capacity 36264K, committed 36568K, reserved 1081344K
  class space    used 3871K, capacity 4244K, committed 4352K, reserved 1048576K

Card table byte_map: [0x000001bd5cca0000,0x000001bd5d490000] byte_map_base: 0x000001bd59687000

Marking Bits: (ParMarkBitMap*) 0x0000000053fbb090
 Begin Bits: [0x000001bd5d9e0000, 0x000001bd61918000)
 End Bits:   [0x000001bd61918000, 0x000001bd65850000)

Polling page: 0x000001bd4c0d0000

CodeCache: size=245760Kb used=32976Kb max_used=33757Kb free=212784Kb
 bounds [0x000001bd4d8e0000, 0x000001bd4fa10000, 0x000001bd5c8e0000]
 total_blobs=8493 nmethods=8026 adapters=377
 compilation: enabled

Compilation events (10 events):
Event: 36.176 Thread 0x000001bd688db800 11121       3       com.sun.tools.javac.comp.Check::instance (26 bytes)
Event: 36.176 Thread 0x000001bd688db800 nmethod 11121 0x000001bd4f11be90 code [0x000001bd4f11c020, 0x000001bd4f11c380]
Event: 36.285 Thread 0x000001bd688db800 11124       3       lombok.core.LombokNode::top (8 bytes)
Event: 36.286 Thread 0x000001bd688db800 nmethod 11124 0x000001bd4e91d2d0 code [0x000001bd4e91d440, 0x000001bd4e91d6f0]
Event: 36.286 Thread 0x000001bd688db800 11125   !   3       lombok.javac.HandlerLibrary::handleAnnotation (238 bytes)
Event: 36.288 Thread 0x000001bd688db800 nmethod 11125 0x000001bd4e11f6d0 code [0x000001bd4e11fb60, 0x000001bd4e122cf0]
Event: 36.288 Thread 0x000001bd688db800 11126       3       lombok.core.LombokNode::getImportList (8 bytes)
Event: 36.288 Thread 0x000001bd688db800 nmethod 11126 0x000001bd4f11b8d0 code [0x000001bd4f11ba40, 0x000001bd4f11bcf0]
Event: 36.288 Thread 0x000001bd688db800 11127       3       java.lang.RuntimeException::<init> (5 bytes)
Event: 36.288 Thread 0x000001bd688db800 nmethod 11127 0x000001bd4f57e650 code [0x000001bd4f57e7e0, 0x000001bd4f57eb70]

GC Heap History (10 events):
Event: 25.726 GC heap before
{Heap before GC invocations=15 (full 1):
 PSYoungGen      total 283648K, used 31182K [0x000000076bb80000, 0x0000000784300000, 0x00000007c0000000)
  eden space 251392K, 6% used [0x000000076bb80000,0x000000076ca42c28,0x000000077b100000)
  from space 32256K, 49% used [0x000000077b100000,0x000000077c0b0fd0,0x000000077d080000)
  to   space 31744K, 0% used [0x0000000782400000,0x0000000782400000,0x0000000784300000)
 ParOldGen       total 122880K, used 90118K [0x00000006c3200000, 0x00000006caa00000, 0x000000076bb80000)
  object space 122880K, 73% used [0x00000006c3200000,0x00000006c8a01b90,0x00000006caa00000)
 Metaspace       used 34114K, capacity 35260K, committed 35416K, reserved 1081344K
  class space    used 3790K, capacity 4146K, committed 4224K, reserved 1048576K
Event: 25.735 GC heap after
Heap after GC invocations=15 (full 1):
 PSYoungGen      total 367616K, used 898K [0x000000076bb80000, 0x0000000785e80000, 0x00000007c0000000)
  eden space 335872K, 0% used [0x000000076bb80000,0x000000076bb80000,0x0000000780380000)
  from space 31744K, 2% used [0x0000000782400000,0x00000007824e0b90,0x0000000784300000)
  to   space 33280K, 0% used [0x0000000780380000,0x0000000780380000,0x0000000782400000)
 ParOldGen       total 122880K, used 101224K [0x00000006c3200000, 0x00000006caa00000, 0x000000076bb80000)
  object space 122880K, 82% used [0x00000006c3200000,0x00000006c94da150,0x00000006caa00000)
 Metaspace       used 34114K, capacity 35260K, committed 35416K, reserved 1081344K
  class space    used 3790K, capacity 4146K, committed 4224K, reserved 1048576K
}
Event: 25.735 GC heap before
{Heap before GC invocations=16 (full 2):
 PSYoungGen      total 367616K, used 898K [0x000000076bb80000, 0x0000000785e80000, 0x00000007c0000000)
  eden space 335872K, 0% used [0x000000076bb80000,0x000000076bb80000,0x0000000780380000)
  from space 31744K, 2% used [0x0000000782400000,0x00000007824e0b90,0x0000000784300000)
  to   space 33280K, 0% used [0x0000000780380000,0x0000000780380000,0x0000000782400000)
 ParOldGen       total 122880K, used 101224K [0x00000006c3200000, 0x00000006caa00000, 0x000000076bb80000)
  object space 122880K, 82% used [0x00000006c3200000,0x00000006c94da150,0x00000006caa00000)
 Metaspace       used 34114K, capacity 35260K, committed 35416K, reserved 1081344K
  class space    used 3790K, capacity 4146K, committed 4224K, reserved 1048576K
Event: 25.829 GC heap after
Heap after GC invocations=16 (full 2):
 PSYoungGen      total 367616K, used 0K [0x000000076bb80000, 0x0000000785e80000, 0x00000007c0000000)
  eden space 335872K, 0% used [0x000000076bb80000,0x000000076bb80000,0x0000000780380000)
  from space 31744K, 0% used [0x0000000782400000,0x0000000782400000,0x0000000784300000)
  to   space 33280K, 0% used [0x0000000780380000,0x0000000780380000,0x0000000782400000)
 ParOldGen       total 187392K, used 41964K [0x00000006c3200000, 0x00000006ce900000, 0x000000076bb80000)
  object space 187392K, 22% used [0x00000006c3200000,0x00000006c5afb200,0x00000006ce900000)
 Metaspace       used 30771K, capacity 31684K, committed 35416K, reserved 1081344K
  class space    used 3405K, capacity 3658K, committed 4224K, reserved 1048576K
}
Event: 27.470 GC heap before
{Heap before GC invocations=17 (full 2):
 PSYoungGen      total 367616K, used 335872K [0x000000076bb80000, 0x0000000785e80000, 0x00000007c0000000)
  eden space 335872K, 100% used [0x000000076bb80000,0x0000000780380000,0x0000000780380000)
  from space 31744K, 0% used [0x0000000782400000,0x0000000782400000,0x0000000784300000)
  to   space 33280K, 0% used [0x0000000780380000,0x0000000780380000,0x0000000782400000)
 ParOldGen       total 187392K, used 41964K [0x00000006c3200000, 0x00000006ce900000, 0x000000076bb80000)
  object space 187392K, 22% used [0x00000006c3200000,0x00000006c5afb200,0x00000006ce900000)
 Metaspace       used 31512K, capacity 32432K, committed 35416K, reserved 1081344K
  class space    used 3463K, capacity 3692K, committed 4224K, reserved 1048576K
Event: 27.491 GC heap after
Heap after GC invocations=17 (full 2):
 PSYoungGen      total 369152K, used 7498K [0x000000076bb80000, 0x000000078d900000, 0x00000007c0000000)
  eden space 335872K, 0% used [0x000000076bb80000,0x000000076bb80000,0x0000000780380000)
  from space 33280K, 22% used [0x0000000780380000,0x0000000780ad2b78,0x0000000782400000)
  to   space 33280K, 0% used [0x000000078b880000,0x000000078b880000,0x000000078d900000)
 ParOldGen       total 187392K, used 41972K [0x00000006c3200000, 0x00000006ce900000, 0x000000076bb80000)
  object space 187392K, 22% used [0x00000006c3200000,0x00000006c5afd200,0x00000006ce900000)
 Metaspace       used 31512K, capacity 32432K, committed 35416K, reserved 1081344K
  class space    used 3463K, capacity 3692K, committed 4224K, reserved 1048576K
}
Event: 30.633 GC heap before
{Heap before GC invocations=18 (full 2):
 PSYoungGen      total 369152K, used 343370K [0x000000076bb80000, 0x000000078d900000, 0x00000007c0000000)
  eden space 335872K, 100% used [0x000000076bb80000,0x0000000780380000,0x0000000780380000)
  from space 33280K, 22% used [0x0000000780380000,0x0000000780ad2b78,0x0000000782400000)
  to   space 33280K, 0% used [0x000000078b880000,0x000000078b880000,0x000000078d900000)
 ParOldGen       total 187392K, used 41972K [0x00000006c3200000, 0x00000006ce900000, 0x000000076bb80000)
  object space 187392K, 22% used [0x00000006c3200000,0x00000006c5afd200,0x00000006ce900000)
 Metaspace       used 32070K, capacity 33088K, committed 35416K, reserved 1081344K
  class space    used 3503K, capacity 3806K, committed 4224K, reserved 1048576K
Event: 30.659 GC heap after
Heap after GC invocations=18 (full 2):
 PSYoungGen      total 512000K, used 25910K [0x000000076bb80000, 0x000000078d680000, 0x00000007c0000000)
  eden space 481280K, 0% used [0x000000076bb80000,0x000000076bb80000,0x0000000789180000)
  from space 30720K, 84% used [0x000000078b880000,0x000000078d1cda68,0x000000078d680000)
  to   space 35328K, 0% used [0x0000000789180000,0x0000000789180000,0x000000078b400000)
 ParOldGen       total 187392K, used 48695K [0x00000006c3200000, 0x00000006ce900000, 0x000000076bb80000)
  object space 187392K, 25% used [0x00000006c3200000,0x00000006c618df18,0x00000006ce900000)
 Metaspace       used 32070K, capacity 33088K, committed 35416K, reserved 1081344K
  class space    used 3503K, capacity 3806K, committed 4224K, reserved 1048576K
}
Event: 35.925 GC heap before
{Heap before GC invocations=19 (full 2):
 PSYoungGen      total 512000K, used 507190K [0x000000076bb80000, 0x000000078d680000, 0x00000007c0000000)
  eden space 481280K, 100% used [0x000000076bb80000,0x0000000789180000,0x0000000789180000)
  from space 30720K, 84% used [0x000000078b880000,0x000000078d1cda68,0x000000078d680000)
  to   space 35328K, 0% used [0x0000000789180000,0x0000000789180000,0x000000078b400000)
 ParOldGen       total 187392K, used 48695K [0x00000006c3200000, 0x00000006ce900000, 0x000000076bb80000)
  object space 187392K, 25% used [0x00000006c3200000,0x00000006c618df18,0x00000006ce900000)
 Metaspace       used 33916K, capacity 35014K, committed 35416K, reserved 1081344K
  class space    used 3711K, capacity 4082K, committed 4224K, reserved 1048576K
Event: 35.945 GC heap after
Heap after GC invocations=19 (full 2):
 PSYoungGen      total 516608K, used 10736K [0x000000076bb80000, 0x0000000795300000, 0x00000007c0000000)
  eden space 481280K, 0% used [0x000000076bb80000,0x000000076bb80000,0x0000000789180000)
  from space 35328K, 30% used [0x0000000789180000,0x0000000789bfc148,0x000000078b400000)
  to   space 34304K, 0% used [0x0000000793180000,0x0000000793180000,0x0000000795300000)
 ParOldGen       total 187392K, used 62860K [0x00000006c3200000, 0x00000006ce900000, 0x000000076bb80000)
  object space 187392K, 33% used [0x00000006c3200000,0x00000006c6f63180,0x00000006ce900000)
 Metaspace       used 33916K, capacity 35014K, committed 35416K, reserved 1081344K
  class space    used 3711K, capacity 4082K, committed 4224K, reserved 1048576K
}

Deoptimization events (10 events):
Event: 34.755 Thread 0x000001bd4bf50000 Uncommon trap: reason=class_check action=maybe_recompile pc=0x000001bd4ebe80c0 method=org.apache.maven.repository.internal.ArtifactDescriptorReaderDelegate.convert(Lorg/apache/maven/model/Dependency;Lorg/eclipse/aether/artifact/ArtifactTypeRegistry;)Lorg/
Event: 34.755 Thread 0x000001bd4bf50000 Uncommon trap: reason=class_check action=maybe_recompile pc=0x000001bd4ebe80c0 method=org.apache.maven.repository.internal.ArtifactDescriptorReaderDelegate.convert(Lorg/apache/maven/model/Dependency;Lorg/eclipse/aether/artifact/ArtifactTypeRegistry;)Lorg/
Event: 34.755 Thread 0x000001bd4bf50000 Uncommon trap: reason=class_check action=maybe_recompile pc=0x000001bd4ebe80c0 method=org.apache.maven.repository.internal.ArtifactDescriptorReaderDelegate.convert(Lorg/apache/maven/model/Dependency;Lorg/eclipse/aether/artifact/ArtifactTypeRegistry;)Lorg/
Event: 35.018 Thread 0x000001bd4bf50000 Uncommon trap: reason=unstable_if action=reinterpret pc=0x000001bd4f244fac method=org.codehaus.plexus.util.SelectorUtils.match([C[CZ)Z @ 166
Event: 35.033 Thread 0x000001bd4bf50000 Uncommon trap: reason=unstable_if action=reinterpret pc=0x000001bd4ed18254 method=java.io.BufferedReader.read()I @ 19
Event: 35.036 Thread 0x000001bd4bf50000 Uncommon trap: reason=unstable_if action=reinterpret pc=0x000001bd4ded0ff8 method=java.io.BufferedReader.read()I @ 19
Event: 35.040 Thread 0x000001bd4bf50000 Uncommon trap: reason=unstable_if action=reinterpret pc=0x000001bd4ed6147c method=java.util.regex.Pattern$CharProperty.match(Ljava/util/regex/Matcher;ILjava/lang/CharSequence;)Z @ 40
Event: 35.269 Thread 0x000001bd4bf50000 Uncommon trap: reason=unstable_if action=reinterpret pc=0x000001bd4dbe6b70 method=com.sun.tools.javac.util.ArrayUtils.ensureCapacity([BI)[B @ 3
Event: 35.282 Thread 0x000001bd4bf50000 Uncommon trap: reason=unstable_if action=reinterpret pc=0x000001bd4f10691c method=com.sun.tools.javac.comp.Annotate.enterAttributeValue(Lcom/sun/tools/javac/code/Type;Lcom/sun/tools/javac/tree/JCTree$JCExpression;Lcom/sun/tools/javac/comp/Env;)Lcom/sun/to
Event: 35.282 Thread 0x000001bd4bf50000 Uncommon trap: reason=class_check action=maybe_recompile pc=0x000001bd4e735648 method=com.sun.tools.javac.comp.Annotate.enterAnnotation(Lcom/sun/tools/javac/tree/JCTree$JCAnnotation;Lcom/sun/tools/javac/code/Type;Lcom/sun/tools/javac/comp/Env;Z)Lcom/sun/t

Classes redefined (0 events):
No events

Internal exceptions (10 events):
Event: 24.320 Thread 0x000001bd4bf50000 Exception <a 'java/io/FileNotFoundException'> (0x0000000779048980) thrown at [C:\jenkins\workspace\8-2-build-windows-x64-cygwin\jdk8u361\3183\hotspot\src\share\vm\prims\jni.cpp, line 710]
Event: 24.471 Thread 0x000001bd4bf50000 Exception <a 'java/io/FileNotFoundException'> (0x0000000779b8bd68) thrown at [C:\jenkins\workspace\8-2-build-windows-x64-cygwin\jdk8u361\3183\hotspot\src\share\vm\prims\jni.cpp, line 710]
Event: 28.155 Thread 0x000001bd4bf50000 Exception <a 'java/io/FileNotFoundException'> (0x00000007729af430) thrown at [C:\jenkins\workspace\8-2-build-windows-x64-cygwin\jdk8u361\3183\hotspot\src\share\vm\prims\jni.cpp, line 710]
Event: 28.986 Thread 0x000001bd4bf50000 Exception <a 'java/lang/NoSuchMethodError': org.apache.maven.execution.MavenExecutionRequest.getFailureBehavior()Ljava/lang/String;> (0x00000007794f3f00) thrown at [C:\jenkins\workspace\8-2-build-windows-x64-cygwin\jdk8u361\3183\hotspot\src\share\vm\inter
Event: 29.607 Thread 0x000001bd4bf50000 Exception <a 'java/io/FileNotFoundException'> (0x000000077df0b448) thrown at [C:\jenkins\workspace\8-2-build-windows-x64-cygwin\jdk8u361\3183\hotspot\src\share\vm\prims\jni.cpp, line 710]
Event: 29.842 Thread 0x000001bd4bf50000 Exception <a 'java/io/FileNotFoundException'> (0x000000077f32e4b0) thrown at [C:\jenkins\workspace\8-2-build-windows-x64-cygwin\jdk8u361\3183\hotspot\src\share\vm\prims\jni.cpp, line 710]
Event: 33.135 Thread 0x000001bd4bf50000 Exception <a 'java/io/FileNotFoundException'> (0x000000077deecd40) thrown at [C:\jenkins\workspace\8-2-build-windows-x64-cygwin\jdk8u361\3183\hotspot\src\share\vm\prims\jni.cpp, line 710]
Event: 34.598 Thread 0x000001bd4bf50000 Exception <a 'java/lang/NoSuchMethodError': org.apache.maven.execution.MavenExecutionRequest.getFailureBehavior()Ljava/lang/String;> (0x0000000783719ac8) thrown at [C:\jenkins\workspace\8-2-build-windows-x64-cygwin\jdk8u361\3183\hotspot\src\share\vm\inter
Event: 35.183 Thread 0x000001bd4bf50000 Exception <a 'java/io/FileNotFoundException'> (0x0000000787b18d80) thrown at [C:\jenkins\workspace\8-2-build-windows-x64-cygwin\jdk8u361\3183\hotspot\src\share\vm\prims\jni.cpp, line 710]
Event: 35.287 Thread 0x000001bd4bf50000 Exception <a 'java/io/FileNotFoundException'> (0x000000078852cca8) thrown at [C:\jenkins\workspace\8-2-build-windows-x64-cygwin\jdk8u361\3183\hotspot\src\share\vm\prims\jni.cpp, line 710]

Events (10 events):
Event: 36.098 Thread 0x000001bd688db800 flushing nmethod 0x000001bd4f118b10
Event: 36.098 Thread 0x000001bd688db800 flushing nmethod 0x000001bd4f119750
Event: 36.098 Thread 0x000001bd688db800 flushing nmethod 0x000001bd4f11b8d0
Event: 36.098 Thread 0x000001bd688db800 flushing nmethod 0x000001bd4f11c4d0
Event: 36.099 Thread 0x000001bd688db800 flushing nmethod 0x000001bd4f26d890
Event: 36.099 Thread 0x000001bd688db800 flushing nmethod 0x000001bd4f28ef90
Event: 36.099 Thread 0x000001bd688db800 flushing nmethod 0x000001bd4f28f2d0
Event: 36.099 Thread 0x000001bd688db800 flushing nmethod 0x000001bd4f2ce350
Event: 36.174 loading class lombok/launch/AnnotationProcessorHider$ClaimingProcessor
Event: 36.174 loading class lombok/launch/AnnotationProcessorHider$ClaimingProcessor done


Dynamic libraries:
0x00007ff720f30000 - 0x00007ff720f77000 	C:\Program Files\Java\jdk1.8.0_361\bin\java.exe
0x00007ffa08070000 - 0x00007ffa08288000 	C:\WINDOWS\SYSTEM32\ntdll.dll
0x00007ffa05f70000 - 0x00007ffa06034000 	C:\WINDOWS\System32\KERNEL32.DLL
0x00007ffa052b0000 - 0x00007ffa05683000 	C:\WINDOWS\System32\KERNELBASE.dll
0x00007ffa06c10000 - 0x00007ffa06cc1000 	C:\WINDOWS\System32\ADVAPI32.dll
0x00007ffa06db0000 - 0x00007ffa06e57000 	C:\WINDOWS\System32\msvcrt.dll
0x00007ffa06ce0000 - 0x00007ffa06d88000 	C:\WINDOWS\System32\sechost.dll
0x00007ffa05b40000 - 0x00007ffa05b68000 	C:\WINDOWS\System32\bcrypt.dll
0x00007ffa05d90000 - 0x00007ffa05ea8000 	C:\WINDOWS\System32\RPCRT4.dll
0x00007ffa062c0000 - 0x00007ffa06472000 	C:\WINDOWS\System32\USER32.dll
0x00007ffa057c0000 - 0x00007ffa057e6000 	C:\WINDOWS\System32\win32u.dll
0x00007ffa07b60000 - 0x00007ffa07b89000 	C:\WINDOWS\System32\GDI32.dll
0x00007ffa05690000 - 0x00007ffa057b3000 	C:\WINDOWS\System32\gdi32full.dll
0x00007ffa05aa0000 - 0x00007ffa05b3a000 	C:\WINDOWS\System32\msvcp_win.dll
0x00007ffa05b70000 - 0x00007ffa05c81000 	C:\WINDOWS\System32\ucrtbase.dll
0x00007ff9ecba0000 - 0x00007ff9ece3c000 	C:\WINDOWS\WinSxS\amd64_microsoft.windows.common-controls_6595b64144ccf1df_6.0.22621.6060_none_2712eda17382d24b\COMCTL32.dll
0x00007ffa05eb0000 - 0x00007ffa05ee1000 	C:\WINDOWS\System32\IMM32.DLL
0x00007ff9eef70000 - 0x00007ff9eef85000 	C:\Program Files\Java\jdk1.8.0_361\jre\bin\vcruntime140.dll
0x00007ff9abbc0000 - 0x00007ff9abc5b000 	C:\Program Files\Java\jdk1.8.0_361\jre\bin\msvcp140.dll
0x00000000537d0000 - 0x0000000054033000 	C:\Program Files\Java\jdk1.8.0_361\jre\bin\server\jvm.dll
0x00007ffa07b90000 - 0x00007ffa07b98000 	C:\WINDOWS\System32\PSAPI.DLL
0x00007ff9e7790000 - 0x00007ff9e7799000 	C:\WINDOWS\SYSTEM32\WSOCK32.dll
0x00007ff9fe890000 - 0x00007ff9fe89a000 	C:\WINDOWS\SYSTEM32\VERSION.dll
0x00007ffa05d10000 - 0x00007ffa05d81000 	C:\WINDOWS\System32\WS2_32.dll
0x00007ffa01760000 - 0x00007ffa01794000 	C:\WINDOWS\SYSTEM32\WINMM.dll
0x00007ffa041b0000 - 0x00007ffa041c8000 	C:\WINDOWS\SYSTEM32\kernel.appcore.dll
0x00007ff9fcd70000 - 0x00007ff9fcd80000 	C:\Program Files\Java\jdk1.8.0_361\jre\bin\verify.dll
0x00007ff9d4400000 - 0x00007ff9d442b000 	C:\Program Files\Java\jdk1.8.0_361\jre\bin\java.dll
0x00007ff9d2d40000 - 0x00007ff9d2d70000 	C:\Program Files\Java\jdk1.8.0_361\jre\bin\instrument.dll
0x00007ff9d9450000 - 0x00007ff9d9468000 	C:\Program Files\Java\jdk1.8.0_361\jre\bin\zip.dll
0x00007ffa071b0000 - 0x00007ffa07a4e000 	C:\WINDOWS\System32\SHELL32.dll
0x00007ffa05170000 - 0x00007ffa052af000 	C:\WINDOWS\System32\wintypes.dll
0x00007ffa066a0000 - 0x00007ffa06a32000 	C:\WINDOWS\System32\combase.dll
0x00007ffa03050000 - 0x00007ffa03968000 	C:\WINDOWS\SYSTEM32\windows.storage.dll
0x00007ffa07a50000 - 0x00007ffa07b54000 	C:\WINDOWS\System32\SHCORE.dll
0x00007ffa06040000 - 0x00007ffa060a9000 	C:\WINDOWS\System32\shlwapi.dll
0x00007ffa050a0000 - 0x00007ffa050c5000 	C:\WINDOWS\SYSTEM32\profapi.dll
0x00007ff9f4f80000 - 0x00007ff9f4f9a000 	D:\IntelliJ IDEA 2021.2.2\bin\breakgen64.dll
0x00007ff9d8a70000 - 0x00007ff9d8a8c000 	C:\Program Files\Java\jdk1.8.0_361\jre\bin\net.dll
0x00007ffa04710000 - 0x00007ffa04779000 	C:\WINDOWS\system32\mswsock.dll
0x00007ffa04960000 - 0x00007ffa0497b000 	C:\WINDOWS\SYSTEM32\CRYPTSP.dll
0x00007ffa04110000 - 0x00007ffa04147000 	C:\WINDOWS\system32\rsaenh.dll
0x00007ffa04800000 - 0x00007ffa04828000 	C:\WINDOWS\SYSTEM32\USERENV.dll
0x00007ffa057f0000 - 0x00007ffa0586b000 	C:\WINDOWS\System32\bcryptprimitives.dll
0x00007ffa04980000 - 0x00007ffa0498c000 	C:\WINDOWS\SYSTEM32\CRYPTBASE.dll
0x00007ffa03c60000 - 0x00007ffa03c8d000 	C:\WINDOWS\SYSTEM32\IPHLPAPI.DLL
0x00007ffa06cd0000 - 0x00007ffa06cd9000 	C:\WINDOWS\System32\NSI.dll
0x00007ff9fee50000 - 0x00007ff9fee69000 	C:\WINDOWS\SYSTEM32\dhcpcsvc6.DLL
0x00007ff9fee30000 - 0x00007ff9fee4f000 	C:\WINDOWS\SYSTEM32\dhcpcsvc.DLL
0x00007ffa03c90000 - 0x00007ffa03d88000 	C:\WINDOWS\SYSTEM32\DNSAPI.dll
0x00007ff9d8a50000 - 0x00007ff9d8a63000 	C:\Program Files\Java\jdk1.8.0_361\jre\bin\nio.dll
0x00007ff9f4b00000 - 0x00007ff9f4b0a000 	C:\Users\11371\AppData\Local\Temp\jansi-1.17.1-5881947245923032088.dll
0x00007ff9f4490000 - 0x00007ff9f449a000 	C:\Users\11371\AppData\Local\Temp\jansi-1.17.1-2804334883840759530.dll
0x00007ff9f2d90000 - 0x00007ff9f2d9d000 	C:\Program Files\Java\jdk1.8.0_361\jre\bin\management.dll
0x00007ff9d3260000 - 0x00007ff9d3293000 	C:\Program Files (x86)\Sangfor\SSL\ClientComponent\SangforNspX64.dll
0x00007ffa06500000 - 0x00007ffa066a0000 	C:\WINDOWS\System32\ole32.dll
0x00007ffa060b0000 - 0x00007ffa06188000 	C:\WINDOWS\System32\OLEAUT32.dll
0x00007ff9d3240000 - 0x00007ff9d3257000 	C:\WINDOWS\system32\napinsp.dll
0x00007ff9d3220000 - 0x00007ff9d323b000 	C:\WINDOWS\system32\pnrpnsp.dll
0x00007ff9d31f0000 - 0x00007ff9d3211000 	C:\WINDOWS\system32\nlansp_c.dll
0x00007ff9d31d0000 - 0x00007ff9d31e1000 	C:\WINDOWS\System32\winrnr.dll
0x00007ff9fe360000 - 0x00007ff9fe375000 	C:\WINDOWS\system32\wshbth.dll
0x00007ff9bc510000 - 0x00007ff9bc68a000 	C:\Program Files (x86)\Sangfor\SSL\ClientComponent\SangforTcpX64.dll
0x00007ffa05c90000 - 0x00007ffa05d0c000 	C:\WINDOWS\System32\WINTRUST.dll
0x00007ffa05930000 - 0x00007ffa05a98000 	C:\WINDOWS\System32\CRYPT32.dll
0x00007ffa049c0000 - 0x00007ffa049d2000 	C:\WINDOWS\SYSTEM32\MSASN1.dll
0x00007ff9fe8a0000 - 0x00007ff9fe8aa000 	C:\Windows\System32\rasadhlp.dll
0x00007ff9fe230000 - 0x00007ff9fe2b4000 	C:\WINDOWS\System32\fwpuclnt.dll
0x00007ffa02410000 - 0x00007ffa02643000 	C:\WINDOWS\SYSTEM32\dbghelp.dll

VM Arguments:
jvm_args: -Dmaven.multiModuleProjectDirectory=D:\IdeaPeojects\Bot -Dmaven.home=D:\apache-maven-3.8.1 -Dclassworlds.conf=D:\apache-maven-3.8.1\bin\m2.conf -Dmaven.ext.class.path=D:\IntelliJ IDEA 2021.2.2\plugins\maven\lib\maven-event-listener.jar -javaagent:D:\IntelliJ IDEA 2021.2.2\lib\idea_rt.jar=4754:D:\IntelliJ IDEA 2021.2.2\bin -Dfile.encoding=UTF-8 
java_command: org.codehaus.classworlds.Launcher -Didea.version=2021.2.2 -s D:\apache-maven-3.8.1\conf\settings.xml -Dmaven.repo.local=D:\repo -DskipTests=true package -P prod
java_class_path (initial): D:\apache-maven-3.8.1\boot\plexus-classworlds-2.6.0.jar;D:\apache-maven-3.8.1\boot\plexus-classworlds.license;D:\IntelliJ IDEA 2021.2.2\lib\idea_rt.jar
Launcher Type: SUN_STANDARD

Environment Variables:
JAVA_HOME=C:\Program Files\Java\jdk1.8.0_361
PATH=C:\WINDOWS\system32;C:\WINDOWS;C:\WINDOWS\System32\Wbem;C:\Program Files (x86)\Common Files\Oracle\Java\javapath;C:\Windows\System32\HWAudioDriverLibs;C:\Windows\system32;C:\Windows;C:\Windows\System32\Wbem;C:\Windows\System32\WindowsPowerShell\v1.0\;C:\Windows\System32\OpenSSH\;C:\Users\Administrator\AppData\Local\Microsoft\WindowsApps;C:\WINDOWS\System32\WindowsPowerShell\v1.0\;C:\WINDOWS\System32\OpenSSH\;%JAVA_HOME%\bin;C:\Program Files\nodejs\;C:\Program Files\Git\cmd;D:\Oracle\Instant Client\bin;C:\Program Files\TortoiseSVN\bin;D:\cursor\resources\app\bin;D:\apache-tomcat-8.5.87\bin;D:\apache-maven-3.8.1\bin;C:\Program Files\Java\jdk1.8.0_361\bin;C:\WINDOWS\system32;C:\WINDOWS;C:\WINDOWS\System32\Wbem;C:\Users\11371\AppData\Local\Microsoft\WindowsApps;D:\apache-maven-3.8.1\bin;C:\Users\11371\AppData\Roaming\npm;C:\Program Files\nodejs\node_global;D:\Oracle\instantclient_11_2;D:\apache-tomcat-8.5.87\bin;D:\gradle-8.12.1\bin;D:\apache-maven-3.8.1\bin;
USERNAME=11371
OS=Windows_NT
PROCESSOR_IDENTIFIER=Intel64 Family 6 Model 140 Stepping 1, GenuineIntel



---------------  S Y S T E M  ---------------

OS: Windows 11 , 64 bit Build 22621 (10.0.22621.5415)

CPU:total 8 (initial active 8) (4 cores per cpu, 2 threads per core) family 6 model 140 stepping 1, cmov, cx8, fxsr, mmx, sse, sse2, sse3, ssse3, sse4.1, sse4.2, popcnt, avx, avx2, aes, clmul, erms, 3dnowpref, lzcnt, ht, tsc, tscinvbit, bmi1, bmi2, adx

Memory: 4k page, physical 16571704k(1530652k free), swap 32158772k(5252k free)

vm_info: Java HotSpot(TM) 64-Bit Server VM (25.361-b09) for windows-amd64 JRE (1.8.0_361-b09), built on Jan  9 2023 08:38:53 by "java_re" with MS VC++ 15.9 (VS2017)

time: Mon Nov 10 17:29:41 2025
timezone: Intel64 Family 6 Model 140 Stepping 1, GenuineIntel
elapsed time: 36.373952 seconds (0d 0h 0m 36s)

