#
# There is insufficient memory for the Java Runtime Environment to continue.
# Native memory allocation (malloc) failed to allocate 1103216 bytes for Chunk::new
# Possible reasons:
#   The system is out of physical RAM or swap space
#   The process is running with CompressedOops enabled, and the Java Heap may be blocking the growth of the native heap
# Possible solutions:
#   Reduce memory load on the system
#   Increase physical memory or swap space
#   Check if swap backing store is full
#   Decrease Java heap size (-Xmx/-Xms)
#   Decrease number of Java threads
#   Decrease Java thread stack sizes (-Xss)
#   Set larger code cache with -XX:ReservedCodeCacheSize=
#   JVM is running with Zero Based Compressed Oops mode in which the Java heap is
#     placed in the first 32GB address space. The Java Heap base address is the
#     maximum limit for the native heap growth. Please use -XX:HeapBaseMinAddress
#     to set the Java Heap base and to place the Java Heap above 32GB virtual address.
# This output file may be truncated or incomplete.
#
#  Out of Memory Error (allocation.cpp:389), pid=26424, tid=0x000000000000552c
#
# JRE version: Java(TM) SE Runtime Environment (8.0_361) (build 1.8.0_361-b09)
# Java VM: Java HotSpot(TM) 64-Bit Server VM (25.361-b09 mixed mode windows-amd64 compressed oops)
# Failed to write core dump. Minidumps are not enabled by default on client versions of Windows
#

---------------  T H R E A D  ---------------

Current thread (0x0000023cfc596800):  JavaThread "C2 CompilerThread0" daemon [_thread_in_native, id=21804, stack(0x0000009f54700000,0x0000009f54800000)]

Stack: [0x0000009f54700000,0x0000009f54800000]
Native frames: (J=compiled Java code, j=interpreted, Vv=VM code, C=native code)
V  [jvm.dll+0x3317a9]
V  [jvm.dll+0x277c4e]
V  [jvm.dll+0x27888d]
V  [jvm.dll+0x26f0d5]
V  [jvm.dll+0xd590c]
V  [jvm.dll+0xd610c]
V  [jvm.dll+0x473205]
V  [jvm.dll+0x43a820]
V  [jvm.dll+0x443825]
V  [jvm.dll+0x442be5]
V  [jvm.dll+0x42d98b]
V  [jvm.dll+0xac70b]
V  [jvm.dll+0xaad6b]
V  [jvm.dll+0x23ffb2]
V  [jvm.dll+0x294a5c]
C  [ucrtbase.dll+0x37b0]
C  [KERNEL32.DLL+0x2e8d7]
C  [ntdll.dll+0x8c53c]


Current CompileTask:
C2:  17924 10290   !   4       lombok.core.AST::buildWithField0 (122 bytes)


---------------  P R O C E S S  ---------------

Java Threads: ( => current thread )
  0x0000023cfc642800 JavaThread "Service Thread" daemon [_thread_blocked, id=16028, stack(0x0000009f54b00000,0x0000009f54c00000)]
  0x0000023cfc5a0800 JavaThread "C1 CompilerThread3" daemon [_thread_blocked, id=27992, stack(0x0000009f54a00000,0x0000009f54b00000)]
  0x0000023cfc598800 JavaThread "C2 CompilerThread2" daemon [_thread_in_native, id=22068, stack(0x0000009f54900000,0x0000009f54a00000)]
  0x0000023cfc597800 JavaThread "C2 CompilerThread1" daemon [_thread_in_native, id=25008, stack(0x0000009f54800000,0x0000009f54900000)]
=>0x0000023cfc596800 JavaThread "C2 CompilerThread0" daemon [_thread_in_native, id=21804, stack(0x0000009f54700000,0x0000009f54800000)]
  0x0000023cfc588800 JavaThread "Monitor Ctrl-Break" daemon [_thread_in_native, id=19000, stack(0x0000009f54600000,0x0000009f54700000)]
  0x0000023cfa823800 JavaThread "Attach Listener" daemon [_thread_blocked, id=30536, stack(0x0000009f54500000,0x0000009f54600000)]
  0x0000023cfa835000 JavaThread "Signal Dispatcher" daemon [_thread_blocked, id=24588, stack(0x0000009f54400000,0x0000009f54500000)]
  0x0000023cfa7b0800 JavaThread "Finalizer" daemon [_thread_blocked, id=19532, stack(0x0000009f54300000,0x0000009f54400000)]
  0x0000023cfa7a9000 JavaThread "Reference Handler" daemon [_thread_blocked, id=16576, stack(0x0000009f54200000,0x0000009f54300000)]
  0x0000023cdfad2000 JavaThread "main" [_thread_in_native, id=19212, stack(0x0000009f53800000,0x0000009f53900000)]

Other Threads:
  0x0000023cfa77e800 VMThread [stack: 0x0000009f54100000,0x0000009f54200000] [id=17952]
  0x0000023cfc668000 WatcherThread [stack: 0x0000009f54c00000,0x0000009f54d00000] [id=22940]

VM state:not at safepoint (normal execution)

VM Mutex/Monitor currently owned by a thread: None

heap address: 0x00000006c3200000, size: 4046 MB, Compressed Oops mode: Zero based, Oop shift amount: 3
Narrow klass base: 0x0000000000000000, Narrow klass shift: 3
Compressed class space size: 1073741824 Address: 0x00000007c0000000

Heap:
 PSYoungGen      total 501248K, used 52884K [0x000000076bb80000, 0x0000000797700000, 0x00000007c0000000)
  eden space 439296K, 4% used [0x000000076bb80000,0x000000076ccee280,0x0000000786880000)
  from space 61952K, 56% used [0x0000000786880000,0x0000000788ab6f50,0x000000078a500000)
  to   space 61440K, 0% used [0x0000000793b00000,0x0000000793b00000,0x0000000797700000)
 ParOldGen       total 203776K, used 46432K [0x00000006c3200000, 0x00000006cf900000, 0x000000076bb80000)
  object space 203776K, 22% used [0x00000006c3200000,0x00000006c5f58048,0x00000006cf900000)
 Metaspace       used 33328K, capacity 34346K, committed 35416K, reserved 1081344K
  class space    used 3662K, capacity 3967K, committed 4224K, reserved 1048576K

Card table byte_map: [0x0000023cf0ab0000,0x0000023cf12a0000] byte_map_base: 0x0000023ced497000

Marking Bits: (ParMarkBitMap*) 0x000000006b88b090
 Begin Bits: [0x0000023cf17f0000, 0x0000023cf5728000)
 End Bits:   [0x0000023cf5728000, 0x0000023cf9660000)

Polling page: 0x0000023ce1560000

CodeCache: size=245760Kb used=32252Kb max_used=32290Kb free=213507Kb
 bounds [0x0000023ce16f0000, 0x0000023ce36c0000, 0x0000023cf06f0000]
 total_blobs=8153 nmethods=7689 adapters=375
 compilation: enabled

Compilation events (10 events):
Event: 17.576 Thread 0x0000023cfc5a0800 10394       3       java.lang.ref.Reference$ReferenceHandler::run (8 bytes)
Event: 17.576 Thread 0x0000023cfc5a0800 nmethod 10394 0x0000023ce2e3bd50 code [0x0000023ce2e3bec0, 0x0000023ce2e3c090]
Event: 17.583 Thread 0x0000023cfc5a0800 10398       2       lombok.javac.JavacNode::toName (9 bytes)
Event: 17.583 Thread 0x0000023cfc5a0800 nmethod 10398 0x0000023ce2e3b710 code [0x0000023ce2e3b880, 0x0000023ce2e3ba80]
Event: 17.583 Thread 0x0000023cfc5a0800 10399       2       lombok.javac.JavacAST::toName (9 bytes)
Event: 17.583 Thread 0x0000023cfc5a0800 nmethod 10399 0x0000023ce2e3b190 code [0x0000023ce2e3b300, 0x0000023ce2e3b4e0]
Event: 17.584 Thread 0x0000023cfc5a0800 10401       1       lombok.javac.LombokOptions::getFormatPreferences (5 bytes)
Event: 17.584 Thread 0x0000023cfc5a0800 nmethod 10401 0x0000023ce2e3aed0 code [0x0000023ce2e3b020, 0x0000023ce2e3b138]
Event: 17.587 Thread 0x0000023cfc5a0800 10402       2       lombok.javac.handlers.JavacHandlerUtil::typeMatches (132 bytes)
Event: 17.588 Thread 0x0000023cfc5a0800 nmethod 10402 0x0000023ce2e39ed0 code [0x0000023ce2e3a0c0, 0x0000023ce2e3a7a0]

GC Heap History (10 events):
Event: 12.180 GC heap before
{Heap before GC invocations=11 (full 1):
 PSYoungGen      total 301568K, used 299952K [0x000000076bb80000, 0x0000000786400000, 0x00000007c0000000)
  eden space 259072K, 100% used [0x000000076bb80000,0x000000077b880000,0x000000077b880000)
  from space 42496K, 96% used [0x000000077b880000,0x000000077e06c348,0x000000077e200000)
  to   space 48128K, 0% used [0x0000000783500000,0x0000000783500000,0x0000000786400000)
 ParOldGen       total 122880K, used 44880K [0x00000006c3200000, 0x00000006caa00000, 0x000000076bb80000)
  object space 122880K, 36% used [0x00000006c3200000,0x00000006c5dd4310,0x00000006caa00000)
 Metaspace       used 33029K, capacity 34160K, committed 34176K, reserved 1079296K
  class space    used 3671K, capacity 3968K, committed 3968K, reserved 1048576K
Event: 12.230 GC heap after
Heap after GC invocations=11 (full 1):
 PSYoungGen      total 379392K, used 48116K [0x000000076bb80000, 0x0000000787680000, 0x00000007c0000000)
  eden space 331264K, 0% used [0x000000076bb80000,0x000000076bb80000,0x000000077ff00000)
  from space 48128K, 99% used [0x0000000783500000,0x00000007863fd130,0x0000000786400000)
  to   space 55296K, 0% used [0x000000077ff00000,0x000000077ff00000,0x0000000783500000)
 ParOldGen       total 122880K, used 46374K [0x00000006c3200000, 0x00000006caa00000, 0x000000076bb80000)
  object space 122880K, 37% used [0x00000006c3200000,0x00000006c5f499f8,0x00000006caa00000)
 Metaspace       used 33029K, capacity 34160K, committed 34176K, reserved 1079296K
  class space    used 3671K, capacity 3968K, committed 3968K, reserved 1048576K
}
Event: 13.590 GC heap before
{Heap before GC invocations=12 (full 1):
 PSYoungGen      total 379392K, used 173242K [0x000000076bb80000, 0x0000000787680000, 0x00000007c0000000)
  eden space 331264K, 37% used [0x000000076bb80000,0x00000007735b1888,0x000000077ff00000)
  from space 48128K, 99% used [0x0000000783500000,0x00000007863fd130,0x0000000786400000)
  to   space 55296K, 0% used [0x000000077ff00000,0x000000077ff00000,0x0000000783500000)
 ParOldGen       total 122880K, used 46374K [0x00000006c3200000, 0x00000006caa00000, 0x000000076bb80000)
  object space 122880K, 37% used [0x00000006c3200000,0x00000006c5f499f8,0x00000006caa00000)
 Metaspace       used 34186K, capacity 35264K, committed 35416K, reserved 1081344K
  class space    used 3797K, capacity 4146K, committed 4224K, reserved 1048576K
Event: 13.620 GC heap after
Heap after GC invocations=12 (full 1):
 PSYoungGen      total 386560K, used 50835K [0x000000076bb80000, 0x000000078e100000, 0x00000007c0000000)
  eden space 331264K, 0% used [0x000000076bb80000,0x000000076bb80000,0x000000077ff00000)
  from space 55296K, 91% used [0x000000077ff00000,0x00000007830a4c20,0x0000000783500000)
  to   space 61440K, 0% used [0x000000078a500000,0x000000078a500000,0x000000078e100000)
 ParOldGen       total 122880K, used 56366K [0x00000006c3200000, 0x00000006caa00000, 0x000000076bb80000)
  object space 122880K, 45% used [0x00000006c3200000,0x00000006c690ba48,0x00000006caa00000)
 Metaspace       used 34186K, capacity 35264K, committed 35416K, reserved 1081344K
  class space    used 3797K, capacity 4146K, committed 4224K, reserved 1048576K
}
Event: 13.620 GC heap before
{Heap before GC invocations=13 (full 2):
 PSYoungGen      total 386560K, used 50835K [0x000000076bb80000, 0x000000078e100000, 0x00000007c0000000)
  eden space 331264K, 0% used [0x000000076bb80000,0x000000076bb80000,0x000000077ff00000)
  from space 55296K, 91% used [0x000000077ff00000,0x00000007830a4c20,0x0000000783500000)
  to   space 61440K, 0% used [0x000000078a500000,0x000000078a500000,0x000000078e100000)
 ParOldGen       total 122880K, used 56366K [0x00000006c3200000, 0x00000006caa00000, 0x000000076bb80000)
  object space 122880K, 45% used [0x00000006c3200000,0x00000006c690ba48,0x00000006caa00000)
 Metaspace       used 34186K, capacity 35264K, committed 35416K, reserved 1081344K
  class space    used 3797K, capacity 4146K, committed 4224K, reserved 1048576K
Event: 13.688 GC heap after
Heap after GC invocations=13 (full 2):
 PSYoungGen      total 386560K, used 0K [0x000000076bb80000, 0x000000078e100000, 0x00000007c0000000)
  eden space 331264K, 0% used [0x000000076bb80000,0x000000076bb80000,0x000000077ff00000)
  from space 55296K, 0% used [0x000000077ff00000,0x000000077ff00000,0x0000000783500000)
  to   space 61440K, 0% used [0x000000078a500000,0x000000078a500000,0x000000078e100000)
 ParOldGen       total 203776K, used 46416K [0x00000006c3200000, 0x00000006cf900000, 0x000000076bb80000)
  object space 203776K, 22% used [0x00000006c3200000,0x00000006c5f54048,0x00000006cf900000)
 Metaspace       used 30831K, capacity 31688K, committed 35416K, reserved 1081344K
  class space    used 3411K, capacity 3658K, committed 4224K, reserved 1048576K
}
Event: 14.707 GC heap before
{Heap before GC invocations=14 (full 2):
 PSYoungGen      total 386560K, used 331264K [0x000000076bb80000, 0x000000078e100000, 0x00000007c0000000)
  eden space 331264K, 100% used [0x000000076bb80000,0x000000077ff00000,0x000000077ff00000)
  from space 55296K, 0% used [0x000000077ff00000,0x000000077ff00000,0x0000000783500000)
  to   space 61440K, 0% used [0x000000078a500000,0x000000078a500000,0x000000078e100000)
 ParOldGen       total 203776K, used 46416K [0x00000006c3200000, 0x00000006cf900000, 0x000000076bb80000)
  object space 203776K, 22% used [0x00000006c3200000,0x00000006c5f54048,0x00000006cf900000)
 Metaspace       used 31494K, capacity 32372K, committed 35416K, reserved 1081344K
  class space    used 3462K, capacity 3692K, committed 4224K, reserved 1048576K
Event: 14.717 GC heap after
Heap after GC invocations=14 (full 2):
 PSYoungGen      total 500736K, used 7775K [0x000000076bb80000, 0x000000078ec80000, 0x00000007c0000000)
  eden space 439296K, 0% used [0x000000076bb80000,0x000000076bb80000,0x0000000786880000)
  from space 61440K, 12% used [0x000000078a500000,0x000000078ac97d40,0x000000078e100000)
  to   space 61952K, 0% used [0x0000000786880000,0x0000000786880000,0x000000078a500000)
 ParOldGen       total 203776K, used 46424K [0x00000006c3200000, 0x00000006cf900000, 0x000000076bb80000)
  object space 203776K, 22% used [0x00000006c3200000,0x00000006c5f56048,0x00000006cf900000)
 Metaspace       used 31494K, capacity 32372K, committed 35416K, reserved 1081344K
  class space    used 3462K, capacity 3692K, committed 4224K, reserved 1048576K
}
Event: 17.534 GC heap before
{Heap before GC invocations=15 (full 2):
 PSYoungGen      total 500736K, used 447071K [0x000000076bb80000, 0x000000078ec80000, 0x00000007c0000000)
  eden space 439296K, 100% used [0x000000076bb80000,0x0000000786880000,0x0000000786880000)
  from space 61440K, 12% used [0x000000078a500000,0x000000078ac97d40,0x000000078e100000)
  to   space 61952K, 0% used [0x0000000786880000,0x0000000786880000,0x000000078a500000)
 ParOldGen       total 203776K, used 46424K [0x00000006c3200000, 0x00000006cf900000, 0x000000076bb80000)
  object space 203776K, 22% used [0x00000006c3200000,0x00000006c5f56048,0x00000006cf900000)
 Metaspace       used 33273K, capacity 34340K, committed 35416K, reserved 1081344K
  class space    used 3656K, capacity 3966K, committed 4224K, reserved 1048576K
Event: 17.572 GC heap after
Heap after GC invocations=15 (full 2):
 PSYoungGen      total 501248K, used 35035K [0x000000076bb80000, 0x0000000797700000, 0x00000007c0000000)
  eden space 439296K, 0% used [0x000000076bb80000,0x000000076bb80000,0x0000000786880000)
  from space 61952K, 56% used [0x0000000786880000,0x0000000788ab6f50,0x000000078a500000)
  to   space 61440K, 0% used [0x0000000793b00000,0x0000000793b00000,0x0000000797700000)
 ParOldGen       total 203776K, used 46432K [0x00000006c3200000, 0x00000006cf900000, 0x000000076bb80000)
  object space 203776K, 22% used [0x00000006c3200000,0x00000006c5f58048,0x00000006cf900000)
 Metaspace       used 33273K, capacity 34340K, committed 35416K, reserved 1081344K
  class space    used 3656K, capacity 3966K, committed 4224K, reserved 1048576K
}

Deoptimization events (10 events):
Event: 15.990 Thread 0x0000023cdfad2000 Uncommon trap: reason=class_check action=maybe_recompile pc=0x0000023ce2c6ec0c method=java.io.BufferedWriter.flushBuffer()V @ 34
Event: 16.370 Thread 0x0000023cdfad2000 Uncommon trap: reason=unstable_if action=reinterpret pc=0x0000023ce1a75438 method=com.sun.tools.javac.parser.UnicodeReader.scanCommentChar()V @ 10
Event: 16.370 Thread 0x0000023cdfad2000 Uncommon trap: reason=unstable_if action=reinterpret pc=0x0000023ce281dc98 method=com.sun.tools.javac.parser.UnicodeReader.scanCommentChar()V @ 10
Event: 16.426 Thread 0x0000023cdfad2000 Uncommon trap: reason=array_check action=maybe_recompile pc=0x0000023ce1817990 method=java.util.ComparableTimSort.binarySort([Ljava/lang/Object;III)V @ 183
Event: 16.608 Thread 0x0000023cdfad2000 Uncommon trap: reason=class_check action=maybe_recompile pc=0x0000023ce2fd0510 method=com.sun.tools.javac.comp.Annotate.enterAnnotation(Lcom/sun/tools/javac/tree/JCTree$JCAnnotation;Lcom/sun/tools/javac/code/Type;Lcom/sun/tools/javac/comp/Env;Z)Lcom/sun/t
Event: 16.609 Thread 0x0000023cdfad2000 Uncommon trap: reason=unstable_if action=reinterpret pc=0x0000023ce25003b8 method=com.sun.tools.javac.comp.MemberEnter.actualEnterAnnotations(Lcom/sun/tools/javac/util/List;Lcom/sun/tools/javac/comp/Env;Lcom/sun/tools/javac/code/Symbol;)V @ 258
Event: 16.611 Thread 0x0000023cdfad2000 Uncommon trap: reason=unstable_if action=reinterpret pc=0x0000023ce2f20be4 method=com.sun.tools.javac.comp.MemberEnter.actualEnterAnnotations(Lcom/sun/tools/javac/util/List;Lcom/sun/tools/javac/comp/Env;Lcom/sun/tools/javac/code/Symbol;)V @ 258
Event: 16.614 Thread 0x0000023cdfad2000 Uncommon trap: reason=unstable_if action=reinterpret pc=0x0000023ce28d370c method=com.sun.tools.javac.code.TypeAnnotations.annotationType(Lcom/sun/tools/javac/code/Attribute$Compound;Lcom/sun/tools/javac/code/Symbol;)Lcom/sun/tools/javac/code/TypeAnnotati
Event: 16.614 Thread 0x0000023cdfad2000 Uncommon trap: reason=unstable_if action=reinterpret pc=0x0000023ce30b2300 method=com.sun.tools.javac.comp.Check.annotationApplicable(Lcom/sun/tools/javac/tree/JCTree$JCAnnotation;Lcom/sun/tools/javac/code/Symbol;)Z @ 282
Event: 17.220 Thread 0x0000023cdfad2000 Uncommon trap: reason=class_check action=maybe_recompile pc=0x0000023ce22b85c0 method=java.util.Collections$UnmodifiableMap.size()I @ 4

Classes redefined (0 events):
No events

Internal exceptions (10 events):
Event: 7.306 Thread 0x0000023cdfad2000 Exception <a 'java/io/FileNotFoundException'> (0x00000007766c4038) thrown at [C:\jenkins\workspace\8-2-build-windows-x64-cygwin\jdk8u361\3183\hotspot\src\share\vm\prims\jni.cpp, line 710]
Event: 7.502 Thread 0x0000023cdfad2000 Exception <a 'java/io/FileNotFoundException'> (0x000000076c5eed00) thrown at [C:\jenkins\workspace\8-2-build-windows-x64-cygwin\jdk8u361\3183\hotspot\src\share\vm\prims\jni.cpp, line 710]
Event: 10.654 Thread 0x0000023cdfad2000 Exception <a 'java/io/FileNotFoundException'> (0x00000007715ab8d0) thrown at [C:\jenkins\workspace\8-2-build-windows-x64-cygwin\jdk8u361\3183\hotspot\src\share\vm\prims\jni.cpp, line 710]
Event: 12.236 Thread 0x0000023cdfad2000 Exception <a 'java/lang/NoSuchMethodError': org.apache.maven.execution.MavenExecutionRequest.getFailureBehavior()Ljava/lang/String;> (0x000000076bc92e28) thrown at [C:\jenkins\workspace\8-2-build-windows-x64-cygwin\jdk8u361\3183\hotspot\src\share\vm\inter
Event: 12.842 Thread 0x0000023cdfad2000 Exception <a 'java/io/FileNotFoundException'> (0x00000007706050f8) thrown at [C:\jenkins\workspace\8-2-build-windows-x64-cygwin\jdk8u361\3183\hotspot\src\share\vm\prims\jni.cpp, line 710]
Event: 12.946 Thread 0x0000023cdfad2000 Exception <a 'java/io/FileNotFoundException'> (0x0000000771125ad8) thrown at [C:\jenkins\workspace\8-2-build-windows-x64-cygwin\jdk8u361\3183\hotspot\src\share\vm\prims\jni.cpp, line 710]
Event: 15.274 Thread 0x0000023cdfad2000 Exception <a 'java/io/FileNotFoundException'> (0x0000000772ce2348) thrown at [C:\jenkins\workspace\8-2-build-windows-x64-cygwin\jdk8u361\3183\hotspot\src\share\vm\prims\jni.cpp, line 710]
Event: 15.975 Thread 0x0000023cdfad2000 Exception <a 'java/lang/NoSuchMethodError': org.apache.maven.execution.MavenExecutionRequest.getFailureBehavior()Ljava/lang/String;> (0x00000007798619a8) thrown at [C:\jenkins\workspace\8-2-build-windows-x64-cygwin\jdk8u361\3183\hotspot\src\share\vm\inter
Event: 16.424 Thread 0x0000023cdfad2000 Exception <a 'java/io/FileNotFoundException'> (0x000000077e236f48) thrown at [C:\jenkins\workspace\8-2-build-windows-x64-cygwin\jdk8u361\3183\hotspot\src\share\vm\prims\jni.cpp, line 710]
Event: 16.621 Thread 0x0000023cdfad2000 Exception <a 'java/io/FileNotFoundException'> (0x000000077f656000) thrown at [C:\jenkins\workspace\8-2-build-windows-x64-cygwin\jdk8u361\3183\hotspot\src\share\vm\prims\jni.cpp, line 710]

Events (10 events):
Event: 17.573 Executing VM operation: RevokeBias
Event: 17.573 Executing VM operation: RevokeBias done
Event: 17.573 Executing VM operation: RevokeBias
Event: 17.573 Executing VM operation: RevokeBias done
Event: 17.573 Executing VM operation: RevokeBias
Event: 17.573 Executing VM operation: RevokeBias done
Event: 17.573 Executing VM operation: RevokeBias
Event: 17.574 Executing VM operation: RevokeBias done
Event: 17.574 Executing VM operation: RevokeBias
Event: 17.574 Executing VM operation: RevokeBias done


Dynamic libraries:
0x00007ff719950000 - 0x00007ff719997000 	C:\Program Files\Java\jdk1.8.0_361\bin\java.exe
0x00007ff8e2d40000 - 0x00007ff8e2fa8000 	C:\WINDOWS\SYSTEM32\ntdll.dll
0x00007ff8e1760000 - 0x00007ff8e1829000 	C:\WINDOWS\System32\KERNEL32.DLL
0x00007ff8e03c0000 - 0x00007ff8e07b8000 	C:\WINDOWS\System32\KERNELBASE.dll
0x00007ff8e16a0000 - 0x00007ff8e1754000 	C:\WINDOWS\System32\ADVAPI32.dll
0x00007ff8e1f90000 - 0x00007ff8e2039000 	C:\WINDOWS\System32\msvcrt.dll
0x00007ff8e1560000 - 0x00007ff8e1606000 	C:\WINDOWS\System32\sechost.dll
0x00007ff8e20c0000 - 0x00007ff8e21d8000 	C:\WINDOWS\System32\RPCRT4.dll
0x00007ff8e1ba0000 - 0x00007ff8e1d67000 	C:\WINDOWS\System32\USER32.dll
0x00007ff8e07c0000 - 0x00007ff8e07e7000 	C:\WINDOWS\System32\win32u.dll
0x00007ff8e1830000 - 0x00007ff8e185b000 	C:\WINDOWS\System32\GDI32.dll
0x00007ff8dffd0000 - 0x00007ff8e00fc000 	C:\WINDOWS\System32\gdi32full.dll
0x00007ff8e08b0000 - 0x00007ff8e0953000 	C:\WINDOWS\System32\msvcp_win.dll
0x00007ff8e0100000 - 0x00007ff8e024b000 	C:\WINDOWS\System32\ucrtbase.dll
0x00007ff8c24a0000 - 0x00007ff8c2734000 	C:\WINDOWS\WinSxS\amd64_microsoft.windows.common-controls_6595b64144ccf1df_6.0.26100.7019_none_3e06ffa0e335b8a8\COMCTL32.dll
0x00007ff8e0d70000 - 0x00007ff8e0da1000 	C:\WINDOWS\System32\IMM32.DLL
0x00007ff8d43c0000 - 0x00007ff8d43d5000 	C:\Program Files\Java\jdk1.8.0_361\jre\bin\vcruntime140.dll
0x00007ff89a860000 - 0x00007ff89a8fb000 	C:\Program Files\Java\jdk1.8.0_361\jre\bin\msvcp140.dll
0x000000006b0a0000 - 0x000000006b903000 	C:\Program Files\Java\jdk1.8.0_361\jre\bin\server\jvm.dll
0x00007ff8e2770000 - 0x00007ff8e2778000 	C:\WINDOWS\System32\PSAPI.DLL
0x00007ff8dc570000 - 0x00007ff8dc5a5000 	C:\WINDOWS\SYSTEM32\WINMM.dll
0x00007ff8c95f0000 - 0x00007ff8c95fa000 	C:\WINDOWS\SYSTEM32\WSOCK32.dll
0x00007ff8d3aa0000 - 0x00007ff8d3aab000 	C:\WINDOWS\SYSTEM32\VERSION.dll
0x00007ff8e1940000 - 0x00007ff8e19b4000 	C:\WINDOWS\System32\WS2_32.dll
0x00007ff8dec50000 - 0x00007ff8dec6b000 	C:\WINDOWS\SYSTEM32\kernel.appcore.dll
0x00007ff8d4570000 - 0x00007ff8d4580000 	C:\Program Files\Java\jdk1.8.0_361\jre\bin\verify.dll
0x00007ff8b1530000 - 0x00007ff8b155b000 	C:\Program Files\Java\jdk1.8.0_361\jre\bin\java.dll
0x00007ff8ab5f0000 - 0x00007ff8ab620000 	C:\Program Files\Java\jdk1.8.0_361\jre\bin\instrument.dll
0x00007ff8b9820000 - 0x00007ff8b9838000 	C:\Program Files\Java\jdk1.8.0_361\jre\bin\zip.dll
0x00007ff8e0db0000 - 0x00007ff8e14ff000 	C:\WINDOWS\System32\SHELL32.dll
0x00007ff8e0250000 - 0x00007ff8e03bb000 	C:\WINDOWS\System32\wintypes.dll
0x00007ff8e21e0000 - 0x00007ff8e256b000 	C:\WINDOWS\System32\combase.dll
0x00007ff8ddad0000 - 0x00007ff8de32d000 	C:\WINDOWS\SYSTEM32\windows.storage.dll
0x00007ff8e0c70000 - 0x00007ff8e0d62000 	C:\WINDOWS\System32\SHCORE.dll
0x00007ff8e0bf0000 - 0x00007ff8e0c57000 	C:\WINDOWS\System32\shlwapi.dll
0x00007ff8dfdb0000 - 0x00007ff8dfdd9000 	C:\WINDOWS\SYSTEM32\profapi.dll
0x00007ff8b4e00000 - 0x00007ff8b4e1a000 	D:\IntelliJ IDEA 2021.2.2\bin\breakgen64.dll
0x00007ff8b1480000 - 0x00007ff8b149c000 	C:\Program Files\Java\jdk1.8.0_361\jre\bin\net.dll
0x00007ff8df1c0000 - 0x00007ff8df22b000 	C:\WINDOWS\system32\mswsock.dll
0x00007ff8df480000 - 0x00007ff8df49b000 	C:\WINDOWS\SYSTEM32\CRYPTSP.dll
0x00007ff8debb0000 - 0x00007ff8debea000 	C:\WINDOWS\system32\rsaenh.dll
0x00007ff8df270000 - 0x00007ff8df29b000 	C:\WINDOWS\SYSTEM32\USERENV.dll
0x00007ff8dfd80000 - 0x00007ff8dfdaa000 	C:\WINDOWS\SYSTEM32\bcrypt.dll
0x00007ff8dff20000 - 0x00007ff8dffc5000 	C:\WINDOWS\System32\bcryptprimitives.dll
0x00007ff8df4a0000 - 0x00007ff8df4ac000 	C:\WINDOWS\SYSTEM32\CRYPTBASE.dll
0x00007ff8de660000 - 0x00007ff8de694000 	C:\WINDOWS\SYSTEM32\IPHLPAPI.DLL
0x00007ff8e0ae0000 - 0x00007ff8e0aea000 	C:\WINDOWS\System32\NSI.dll
0x00007ff8d1530000 - 0x00007ff8d154e000 	C:\WINDOWS\SYSTEM32\dhcpcsvc6.DLL
0x00007ff8d1500000 - 0x00007ff8d1523000 	C:\WINDOWS\SYSTEM32\dhcpcsvc.DLL
0x00007ff8de6f0000 - 0x00007ff8de81c000 	C:\WINDOWS\SYSTEM32\DNSAPI.dll
0x00007ff8ab5d0000 - 0x00007ff8ab5e3000 	C:\Program Files\Java\jdk1.8.0_361\jre\bin\nio.dll
0x00007ff8c2160000 - 0x00007ff8c216a000 	C:\Users\11371\AppData\Local\Temp\jansi-1.17.1-4101569845315862981.dll
0x00007ff8c1b50000 - 0x00007ff8c1b5a000 	C:\Users\11371\AppData\Local\Temp\jansi-1.17.1-2842109696460360326.dll
0x00007ff8c1600000 - 0x00007ff8c160d000 	C:\Program Files\Java\jdk1.8.0_361\jre\bin\management.dll
0x00007ff8bb920000 - 0x00007ff8bb938000 	C:\WINDOWS\system32\napinsp.dll
0x00007ff8bb900000 - 0x00007ff8bb912000 	C:\WINDOWS\System32\winrnr.dll
0x00007ff8bb390000 - 0x00007ff8bb3b2000 	C:\WINDOWS\system32\nlansp_c.dll
0x00007ff8d1b40000 - 0x00007ff8d1b56000 	C:\WINDOWS\system32\wshbth.dll
0x00007ff8a64d0000 - 0x00007ff8a664a000 	C:\Program Files (x86)\Sangfor\SSL\ClientComponent\1_SangforTcpX64.dll
0x00007ff8e1d70000 - 0x00007ff8e1f07000 	C:\WINDOWS\System32\ole32.dll
0x00007ff8e1860000 - 0x00007ff8e1937000 	C:\WINDOWS\System32\OLEAUT32.dll
0x00007ff8dfe90000 - 0x00007ff8dff0f000 	C:\WINDOWS\System32\WINTRUST.dll
0x00007ff8e0960000 - 0x00007ff8e0ad7000 	C:\WINDOWS\System32\CRYPT32.dll
0x00007ff8df4f0000 - 0x00007ff8df503000 	C:\WINDOWS\SYSTEM32\MSASN1.dll
0x00007ff8d11d0000 - 0x00007ff8d11db000 	C:\Windows\System32\rasadhlp.dll
0x00007ff8d1b60000 - 0x00007ff8d1be6000 	C:\WINDOWS\System32\fwpuclnt.dll
0x00007ff8dd2f0000 - 0x00007ff8dd532000 	C:\WINDOWS\SYSTEM32\dbghelp.dll

VM Arguments:
jvm_args: -Dmaven.multiModuleProjectDirectory=D:\IdeaPeojects\Bot -Dmaven.home=D:\apache-maven-3.8.1 -Dclassworlds.conf=D:\apache-maven-3.8.1\bin\m2.conf -Dmaven.ext.class.path=D:\IntelliJ IDEA 2021.2.2\plugins\maven\lib\maven-event-listener.jar -javaagent:D:\IntelliJ IDEA 2021.2.2\lib\idea_rt.jar=47865:D:\IntelliJ IDEA 2021.2.2\bin -Dfile.encoding=UTF-8 
java_command: org.codehaus.classworlds.Launcher -Didea.version=2021.2.2 -s D:\apache-maven-3.8.1\conf\settings.xml -Dmaven.repo.local=D:\repo -DskipTests=true package -P prod
java_class_path (initial): D:\apache-maven-3.8.1\boot\plexus-classworlds-2.6.0.jar;D:\apache-maven-3.8.1\boot\plexus-classworlds.license;D:\IntelliJ IDEA 2021.2.2\lib\idea_rt.jar
Launcher Type: SUN_STANDARD

Environment Variables:
JAVA_HOME=C:\Program Files\Java\jdk1.8.0_361
PATH=C:\Python314\Scripts\;C:\Python314\;C:\WINDOWS\system32;C:\WINDOWS;C:\WINDOWS\System32\Wbem;C:\Program Files (x86)\Common Files\Oracle\Java\javapath;C:\Windows\System32\HWAudioDriverLibs;C:\Windows\system32;C:\Windows;C:\Windows\System32\Wbem;C:\Windows\System32\WindowsPowerShell\v1.0\;C:\Windows\System32\OpenSSH\;C:\Users\Administrator\AppData\Local\Microsoft\WindowsApps;C:\WINDOWS\System32\WindowsPowerShell\v1.0\;C:\WINDOWS\System32\OpenSSH\;%JAVA_HOME%\bin;C:\Program Files\Git\cmd;D:\Oracle\Instant Client\bin;C:\Program Files\TortoiseSVN\bin;D:\apache-tomcat-8.5.87\bin;D:\apache-maven-3.8.1\bin;C:\Program Files\nodejs\;C:\ProgramData\chocolatey\bin;C:\Users\11371\AppData\Local\Programs\Python\Python311\Scripts\;C:\Users\11371\AppData\Local\Programs\Python\Python311\;C:\Users\11371\AppData\Local\Programs\Python\Launcher\;C:\Program Files\Java\jdk1.8.0_361\bin;C:\WINDOWS\system32;C:\WINDOWS;C:\WINDOWS\System32\Wbem;C:\Users\11371\AppData\Local\Microsoft\WindowsApps;D:\apache-maven-3.8.1\bin;C:\Program Files\nodejs\node_global;D:\Oracle\instantclient_11_2;D:\apache-tomcat-8.5.87\bin;D:\gradle-8.12.1\bin;D:\apache-maven-3.8.1\bin;D:\Windsurf\bin;D:\Qoder\bin;C:\Users\11371\AppData\Roaming\npm;
USERNAME=11371
OS=Windows_NT
PROCESSOR_IDENTIFIER=Intel64 Family 6 Model 140 Stepping 1, GenuineIntel



---------------  S Y S T E M  ---------------

OS: Windows 11 , 64 bit Build 26100 (10.0.26100.7019)

CPU:total 8 (initial active 8) (4 cores per cpu, 2 threads per core) family 6 model 140 stepping 1, cmov, cx8, fxsr, mmx, sse, sse2, sse3, ssse3, sse4.1, sse4.2, popcnt, avx, avx2, aes, clmul, erms, 3dnowpref, lzcnt, ht, tsc, tscinvbit, bmi1, bmi2, adx

Memory: 4k page, physical 16571704k(1670568k free), swap 32158772k(36680k free)

vm_info: Java HotSpot(TM) 64-Bit Server VM (25.361-b09) for windows-amd64 JRE (1.8.0_361-b09), built on Jan  9 2023 08:38:53 by "java_re" with MS VC++ 15.9 (VS2017)

time: Wed Nov 26 17:22:28 2025
timezone: Intel64 Family 6 Model 140 Stepping 1, GenuineIntel
elapsed time: 17.930560 seconds (0d 0h 0m 17s)

