#
# There is insufficient memory for the Java Runtime Environment to continue.
# Native memory allocation (malloc) failed to allocate 1106256 bytes for Chunk::new
# Possible reasons:
#   The system is out of physical RAM or swap space
#   The process is running with CompressedOops enabled, and the Java Heap may be blocking the growth of the native heap
# Possible solutions:
#   Reduce memory load on the system
#   Increase physical memory or swap space
#   Check if swap backing store is full
#   Decrease Java heap size (-Xmx/-Xms)
#   Decrease number of Java threads
#   Decrease Java thread stack sizes (-Xss)
#   Set larger code cache with -XX:ReservedCodeCacheSize=
#   JVM is running with Zero Based Compressed Oops mode in which the Java heap is
#     placed in the first 32GB address space. The Java Heap base address is the
#     maximum limit for the native heap growth. Please use -XX:HeapBaseMinAddress
#     to set the Java Heap base and to place the Java Heap above 32GB virtual address.
# This output file may be truncated or incomplete.
#
#  Out of Memory Error (allocation.cpp:389), pid=15172, tid=0x0000000000002c98
#
# JRE version: Java(TM) SE Runtime Environment (8.0_361) (build 1.8.0_361-b09)
# Java VM: Java HotSpot(TM) 64-Bit Server VM (25.361-b09 mixed mode windows-amd64 compressed oops)
# Failed to write core dump. Minidumps are not enabled by default on client versions of Windows
#

---------------  T H R E A D  ---------------

Current thread (0x000001a798fa0000):  JavaThread "C2 CompilerThread2" daemon [_thread_in_native, id=11416, stack(0x00000030eb300000,0x00000030eb400000)]

Stack: [0x00000030eb300000,0x00000030eb400000]
Native frames: (J=compiled Java code, j=interpreted, Vv=VM code, C=native code)
V  [jvm.dll+0x3317a9]
V  [jvm.dll+0x277c4e]
V  [jvm.dll+0x27888d]
V  [jvm.dll+0x26f0d5]
V  [jvm.dll+0xd590c]
V  [jvm.dll+0xd610c]
V  [jvm.dll+0x4731b3]
V  [jvm.dll+0x43a6e3]
V  [jvm.dll+0x443825]
V  [jvm.dll+0x442be5]
V  [jvm.dll+0x42d98b]
V  [jvm.dll+0xac70b]
V  [jvm.dll+0xaad6b]
V  [jvm.dll+0x23ffb2]
V  [jvm.dll+0x294a5c]
C  [ucrtbase.dll+0x37b0]
C  [KERNEL32.DLL+0x2e8d7]
C  [ntdll.dll+0x8c53c]


Current CompileTask:
C2:   9697 7557   !   4       lombok.javac.JavacAST::drill (146 bytes)


---------------  P R O C E S S  ---------------

Java Threads: ( => current thread )
  0x000001a798f92000 JavaThread "Service Thread" daemon [_thread_blocked, id=33556, stack(0x00000030eb500000,0x00000030eb600000)]
  0x000001a798fa3000 JavaThread "C1 CompilerThread3" daemon [_thread_blocked, id=23500, stack(0x00000030eb400000,0x00000030eb500000)]
=>0x000001a798fa0000 JavaThread "C2 CompilerThread2" daemon [_thread_in_native, id=11416, stack(0x00000030eb300000,0x00000030eb400000)]
  0x000001a798f9f000 JavaThread "C2 CompilerThread1" daemon [_thread_in_native, id=2624, stack(0x00000030eb200000,0x00000030eb300000)]
  0x000001a798f9c800 JavaThread "C2 CompilerThread0" daemon [_thread_in_native, id=16520, stack(0x00000030eb100000,0x00000030eb200000)]
  0x000001a798f90800 JavaThread "Monitor Ctrl-Break" daemon [_thread_in_native, id=33736, stack(0x00000030eb000000,0x00000030eb100000)]
  0x000001a7ffb03000 JavaThread "Attach Listener" daemon [_thread_blocked, id=9540, stack(0x00000030eaf00000,0x00000030eb000000)]
  0x000001a7ffb08000 JavaThread "Signal Dispatcher" daemon [_thread_blocked, id=27700, stack(0x00000030eae00000,0x00000030eaf00000)]
  0x000001a7ffaeb800 JavaThread "Finalizer" daemon [_thread_blocked, id=19316, stack(0x00000030ead00000,0x00000030eae00000)]
  0x000001a7ffad8800 JavaThread "Reference Handler" daemon [_thread_blocked, id=30696, stack(0x00000030eac00000,0x00000030ead00000)]
  0x000001a7fc5a1000 JavaThread "main" [_thread_in_vm, id=16948, stack(0x00000030ea200000,0x00000030ea300000)]

Other Threads:
  0x000001a7ffaae800 VMThread [stack: 0x00000030eab00000,0x00000030eac00000] [id=21804]
  0x000001a79905c800 WatcherThread [stack: 0x00000030eb600000,0x00000030eb700000] [id=6784]

VM state:not at safepoint (normal execution)

VM Mutex/Monitor currently owned by a thread: None

heap address: 0x00000006c3200000, size: 4046 MB, Compressed Oops mode: Zero based, Oop shift amount: 3
Narrow klass base: 0x0000000000000000, Narrow klass shift: 3
Compressed class space size: 1073741824 Address: 0x00000007c0000000

Heap:
 PSYoungGen      total 217088K, used 128366K [0x000000076bb80000, 0x0000000782280000, 0x00000007c0000000)
  eden space 190976K, 53% used [0x000000076bb80000,0x0000000771f5f340,0x0000000777600000)
  from space 26112K, 99% used [0x0000000777600000,0x0000000778f7c5f0,0x0000000778f80000)
  to   space 38912K, 0% used [0x000000077fc80000,0x000000077fc80000,0x0000000782280000)
 ParOldGen       total 117248K, used 46571K [0x00000006c3200000, 0x00000006ca480000, 0x000000076bb80000)
  object space 117248K, 39% used [0x00000006c3200000,0x00000006c5f7afb8,0x00000006ca480000)
 Metaspace       used 31867K, capacity 32926K, committed 33152K, reserved 1079296K
  class space    used 3602K, capacity 3891K, committed 3968K, reserved 1048576K

Card table byte_map: [0x000001a7fe300000,0x000001a7feaf0000] byte_map_base: 0x000001a7face7000

Marking Bits: (ParMarkBitMap*) 0x000000006b88b090
 Begin Bits: [0x000001a78f000000, 0x000001a792f38000)
 End Bits:   [0x000001a792f38000, 0x000001a796e70000)

Polling page: 0x000001a7fc550000

CodeCache: size=245760Kb used=24047Kb max_used=24047Kb free=221713Kb
 bounds [0x000001a780000000, 0x000001a7817a0000, 0x000001a78f000000]
 total_blobs=6700 nmethods=6234 adapters=375
 compilation: enabled

Compilation events (10 events):
Event: 8.946 Thread 0x000001a798fa3000 nmethod 7614 0x000001a78177b1d0 code [0x000001a78177b440, 0x000001a78177c630]
Event: 8.946 Thread 0x000001a798fa3000 7613       3       lombok.core.LombokConfiguration$3::createResolver (19 bytes)
Event: 8.946 Thread 0x000001a798fa3000 nmethod 7613 0x000001a78177cf10 code [0x000001a78177d0a0, 0x000001a78177d410]
Event: 8.949 Thread 0x000001a798fa3000 7615   !   3       lombok.permit.Permit::getField (72 bytes)
Event: 8.949 Thread 0x000001a798fa3000 nmethod 7615 0x000001a78177d590 code [0x000001a78177d840, 0x000001a78177eb30]
Event: 8.958 Thread 0x000001a798fa3000 7616   !   3       lombok.javac.JavacAST$ErrorLog::create (120 bytes)
Event: 8.959 Thread 0x000001a798fa3000 nmethod 7616 0x000001a78177f510 code [0x000001a78177f740, 0x000001a7817802b0]
Event: 8.984 Thread 0x000001a798fa3000 7617       3       lombok.core.configuration.FileSystemSourceCache::cacheClear (43 bytes)
Event: 8.985 Thread 0x000001a798fa3000 nmethod 7617 0x000001a781780950 code [0x000001a781780ae0, 0x000001a781780e60]
Event: 8.985 Thread 0x000001a798fa3000 7618   !   3       lombok.core.configuration.FileSystemSourceCache::forUri (180 bytes)

GC Heap History (10 events):
Event: 3.286 GC heap before
{Heap before GC invocations=4 (full 0):
 PSYoungGen      total 75776K, used 67791K [0x000000076bb80000, 0x0000000774f80000, 0x00000007c0000000)
  eden space 65024K, 87% used [0x000000076bb80000,0x000000076f339d70,0x000000076fb00000)
  from space 10752K, 99% used [0x000000076fb00000,0x000000077057a040,0x0000000770580000)
  to   space 10752K, 0% used [0x0000000774500000,0x0000000774500000,0x0000000774f80000)
 ParOldGen       total 173568K, used 3105K [0x00000006c3200000, 0x00000006cdb80000, 0x000000076bb80000)
  object space 173568K, 1% used [0x00000006c3200000,0x00000006c35087d8,0x00000006cdb80000)
 Metaspace       used 20729K, capacity 21172K, committed 21248K, reserved 1069056K
  class space    used 2441K, capacity 2555K, committed 2560K, reserved 1048576K
Event: 3.297 GC heap after
Heap after GC invocations=4 (full 0):
 PSYoungGen      total 140800K, used 10728K [0x000000076bb80000, 0x0000000774f80000, 0x00000007c0000000)
  eden space 130048K, 0% used [0x000000076bb80000,0x000000076bb80000,0x0000000773a80000)
  from space 10752K, 99% used [0x0000000774500000,0x0000000774f7a080,0x0000000774f80000)
  to   space 10752K, 0% used [0x0000000773a80000,0x0000000773a80000,0x0000000774500000)
 ParOldGen       total 173568K, used 6810K [0x00000006c3200000, 0x00000006cdb80000, 0x000000076bb80000)
  object space 173568K, 3% used [0x00000006c3200000,0x00000006c38a6b38,0x00000006cdb80000)
 Metaspace       used 20729K, capacity 21172K, committed 21248K, reserved 1069056K
  class space    used 2441K, capacity 2555K, committed 2560K, reserved 1048576K
}
Event: 3.297 GC heap before
{Heap before GC invocations=5 (full 1):
 PSYoungGen      total 140800K, used 10728K [0x000000076bb80000, 0x0000000774f80000, 0x00000007c0000000)
  eden space 130048K, 0% used [0x000000076bb80000,0x000000076bb80000,0x0000000773a80000)
  from space 10752K, 99% used [0x0000000774500000,0x0000000774f7a080,0x0000000774f80000)
  to   space 10752K, 0% used [0x0000000773a80000,0x0000000773a80000,0x0000000774500000)
 ParOldGen       total 173568K, used 6810K [0x00000006c3200000, 0x00000006cdb80000, 0x000000076bb80000)
  object space 173568K, 3% used [0x00000006c3200000,0x00000006c38a6b38,0x00000006cdb80000)
 Metaspace       used 20729K, capacity 21172K, committed 21248K, reserved 1069056K
  class space    used 2441K, capacity 2555K, committed 2560K, reserved 1048576K
Event: 3.343 GC heap after
Heap after GC invocations=5 (full 1):
 PSYoungGen      total 140800K, used 0K [0x000000076bb80000, 0x0000000774f80000, 0x00000007c0000000)
  eden space 130048K, 0% used [0x000000076bb80000,0x000000076bb80000,0x0000000773a80000)
  from space 10752K, 0% used [0x0000000774500000,0x0000000774500000,0x0000000774f80000)
  to   space 10752K, 0% used [0x0000000773a80000,0x0000000773a80000,0x0000000774500000)
 ParOldGen       total 117248K, used 15582K [0x00000006c3200000, 0x00000006ca480000, 0x000000076bb80000)
  object space 117248K, 13% used [0x00000006c3200000,0x00000006c4137888,0x00000006ca480000)
 Metaspace       used 20729K, capacity 21172K, committed 21248K, reserved 1069056K
  class space    used 2441K, capacity 2555K, committed 2560K, reserved 1048576K
}
Event: 5.054 GC heap before
{Heap before GC invocations=6 (full 1):
 PSYoungGen      total 140800K, used 130048K [0x000000076bb80000, 0x0000000774f80000, 0x00000007c0000000)
  eden space 130048K, 100% used [0x000000076bb80000,0x0000000773a80000,0x0000000773a80000)
  from space 10752K, 0% used [0x0000000774500000,0x0000000774500000,0x0000000774f80000)
  to   space 10752K, 0% used [0x0000000773a80000,0x0000000773a80000,0x0000000774500000)
 ParOldGen       total 117248K, used 15582K [0x00000006c3200000, 0x00000006ca480000, 0x000000076bb80000)
  object space 117248K, 13% used [0x00000006c3200000,0x00000006c4137888,0x00000006ca480000)
 Metaspace       used 25370K, capacity 26076K, committed 26496K, reserved 1073152K
  class space    used 2919K, capacity 3127K, committed 3200K, reserved 1048576K
Event: 5.073 GC heap after
Heap after GC invocations=6 (full 1):
 PSYoungGen      total 140800K, used 10731K [0x000000076bb80000, 0x000000077a600000, 0x00000007c0000000)
  eden space 130048K, 0% used [0x000000076bb80000,0x000000076bb80000,0x0000000773a80000)
  from space 10752K, 99% used [0x0000000773a80000,0x00000007744fac08,0x0000000774500000)
  to   space 23040K, 0% used [0x0000000778f80000,0x0000000778f80000,0x000000077a600000)
 ParOldGen       total 117248K, used 29124K [0x00000006c3200000, 0x00000006ca480000, 0x000000076bb80000)
  object space 117248K, 24% used [0x00000006c3200000,0x00000006c4e71308,0x00000006ca480000)
 Metaspace       used 25370K, capacity 26076K, committed 26496K, reserved 1073152K
  class space    used 2919K, capacity 3127K, committed 3200K, reserved 1048576K
}
Event: 6.003 GC heap before
{Heap before GC invocations=7 (full 1):
 PSYoungGen      total 140800K, used 140779K [0x000000076bb80000, 0x000000077a600000, 0x00000007c0000000)
  eden space 130048K, 100% used [0x000000076bb80000,0x0000000773a80000,0x0000000773a80000)
  from space 10752K, 99% used [0x0000000773a80000,0x00000007744fac08,0x0000000774500000)
  to   space 23040K, 0% used [0x0000000778f80000,0x0000000778f80000,0x000000077a600000)
 ParOldGen       total 117248K, used 29124K [0x00000006c3200000, 0x00000006ca480000, 0x000000076bb80000)
  object space 117248K, 24% used [0x00000006c3200000,0x00000006c4e71308,0x00000006ca480000)
 Metaspace       used 26277K, capacity 27080K, committed 27392K, reserved 1073152K
  class space    used 2991K, capacity 3209K, committed 3328K, reserved 1048576K
Event: 6.016 GC heap after
Heap after GC invocations=7 (full 1):
 PSYoungGen      total 214016K, used 22588K [0x000000076bb80000, 0x000000077ac80000, 0x00000007c0000000)
  eden space 190976K, 0% used [0x000000076bb80000,0x000000076bb80000,0x0000000777600000)
  from space 23040K, 98% used [0x0000000778f80000,0x000000077a58f188,0x000000077a600000)
  to   space 26112K, 0% used [0x0000000777600000,0x0000000777600000,0x0000000778f80000)
 ParOldGen       total 117248K, used 29132K [0x00000006c3200000, 0x00000006ca480000, 0x000000076bb80000)
  object space 117248K, 24% used [0x00000006c3200000,0x00000006c4e73308,0x00000006ca480000)
 Metaspace       used 26277K, capacity 27080K, committed 27392K, reserved 1073152K
  class space    used 2991K, capacity 3209K, committed 3328K, reserved 1048576K
}
Event: 8.026 GC heap before
{Heap before GC invocations=8 (full 1):
 PSYoungGen      total 214016K, used 213564K [0x000000076bb80000, 0x000000077ac80000, 0x00000007c0000000)
  eden space 190976K, 100% used [0x000000076bb80000,0x0000000777600000,0x0000000777600000)
  from space 23040K, 98% used [0x0000000778f80000,0x000000077a58f188,0x000000077a600000)
  to   space 26112K, 0% used [0x0000000777600000,0x0000000777600000,0x0000000778f80000)
 ParOldGen       total 117248K, used 29132K [0x00000006c3200000, 0x00000006ca480000, 0x000000076bb80000)
  object space 117248K, 24% used [0x00000006c3200000,0x00000006c4e73308,0x00000006ca480000)
 Metaspace       used 30621K, capacity 31560K, committed 31616K, reserved 1077248K
  class space    used 3456K, capacity 3712K, committed 3712K, reserved 1048576K
Event: 8.064 GC heap after
Heap after GC invocations=8 (full 1):
 PSYoungGen      total 217088K, used 26097K [0x000000076bb80000, 0x0000000782280000, 0x00000007c0000000)
  eden space 190976K, 0% used [0x000000076bb80000,0x000000076bb80000,0x0000000777600000)
  from space 26112K, 99% used [0x0000000777600000,0x0000000778f7c5f0,0x0000000778f80000)
  to   space 38912K, 0% used [0x000000077fc80000,0x000000077fc80000,0x0000000782280000)
 ParOldGen       total 117248K, used 46571K [0x00000006c3200000, 0x00000006ca480000, 0x000000076bb80000)
  object space 117248K, 39% used [0x00000006c3200000,0x00000006c5f7afb8,0x00000006ca480000)
 Metaspace       used 30621K, capacity 31560K, committed 31616K, reserved 1077248K
  class space    used 3456K, capacity 3712K, committed 3712K, reserved 1048576K
}

Deoptimization events (10 events):
Event: 7.912 Thread 0x000001a7fc5a1000 Uncommon trap: reason=unstable_if action=reinterpret pc=0x000001a780ee68e8 method=com.sun.tools.javac.file.JavacFileManager.listContainer(Ljava/io/File;Lcom/sun/tools/javac/file/RelativePath$RelativeDirectory;Ljava/util/Set;ZLcom/sun/tools/javac/util/List
Event: 7.913 Thread 0x000001a7fc5a1000 Uncommon trap: reason=unstable_if action=reinterpret pc=0x000001a780e3281c method=com.sun.tools.javac.file.ZipFileIndex.isUpToDate()Z @ 32
Event: 7.915 Thread 0x000001a7fc5a1000 Uncommon trap: reason=array_check action=maybe_recompile pc=0x000001a780daae78 method=java.util.ComparableTimSort.reverseRange([Ljava/lang/Object;II)V @ 20
Event: 7.954 Thread 0x000001a7fc5a1000 Uncommon trap: reason=predicate action=maybe_recompile pc=0x000001a7815fe72c method=com.sun.tools.javac.comp.Attr.visitIdent(Lcom/sun/tools/javac/tree/JCTree$JCIdent;)V @ 216
Event: 7.954 Thread 0x000001a7fc5a1000 Uncommon trap: reason=unstable_if action=reinterpret pc=0x000001a7814df744 method=com.sun.tools.javac.code.Symbol.isMemberOf(Lcom/sun/tools/javac/code/Symbol$TypeSymbol;Lcom/sun/tools/javac/code/Types;)Z @ 17
Event: 8.110 Thread 0x000001a7fc5a1000 Uncommon trap: reason=unstable_if action=reinterpret pc=0x000001a78120064c method=com.sun.tools.javac.jvm.ClassReader.setParameterNames(Lcom/sun/tools/javac/code/Symbol$MethodSymbol;Lcom/sun/tools/javac/code/Type;)V @ 158
Event: 8.123 Thread 0x000001a7fc5a1000 Uncommon trap: reason=unstable_if action=reinterpret pc=0x000001a7815707b4 method=com.sun.tools.javac.code.Types.rank(Lcom/sun/tools/javac/code/Type;)I @ 88
Event: 8.123 Thread 0x000001a7fc5a1000 Uncommon trap: reason=unstable_if action=reinterpret pc=0x000001a78138ebe0 method=com.sun.tools.javac.code.Types.rank(Lcom/sun/tools/javac/code/Type;)I @ 88
Event: 8.175 Thread 0x000001a7fc5a1000 Uncommon trap: reason=unstable_if action=reinterpret pc=0x000001a780404e28 method=java.io.BufferedReader.readLine(Z)Ljava/lang/String; @ 192
Event: 8.792 Thread 0x000001a7fc5a1000 Uncommon trap: reason=class_check action=maybe_recompile pc=0x000001a780c0ff80 method=java.util.Collections$UnmodifiableMap.size()I @ 4

Classes redefined (0 events):
No events

Internal exceptions (10 events):
Event: 5.255 Thread 0x000001a7fc5a1000 NullPointerException in IC check 0x000001a780106140
Event: 5.255 Thread 0x000001a7fc5a1000 Exception <a 'java/lang/NullPointerException'> (0x000000076e3a3378) thrown at [C:\jenkins\workspace\8-2-build-windows-x64-cygwin\jdk8u361\3183\hotspot\src\share\vm\runtime\sharedRuntime.cpp, line 609]
Event: 5.703 Thread 0x000001a7fc5a1000 Implicit null exception at 0x000001a78075f273 to 0x000001a78075fe49
Event: 5.703 Thread 0x000001a7fc5a1000 Implicit null exception at 0x000001a7803bd5db to 0x000001a7803bdaa1
Event: 5.862 Thread 0x000001a7fc5a1000 Exception <a 'java/io/FileNotFoundException'> (0x0000000772cf1030) thrown at [C:\jenkins\workspace\8-2-build-windows-x64-cygwin\jdk8u361\3183\hotspot\src\share\vm\prims\jni.cpp, line 710]
Event: 6.970 Thread 0x000001a7fc5a1000 Exception <a 'java/lang/NoSuchMethodError': org.apache.maven.execution.MavenExecutionRequest.getFailureBehavior()Ljava/lang/String;> (0x000000076fe6bf18) thrown at [C:\jenkins\workspace\8-2-build-windows-x64-cygwin\jdk8u361\3183\hotspot\src\share\vm\inter
Event: 7.732 Thread 0x000001a7fc5a1000 Implicit null exception at 0x000001a7815fc51d to 0x000001a7815fc71d
Event: 7.732 Thread 0x000001a7fc5a1000 Implicit null exception at 0x000001a781183906 to 0x000001a781183ad5
Event: 7.913 Thread 0x000001a7fc5a1000 Exception <a 'java/io/FileNotFoundException'> (0x0000000776c99320) thrown at [C:\jenkins\workspace\8-2-build-windows-x64-cygwin\jdk8u361\3183\hotspot\src\share\vm\prims\jni.cpp, line 710]
Event: 8.141 Thread 0x000001a7fc5a1000 Exception <a 'java/io/FileNotFoundException'> (0x000000076c4c1b28) thrown at [C:\jenkins\workspace\8-2-build-windows-x64-cygwin\jdk8u361\3183\hotspot\src\share\vm\prims\jni.cpp, line 710]

Events (10 events):
Event: 8.676 loading class com/sun/tools/javac/util/CancelService done
Event: 8.678 loading class com/sun/tools/javac/file/BaseFileManager
Event: 8.678 loading class com/sun/tools/javac/file/BaseFileManager done
Event: 8.786 loading class java/util/IdentityHashMap$1
Event: 8.786 loading class java/util/IdentityHashMap$1 done
Event: 8.792 Thread 0x000001a7fc5a1000 Uncommon trap: trap_request=0xffffffde fr.pc=0x000001a780c0ff80
Event: 8.792 Thread 0x000001a7fc5a1000 DEOPT PACKING pc=0x000001a780c0ff80 sp=0x00000030ea2fcb10
Event: 8.792 Thread 0x000001a7fc5a1000 DEOPT UNPACKING pc=0x000001a7800458c3 sp=0x00000030ea2fcaa0 mode 2
Event: 8.819 loading class com/sun/tools/javac/tree/JCTree$JCMemberReference$OverloadKind
Event: 8.819 loading class com/sun/tools/javac/tree/JCTree$JCMemberReference$OverloadKind done


Dynamic libraries:
0x00007ff721a20000 - 0x00007ff721a67000 	C:\Program Files\Java\jdk1.8.0_361\bin\java.exe
0x00007ff8e2d40000 - 0x00007ff8e2fa8000 	C:\WINDOWS\SYSTEM32\ntdll.dll
0x00007ff8e1760000 - 0x00007ff8e1829000 	C:\WINDOWS\System32\KERNEL32.DLL
0x00007ff8e03c0000 - 0x00007ff8e07b8000 	C:\WINDOWS\System32\KERNELBASE.dll
0x00007ff8e16a0000 - 0x00007ff8e1754000 	C:\WINDOWS\System32\ADVAPI32.dll
0x00007ff8e1f90000 - 0x00007ff8e2039000 	C:\WINDOWS\System32\msvcrt.dll
0x00007ff8e1560000 - 0x00007ff8e1606000 	C:\WINDOWS\System32\sechost.dll
0x00007ff8e20c0000 - 0x00007ff8e21d8000 	C:\WINDOWS\System32\RPCRT4.dll
0x00007ff8e1ba0000 - 0x00007ff8e1d67000 	C:\WINDOWS\System32\USER32.dll
0x00007ff8e07c0000 - 0x00007ff8e07e7000 	C:\WINDOWS\System32\win32u.dll
0x00007ff8e1830000 - 0x00007ff8e185b000 	C:\WINDOWS\System32\GDI32.dll
0x00007ff8dffd0000 - 0x00007ff8e00fc000 	C:\WINDOWS\System32\gdi32full.dll
0x00007ff8e08b0000 - 0x00007ff8e0953000 	C:\WINDOWS\System32\msvcp_win.dll
0x00007ff8e0100000 - 0x00007ff8e024b000 	C:\WINDOWS\System32\ucrtbase.dll
0x00007ff8c24a0000 - 0x00007ff8c2734000 	C:\WINDOWS\WinSxS\amd64_microsoft.windows.common-controls_6595b64144ccf1df_6.0.26100.7019_none_3e06ffa0e335b8a8\COMCTL32.dll
0x00007ff8e0d70000 - 0x00007ff8e0da1000 	C:\WINDOWS\System32\IMM32.DLL
0x00007ff8c7500000 - 0x00007ff8c7515000 	C:\Program Files\Java\jdk1.8.0_361\jre\bin\vcruntime140.dll
0x00007ff8b9ed0000 - 0x00007ff8b9f6b000 	C:\Program Files\Java\jdk1.8.0_361\jre\bin\msvcp140.dll
0x000000006b0a0000 - 0x000000006b903000 	C:\Program Files\Java\jdk1.8.0_361\jre\bin\server\jvm.dll
0x00007ff8e2770000 - 0x00007ff8e2778000 	C:\WINDOWS\System32\PSAPI.DLL
0x00007ff8c95f0000 - 0x00007ff8c95fa000 	C:\WINDOWS\SYSTEM32\WSOCK32.dll
0x00007ff8d3aa0000 - 0x00007ff8d3aab000 	C:\WINDOWS\SYSTEM32\VERSION.dll
0x00007ff8dc570000 - 0x00007ff8dc5a5000 	C:\WINDOWS\SYSTEM32\WINMM.dll
0x00007ff8e1940000 - 0x00007ff8e19b4000 	C:\WINDOWS\System32\WS2_32.dll
0x00007ff8dec50000 - 0x00007ff8dec6b000 	C:\WINDOWS\SYSTEM32\kernel.appcore.dll
0x00007ff8d0fc0000 - 0x00007ff8d0fd0000 	C:\Program Files\Java\jdk1.8.0_361\jre\bin\verify.dll
0x00007ff8c1630000 - 0x00007ff8c165b000 	C:\Program Files\Java\jdk1.8.0_361\jre\bin\java.dll
0x00007ff8c1600000 - 0x00007ff8c1630000 	C:\Program Files\Java\jdk1.8.0_361\jre\bin\instrument.dll
0x00007ff8c74b0000 - 0x00007ff8c74c8000 	C:\Program Files\Java\jdk1.8.0_361\jre\bin\zip.dll
0x00007ff8e0db0000 - 0x00007ff8e14ff000 	C:\WINDOWS\System32\SHELL32.dll
0x00007ff8e0250000 - 0x00007ff8e03bb000 	C:\WINDOWS\System32\wintypes.dll
0x00007ff8e21e0000 - 0x00007ff8e256b000 	C:\WINDOWS\System32\combase.dll
0x00007ff8ddad0000 - 0x00007ff8de32d000 	C:\WINDOWS\SYSTEM32\windows.storage.dll
0x00007ff8e0c70000 - 0x00007ff8e0d62000 	C:\WINDOWS\System32\SHCORE.dll
0x00007ff8e0bf0000 - 0x00007ff8e0c57000 	C:\WINDOWS\System32\shlwapi.dll
0x00007ff8dfdb0000 - 0x00007ff8dfdd9000 	C:\WINDOWS\SYSTEM32\profapi.dll
0x00007ff8c15e0000 - 0x00007ff8c15fa000 	D:\IntelliJ IDEA 2021.2.2\bin\breakgen64.dll
0x00007ff8c0660000 - 0x00007ff8c067c000 	C:\Program Files\Java\jdk1.8.0_361\jre\bin\net.dll
0x00007ff8df1c0000 - 0x00007ff8df22b000 	C:\WINDOWS\system32\mswsock.dll
0x00007ff8df480000 - 0x00007ff8df49b000 	C:\WINDOWS\SYSTEM32\CRYPTSP.dll
0x00007ff8debb0000 - 0x00007ff8debea000 	C:\WINDOWS\system32\rsaenh.dll
0x00007ff8df270000 - 0x00007ff8df29b000 	C:\WINDOWS\SYSTEM32\USERENV.dll
0x00007ff8dfd80000 - 0x00007ff8dfdaa000 	C:\WINDOWS\SYSTEM32\bcrypt.dll
0x00007ff8dff20000 - 0x00007ff8dffc5000 	C:\WINDOWS\System32\bcryptprimitives.dll
0x00007ff8df4a0000 - 0x00007ff8df4ac000 	C:\WINDOWS\SYSTEM32\CRYPTBASE.dll
0x00007ff8de660000 - 0x00007ff8de694000 	C:\WINDOWS\SYSTEM32\IPHLPAPI.DLL
0x00007ff8e0ae0000 - 0x00007ff8e0aea000 	C:\WINDOWS\System32\NSI.dll
0x00007ff8d1530000 - 0x00007ff8d154e000 	C:\WINDOWS\SYSTEM32\dhcpcsvc6.DLL
0x00007ff8d1500000 - 0x00007ff8d1523000 	C:\WINDOWS\SYSTEM32\dhcpcsvc.DLL
0x00007ff8de6f0000 - 0x00007ff8de81c000 	C:\WINDOWS\SYSTEM32\DNSAPI.dll
0x00007ff8bb990000 - 0x00007ff8bb9a3000 	C:\Program Files\Java\jdk1.8.0_361\jre\bin\nio.dll
0x00007ff8c0650000 - 0x00007ff8c065a000 	C:\Users\11371\AppData\Local\Temp\jansi-1.17.1-6867899082718571370.dll
0x00007ff8bb980000 - 0x00007ff8bb98a000 	C:\Users\11371\AppData\Local\Temp\jansi-1.17.1-8091891533958736046.dll
0x00007ff8bb970000 - 0x00007ff8bb97d000 	C:\Program Files\Java\jdk1.8.0_361\jre\bin\management.dll
0x00007ff8bb920000 - 0x00007ff8bb938000 	C:\WINDOWS\system32\napinsp.dll
0x00007ff8bb900000 - 0x00007ff8bb912000 	C:\WINDOWS\System32\winrnr.dll
0x00007ff8bb390000 - 0x00007ff8bb3b2000 	C:\WINDOWS\system32\nlansp_c.dll
0x00007ff8d1b40000 - 0x00007ff8d1b56000 	C:\WINDOWS\system32\wshbth.dll
0x00007ff8a64d0000 - 0x00007ff8a664a000 	C:\Program Files (x86)\Sangfor\SSL\ClientComponent\1_SangforTcpX64.dll
0x00007ff8e1d70000 - 0x00007ff8e1f07000 	C:\WINDOWS\System32\ole32.dll
0x00007ff8e1860000 - 0x00007ff8e1937000 	C:\WINDOWS\System32\OLEAUT32.dll
0x00007ff8dfe90000 - 0x00007ff8dff0f000 	C:\WINDOWS\System32\WINTRUST.dll
0x00007ff8e0960000 - 0x00007ff8e0ad7000 	C:\WINDOWS\System32\CRYPT32.dll
0x00007ff8df4f0000 - 0x00007ff8df503000 	C:\WINDOWS\SYSTEM32\MSASN1.dll
0x00007ff8d11d0000 - 0x00007ff8d11db000 	C:\Windows\System32\rasadhlp.dll
0x00007ff8d1b60000 - 0x00007ff8d1be6000 	C:\WINDOWS\System32\fwpuclnt.dll
0x00007ff8dd2f0000 - 0x00007ff8dd532000 	C:\WINDOWS\SYSTEM32\dbghelp.dll

VM Arguments:
jvm_args: -Dmaven.multiModuleProjectDirectory=D:\IdeaPeojects\Bot -Dmaven.home=D:\apache-maven-3.8.1 -Dclassworlds.conf=D:\apache-maven-3.8.1\bin\m2.conf -Dmaven.ext.class.path=D:\IntelliJ IDEA 2021.2.2\plugins\maven\lib\maven-event-listener.jar -javaagent:D:\IntelliJ IDEA 2021.2.2\lib\idea_rt.jar=31382:D:\IntelliJ IDEA 2021.2.2\bin -Dfile.encoding=UTF-8 
java_command: org.codehaus.classworlds.Launcher -Didea.version=2021.2.2 -s D:\apache-maven-3.8.1\conf\settings.xml -Dmaven.repo.local=D:\repo -DskipTests=true package -P prod
java_class_path (initial): D:\apache-maven-3.8.1\boot\plexus-classworlds-2.6.0.jar;D:\apache-maven-3.8.1\boot\plexus-classworlds.license;D:\IntelliJ IDEA 2021.2.2\lib\idea_rt.jar
Launcher Type: SUN_STANDARD

Environment Variables:
JAVA_HOME=C:\Program Files\Java\jdk1.8.0_361
PATH=C:\Python314\Scripts\;C:\Python314\;C:\WINDOWS\system32;C:\WINDOWS;C:\WINDOWS\System32\Wbem;C:\Program Files (x86)\Common Files\Oracle\Java\javapath;C:\Windows\System32\HWAudioDriverLibs;C:\Windows\system32;C:\Windows;C:\Windows\System32\Wbem;C:\Windows\System32\WindowsPowerShell\v1.0\;C:\Windows\System32\OpenSSH\;C:\Users\Administrator\AppData\Local\Microsoft\WindowsApps;C:\WINDOWS\System32\WindowsPowerShell\v1.0\;C:\WINDOWS\System32\OpenSSH\;%JAVA_HOME%\bin;C:\Program Files\Git\cmd;D:\Oracle\Instant Client\bin;C:\Program Files\TortoiseSVN\bin;D:\apache-tomcat-8.5.87\bin;D:\apache-maven-3.8.1\bin;C:\Program Files\nodejs\;C:\ProgramData\chocolatey\bin;C:\Users\11371\AppData\Local\Programs\Python\Python311\Scripts\;C:\Users\11371\AppData\Local\Programs\Python\Python311\;C:\Users\11371\AppData\Local\Programs\Python\Launcher\;C:\Program Files\Java\jdk1.8.0_361\bin;C:\WINDOWS\system32;C:\WINDOWS;C:\WINDOWS\System32\Wbem;C:\Users\11371\AppData\Local\Microsoft\WindowsApps;D:\apache-maven-3.8.1\bin;C:\Program Files\nodejs\node_global;D:\Oracle\instantclient_11_2;D:\apache-tomcat-8.5.87\bin;D:\gradle-8.12.1\bin;D:\apache-maven-3.8.1\bin;D:\Windsurf\bin;D:\Qoder\bin;C:\Users\11371\AppData\Roaming\npm;
USERNAME=11371
OS=Windows_NT
PROCESSOR_IDENTIFIER=Intel64 Family 6 Model 140 Stepping 1, GenuineIntel



---------------  S Y S T E M  ---------------

OS: Windows 11 , 64 bit Build 26100 (10.0.26100.7019)

CPU:total 8 (initial active 8) (4 cores per cpu, 2 threads per core) family 6 model 140 stepping 1, cmov, cx8, fxsr, mmx, sse, sse2, sse3, ssse3, sse4.1, sse4.2, popcnt, avx, avx2, aes, clmul, erms, 3dnowpref, lzcnt, ht, tsc, tscinvbit, bmi1, bmi2, adx

Memory: 4k page, physical 16571704k(3582128k free), swap 32158772k(49652k free)

vm_info: Java HotSpot(TM) 64-Bit Server VM (25.361-b09) for windows-amd64 JRE (1.8.0_361-b09), built on Jan  9 2023 08:38:53 by "java_re" with MS VC++ 15.9 (VS2017)

time: Fri Nov 28 16:07:04 2025
timezone: Intel64 Family 6 Model 140 Stepping 1, GenuineIntel
elapsed time: 9.707869 seconds (0d 0h 0m 9s)

