#
# There is insufficient memory for the Java Runtime Environment to continue.
# Native memory allocation (malloc) failed to allocate 181120 bytes. Error detail: Chunk::new
# Possible reasons:
#   The system is out of physical RAM or swap space
#   This process is running with CompressedOops enabled, and the Java Heap may be blocking the growth of the native heap
# Possible solutions:
#   Reduce memory load on the system
#   Increase physical memory or swap space
#   Check if swap backing store is full
#   Decrease Java heap size (-Xmx/-Xms)
#   Decrease number of Java threads
#   Decrease Java thread stack sizes (-Xss)
#   Set larger code cache with -XX:ReservedCodeCacheSize=
#   JVM is running with Unscaled Compressed Oops mode in which the Java heap is
#     placed in the first 4GB address space. The Java Heap base address is the
#     maximum limit for the native heap growth. Please use -XX:HeapBaseMinAddress
#     to set the Java Heap base and to place the Java Heap above 4GB virtual address.
# This output file may be truncated or incomplete.
#
#  Out of Memory Error (arena.cpp:168), pid=17500, tid=33400
#
# JRE version: OpenJDK Runtime Environment Temurin-21.0.9+10 (21.0.9+10) (build 21.0.9+10-LTS)
# Java VM: OpenJDK 64-Bit Server VM Temurin-21.0.9+10 (21.0.9+10-LTS, mixed mode, sharing, tiered, compressed oops, compressed class ptrs, parallel gc, windows-amd64)
# No core dump will be written. Minidumps are not enabled by default on client versions of Windows
#

---------------  S U M M A R Y ------------

Command Line: --add-modules=ALL-SYSTEM --add-opens=java.base/java.util=ALL-UNNAMED --add-opens=java.base/java.lang=ALL-UNNAMED --add-opens=java.base/sun.nio.fs=ALL-UNNAMED -Declipse.application=org.eclipse.jdt.ls.core.id1 -Dosgi.bundles.defaultStartLevel=4 -Declipse.product=org.eclipse.jdt.ls.core.product -Djava.import.generatesMetadataFilesAtProjectRoot=false -DDetectVMInstallationsJob.disabled=true -Dfile.encoding=utf8 -XX:+UseParallelGC -XX:GCTimeRatio=4 -XX:AdaptiveSizePolicyWeight=90 -Dsun.zip.disableMemoryMapping=true -Xmx2G -Xms100m -Xlog:disable -javaagent:c:\Users\11371\.qoder\extensions\redhat.java-1.50.0-win32-x64\lombok\lombok-1.18.39-4050.jar c:\Users\11371\.qoder\extensions\redhat.java-1.50.0-win32-x64\server\plugins\org.eclipse.equinox.launcher_1.7.100.v20251111-0406.jar -configuration c:\Users\11371\AppData\Roaming\Qoder\User\globalStorage\redhat.java\1.50.0\config_ss_win -data c:\Users\11371\AppData\Roaming\Qoder\User\workspaceStorage\d4adbc9f463a0530ef13eca0f25aac6f\redhat.java\ss_ws --pipe=\\.\pipe\lsp-06c1c35611fdb643dc2f5eb5a7e3e489-sock

Host: 11th Gen Intel(R) Core(TM) i5-1135G7 @ 2.40GHz, 8 cores, 15G,  Windows 11 , 64 bit Build 26100 (10.0.26100.7019)
Time: Tue Dec  2 15:26:08 2025 elapsed time: 13.363580 seconds (0d 0h 0m 13s)

---------------  T H R E A D  ---------------

Current thread (0x0000021d41b0a0d0):  JavaThread "C2 CompilerThread1" daemon [_thread_in_native, id=33400, stack(0x0000009c26f00000,0x0000009c27000000) (1024K)]


Current CompileTask:
C2:13363 1021   !   4       java.util.jar.Attributes::read (494 bytes)

Stack: [0x0000009c26f00000,0x0000009c27000000]
Native frames: (J=compiled Java code, j=interpreted, Vv=VM code, C=native code)
V  [jvm.dll+0x6d6e29]
V  [jvm.dll+0x8b4b76]
V  [jvm.dll+0x8b712e]
V  [jvm.dll+0x8b7813]
V  [jvm.dll+0x283d86]
V  [jvm.dll+0xc66ed]
V  [jvm.dll+0xc6c31]
V  [jvm.dll+0x3be53b]
V  [jvm.dll+0x1e375e]
V  [jvm.dll+0x24c0f3]
V  [jvm.dll+0x24b580]
V  [jvm.dll+0x1cb13e]
V  [jvm.dll+0x25b29d]
V  [jvm.dll+0x25982a]
V  [jvm.dll+0x3f7ea6]
V  [jvm.dll+0x85e9ad]
V  [jvm.dll+0x6d565d]
C  [ucrtbase.dll+0x37b0]
C  [KERNEL32.DLL+0x2e8d7]
C  [ntdll.dll+0x8c53c]


---------------  P R O C E S S  ---------------

Threads class SMR info:
_java_thread_list=0x0000021d41aeb460, length=13, elements={
0x0000021d68614ee0, 0x0000021d686cd8e0, 0x0000021d686ce590, 0x0000021d6858c8f0,
0x0000021d6858e850, 0x0000021d68591fd0, 0x0000021d68599f00, 0x0000021d685a1230,
0x0000021d685aa020, 0x0000021d41a06440, 0x0000021d41b0a0d0, 0x0000021d41bc39a0,
0x0000021d461035b0
}

Java Threads: ( => current thread )
  0x0000021d68614ee0 JavaThread "main"                              [_thread_in_Java, id=17184, stack(0x0000009c26200000,0x0000009c26300000) (1024K)]
  0x0000021d686cd8e0 JavaThread "Reference Handler"          daemon [_thread_blocked, id=19868, stack(0x0000009c26600000,0x0000009c26700000) (1024K)]
  0x0000021d686ce590 JavaThread "Finalizer"                  daemon [_thread_blocked, id=18460, stack(0x0000009c26700000,0x0000009c26800000) (1024K)]
  0x0000021d6858c8f0 JavaThread "Signal Dispatcher"          daemon [_thread_blocked, id=22324, stack(0x0000009c26800000,0x0000009c26900000) (1024K)]
  0x0000021d6858e850 JavaThread "Attach Listener"            daemon [_thread_blocked, id=36324, stack(0x0000009c26900000,0x0000009c26a00000) (1024K)]
  0x0000021d68591fd0 JavaThread "Service Thread"             daemon [_thread_blocked, id=29780, stack(0x0000009c26a00000,0x0000009c26b00000) (1024K)]
  0x0000021d68599f00 JavaThread "Monitor Deflation Thread"   daemon [_thread_blocked, id=22420, stack(0x0000009c26b00000,0x0000009c26c00000) (1024K)]
  0x0000021d685a1230 JavaThread "C2 CompilerThread0"         daemon [_thread_blocked, id=21768, stack(0x0000009c26c00000,0x0000009c26d00000) (1024K)]
  0x0000021d685aa020 JavaThread "C1 CompilerThread0"         daemon [_thread_blocked, id=15148, stack(0x0000009c26d00000,0x0000009c26e00000) (1024K)]
  0x0000021d41a06440 JavaThread "Common-Cleaner"             daemon [_thread_blocked, id=12272, stack(0x0000009c26e00000,0x0000009c26f00000) (1024K)]
=>0x0000021d41b0a0d0 JavaThread "C2 CompilerThread1"         daemon [_thread_in_native, id=33400, stack(0x0000009c26f00000,0x0000009c27000000) (1024K)]
  0x0000021d41bc39a0 JavaThread "Notification Thread"        daemon [_thread_blocked, id=13500, stack(0x0000009c27000000,0x0000009c27100000) (1024K)]
  0x0000021d461035b0 JavaThread "C2 CompilerThread2"         daemon [_thread_blocked, id=10712, stack(0x0000009c27100000,0x0000009c27200000) (1024K)]
Total: 13

Other Threads:
  0x0000021d686b6ba0 VMThread "VM Thread"                           [id=33460, stack(0x0000009c26500000,0x0000009c26600000) (1024K)]
  0x0000021d6849bbf0 WatcherThread "VM Periodic Task Thread"        [id=33696, stack(0x0000009c26400000,0x0000009c26500000) (1024K)]
  0x0000021d686335f0 WorkerThread "GC Thread#0"                     [id=23992, stack(0x0000009c26300000,0x0000009c26400000) (1024K)]
  0x0000021d464c9b90 WorkerThread "GC Thread#1"                     [id=13644, stack(0x0000009c27200000,0x0000009c27300000) (1024K)]
  0x0000021d464c9f30 WorkerThread "GC Thread#2"                     [id=30028, stack(0x0000009c27300000,0x0000009c27400000) (1024K)]
  0x0000021d464ca6e0 WorkerThread "GC Thread#3"                     [id=27908, stack(0x0000009c27400000,0x0000009c27500000) (1024K)]
  0x0000021d464caa80 WorkerThread "GC Thread#4"                     [id=876, stack(0x0000009c27500000,0x0000009c27600000) (1024K)]
  0x0000021d467461b0 WorkerThread "GC Thread#5"                     [id=25356, stack(0x0000009c27600000,0x0000009c27700000) (1024K)]
  0x0000021d46746550 WorkerThread "GC Thread#6"                     [id=26096, stack(0x0000009c27700000,0x0000009c27800000) (1024K)]
Total: 9

Threads with active compile tasks:
C2 CompilerThread1  13390 1021   !   4       java.util.jar.Attributes::read (494 bytes)
Total: 1

VM state: not at safepoint (normal execution)

VM Mutex/Monitor currently owned by a thread: None

Heap address: 0x0000000080000000, size: 2048 MB, Compressed Oops mode: 32-bit

CDS archive(s) mapped at: [0x0000021d00000000-0x0000021d00ba0000-0x0000021d00ba0000), size 12189696, SharedBaseAddress: 0x0000021d00000000, ArchiveRelocationMode: 1.
Compressed class space mapped at: 0x0000021d01000000-0x0000021d41000000, reserved size: 1073741824
Narrow klass base: 0x0000021d00000000, Narrow klass shift: 0, Narrow klass range: 0x100000000

GC Precious Log:
 CardTable entry size: 512
 CPUs: 8 total, 8 available
 Memory: 16183M
 Large Page Support: Disabled
 NUMA Support: Disabled
 Compressed Oops: Enabled (32-bit)
 Alignments: Space 512K, Generation 512K, Heap 2M
 Heap Min Capacity: 100M
 Heap Initial Capacity: 100M
 Heap Max Capacity: 2G
 Pre-touch: Disabled
 Parallel Workers: 8

Heap:
 PSYoungGen      total 29696K, used 3923K [0x00000000d5580000, 0x00000000d7680000, 0x0000000100000000)
  eden space 25600K, 1% used [0x00000000d5580000,0x00000000d55fac08,0x00000000d6e80000)
  from space 4096K, 83% used [0x00000000d6e80000,0x00000000d71da158,0x00000000d7280000)
  to   space 4096K, 0% used [0x00000000d7280000,0x00000000d7280000,0x00000000d7680000)
 ParOldGen       total 68608K, used 16K [0x0000000080000000, 0x0000000084300000, 0x00000000d5580000)
  object space 68608K, 0% used [0x0000000080000000,0x0000000080004000,0x0000000084300000)
 Metaspace       used 4382K, committed 4608K, reserved 1114112K
  class space    used 479K, committed 576K, reserved 1048576K

Card table byte_map: [0x0000021d67fb0000,0x0000021d683c0000] _byte_map_base: 0x0000021d67bb0000

Marking Bits: (ParMarkBitMap*) 0x00007ffffb4e2460
 Begin Bits: [0x0000021d7aac0000, 0x0000021d7cac0000)
 End Bits:   [0x0000021d7cac0000, 0x0000021d7eac0000)

Polling page: 0x0000021d67cf0000

Metaspace:

Usage:
  Non-class:      3.81 MB used.
      Class:    479.70 KB used.
       Both:      4.28 MB used.

Virtual space:
  Non-class space:       64.00 MB reserved,       3.94 MB (  6%) committed,  1 nodes.
      Class space:        1.00 GB reserved,     576.00 KB ( <1%) committed,  1 nodes.
             Both:        1.06 GB reserved,       4.50 MB ( <1%) committed. 

Chunk freelists:
   Non-Class:  11.12 MB
       Class:  15.44 MB
        Both:  26.56 MB

MaxMetaspaceSize: unlimited
CompressedClassSpaceSize: 1.00 GB
Initial GC threshold: 21.00 MB
Current GC threshold: 21.00 MB
CDS: on
 - commit_granule_bytes: 65536.
 - commit_granule_words: 8192.
 - virtual_space_node_default_size: 8388608.
 - enlarge_chunks_in_place: 1.
 - use_allocation_guard: 0.


Internal statistics:

num_allocs_failed_limit: 0.
num_arena_births: 184.
num_arena_deaths: 0.
num_vsnodes_births: 2.
num_vsnodes_deaths: 0.
num_space_committed: 72.
num_space_uncommitted: 0.
num_chunks_returned_to_freelist: 0.
num_chunks_taken_from_freelist: 252.
num_chunk_merges: 0.
num_chunk_splits: 160.
num_chunks_enlarged: 92.
num_inconsistent_stats: 0.

CodeHeap 'non-profiled nmethods': size=120000Kb used=422Kb max_used=422Kb free=119577Kb
 bounds [0x0000021d732e0000, 0x0000021d73550000, 0x0000021d7a810000]
CodeHeap 'profiled nmethods': size=120000Kb used=1699Kb max_used=1699Kb free=118300Kb
 bounds [0x0000021d6b810000, 0x0000021d6ba80000, 0x0000021d72d40000]
CodeHeap 'non-nmethods': size=5760Kb used=1205Kb max_used=1237Kb free=4554Kb
 bounds [0x0000021d72d40000, 0x0000021d72fb0000, 0x0000021d732e0000]
CodeCache: size=245760Kb, used=3326Kb, max_used=3358Kb, free=242431Kb
 total_blobs=1529, nmethods=1070, adapters=366, full_count=0
Compilation: enabled, stopped_count=0, restarted_count=0

Compilation events (20 events):
Event: 10.331 Thread 0x0000021d685aa020 1047       3       java.util.ArrayList::toArray (57 bytes)
Event: 10.332 Thread 0x0000021d685aa020 nmethod 1047 0x0000021d6b9b0a10 code [0x0000021d6b9b0c00, 0x0000021d6b9b1128]
Event: 10.332 Thread 0x0000021d685aa020 1048       3       java.util.Arrays::hashCode (60 bytes)
Event: 10.332 Thread 0x0000021d685a1230 1049 %     4       java.math.BigInteger::implMultiplyToLen @ 135 (216 bytes)
Event: 10.332 Thread 0x0000021d685aa020 nmethod 1048 0x0000021d6b9b1290 code [0x0000021d6b9b1460, 0x0000021d6b9b16e8]
Event: 10.333 Thread 0x0000021d685aa020 1050       3       sun.security.provider.DigestBase::implCompressMultiBlock0 (23 bytes)
Event: 10.333 Thread 0x0000021d685aa020 nmethod 1050 0x0000021d6b9b1810 code [0x0000021d6b9b19c0, 0x0000021d6b9b1c68]
Event: 10.336 Thread 0x0000021d461035b0 nmethod 1045% 0x0000021d73345f90 code [0x0000021d73346120, 0x0000021d73346430]
Event: 10.336 Thread 0x0000021d461035b0 1051 %     4       java.math.MutableBigInteger::mulsub @ 24 (110 bytes)
Event: 10.338 Thread 0x0000021d685a1230 nmethod 1049% 0x0000021d73346510 code [0x0000021d733466c0, 0x0000021d73346a38]
Event: 10.338 Thread 0x0000021d461035b0 nmethod 1051% 0x0000021d73346c90 code [0x0000021d73346e20, 0x0000021d73347020]
Event: 10.341 Thread 0x0000021d685a1230 1052       4       java.math.MutableBigInteger::mulsub (110 bytes)
Event: 10.345 Thread 0x0000021d685aa020 1053       3       java.math.BigInteger::montReduce (99 bytes)
Event: 10.346 Thread 0x0000021d685aa020 nmethod 1053 0x0000021d6b9b1d90 code [0x0000021d6b9b1fa0, 0x0000021d6b9b2450]
Event: 10.346 Thread 0x0000021d685a1230 nmethod 1052 0x0000021d73347210 code [0x0000021d733473a0, 0x0000021d733476c0]
Event: 10.346 Thread 0x0000021d461035b0 1054       4       java.math.BigInteger::implMultiplyToLen (216 bytes)
Event: 10.354 Thread 0x0000021d685aa020 1055       3       java.lang.invoke.DirectMethodHandle::allocateInstance (16 bytes)
Event: 10.355 Thread 0x0000021d685aa020 nmethod 1055 0x0000021d6b9b2690 code [0x0000021d6b9b2840, 0x0000021d6b9b2a68]
Event: 10.355 Thread 0x0000021d685aa020 1056       3       java.lang.invoke.DirectMethodHandle::constructorMethod (10 bytes)
Event: 10.355 Thread 0x0000021d685aa020 nmethod 1056 0x0000021d6b9b2b90 code [0x0000021d6b9b2d40, 0x0000021d6b9b2f28]

GC Heap History (0 events):
No events

Dll operation events (8 events):
Event: 0.041 Loaded shared library c:\Users\11371\.qoder\extensions\redhat.java-1.50.0-win32-x64\jre\21.0.9-win32-x86_64\bin\java.dll
Event: 3.004 Loaded shared library c:\Users\11371\.qoder\extensions\redhat.java-1.50.0-win32-x64\jre\21.0.9-win32-x86_64\bin\zip.dll
Event: 4.060 Loaded shared library C:\Users\11371\.qoder\extensions\redhat.java-1.50.0-win32-x64\jre\21.0.9-win32-x86_64\bin\instrument.dll
Event: 4.813 Loaded shared library C:\Users\11371\.qoder\extensions\redhat.java-1.50.0-win32-x64\jre\21.0.9-win32-x86_64\bin\net.dll
Event: 4.824 Loaded shared library C:\Users\11371\.qoder\extensions\redhat.java-1.50.0-win32-x64\jre\21.0.9-win32-x86_64\bin\nio.dll
Event: 4.826 Loaded shared library C:\Users\11371\.qoder\extensions\redhat.java-1.50.0-win32-x64\jre\21.0.9-win32-x86_64\bin\zip.dll
Event: 4.840 Loaded shared library C:\Users\11371\.qoder\extensions\redhat.java-1.50.0-win32-x64\jre\21.0.9-win32-x86_64\bin\jimage.dll
Event: 4.885 Loaded shared library c:\Users\11371\.qoder\extensions\redhat.java-1.50.0-win32-x64\jre\21.0.9-win32-x86_64\bin\verify.dll

Deoptimization events (20 events):
Event: 10.325 Thread 0x0000021d68614ee0 DEOPT PACKING pc=0x0000021d6b975db1 sp=0x0000009c262fdbe0
Event: 10.325 Thread 0x0000021d68614ee0 DEOPT UNPACKING pc=0x0000021d72d978e2 sp=0x0000009c262fd058 mode 0
Event: 10.325 Thread 0x0000021d68614ee0 DEOPT PACKING pc=0x0000021d6b975db1 sp=0x0000009c262fdbe0
Event: 10.325 Thread 0x0000021d68614ee0 DEOPT UNPACKING pc=0x0000021d72d978e2 sp=0x0000009c262fd058 mode 0
Event: 10.325 Thread 0x0000021d68614ee0 DEOPT PACKING pc=0x0000021d6b975db1 sp=0x0000009c262fdbe0
Event: 10.325 Thread 0x0000021d68614ee0 DEOPT UNPACKING pc=0x0000021d72d978e2 sp=0x0000009c262fd058 mode 0
Event: 10.325 Thread 0x0000021d68614ee0 DEOPT PACKING pc=0x0000021d6b975db1 sp=0x0000009c262fdbe0
Event: 10.325 Thread 0x0000021d68614ee0 DEOPT UNPACKING pc=0x0000021d72d978e2 sp=0x0000009c262fd058 mode 0
Event: 10.325 Thread 0x0000021d68614ee0 DEOPT PACKING pc=0x0000021d6b975db1 sp=0x0000009c262fdbe0
Event: 10.325 Thread 0x0000021d68614ee0 DEOPT UNPACKING pc=0x0000021d72d978e2 sp=0x0000009c262fd058 mode 0
Event: 10.325 Thread 0x0000021d68614ee0 DEOPT PACKING pc=0x0000021d6b975db1 sp=0x0000009c262fdbe0
Event: 10.325 Thread 0x0000021d68614ee0 DEOPT UNPACKING pc=0x0000021d72d978e2 sp=0x0000009c262fd058 mode 0
Event: 10.326 Thread 0x0000021d68614ee0 DEOPT PACKING pc=0x0000021d6b975db1 sp=0x0000009c262fdbe0
Event: 10.326 Thread 0x0000021d68614ee0 DEOPT UNPACKING pc=0x0000021d72d978e2 sp=0x0000009c262fd058 mode 0
Event: 10.326 Thread 0x0000021d68614ee0 DEOPT PACKING pc=0x0000021d6b975db1 sp=0x0000009c262fdbe0
Event: 10.326 Thread 0x0000021d68614ee0 DEOPT UNPACKING pc=0x0000021d72d978e2 sp=0x0000009c262fd058 mode 0
Event: 10.344 Thread 0x0000021d68614ee0 DEOPT PACKING pc=0x0000021d6b902106 sp=0x0000009c262fcf00
Event: 10.344 Thread 0x0000021d68614ee0 DEOPT UNPACKING pc=0x0000021d72d978e2 sp=0x0000009c262fc380 mode 0
Event: 10.347 Thread 0x0000021d68614ee0 DEOPT PACKING pc=0x0000021d6b983308 sp=0x0000009c262fd350
Event: 10.347 Thread 0x0000021d68614ee0 DEOPT UNPACKING pc=0x0000021d72d978e2 sp=0x0000009c262fc7d0 mode 0

Classes loaded (20 events):
Event: 10.328 Loading class jdk/internal/logger/AbstractLoggerWrapper done
Event: 10.329 Loading class jdk/internal/logger/LazyLoggers$LazyLoggerWrapper done
Event: 10.329 Loading class jdk/internal/logger/LazyLoggers$JdkLazyLogger done
Event: 10.329 Loading class jdk/internal/logger/LazyLoggers$LazyLoggerAccessor
Event: 10.329 Loading class jdk/internal/logger/LazyLoggers$LoggerAccessor
Event: 10.329 Loading class jdk/internal/logger/LazyLoggers$LoggerAccessor done
Event: 10.329 Loading class jdk/internal/logger/LazyLoggers$LazyLoggerAccessor done
Event: 10.329 Loading class jdk/internal/logger/SurrogateLogger
Event: 10.329 Loading class jdk/internal/logger/SimpleConsoleLogger
Event: 10.329 Loading class sun/util/logging/PlatformLogger$ConfigurableBridge$LoggerConfiguration
Event: 10.329 Loading class sun/util/logging/PlatformLogger$ConfigurableBridge$LoggerConfiguration done
Event: 10.329 Loading class jdk/internal/logger/SimpleConsoleLogger done
Event: 10.329 Loading class jdk/internal/logger/SurrogateLogger done
Event: 10.330 Loading class sun/util/logging/PlatformLogger
Event: 10.330 Loading class sun/util/logging/PlatformLogger done
Event: 10.330 Loading class sun/util/logging/PlatformLogger$Level
Event: 10.330 Loading class sun/util/logging/PlatformLogger$Level done
Event: 10.354 Loading class java/io/BufferedReader
Event: 11.367 Loading class java/io/BufferedReader done
Event: 11.367 Loading class sun/nio/cs/StreamDecoder

Classes unloaded (0 events):
No events

Classes redefined (0 events):
No events

Internal exceptions (20 events):
Event: 4.860 Thread 0x0000021d68614ee0 Exception <a 'java/lang/NoSuchMethodError'{0x00000000d5a1f5f8}: 'void java.lang.invoke.DelegatingMethodHandle$Holder.reinvoke_L(java.lang.Object, java.lang.Object, java.lang.Object, int, java.lang.Object)'> (0x00000000d5a1f5f8) 
thrown [s\src\hotspot\share\interpreter\linkResolver.cpp, line 773]
Event: 4.860 Thread 0x0000021d68614ee0 Exception <a 'java/lang/NoSuchMethodError'{0x00000000d5a23030}: 'int java.lang.invoke.DirectMethodHandle$Holder.invokeSpecial(java.lang.Object, java.lang.Object, java.lang.Object)'> (0x00000000d5a23030) 
thrown [s\src\hotspot\share\interpreter\linkResolver.cpp, line 773]
Event: 4.863 Thread 0x0000021d68614ee0 Exception <a 'java/lang/NoSuchMethodError'{0x00000000d5a3bd20}: 'java.lang.Object java.lang.invoke.DirectMethodHandle$Holder.invokeStatic(java.lang.Object, java.lang.Object, int)'> (0x00000000d5a3bd20) 
thrown [s\src\hotspot\share\interpreter\linkResolver.cpp, line 773]
Event: 4.863 Thread 0x0000021d68614ee0 Exception <a 'java/lang/NoSuchMethodError'{0x00000000d5a40670}: 'void java.lang.invoke.DirectMethodHandle$Holder.invokeStatic(java.lang.Object, java.lang.Object, int, java.lang.Object)'> (0x00000000d5a40670) 
thrown [s\src\hotspot\share\interpreter\linkResolver.cpp, line 773]
Event: 4.863 Thread 0x0000021d68614ee0 Exception <a 'java/lang/NoSuchMethodError'{0x00000000d5a44200}: 'void java.lang.invoke.DirectMethodHandle$Holder.invokeSpecial(java.lang.Object, java.lang.Object, java.lang.Object, int, java.lang.Object)'> (0x00000000d5a44200) 
thrown [s\src\hotspot\share\interpreter\linkResolver.cpp, line 773]
Event: 4.864 Thread 0x0000021d68614ee0 Exception <a 'java/lang/NoSuchMethodError'{0x00000000d5a47670}: 'void java.lang.invoke.DelegatingMethodHandle$Holder.delegate(java.lang.Object, java.lang.Object, int, java.lang.Object)'> (0x00000000d5a47670) 
thrown [s\src\hotspot\share\interpreter\linkResolver.cpp, line 773]
Event: 4.899 Thread 0x0000021d68614ee0 Exception <a 'java/lang/NoSuchMethodError'{0x00000000d5c06718}: 'void java.lang.invoke.DelegatingMethodHandle$Holder.reinvoke_L(java.lang.Object, java.lang.Object, java.lang.Object, int)'> (0x00000000d5c06718) 
thrown [s\src\hotspot\share\interpreter\linkResolver.cpp, line 773]
Event: 6.012 Thread 0x0000021d68614ee0 Exception <a 'java/lang/NoSuchMethodError'{0x00000000d608f388}: 'void java.lang.invoke.DirectMethodHandle$Holder.invokeVirtual(java.lang.Object, java.lang.Object)'> (0x00000000d608f388) 
thrown [s\src\hotspot\share\interpreter\linkResolver.cpp, line 773]
Event: 7.122 Thread 0x0000021d68614ee0 Exception <a 'java/lang/NoSuchMethodError'{0x00000000d646d178}: 'void java.lang.invoke.DirectMethodHandle$Holder.invokeStatic(java.lang.Object, java.lang.Object)'> (0x00000000d646d178) 
thrown [s\src\hotspot\share\interpreter\linkResolver.cpp, line 773]
Event: 7.126 Thread 0x0000021d68614ee0 Exception <a 'java/lang/ClassNotFoundException'{0x00000000d6495270}: sun/net/www/protocol/c/Handler> (0x00000000d6495270) 
thrown [s\src\hotspot\share\classfile\systemDictionary.cpp, line 312]
Event: 7.139 Thread 0x0000021d68614ee0 Exception <a 'java/io/FileNotFoundException'{0x00000000d64ef258}> (0x00000000d64ef258) 
thrown [s\src\hotspot\share\prims\jni.cpp, line 520]
Event: 7.139 Thread 0x0000021d68614ee0 Exception <a 'java/io/FileNotFoundException'{0x00000000d64f06b0}> (0x00000000d64f06b0) 
thrown [s\src\hotspot\share\prims\jni.cpp, line 520]
Event: 7.139 Thread 0x0000021d68614ee0 Exception <a 'java/io/FileNotFoundException'{0x00000000d64f1470}> (0x00000000d64f1470) 
thrown [s\src\hotspot\share\prims\jni.cpp, line 520]
Event: 7.140 Thread 0x0000021d68614ee0 Exception <a 'java/io/FileNotFoundException'{0x00000000d64f20f8}> (0x00000000d64f20f8) 
thrown [s\src\hotspot\share\prims\jni.cpp, line 520]
Event: 7.146 Thread 0x0000021d68614ee0 Exception <a 'java/io/FileNotFoundException'{0x00000000d652c3d8}> (0x00000000d652c3d8) 
thrown [s\src\hotspot\share\prims\jni.cpp, line 520]
Event: 7.155 Thread 0x0000021d68614ee0 Exception <a 'java/lang/NoSuchMethodError'{0x00000000d6568228}: 'java.lang.Object java.lang.invoke.DirectMethodHandle$Holder.invokeInterface(java.lang.Object, java.lang.Object)'> (0x00000000d6568228) 
thrown [s\src\hotspot\share\interpreter\linkResolver.cpp, line 773]
Event: 7.158 Thread 0x0000021d68614ee0 Exception <a 'java/lang/NoSuchMethodError'{0x00000000d657bc98}: 'java.lang.Object java.lang.invoke.Invokers$Holder.invokeExact_MT(java.lang.Object, java.lang.Object, java.lang.Object, java.lang.Object, java.lang.Object, java.lang.Object)'> (0x00000000d657bc98) 
thrown [s\src\hotspot\share\interpreter\linkResolver.cpp, line 773]
Event: 7.160 Thread 0x0000021d68614ee0 Exception <a 'java/lang/NoSuchMethodError'{0x00000000d6592d70}: 'int java.lang.invoke.DirectMethodHandle$Holder.invokeStatic(java.lang.Object, java.lang.Object, java.lang.Object, java.lang.Object, java.lang.Object)'> (0x00000000d6592d70) 
thrown [s\src\hotspot\share\interpreter\linkResolver.cpp, line 773]
Event: 9.206 Thread 0x0000021d68614ee0 Exception <a 'java/lang/NoSuchMethodError'{0x00000000d6629df0}: 'java.lang.Object java.lang.invoke.DirectMethodHandle$Holder.invokeInterface(java.lang.Object, java.lang.Object, int)'> (0x00000000d6629df0) 
thrown [s\src\hotspot\share\interpreter\linkResolver.cpp, line 773]
Event: 10.305 Thread 0x0000021d68614ee0 Exception <a 'java/lang/NoSuchMethodError'{0x00000000d6a94758}: 'java.lang.ClassLoader java.lang.ClassLoader.getPlatformClassLoader(java.lang.Class)'> (0x00000000d6a94758) 
thrown [s\src\hotspot\share\interpreter\linkResolver.cpp, line 773]

ZGC Phase Switch (0 events):
No events

VM Operations (20 events):
Event: 3.037 Executing VM operation: HandshakeAllThreads (Deoptimize)
Event: 3.037 Executing VM operation: HandshakeAllThreads (Deoptimize) done
Event: 4.050 Executing VM operation: Cleanup
Event: 4.051 Executing VM operation: Cleanup done
Event: 4.847 Executing VM operation: HandshakeAllThreads (Deoptimize)
Event: 4.847 Executing VM operation: HandshakeAllThreads (Deoptimize) done
Event: 5.862 Executing VM operation: Cleanup
Event: 5.968 Executing VM operation: Cleanup done
Event: 6.982 Executing VM operation: Cleanup
Event: 7.042 Executing VM operation: Cleanup done
Event: 7.101 Executing VM operation: HandshakeAllThreads (Deoptimize)
Event: 7.101 Executing VM operation: HandshakeAllThreads (Deoptimize) done
Event: 7.115 Executing VM operation: HandshakeAllThreads (Deoptimize)
Event: 7.115 Executing VM operation: HandshakeAllThreads (Deoptimize) done
Event: 8.116 Executing VM operation: Cleanup
Event: 9.204 Executing VM operation: Cleanup done
Event: 10.212 Executing VM operation: Cleanup
Event: 10.258 Executing VM operation: Cleanup done
Event: 11.261 Executing VM operation: Cleanup
Event: 11.367 Executing VM operation: Cleanup done

Memory protections (0 events):
No events

Nmethod flushes (0 events):
No events

Events (13 events):
Event: 2.981 Thread 0x0000021d68614ee0 Thread added: 0x0000021d68614ee0
Event: 3.013 Thread 0x0000021d68614ee0 Thread added: 0x0000021d686cd8e0
Event: 3.013 Thread 0x0000021d68614ee0 Thread added: 0x0000021d686ce590
Event: 3.014 Thread 0x0000021d68614ee0 Thread added: 0x0000021d6858c8f0
Event: 3.014 Thread 0x0000021d68614ee0 Thread added: 0x0000021d6858e850
Event: 3.014 Thread 0x0000021d68614ee0 Thread added: 0x0000021d68591fd0
Event: 3.014 Thread 0x0000021d68614ee0 Thread added: 0x0000021d68599f00
Event: 3.014 Thread 0x0000021d68614ee0 Thread added: 0x0000021d685a1230
Event: 3.014 Thread 0x0000021d68614ee0 Thread added: 0x0000021d685aa020
Event: 4.061 Thread 0x0000021d68614ee0 Thread added: 0x0000021d41a06440
Event: 4.883 Thread 0x0000021d685aa020 Thread added: 0x0000021d41b0a0d0
Event: 5.968 Thread 0x0000021d68614ee0 Thread added: 0x0000021d41bc39a0
Event: 7.099 Thread 0x0000021d685aa020 Thread added: 0x0000021d461035b0


Dynamic libraries:
0x00007ff683510000 - 0x00007ff68351e000 	c:\Users\11371\.qoder\extensions\redhat.java-1.50.0-win32-x64\jre\21.0.9-win32-x86_64\bin\java.exe
0x00007ff8e2d40000 - 0x00007ff8e2fa8000 	C:\WINDOWS\SYSTEM32\ntdll.dll
0x00007ff8e1760000 - 0x00007ff8e1829000 	C:\WINDOWS\System32\KERNEL32.DLL
0x00007ff8e03c0000 - 0x00007ff8e07b8000 	C:\WINDOWS\System32\KERNELBASE.dll
0x00007ff8e0100000 - 0x00007ff8e024b000 	C:\WINDOWS\System32\ucrtbase.dll
0x00007ff8a7220000 - 0x00007ff8a7238000 	c:\Users\11371\.qoder\extensions\redhat.java-1.50.0-win32-x64\jre\21.0.9-win32-x86_64\bin\jli.dll
0x00007ff8e1ba0000 - 0x00007ff8e1d67000 	C:\WINDOWS\System32\USER32.dll
0x00007ff8e07c0000 - 0x00007ff8e07e7000 	C:\WINDOWS\System32\win32u.dll
0x00007ff8e1830000 - 0x00007ff8e185b000 	C:\WINDOWS\System32\GDI32.dll
0x00007ff8dffd0000 - 0x00007ff8e00fc000 	C:\WINDOWS\System32\gdi32full.dll
0x00007ff8e08b0000 - 0x00007ff8e0953000 	C:\WINDOWS\System32\msvcp_win.dll
0x00007ff8a67c0000 - 0x00007ff8a67de000 	c:\Users\11371\.qoder\extensions\redhat.java-1.50.0-win32-x64\jre\21.0.9-win32-x86_64\bin\VCRUNTIME140.dll
0x00007ff8c24a0000 - 0x00007ff8c2734000 	C:\WINDOWS\WinSxS\amd64_microsoft.windows.common-controls_6595b64144ccf1df_6.0.26100.7019_none_3e06ffa0e335b8a8\COMCTL32.dll
0x00007ff8e1f90000 - 0x00007ff8e2039000 	C:\WINDOWS\System32\msvcrt.dll
0x00007ff8e0d70000 - 0x00007ff8e0da1000 	C:\WINDOWS\System32\IMM32.DLL
0x00007ff8d0ec0000 - 0x00007ff8d0ecc000 	c:\Users\11371\.qoder\extensions\redhat.java-1.50.0-win32-x64\jre\21.0.9-win32-x86_64\bin\vcruntime140_1.dll
0x00007ff891500000 - 0x00007ff89158d000 	c:\Users\11371\.qoder\extensions\redhat.java-1.50.0-win32-x64\jre\21.0.9-win32-x86_64\bin\msvcp140.dll
0x00007ffffa820000 - 0x00007ffffb5c0000 	c:\Users\11371\.qoder\extensions\redhat.java-1.50.0-win32-x64\jre\21.0.9-win32-x86_64\bin\server\jvm.dll
0x00007ff8e16a0000 - 0x00007ff8e1754000 	C:\WINDOWS\System32\ADVAPI32.dll
0x00007ff8e1560000 - 0x00007ff8e1606000 	C:\WINDOWS\System32\sechost.dll
0x00007ff8e20c0000 - 0x00007ff8e21d8000 	C:\WINDOWS\System32\RPCRT4.dll
0x00007ff8e1940000 - 0x00007ff8e19b4000 	C:\WINDOWS\System32\WS2_32.dll
0x00007ff8dc570000 - 0x00007ff8dc5a5000 	C:\WINDOWS\SYSTEM32\WINMM.dll
0x00007ff8dfcf0000 - 0x00007ff8dfd4e000 	C:\WINDOWS\SYSTEM32\POWRPROF.dll
0x00007ff8d3aa0000 - 0x00007ff8d3aab000 	C:\WINDOWS\SYSTEM32\VERSION.dll
0x00007ff8dfcd0000 - 0x00007ff8dfce4000 	C:\WINDOWS\SYSTEM32\UMPDC.dll
0x00007ff8dec50000 - 0x00007ff8dec6b000 	C:\WINDOWS\SYSTEM32\kernel.appcore.dll
0x00007ff8d0ea0000 - 0x00007ff8d0eaa000 	c:\Users\11371\.qoder\extensions\redhat.java-1.50.0-win32-x64\jre\21.0.9-win32-x86_64\bin\jimage.dll
0x00007ff8dd2f0000 - 0x00007ff8dd532000 	C:\WINDOWS\SYSTEM32\DBGHELP.DLL
0x00007ff8e21e0000 - 0x00007ff8e256b000 	C:\WINDOWS\System32\combase.dll
0x00007ff8e1860000 - 0x00007ff8e1937000 	C:\WINDOWS\System32\OLEAUT32.dll
0x00007ff8c09f0000 - 0x00007ff8c0a2c000 	C:\WINDOWS\SYSTEM32\dbgcore.DLL
0x00007ff8dff20000 - 0x00007ff8dffc5000 	C:\WINDOWS\System32\bcryptPrimitives.dll
0x00007ff8d0d50000 - 0x00007ff8d0d5f000 	c:\Users\11371\.qoder\extensions\redhat.java-1.50.0-win32-x64\jre\21.0.9-win32-x86_64\bin\instrument.dll
0x00007ff8a5e00000 - 0x00007ff8a5e20000 	c:\Users\11371\.qoder\extensions\redhat.java-1.50.0-win32-x64\jre\21.0.9-win32-x86_64\bin\java.dll
0x00007ff8e0db0000 - 0x00007ff8e14ff000 	C:\WINDOWS\System32\SHELL32.dll
0x00007ff8e0250000 - 0x00007ff8e03bb000 	C:\WINDOWS\System32\wintypes.dll
0x00007ff8ddad0000 - 0x00007ff8de32d000 	C:\WINDOWS\SYSTEM32\windows.storage.dll
0x00007ff8e0c70000 - 0x00007ff8e0d62000 	C:\WINDOWS\System32\SHCORE.dll
0x00007ff8e0bf0000 - 0x00007ff8e0c57000 	C:\WINDOWS\System32\shlwapi.dll
0x00007ff8dfdb0000 - 0x00007ff8dfdd9000 	C:\WINDOWS\SYSTEM32\profapi.dll
0x00007ff8d0450000 - 0x00007ff8d0468000 	c:\Users\11371\.qoder\extensions\redhat.java-1.50.0-win32-x64\jre\21.0.9-win32-x86_64\bin\zip.dll
0x00007ff8d1970000 - 0x00007ff8d1980000 	C:\Users\11371\.qoder\extensions\redhat.java-1.50.0-win32-x64\jre\21.0.9-win32-x86_64\bin\net.dll
0x00007ff8d3830000 - 0x00007ff8d3958000 	C:\WINDOWS\SYSTEM32\WINHTTP.dll
0x00007ff8a64d0000 - 0x00007ff8a664a000 	C:\Program Files (x86)\Sangfor\SSL\ClientComponent\1_SangforTcpX64.dll
0x00007ff8e1d70000 - 0x00007ff8e1f07000 	C:\WINDOWS\System32\ole32.dll
0x00007ff8dfe90000 - 0x00007ff8dff0f000 	C:\WINDOWS\System32\WINTRUST.dll
0x00007ff8e0960000 - 0x00007ff8e0ad7000 	C:\WINDOWS\System32\CRYPT32.dll
0x00007ff8df4f0000 - 0x00007ff8df503000 	C:\WINDOWS\SYSTEM32\MSASN1.dll
0x00007ff8df1c0000 - 0x00007ff8df22b000 	C:\WINDOWS\system32\mswsock.dll
0x00007ff8b7dd0000 - 0x00007ff8b7de6000 	C:\Users\11371\.qoder\extensions\redhat.java-1.50.0-win32-x64\jre\21.0.9-win32-x86_64\bin\nio.dll
0x00007ff8d0cd0000 - 0x00007ff8d0ce0000 	c:\Users\11371\.qoder\extensions\redhat.java-1.50.0-win32-x64\jre\21.0.9-win32-x86_64\bin\verify.dll

JVMTI agents:
c:\Users\11371\.qoder\extensions\redhat.java-1.50.0-win32-x64\lombok\lombok-1.18.39-4050.jar path:c:\Users\11371\.qoder\extensions\redhat.java-1.50.0-win32-x64\jre\21.0.9-win32-x86_64\bin\instrument.dll, loaded, initialized, instrumentlib options:none

dbghelp: loaded successfully - version: 4.0.5 - missing functions: none
symbol engine: initialized successfully - sym options: 0x614 - pdb path: .;c:\Users\11371\.qoder\extensions\redhat.java-1.50.0-win32-x64\jre\21.0.9-win32-x86_64\bin;C:\WINDOWS\SYSTEM32;C:\WINDOWS\WinSxS\amd64_microsoft.windows.common-controls_6595b64144ccf1df_6.0.26100.7019_none_3e06ffa0e335b8a8;c:\Users\11371\.qoder\extensions\redhat.java-1.50.0-win32-x64\jre\21.0.9-win32-x86_64\bin\server;C:\Program Files (x86)\Sangfor\SSL\ClientComponent

VM Arguments:
jvm_args: --add-modules=ALL-SYSTEM --add-opens=java.base/java.util=ALL-UNNAMED --add-opens=java.base/java.lang=ALL-UNNAMED --add-opens=java.base/sun.nio.fs=ALL-UNNAMED -Declipse.application=org.eclipse.jdt.ls.core.id1 -Dosgi.bundles.defaultStartLevel=4 -Declipse.product=org.eclipse.jdt.ls.core.product -Djava.import.generatesMetadataFilesAtProjectRoot=false -DDetectVMInstallationsJob.disabled=true -Dfile.encoding=utf8 -XX:+UseParallelGC -XX:GCTimeRatio=4 -XX:AdaptiveSizePolicyWeight=90 -Dsun.zip.disableMemoryMapping=true -Xmx2G -Xms100m -Xlog:disable -javaagent:c:\Users\11371\.qoder\extensions\redhat.java-1.50.0-win32-x64\lombok\lombok-1.18.39-4050.jar 
java_command: c:\Users\11371\.qoder\extensions\redhat.java-1.50.0-win32-x64\server\plugins\org.eclipse.equinox.launcher_1.7.100.v20251111-0406.jar -configuration c:\Users\11371\AppData\Roaming\Qoder\User\globalStorage\redhat.java\1.50.0\config_ss_win -data c:\Users\11371\AppData\Roaming\Qoder\User\workspaceStorage\d4adbc9f463a0530ef13eca0f25aac6f\redhat.java\ss_ws --pipe=\\.\pipe\lsp-06c1c35611fdb643dc2f5eb5a7e3e489-sock
java_class_path (initial): c:\Users\11371\.qoder\extensions\redhat.java-1.50.0-win32-x64\server\plugins\org.eclipse.equinox.launcher_1.7.100.v20251111-0406.jar
Launcher Type: SUN_STANDARD

[Global flags]
    uintx AdaptiveSizePolicyWeight                 = 90                                        {product} {command line}
     intx CICompilerCount                          = 4                                         {product} {ergonomic}
    uintx GCTimeRatio                              = 4                                         {product} {command line}
   size_t InitialHeapSize                          = 104857600                                 {product} {command line}
   size_t MaxHeapSize                              = 2147483648                                {product} {command line}
   size_t MaxNewSize                               = 715653120                                 {product} {ergonomic}
   size_t MinHeapDeltaBytes                        = 524288                                    {product} {ergonomic}
   size_t MinHeapSize                              = 104857600                                 {product} {command line}
   size_t NewSize                                  = 34603008                                  {product} {ergonomic}
    uintx NonNMethodCodeHeapSize                   = 5839372                                {pd product} {ergonomic}
    uintx NonProfiledCodeHeapSize                  = 122909434                              {pd product} {ergonomic}
   size_t OldSize                                  = 70254592                                  {product} {ergonomic}
    uintx ProfiledCodeHeapSize                     = 122909434                              {pd product} {ergonomic}
    uintx ReservedCodeCacheSize                    = 251658240                              {pd product} {ergonomic}
     bool SegmentedCodeCache                       = true                                      {product} {ergonomic}
   size_t SoftMaxHeapSize                          = 2147483648                             {manageable} {ergonomic}
     bool UseCompressedOops                        = true                           {product lp64_product} {ergonomic}
     bool UseLargePagesIndividualAllocation        = false                                  {pd product} {ergonomic}
     bool UseParallelGC                            = true                                      {product} {command line}

Logging:
Log output configuration:
 #0: stdout all=off uptime,level,tags foldmultilines=false
 #1: stderr all=off uptime,level,tags foldmultilines=false

Release file:
JAVA_VERSION="21.0.9" 
MODULES="java.base java.compiler java.datatransfer java.xml java.prefs java.desktop java.instrument java.logging java.management java.security.sasl java.naming java.rmi java.management.rmi java.net.http java.scripting java.security.jgss java.transaction.xa java.sql java.sql.rowset java.xml.crypto java.se java.smartcardio jdk.accessibility jdk.internal.jvmstat jdk.attach jdk.charsets jdk.internal.opt jdk.zipfs jdk.compiler jdk.crypto.ec jdk.crypto.cryptoki jdk.crypto.mscapi jdk.dynalink jdk.internal.ed jdk.editpad jdk.hotspot.agent jdk.httpserver jdk.internal.le jdk.internal.vm.ci jdk.internal.vm.compiler jdk.internal.vm.compiler.management jdk.jartool jdk.javadoc jdk.jcmd jdk.management jdk.management.agent jdk.jconsole jdk.jdeps jdk.jdwp.agent jdk.jdi jdk.jfr jdk.jshell jdk.jsobject jdk.jstatd jdk.localedata jdk.management.jfr jdk.naming.dns jdk.naming.rmi jdk.net jdk.nio.mapmode jdk.random jdk.sctp jdk.security.auth jdk.security.jgss jdk.unsupported jdk.unsupported.desktop jdk.xml.dom" 

Environment Variables:
JAVA_HOME=C:\Program Files\Java\jdk1.8.0_361
PATH=C:\Python314\Scripts\;C:\Python314\;C:\WINDOWS\system32;C:\WINDOWS;C:\WINDOWS\System32\Wbem;C:\Program Files (x86)\Common Files\Oracle\Java\javapath;C:\Windows\System32\HWAudioDriverLibs;C:\Windows\system32;C:\Windows;C:\Windows\System32\Wbem;C:\Windows\System32\WindowsPowerShell\v1.0\;C:\Windows\System32\OpenSSH\;C:\Users\Administrator\AppData\Local\Microsoft\WindowsApps;C:\WINDOWS\System32\WindowsPowerShell\v1.0\;C:\WINDOWS\System32\OpenSSH\;%JAVA_HOME%\bin;C:\Program Files\Git\cmd;D:\Oracle\Instant Client\bin;C:\Program Files\TortoiseSVN\bin;D:\apache-tomcat-8.5.87\bin;D:\apache-maven-3.8.1\bin;C:\Program Files\nodejs\;C:\ProgramData\chocolatey\bin;C:\Users\11371\AppData\Local\Programs\Python\Python311\Scripts\;C:\Users\11371\AppData\Local\Programs\Python\Python311\;C:\Users\11371\AppData\Local\Programs\Python\Launcher\;C:\Program Files\Java\jdk1.8.0_361\bin;C:\WINDOWS\system32;C:\WINDOWS;C:\WINDOWS\System32\Wbem;C:\Users\11371\AppData\Local\Microsoft\WindowsApps;D:\apache-maven-3.8.1\bin;C:\Program Files\nodejs\node_global;D:\Oracle\instantclient_11_2;D:\apache-tomcat-8.5.87\bin;D:\gradle-8.12.1\bin;D:\apache-maven-3.8.1\bin;D:\Windsurf\bin;D:\Qoder\bin;C:\Users\11371\AppData\Roaming\npm;
USERNAME=11371
OS=Windows_NT
PROCESSOR_IDENTIFIER=Intel64 Family 6 Model 140 Stepping 1, GenuineIntel
TMP=C:\Users\11371\AppData\Local\Temp
TEMP=C:\Users\11371\AppData\Local\Temp




Periodic native trim disabled

---------------  S Y S T E M  ---------------

OS:
 Windows 11 , 64 bit Build 26100 (10.0.26100.7019)
OS uptime: 13 days 23:16 hours

CPU: total 8 (initial active 8) (4 cores per cpu, 2 threads per core) family 6 model 140 stepping 1 microcode 0x8a, cx8, cmov, fxsr, ht, mmx, 3dnowpref, sse, sse2, sse3, ssse3, sse4.1, sse4.2, popcnt, lzcnt, tsc, tscinvbit, avx, avx2, aes, erms, clmul, bmi1, bmi2, adx, avx512f, avx512dq, avx512cd, avx512bw, avx512vl, sha, fma, vzeroupper, avx512_vpopcntdq, avx512_vpclmulqdq, avx512_vaes, avx512_vnni, clflush, clflushopt, clwb, avx512_vbmi2, avx512_vbmi, rdtscp, rdpid, fsrm, gfni, avx512_bitalg, f16c, pku, cet_ibt, cet_ss, avx512_ifma
Processor Information for the first 8 processors :
  Max Mhz: 2419, Current Mhz: 2419, Mhz Limit: 2419

Memory: 4k page, system-wide physical 16183M (3739M free)
TotalPageFile size 31405M (AvailPageFile size 11M)
current process WorkingSet (physical memory assigned to process): 82M, peak: 82M
current process commit charge ("private bytes"): 235M, peak: 238M

vm_info: OpenJDK 64-Bit Server VM (21.0.9+10-LTS) for windows-amd64 JRE (21.0.9+10-LTS), built on 2025-10-21T00:00:00Z by "admin" with unknown MS VC++:1942

END.
