#
# There is insufficient memory for the Java Runtime Environment to continue.
# Native memory allocation (malloc) failed to allocate 750976 bytes for Chunk::new
# Possible reasons:
#   The system is out of physical RAM or swap space
#   The process is running with CompressedOops enabled, and the Java Heap may be blocking the growth of the native heap
# Possible solutions:
#   Reduce memory load on the system
#   Increase physical memory or swap space
#   Check if swap backing store is full
#   Decrease Java heap size (-Xmx/-Xms)
#   Decrease number of Java threads
#   Decrease Java thread stack sizes (-Xss)
#   Set larger code cache with -XX:ReservedCodeCacheSize=
#   JVM is running with Zero Based Compressed Oops mode in which the Java heap is
#     placed in the first 32GB address space. The Java Heap base address is the
#     maximum limit for the native heap growth. Please use -XX:HeapBaseMinAddress
#     to set the Java Heap base and to place the Java Heap above 32GB virtual address.
# This output file may be truncated or incomplete.
#
#  Out of Memory Error (allocation.cpp:389), pid=23956, tid=0x0000000000004bb8
#
# JRE version: Java(TM) SE Runtime Environment (8.0_361) (build 1.8.0_361-b09)
# Java VM: Java HotSpot(TM) 64-Bit Server VM (25.361-b09 mixed mode windows-amd64 compressed oops)
# Failed to write core dump. Minidumps are not enabled by default on client versions of Windows
#

---------------  T H R E A D  ---------------

Current thread (0x0000016791f48000):  JavaThread "C2 CompilerThread1" daemon [_thread_in_native, id=19384, stack(0x0000000d86600000,0x0000000d86700000)]

Stack: [0x0000000d86600000,0x0000000d86700000]
Native frames: (J=compiled Java code, j=interpreted, Vv=VM code, C=native code)
V  [jvm.dll+0x3317a9]
V  [jvm.dll+0x277c4e]
V  [jvm.dll+0x27888d]
V  [jvm.dll+0x26f0d5]
V  [jvm.dll+0xd590c]
V  [jvm.dll+0xd610c]
V  [jvm.dll+0x455cd2]
V  [jvm.dll+0x490d8d]
V  [jvm.dll+0x444e70]
V  [jvm.dll+0x442abb]
V  [jvm.dll+0x42d98b]
V  [jvm.dll+0xac70b]
V  [jvm.dll+0xaad6b]
V  [jvm.dll+0x23ffb2]
V  [jvm.dll+0x294a5c]
C  [ucrtbase.dll+0x37b0]
C  [KERNEL32.DLL+0x2e8d7]
C  [ntdll.dll+0x8c53c]


Current CompileTask:
C2:  19285 8764       4       com.sun.tools.javac.comp.Resolve::isAccessible (332 bytes)


---------------  P R O C E S S  ---------------

Java Threads: ( => current thread )
  0x0000016791fe2800 JavaThread "Service Thread" daemon [_thread_blocked, id=14864, stack(0x0000000d86900000,0x0000000d86a00000)]
  0x0000016791f4d000 JavaThread "C1 CompilerThread3" daemon [_thread_blocked, id=12884, stack(0x0000000d86800000,0x0000000d86900000)]
  0x0000016791f49000 JavaThread "C2 CompilerThread2" daemon [_thread_in_native, id=18560, stack(0x0000000d86700000,0x0000000d86800000)]
=>0x0000016791f48000 JavaThread "C2 CompilerThread1" daemon [_thread_in_native, id=19384, stack(0x0000000d86600000,0x0000000d86700000)]
  0x0000016791f47800 JavaThread "C2 CompilerThread0" daemon [_thread_in_native, id=14044, stack(0x0000000d86500000,0x0000000d86600000)]
  0x0000016791f3b000 JavaThread "Monitor Ctrl-Break" daemon [_thread_in_native, id=28028, stack(0x0000000d86400000,0x0000000d86500000)]
  0x00000167901c9800 JavaThread "Attach Listener" daemon [_thread_blocked, id=34304, stack(0x0000000d86300000,0x0000000d86400000)]
  0x00000167901dc000 JavaThread "Signal Dispatcher" daemon [_thread_blocked, id=9840, stack(0x0000000d86200000,0x0000000d86300000)]
  0x000001679014d800 JavaThread "Finalizer" daemon [_thread_blocked, id=3568, stack(0x0000000d86100000,0x0000000d86200000)]
  0x0000016790146800 JavaThread "Reference Handler" daemon [_thread_blocked, id=19048, stack(0x0000000d86000000,0x0000000d86100000)]
  0x00000167f5451000 JavaThread "main" [_thread_in_Java, id=14212, stack(0x0000000d85600000,0x0000000d85700000)]

Other Threads:
  0x000001679011c800 VMThread [stack: 0x0000000d85f00000,0x0000000d86000000] [id=4880]
  0x0000016792008800 WatcherThread [stack: 0x0000000d86a00000,0x0000000d86b00000] [id=19444]

VM state:not at safepoint (normal execution)

VM Mutex/Monitor currently owned by a thread: None

heap address: 0x00000006c3200000, size: 4046 MB, Compressed Oops mode: Zero based, Oop shift amount: 3
Narrow klass base: 0x0000000000000000, Narrow klass shift: 3
Compressed class space size: 1073741824 Address: 0x00000007c0000000

Heap:
 PSYoungGen      total 199680K, used 78151K [0x000000076bb80000, 0x000000077d480000, 0x00000007c0000000)
  eden space 160256K, 33% used [0x000000076bb80000,0x000000076f07e2a0,0x0000000775800000)
  from space 39424K, 60% used [0x0000000775800000,0x0000000776f53a78,0x0000000777e80000)
  to   space 38400K, 0% used [0x000000077af00000,0x000000077af00000,0x000000077d480000)
 ParOldGen       total 126464K, used 68785K [0x00000006c3200000, 0x00000006cad80000, 0x000000076bb80000)
  object space 126464K, 54% used [0x00000006c3200000,0x00000006c752c648,0x00000006cad80000)
 Metaspace       used 32923K, capacity 33970K, committed 34304K, reserved 1079296K
  class space    used 3670K, capacity 3969K, committed 4096K, reserved 1048576K

Card table byte_map: [0x00000167f7330000,0x00000167f7b20000] byte_map_base: 0x00000167f3d17000

Marking Bits: (ParMarkBitMap*) 0x000000006b88b090
 Begin Bits: [0x00000167f8070000, 0x00000167fbfa8000)
 End Bits:   [0x00000167fbfa8000, 0x00000167ffee0000)

Polling page: 0x00000167f5670000

CodeCache: size=245760Kb used=30337Kb max_used=30337Kb free=215422Kb
 bounds [0x0000016780000000, 0x0000016781dd0000, 0x000001678f000000]
 total_blobs=7731 nmethods=7267 adapters=375
 compilation: enabled

Compilation events (10 events):
Event: 12.225 Thread 0x0000016791f4d000 nmethod 8817 0x0000016781db3cd0 code [0x0000016781db3ea0, 0x0000016781db46f0]
Event: 12.225 Thread 0x0000016791f4d000 8818       3       com.sun.tools.javac.tree.TreeScanner::visitBreak (1 bytes)
Event: 12.225 Thread 0x0000016791f4d000 nmethod 8818 0x0000016781db4910 code [0x0000016781db4a60, 0x0000016781db4bb8]
Event: 12.236 Thread 0x0000016791f4d000 8820       3       com.sun.tools.javac.tree.JCTree$JCBreak::accept (6 bytes)
Event: 12.236 Thread 0x0000016791f4d000 nmethod 8820 0x0000016781db4c50 code [0x0000016781db4dc0, 0x0000016781db4ff0]
Event: 12.236 Thread 0x0000016791f4d000 8821       3       com.sun.tools.javac.tree.JCTree$JCCase::accept (6 bytes)
Event: 12.236 Thread 0x0000016791f4d000 nmethod 8821 0x0000016781db50d0 code [0x0000016781db5240, 0x0000016781db5470]
Event: 12.236 Thread 0x0000016791f4d000 8822       3       com.sun.tools.javac.tree.JCTree$JCMemberReference::accept (6 bytes)
Event: 12.236 Thread 0x0000016791f4d000 nmethod 8822 0x0000016781db5550 code [0x0000016781db56c0, 0x0000016781db58f0]
Event: 12.237 Thread 0x0000016791f4d000 8823       3       com.sun.tools.javac.tree.TreeScanner::visitCase (17 bytes)

GC Heap History (10 events):
Event: 6.673 GC heap before
{Heap before GC invocations=10 (full 1):
 PSYoungGen      total 148992K, used 148985K [0x000000076bb80000, 0x0000000776e00000, 0x00000007c0000000)
  eden space 126976K, 100% used [0x000000076bb80000,0x0000000773780000,0x0000000773780000)
  from space 22016K, 99% used [0x0000000775100000,0x000000077667e460,0x0000000776680000)
  to   space 26112K, 0% used [0x0000000773780000,0x0000000773780000,0x0000000775100000)
 ParOldGen       total 126464K, used 30708K [0x00000006c3200000, 0x00000006cad80000, 0x000000076bb80000)
  object space 126464K, 24% used [0x00000006c3200000,0x00000006c4ffd148,0x00000006cad80000)
 Metaspace       used 30606K, capacity 31496K, committed 31616K, reserved 1077248K
  class space    used 3455K, capacity 3712K, committed 3712K, reserved 1048576K
Event: 6.697 GC heap after
Heap after GC invocations=10 (full 1):
 PSYoungGen      total 153088K, used 26083K [0x000000076bb80000, 0x000000077a080000, 0x00000007c0000000)
  eden space 126976K, 0% used [0x000000076bb80000,0x000000076bb80000,0x0000000773780000)
  from space 26112K, 99% used [0x0000000773780000,0x00000007750f8fa0,0x0000000775100000)
  to   space 34816K, 0% used [0x0000000777e80000,0x0000000777e80000,0x000000077a080000)
 ParOldGen       total 126464K, used 44062K [0x00000006c3200000, 0x00000006cad80000, 0x000000076bb80000)
  object space 126464K, 34% used [0x00000006c3200000,0x00000006c5d079b0,0x00000006cad80000)
 Metaspace       used 30606K, capacity 31496K, committed 31616K, reserved 1077248K
  class space    used 3455K, capacity 3712K, committed 3712K, reserved 1048576K
}
Event: 7.516 GC heap before
{Heap before GC invocations=11 (full 1):
 PSYoungGen      total 153088K, used 153059K [0x000000076bb80000, 0x000000077a080000, 0x00000007c0000000)
  eden space 126976K, 100% used [0x000000076bb80000,0x0000000773780000,0x0000000773780000)
  from space 26112K, 99% used [0x0000000773780000,0x00000007750f8fa0,0x0000000775100000)
  to   space 34816K, 0% used [0x0000000777e80000,0x0000000777e80000,0x000000077a080000)
 ParOldGen       total 126464K, used 44062K [0x00000006c3200000, 0x00000006cad80000, 0x000000076bb80000)
  object space 126464K, 34% used [0x00000006c3200000,0x00000006c5d079b0,0x00000006cad80000)
 Metaspace       used 31849K, capacity 32926K, committed 33152K, reserved 1079296K
  class space    used 3602K, capacity 3891K, committed 3968K, reserved 1048576K
Event: 7.537 GC heap after
Heap after GC invocations=11 (full 1):
 PSYoungGen      total 196608K, used 32183K [0x000000076bb80000, 0x000000077a800000, 0x00000007c0000000)
  eden space 161792K, 0% used [0x000000076bb80000,0x000000076bb80000,0x0000000775980000)
  from space 34816K, 92% used [0x0000000777e80000,0x0000000779dedc88,0x000000077a080000)
  to   space 37888K, 0% used [0x0000000775980000,0x0000000775980000,0x0000000777e80000)
 ParOldGen       total 126464K, used 44070K [0x00000006c3200000, 0x00000006cad80000, 0x000000076bb80000)
  object space 126464K, 34% used [0x00000006c3200000,0x00000006c5d099b0,0x00000006cad80000)
 Metaspace       used 31849K, capacity 32926K, committed 33152K, reserved 1079296K
  class space    used 3602K, capacity 3891K, committed 3968K, reserved 1048576K
}
Event: 7.977 GC heap before
{Heap before GC invocations=12 (full 1):
 PSYoungGen      total 196608K, used 193975K [0x000000076bb80000, 0x000000077a800000, 0x00000007c0000000)
  eden space 161792K, 100% used [0x000000076bb80000,0x0000000775980000,0x0000000775980000)
  from space 34816K, 92% used [0x0000000777e80000,0x0000000779dedc88,0x000000077a080000)
  to   space 37888K, 0% used [0x0000000775980000,0x0000000775980000,0x0000000777e80000)
 ParOldGen       total 126464K, used 44070K [0x00000006c3200000, 0x00000006cad80000, 0x000000076bb80000)
  object space 126464K, 34% used [0x00000006c3200000,0x00000006c5d099b0,0x00000006cad80000)
 Metaspace       used 32301K, capacity 33452K, committed 33664K, reserved 1079296K
  class space    used 3646K, capacity 3968K, committed 3968K, reserved 1048576K
Event: 9.364 GC heap after
Heap after GC invocations=12 (full 1):
 PSYoungGen      total 199680K, used 27998K [0x000000076bb80000, 0x000000077a800000, 0x00000007c0000000)
  eden space 161792K, 0% used [0x000000076bb80000,0x000000076bb80000,0x0000000775980000)
  from space 37888K, 73% used [0x0000000775980000,0x00000007774d7840,0x0000000777e80000)
  to   space 34816K, 0% used [0x0000000777e80000,0x0000000777e80000,0x000000077a080000)
 ParOldGen       total 126464K, used 54190K [0x00000006c3200000, 0x00000006cad80000, 0x000000076bb80000)
  object space 126464K, 42% used [0x00000006c3200000,0x00000006c66ebb20,0x00000006cad80000)
 Metaspace       used 32301K, capacity 33452K, committed 33664K, reserved 1079296K
  class space    used 3646K, capacity 3968K, committed 3968K, reserved 1048576K
}
Event: 9.921 GC heap before
{Heap before GC invocations=13 (full 1):
 PSYoungGen      total 199680K, used 189790K [0x000000076bb80000, 0x000000077a800000, 0x00000007c0000000)
  eden space 161792K, 100% used [0x000000076bb80000,0x0000000775980000,0x0000000775980000)
  from space 37888K, 73% used [0x0000000775980000,0x00000007774d7840,0x0000000777e80000)
  to   space 34816K, 0% used [0x0000000777e80000,0x0000000777e80000,0x000000077a080000)
 ParOldGen       total 126464K, used 54190K [0x00000006c3200000, 0x00000006cad80000, 0x000000076bb80000)
  object space 126464K, 42% used [0x00000006c3200000,0x00000006c66ebb20,0x00000006cad80000)
 Metaspace       used 32339K, capacity 33458K, committed 33792K, reserved 1079296K
  class space    used 3650K, capacity 3969K, committed 4096K, reserved 1048576K
Event: 10.941 GC heap after
Heap after GC invocations=13 (full 1):
 PSYoungGen      total 195072K, used 26201K [0x000000076bb80000, 0x000000077db00000, 0x00000007c0000000)
  eden space 160256K, 0% used [0x000000076bb80000,0x000000076bb80000,0x0000000775800000)
  from space 34816K, 75% used [0x0000000777e80000,0x00000007798164d0,0x000000077a080000)
  to   space 39424K, 0% used [0x0000000775800000,0x0000000775800000,0x0000000777e80000)
 ParOldGen       total 126464K, used 58392K [0x00000006c3200000, 0x00000006cad80000, 0x000000076bb80000)
  object space 126464K, 46% used [0x00000006c3200000,0x00000006c6b06338,0x00000006cad80000)
 Metaspace       used 32339K, capacity 33458K, committed 33792K, reserved 1079296K
  class space    used 3650K, capacity 3969K, committed 4096K, reserved 1048576K
}
Event: 11.825 GC heap before
{Heap before GC invocations=14 (full 1):
 PSYoungGen      total 195072K, used 186457K [0x000000076bb80000, 0x000000077db00000, 0x00000007c0000000)
  eden space 160256K, 100% used [0x000000076bb80000,0x0000000775800000,0x0000000775800000)
  from space 34816K, 75% used [0x0000000777e80000,0x00000007798164d0,0x000000077a080000)
  to   space 39424K, 0% used [0x0000000775800000,0x0000000775800000,0x0000000777e80000)
 ParOldGen       total 126464K, used 58392K [0x00000006c3200000, 0x00000006cad80000, 0x000000076bb80000)
  object space 126464K, 46% used [0x00000006c3200000,0x00000006c6b06338,0x00000006cad80000)
 Metaspace       used 32810K, capacity 33906K, committed 34304K, reserved 1079296K
  class space    used 3669K, capacity 3969K, committed 4096K, reserved 1048576K
Event: 11.849 GC heap after
Heap after GC invocations=14 (full 1):
 PSYoungGen      total 199680K, used 23886K [0x000000076bb80000, 0x000000077d480000, 0x00000007c0000000)
  eden space 160256K, 0% used [0x000000076bb80000,0x000000076bb80000,0x0000000775800000)
  from space 39424K, 60% used [0x0000000775800000,0x0000000776f53a78,0x0000000777e80000)
  to   space 38400K, 0% used [0x000000077af00000,0x000000077af00000,0x000000077d480000)
 ParOldGen       total 126464K, used 68785K [0x00000006c3200000, 0x00000006cad80000, 0x000000076bb80000)
  object space 126464K, 54% used [0x00000006c3200000,0x00000006c752c648,0x00000006cad80000)
 Metaspace       used 32810K, capacity 33906K, committed 34304K, reserved 1079296K
  class space    used 3669K, capacity 3969K, committed 4096K, reserved 1048576K
}

Deoptimization events (10 events):
Event: 12.018 Thread 0x00000167f5451000 Uncommon trap: reason=class_check action=maybe_recompile pc=0x0000016781c47678 method=com.sun.tools.javac.comp.Lower.boxIfNeeded(Lcom/sun/tools/javac/tree/JCTree;Lcom/sun/tools/javac/code/Type;)Lcom/sun/tools/javac/tree/JCTree; @ 87
Event: 12.032 Thread 0x00000167f5451000 Uncommon trap: reason=class_check action=maybe_recompile pc=0x0000016781c47678 method=com.sun.tools.javac.comp.Lower.boxIfNeeded(Lcom/sun/tools/javac/tree/JCTree;Lcom/sun/tools/javac/code/Type;)Lcom/sun/tools/javac/tree/JCTree; @ 87
Event: 12.173 Thread 0x00000167f5451000 Uncommon trap: reason=unstable_if action=reinterpret pc=0x0000016781c06b0c method=com.sun.tools.javac.comp.Resolve.selectBest(Lcom/sun/tools/javac/comp/Env;Lcom/sun/tools/javac/code/Type;Lcom/sun/tools/javac/util/List;Lcom/sun/tools/javac/util/List;Lcom/s
Event: 12.173 Thread 0x00000167f5451000 Uncommon trap: reason=unstable_if action=reinterpret pc=0x000001678095b404 method=com.sun.tools.javac.comp.Resolve.adjustArgs(Lcom/sun/tools/javac/util/List;Lcom/sun/tools/javac/code/Symbol;IZ)Lcom/sun/tools/javac/util/List; @ 10
Event: 12.175 Thread 0x00000167f5451000 Uncommon trap: reason=class_check action=maybe_recompile pc=0x0000016781c30a28 method=com.sun.tools.javac.comp.Resolve$MethodResultInfo.check(Lcom/sun/tools/javac/util/JCDiagnostic$DiagnosticPosition;Lcom/sun/tools/javac/code/Type;)Lcom/sun/tools/javac/co
Event: 12.175 Thread 0x00000167f5451000 Uncommon trap: reason=class_check action=maybe_recompile pc=0x0000016781c30a28 method=com.sun.tools.javac.comp.Resolve$MethodResultInfo.check(Lcom/sun/tools/javac/util/JCDiagnostic$DiagnosticPosition;Lcom/sun/tools/javac/code/Type;)Lcom/sun/tools/javac/co
Event: 12.175 Thread 0x00000167f5451000 Uncommon trap: reason=class_check action=maybe_recompile pc=0x0000016781c30a28 method=com.sun.tools.javac.comp.Resolve$MethodResultInfo.check(Lcom/sun/tools/javac/util/JCDiagnostic$DiagnosticPosition;Lcom/sun/tools/javac/code/Type;)Lcom/sun/tools/javac/co
Event: 12.175 Thread 0x00000167f5451000 Uncommon trap: reason=class_check action=maybe_recompile pc=0x0000016781c30a28 method=com.sun.tools.javac.comp.Resolve$MethodResultInfo.check(Lcom/sun/tools/javac/util/JCDiagnostic$DiagnosticPosition;Lcom/sun/tools/javac/code/Type;)Lcom/sun/tools/javac/co
Event: 12.213 Thread 0x00000167f5451000 Uncommon trap: reason=class_check action=maybe_recompile pc=0x00000167813093a4 method=com.sun.tools.javac.code.Types.asOuterSuper(Lcom/sun/tools/javac/code/Type;Lcom/sun/tools/javac/code/Symbol;)Lcom/sun/tools/javac/code/Type; @ 4
Event: 14.241 Thread 0x00000167f5451000 Uncommon trap: reason=bimorphic action=maybe_recompile pc=0x00000167819f8248 method=com.sun.tools.javac.comp.Resolve$LookupFilter.accepts(Lcom/sun/tools/javac/code/Symbol;)Z @ 1

Classes redefined (0 events):
No events

Internal exceptions (10 events):
Event: 4.422 Thread 0x00000167f5451000 Exception <a 'java/lang/NullPointerException'> (0x000000076e34cc28) thrown at [C:\jenkins\workspace\8-2-build-windows-x64-cygwin\jdk8u361\3183\hotspot\src\share\vm\runtime\sharedRuntime.cpp, line 609]
Event: 4.422 Thread 0x00000167f5451000 NullPointerException in IC check 0x0000016780106c40
Event: 4.422 Thread 0x00000167f5451000 Exception <a 'java/lang/NullPointerException'> (0x000000076e372ed0) thrown at [C:\jenkins\workspace\8-2-build-windows-x64-cygwin\jdk8u361\3183\hotspot\src\share\vm\runtime\sharedRuntime.cpp, line 609]
Event: 4.819 Thread 0x00000167f5451000 Implicit null exception at 0x0000016780714473 to 0x0000016780715045
Event: 4.819 Thread 0x00000167f5451000 Implicit null exception at 0x00000167803c7a5b to 0x00000167803c7f31
Event: 4.923 Thread 0x00000167f5451000 Exception <a 'java/io/FileNotFoundException'> (0x000000076d275498) thrown at [C:\jenkins\workspace\8-2-build-windows-x64-cygwin\jdk8u361\3183\hotspot\src\share\vm\prims\jni.cpp, line 710]
Event: 5.876 Thread 0x00000167f5451000 Exception <a 'java/lang/NoSuchMethodError': org.apache.maven.execution.MavenExecutionRequest.getFailureBehavior()Ljava/lang/String;> (0x000000076c3e7ae0) thrown at [C:\jenkins\workspace\8-2-build-windows-x64-cygwin\jdk8u361\3183\hotspot\src\share\vm\inter
Event: 6.602 Thread 0x00000167f5451000 Exception <a 'java/io/FileNotFoundException'> (0x0000000773029870) thrown at [C:\jenkins\workspace\8-2-build-windows-x64-cygwin\jdk8u361\3183\hotspot\src\share\vm\prims\jni.cpp, line 710]
Event: 6.756 Thread 0x00000167f5451000 Exception <a 'java/io/FileNotFoundException'> (0x000000076c5a0038) thrown at [C:\jenkins\workspace\8-2-build-windows-x64-cygwin\jdk8u361\3183\hotspot\src\share\vm\prims\jni.cpp, line 710]
Event: 11.274 Thread 0x00000167f5451000 Exception <a 'java/io/FileNotFoundException'> (0x00000007719f1a60) thrown at [C:\jenkins\workspace\8-2-build-windows-x64-cygwin\jdk8u361\3183\hotspot\src\share\vm\prims\jni.cpp, line 710]

Events (10 events):
Event: 12.175 Thread 0x00000167f5451000 DEOPT PACKING pc=0x0000016781c30a28 sp=0x0000000d856fb5f0
Event: 12.175 Thread 0x00000167f5451000 DEOPT UNPACKING pc=0x00000167800458c3 sp=0x0000000d856fb530 mode 2
Event: 12.178 Executing VM operation: ForceSafepoint
Event: 12.178 Executing VM operation: ForceSafepoint done
Event: 12.213 Thread 0x00000167f5451000 Uncommon trap: trap_request=0xffffffde fr.pc=0x00000167813093a4
Event: 12.213 Thread 0x00000167f5451000 DEOPT PACKING pc=0x00000167813093a4 sp=0x0000000d856fc110
Event: 12.213 Thread 0x00000167f5451000 DEOPT UNPACKING pc=0x00000167800458c3 sp=0x0000000d856fc0e0 mode 2
Event: 12.240 Thread 0x00000167f5451000 Uncommon trap: trap_request=0xffffffc6 fr.pc=0x00000167819f8248
Event: 14.241 Thread 0x00000167f5451000 DEOPT PACKING pc=0x00000167819f8248 sp=0x0000000d856fc380
Event: 14.241 Thread 0x00000167f5451000 DEOPT UNPACKING pc=0x00000167800458c3 sp=0x0000000d856fc2a8 mode 2


Dynamic libraries:
0x00007ff640700000 - 0x00007ff640747000 	C:\Program Files\Java\jdk1.8.0_361\bin\java.exe
0x00007ff8e2d40000 - 0x00007ff8e2fa8000 	C:\WINDOWS\SYSTEM32\ntdll.dll
0x00007ff8e1760000 - 0x00007ff8e1829000 	C:\WINDOWS\System32\KERNEL32.DLL
0x00007ff8e03c0000 - 0x00007ff8e07b8000 	C:\WINDOWS\System32\KERNELBASE.dll
0x00007ff8e16a0000 - 0x00007ff8e1754000 	C:\WINDOWS\System32\ADVAPI32.dll
0x00007ff8e1f90000 - 0x00007ff8e2039000 	C:\WINDOWS\System32\msvcrt.dll
0x00007ff8e1560000 - 0x00007ff8e1606000 	C:\WINDOWS\System32\sechost.dll
0x00007ff8e20c0000 - 0x00007ff8e21d8000 	C:\WINDOWS\System32\RPCRT4.dll
0x00007ff8e1ba0000 - 0x00007ff8e1d67000 	C:\WINDOWS\System32\USER32.dll
0x00007ff8e07c0000 - 0x00007ff8e07e7000 	C:\WINDOWS\System32\win32u.dll
0x00007ff8e1830000 - 0x00007ff8e185b000 	C:\WINDOWS\System32\GDI32.dll
0x00007ff8dffd0000 - 0x00007ff8e00fc000 	C:\WINDOWS\System32\gdi32full.dll
0x00007ff8e08b0000 - 0x00007ff8e0953000 	C:\WINDOWS\System32\msvcp_win.dll
0x00007ff8e0100000 - 0x00007ff8e024b000 	C:\WINDOWS\System32\ucrtbase.dll
0x00007ff8c24a0000 - 0x00007ff8c2734000 	C:\WINDOWS\WinSxS\amd64_microsoft.windows.common-controls_6595b64144ccf1df_6.0.26100.7019_none_3e06ffa0e335b8a8\COMCTL32.dll
0x00007ff8e0d70000 - 0x00007ff8e0da1000 	C:\WINDOWS\System32\IMM32.DLL
0x00007ff8d4440000 - 0x00007ff8d4455000 	C:\Program Files\Java\jdk1.8.0_361\jre\bin\vcruntime140.dll
0x00007ff8b9ad0000 - 0x00007ff8b9b6b000 	C:\Program Files\Java\jdk1.8.0_361\jre\bin\msvcp140.dll
0x000000006b0a0000 - 0x000000006b903000 	C:\Program Files\Java\jdk1.8.0_361\jre\bin\server\jvm.dll
0x00007ff8e2770000 - 0x00007ff8e2778000 	C:\WINDOWS\System32\PSAPI.DLL
0x00007ff8c95f0000 - 0x00007ff8c95fa000 	C:\WINDOWS\SYSTEM32\WSOCK32.dll
0x00007ff8d3aa0000 - 0x00007ff8d3aab000 	C:\WINDOWS\SYSTEM32\VERSION.dll
0x00007ff8dc570000 - 0x00007ff8dc5a5000 	C:\WINDOWS\SYSTEM32\WINMM.dll
0x00007ff8e1940000 - 0x00007ff8e19b4000 	C:\WINDOWS\System32\WS2_32.dll
0x00007ff8dec50000 - 0x00007ff8dec6b000 	C:\WINDOWS\SYSTEM32\kernel.appcore.dll
0x00007ff8dc1c0000 - 0x00007ff8dc1d0000 	C:\Program Files\Java\jdk1.8.0_361\jre\bin\verify.dll
0x00007ff8c87a0000 - 0x00007ff8c87cb000 	C:\Program Files\Java\jdk1.8.0_361\jre\bin\java.dll
0x00007ff8c1c40000 - 0x00007ff8c1c70000 	C:\Program Files\Java\jdk1.8.0_361\jre\bin\instrument.dll
0x00007ff8d43c0000 - 0x00007ff8d43d8000 	C:\Program Files\Java\jdk1.8.0_361\jre\bin\zip.dll
0x00007ff8e0db0000 - 0x00007ff8e14ff000 	C:\WINDOWS\System32\SHELL32.dll
0x00007ff8e0250000 - 0x00007ff8e03bb000 	C:\WINDOWS\System32\wintypes.dll
0x00007ff8e21e0000 - 0x00007ff8e256b000 	C:\WINDOWS\System32\combase.dll
0x00007ff8ddad0000 - 0x00007ff8de32d000 	C:\WINDOWS\SYSTEM32\windows.storage.dll
0x00007ff8e0c70000 - 0x00007ff8e0d62000 	C:\WINDOWS\System32\SHCORE.dll
0x00007ff8e0bf0000 - 0x00007ff8e0c57000 	C:\WINDOWS\System32\shlwapi.dll
0x00007ff8dfdb0000 - 0x00007ff8dfdd9000 	C:\WINDOWS\SYSTEM32\profapi.dll
0x00007ff8c1c20000 - 0x00007ff8c1c3a000 	D:\IntelliJ IDEA 2021.2.2\bin\breakgen64.dll
0x00007ff8c12d0000 - 0x00007ff8c12ec000 	C:\Program Files\Java\jdk1.8.0_361\jre\bin\net.dll
0x00007ff8df1c0000 - 0x00007ff8df22b000 	C:\WINDOWS\system32\mswsock.dll
0x00007ff8df480000 - 0x00007ff8df49b000 	C:\WINDOWS\SYSTEM32\CRYPTSP.dll
0x00007ff8debb0000 - 0x00007ff8debea000 	C:\WINDOWS\system32\rsaenh.dll
0x00007ff8df270000 - 0x00007ff8df29b000 	C:\WINDOWS\SYSTEM32\USERENV.dll
0x00007ff8dfd80000 - 0x00007ff8dfdaa000 	C:\WINDOWS\SYSTEM32\bcrypt.dll
0x00007ff8dff20000 - 0x00007ff8dffc5000 	C:\WINDOWS\System32\bcryptprimitives.dll
0x00007ff8df4a0000 - 0x00007ff8df4ac000 	C:\WINDOWS\SYSTEM32\CRYPTBASE.dll
0x00007ff8de660000 - 0x00007ff8de694000 	C:\WINDOWS\SYSTEM32\IPHLPAPI.DLL
0x00007ff8e0ae0000 - 0x00007ff8e0aea000 	C:\WINDOWS\System32\NSI.dll
0x00007ff8d1530000 - 0x00007ff8d154e000 	C:\WINDOWS\SYSTEM32\dhcpcsvc6.DLL
0x00007ff8d1500000 - 0x00007ff8d1523000 	C:\WINDOWS\SYSTEM32\dhcpcsvc.DLL
0x00007ff8de6f0000 - 0x00007ff8de81c000 	C:\WINDOWS\SYSTEM32\DNSAPI.dll
0x00007ff8c12b0000 - 0x00007ff8c12c3000 	C:\Program Files\Java\jdk1.8.0_361\jre\bin\nio.dll
0x00007ff8c8790000 - 0x00007ff8c879a000 	C:\Users\11371\AppData\Local\Temp\jansi-1.17.1-7348580542251933669.dll
0x00007ff8c7850000 - 0x00007ff8c785a000 	C:\Users\11371\AppData\Local\Temp\jansi-1.17.1-3282894455009018865.dll
0x00007ff8c7640000 - 0x00007ff8c764d000 	C:\Program Files\Java\jdk1.8.0_361\jre\bin\management.dll
0x00007ff8bb920000 - 0x00007ff8bb938000 	C:\WINDOWS\system32\napinsp.dll
0x00007ff8bb900000 - 0x00007ff8bb912000 	C:\WINDOWS\System32\winrnr.dll
0x00007ff8bb390000 - 0x00007ff8bb3b2000 	C:\WINDOWS\system32\nlansp_c.dll
0x00007ff8d1b40000 - 0x00007ff8d1b56000 	C:\WINDOWS\system32\wshbth.dll
0x00007ff8a64d0000 - 0x00007ff8a664a000 	C:\Program Files (x86)\Sangfor\SSL\ClientComponent\1_SangforTcpX64.dll
0x00007ff8e1d70000 - 0x00007ff8e1f07000 	C:\WINDOWS\System32\ole32.dll
0x00007ff8e1860000 - 0x00007ff8e1937000 	C:\WINDOWS\System32\OLEAUT32.dll
0x00007ff8dfe90000 - 0x00007ff8dff0f000 	C:\WINDOWS\System32\WINTRUST.dll
0x00007ff8e0960000 - 0x00007ff8e0ad7000 	C:\WINDOWS\System32\CRYPT32.dll
0x00007ff8df4f0000 - 0x00007ff8df503000 	C:\WINDOWS\SYSTEM32\MSASN1.dll
0x00007ff8d11d0000 - 0x00007ff8d11db000 	C:\Windows\System32\rasadhlp.dll
0x00007ff8d1b60000 - 0x00007ff8d1be6000 	C:\WINDOWS\System32\fwpuclnt.dll
0x00007ff8dd2f0000 - 0x00007ff8dd532000 	C:\WINDOWS\SYSTEM32\dbghelp.dll

VM Arguments:
jvm_args: -Dmaven.multiModuleProjectDirectory=D:\IdeaPeojects\Bot -Dmaven.home=D:\apache-maven-3.8.1 -Dclassworlds.conf=D:\apache-maven-3.8.1\bin\m2.conf -Dmaven.ext.class.path=D:\IntelliJ IDEA 2021.2.2\plugins\maven\lib\maven-event-listener.jar -javaagent:D:\IntelliJ IDEA 2021.2.2\lib\idea_rt.jar=47078:D:\IntelliJ IDEA 2021.2.2\bin -Dfile.encoding=UTF-8 
java_command: org.codehaus.classworlds.Launcher -Didea.version=2021.2.2 -s D:\apache-maven-3.8.1\conf\settings.xml -Dmaven.repo.local=D:\repo -DskipTests=true package -P prod
java_class_path (initial): D:\apache-maven-3.8.1\boot\plexus-classworlds-2.6.0.jar;D:\apache-maven-3.8.1\boot\plexus-classworlds.license;D:\IntelliJ IDEA 2021.2.2\lib\idea_rt.jar
Launcher Type: SUN_STANDARD

Environment Variables:
JAVA_HOME=C:\Program Files\Java\jdk1.8.0_361
PATH=C:\Python314\Scripts\;C:\Python314\;C:\WINDOWS\system32;C:\WINDOWS;C:\WINDOWS\System32\Wbem;C:\Program Files (x86)\Common Files\Oracle\Java\javapath;C:\Windows\System32\HWAudioDriverLibs;C:\Windows\system32;C:\Windows;C:\Windows\System32\Wbem;C:\Windows\System32\WindowsPowerShell\v1.0\;C:\Windows\System32\OpenSSH\;C:\Users\Administrator\AppData\Local\Microsoft\WindowsApps;C:\WINDOWS\System32\WindowsPowerShell\v1.0\;C:\WINDOWS\System32\OpenSSH\;%JAVA_HOME%\bin;C:\Program Files\Git\cmd;D:\Oracle\Instant Client\bin;C:\Program Files\TortoiseSVN\bin;D:\apache-tomcat-8.5.87\bin;D:\apache-maven-3.8.1\bin;C:\Program Files\nodejs\;C:\ProgramData\chocolatey\bin;C:\Users\11371\AppData\Local\Programs\Python\Python311\Scripts\;C:\Users\11371\AppData\Local\Programs\Python\Python311\;C:\Users\11371\AppData\Local\Programs\Python\Launcher\;C:\Program Files\Java\jdk1.8.0_361\bin;C:\WINDOWS\system32;C:\WINDOWS;C:\WINDOWS\System32\Wbem;C:\Users\11371\AppData\Local\Microsoft\WindowsApps;D:\apache-maven-3.8.1\bin;C:\Program Files\nodejs\node_global;D:\Oracle\instantclient_11_2;D:\apache-tomcat-8.5.87\bin;D:\gradle-8.12.1\bin;D:\apache-maven-3.8.1\bin;D:\Windsurf\bin;D:\Qoder\bin;C:\Users\11371\AppData\Roaming\npm;
USERNAME=11371
OS=Windows_NT
PROCESSOR_IDENTIFIER=Intel64 Family 6 Model 140 Stepping 1, GenuineIntel



---------------  S Y S T E M  ---------------

OS: Windows 11 , 64 bit Build 26100 (10.0.26100.7019)

CPU:total 8 (initial active 8) (4 cores per cpu, 2 threads per core) family 6 model 140 stepping 1, cmov, cx8, fxsr, mmx, sse, sse2, sse3, ssse3, sse4.1, sse4.2, popcnt, avx, avx2, aes, clmul, erms, 3dnowpref, lzcnt, ht, tsc, tscinvbit, bmi1, bmi2, adx

Memory: 4k page, physical 16571704k(1759092k free), swap 32158772k(5708k free)

vm_info: Java HotSpot(TM) 64-Bit Server VM (25.361-b09) for windows-amd64 JRE (1.8.0_361-b09), built on Jan  9 2023 08:38:53 by "java_re" with MS VC++ 15.9 (VS2017)

time: Fri Nov 28 14:22:30 2025
timezone: Intel64 Family 6 Model 140 Stepping 1, GenuineIntel
elapsed time: 19.288976 seconds (0d 0h 0m 19s)

