#
# There is insufficient memory for the Java Runtime Environment to continue.
# Native memory allocation (malloc) failed to allocate 1656656 bytes for Chunk::new
# Possible reasons:
#   The system is out of physical RAM or swap space
#   The process is running with CompressedOops enabled, and the Java Heap may be blocking the growth of the native heap
# Possible solutions:
#   Reduce memory load on the system
#   Increase physical memory or swap space
#   Check if swap backing store is full
#   Decrease Java heap size (-Xmx/-Xms)
#   Decrease number of Java threads
#   Decrease Java thread stack sizes (-Xss)
#   Set larger code cache with -XX:ReservedCodeCacheSize=
#   JVM is running with Zero Based Compressed Oops mode in which the Java heap is
#     placed in the first 32GB address space. The Java Heap base address is the
#     maximum limit for the native heap growth. Please use -XX:HeapBaseMinAddress
#     to set the Java Heap base and to place the Java Heap above 32GB virtual address.
# This output file may be truncated or incomplete.
#
#  Out of Memory Error (allocation.cpp:389), pid=8972, tid=0x0000000000004408
#
# JRE version: Java(TM) SE Runtime Environment (8.0_361) (build 1.8.0_361-b09)
# Java VM: Java HotSpot(TM) 64-Bit Server VM (25.361-b09 mixed mode windows-amd64 compressed oops)
# Failed to write core dump. Minidumps are not enabled by default on client versions of Windows
#

---------------  T H R E A D  ---------------

Current thread (0x0000029f5c3c8000):  JavaThread "C2 CompilerThread0" daemon [_thread_in_native, id=17416, stack(0x000000ef0fd00000,0x000000ef0fe00000)]

Stack: [0x000000ef0fd00000,0x000000ef0fe00000]
Native frames: (J=compiled Java code, j=interpreted, Vv=VM code, C=native code)
V  [jvm.dll+0x3317a9]
V  [jvm.dll+0x277c4e]
V  [jvm.dll+0x27888d]
V  [jvm.dll+0x26f0d5]
V  [jvm.dll+0xd590c]
V  [jvm.dll+0xd610c]
V  [jvm.dll+0x4731b3]
V  [jvm.dll+0x43a820]
V  [jvm.dll+0x443825]
V  [jvm.dll+0x442be5]
V  [jvm.dll+0x42d98b]
V  [jvm.dll+0xac70b]
V  [jvm.dll+0xaad6b]
V  [jvm.dll+0x23ffb2]
V  [jvm.dll+0x294a5c]
C  [ucrtbase.dll+0x29333]
C  [KERNEL32.DLL+0x1259d]
C  [ntdll.dll+0x5af78]


Current CompileTask:
C2:  19599 10933   !   4       lombok.core.AST::buildWithField0 (122 bytes)


---------------  P R O C E S S  ---------------

Java Threads: ( => current thread )
  0x0000029f5c470800 JavaThread "Service Thread" daemon [_thread_blocked, id=28276, stack(0x000000ef10100000,0x000000ef10200000)]
  0x0000029f5c3d1000 JavaThread "C1 CompilerThread3" daemon [_thread_blocked, id=8724, stack(0x000000ef10000000,0x000000ef10100000)]
  0x0000029f5c3ce000 JavaThread "C2 CompilerThread2" daemon [_thread_in_native, id=28768, stack(0x000000ef0ff00000,0x000000ef10000000)]
  0x0000029f5c3cb800 JavaThread "C2 CompilerThread1" daemon [_thread_in_native, id=8180, stack(0x000000ef0fe00000,0x000000ef0ff00000)]
=>0x0000029f5c3c8000 JavaThread "C2 CompilerThread0" daemon [_thread_in_native, id=17416, stack(0x000000ef0fd00000,0x000000ef0fe00000)]
  0x0000029f5c3c1800 JavaThread "Monitor Ctrl-Break" daemon [_thread_in_native, id=12588, stack(0x000000ef0fc00000,0x000000ef0fd00000)]
  0x0000029f5a631800 JavaThread "Attach Listener" daemon [_thread_blocked, id=14388, stack(0x000000ef0fb00000,0x000000ef0fc00000)]
  0x0000029f5a630800 JavaThread "Signal Dispatcher" daemon [_thread_blocked, id=31140, stack(0x000000ef0fa00000,0x000000ef0fb00000)]
  0x0000029f5a5bb800 JavaThread "Finalizer" daemon [_thread_blocked, id=8584, stack(0x000000ef0f900000,0x000000ef0fa00000)]
  0x0000029f5a5b0800 JavaThread "Reference Handler" daemon [_thread_blocked, id=27668, stack(0x000000ef0f800000,0x000000ef0f900000)]
  0x0000029f3f9f0800 JavaThread "main" [_thread_in_native, id=25684, stack(0x000000ef0ee00000,0x000000ef0ef00000)]

Other Threads:
  0x0000029f5a587000 VMThread [stack: 0x000000ef0f700000,0x000000ef0f800000] [id=4820]
  0x0000029f5c490000 WatcherThread [stack: 0x000000ef10200000,0x000000ef10300000] [id=3780]

VM state:not at safepoint (normal execution)

VM Mutex/Monitor currently owned by a thread: None

heap address: 0x00000006c3200000, size: 4046 MB, Compressed Oops mode: Zero based, Oop shift amount: 3
Narrow klass base: 0x0000000000000000, Narrow klass shift: 3
Compressed class space size: 1073741824 Address: 0x00000007c0000000

Heap:
 PSYoungGen      total 346624K, used 299463K [0x000000076bb80000, 0x0000000783480000, 0x00000007c0000000)
  eden space 307200K, 90% used [0x000000076bb80000,0x000000077cb05af8,0x000000077e780000)
  from space 39424K, 54% used [0x000000077e780000,0x000000077fc6c298,0x0000000780e00000)
  to   space 37376K, 0% used [0x0000000781000000,0x0000000781000000,0x0000000783480000)
 ParOldGen       total 206336K, used 65846K [0x00000006c3200000, 0x00000006cfb80000, 0x000000076bb80000)
  object space 206336K, 31% used [0x00000006c3200000,0x00000006c724d940,0x00000006cfb80000)
 Metaspace       used 35171K, capacity 36328K, committed 36568K, reserved 1081344K
  class space    used 3869K, capacity 4244K, committed 4352K, reserved 1048576K

Card table byte_map: [0x0000029f50770000,0x0000029f50f60000] byte_map_base: 0x0000029f4d157000

Marking Bits: (ParMarkBitMap*) 0x0000000053fbb090
 Begin Bits: [0x0000029f514b0000, 0x0000029f553e8000)
 End Bits:   [0x0000029f553e8000, 0x0000029f59320000)

Polling page: 0x0000029f3fb90000

CodeCache: size=245760Kb used=33072Kb max_used=33072Kb free=212687Kb
 bounds [0x0000029f413b0000, 0x0000029f43430000, 0x0000029f503b0000]
 total_blobs=8569 nmethods=8103 adapters=377
 compilation: enabled

Compilation events (10 events):
Event: 19.542 Thread 0x0000029f5c3d1000 11000       3       lombok.javac.JavacAST::buildMethod (192 bytes)
Event: 19.544 Thread 0x0000029f5c3d1000 nmethod 11000 0x0000029f4341a610 code [0x0000029f4341aa60, 0x0000029f4341d820]
Event: 19.544 Thread 0x0000029f5c3d1000 11001       3       lombok.core.configuration.FileSystemSourceCache::cacheClear (43 bytes)
Event: 19.545 Thread 0x0000029f5c3d1000 nmethod 11001 0x0000029f4341ee50 code [0x0000029f4341efe0, 0x0000029f4341f360]
Event: 19.545 Thread 0x0000029f5c3d1000 11002       3       lombok.javac.JavacASTAdapter::visitLocal (1 bytes)
Event: 19.545 Thread 0x0000029f5c3d1000 nmethod 11002 0x0000029f4341f490 code [0x0000029f4341f5e0, 0x0000029f4341f738]
Event: 19.545 Thread 0x0000029f5c3d1000 11004       3       lombok.core.TypeLibrary::toQualifieds (81 bytes)
Event: 19.546 Thread 0x0000029f5c3d1000 nmethod 11004 0x0000029f4341f7d0 code [0x0000029f4341fa40, 0x0000029f43420ac0]
Event: 19.546 Thread 0x0000029f5c3d1000 11005       3       lombok.core.TypeResolver::typeRefToFullyQualifiedName (487 bytes)
Event: 19.547 Thread 0x0000029f5c3d1000 nmethod 11005 0x0000029f43421250 code [0x0000029f434217a0, 0x0000029f434256b0]

GC Heap History (10 events):
Event: 12.252 GC heap before
{Heap before GC invocations=15 (full 1):
 PSYoungGen      total 264704K, used 136423K [0x000000076bb80000, 0x0000000783700000, 0x00000007c0000000)
  eden space 230400K, 44% used [0x000000076bb80000,0x0000000771f3a630,0x0000000779c80000)
  from space 34304K, 99% used [0x0000000779c80000,0x000000077bdff718,0x000000077be00000)
  to   space 39936K, 0% used [0x0000000781000000,0x0000000781000000,0x0000000783700000)
 ParOldGen       total 124928K, used 71844K [0x00000006c3200000, 0x00000006cac00000, 0x000000076bb80000)
  object space 124928K, 57% used [0x00000006c3200000,0x00000006c7829080,0x00000006cac00000)
 Metaspace       used 34135K, capacity 35260K, committed 35416K, reserved 1081344K
  class space    used 3797K, capacity 4146K, committed 4224K, reserved 1048576K
Event: 12.270 GC heap after
Heap after GC invocations=15 (full 1):
 PSYoungGen      total 344576K, used 24661K [0x000000076bb80000, 0x0000000783480000, 0x00000007c0000000)
  eden space 307200K, 0% used [0x000000076bb80000,0x000000076bb80000,0x000000077e780000)
  from space 37376K, 65% used [0x0000000781000000,0x0000000782815610,0x0000000783480000)
  to   space 39424K, 0% used [0x000000077e780000,0x000000077e780000,0x0000000780e00000)
 ParOldGen       total 124928K, used 81274K [0x00000006c3200000, 0x00000006cac00000, 0x000000076bb80000)
  object space 124928K, 65% used [0x00000006c3200000,0x00000006c815e8a8,0x00000006cac00000)
 Metaspace       used 34135K, capacity 35260K, committed 35416K, reserved 1081344K
  class space    used 3797K, capacity 4146K, committed 4224K, reserved 1048576K
}
Event: 12.270 GC heap before
{Heap before GC invocations=16 (full 2):
 PSYoungGen      total 344576K, used 24661K [0x000000076bb80000, 0x0000000783480000, 0x00000007c0000000)
  eden space 307200K, 0% used [0x000000076bb80000,0x000000076bb80000,0x000000077e780000)
  from space 37376K, 65% used [0x0000000781000000,0x0000000782815610,0x0000000783480000)
  to   space 39424K, 0% used [0x000000077e780000,0x000000077e780000,0x0000000780e00000)
 ParOldGen       total 124928K, used 81274K [0x00000006c3200000, 0x00000006cac00000, 0x000000076bb80000)
  object space 124928K, 65% used [0x00000006c3200000,0x00000006c815e8a8,0x00000006cac00000)
 Metaspace       used 34135K, capacity 35260K, committed 35416K, reserved 1081344K
  class space    used 3797K, capacity 4146K, committed 4224K, reserved 1048576K
Event: 12.335 GC heap after
Heap after GC invocations=16 (full 2):
 PSYoungGen      total 344576K, used 0K [0x000000076bb80000, 0x0000000783480000, 0x00000007c0000000)
  eden space 307200K, 0% used [0x000000076bb80000,0x000000076bb80000,0x000000077e780000)
  from space 37376K, 0% used [0x0000000781000000,0x0000000781000000,0x0000000783480000)
  to   space 39424K, 0% used [0x000000077e780000,0x000000077e780000,0x0000000780e00000)
 ParOldGen       total 206336K, used 46284K [0x00000006c3200000, 0x00000006cfb80000, 0x000000076bb80000)
  object space 206336K, 22% used [0x00000006c3200000,0x00000006c5f333d8,0x00000006cfb80000)
 Metaspace       used 30780K, capacity 31684K, committed 35416K, reserved 1081344K
  class space    used 3410K, capacity 3658K, committed 4224K, reserved 1048576K
}
Event: 13.265 GC heap before
{Heap before GC invocations=17 (full 2):
 PSYoungGen      total 344576K, used 307200K [0x000000076bb80000, 0x0000000783480000, 0x00000007c0000000)
  eden space 307200K, 100% used [0x000000076bb80000,0x000000077e780000,0x000000077e780000)
  from space 37376K, 0% used [0x0000000781000000,0x0000000781000000,0x0000000783480000)
  to   space 39424K, 0% used [0x000000077e780000,0x000000077e780000,0x0000000780e00000)
 ParOldGen       total 206336K, used 46284K [0x00000006c3200000, 0x00000006cfb80000, 0x000000076bb80000)
  object space 206336K, 22% used [0x00000006c3200000,0x00000006c5f333d8,0x00000006cfb80000)
 Metaspace       used 31440K, capacity 32368K, committed 35416K, reserved 1081344K
  class space    used 3461K, capacity 3692K, committed 4224K, reserved 1048576K
Event: 13.273 GC heap after
Heap after GC invocations=17 (full 2):
 PSYoungGen      total 346624K, used 5972K [0x000000076bb80000, 0x0000000783480000, 0x00000007c0000000)
  eden space 307200K, 0% used [0x000000076bb80000,0x000000076bb80000,0x000000077e780000)
  from space 39424K, 15% used [0x000000077e780000,0x000000077ed55018,0x0000000780e00000)
  to   space 37376K, 0% used [0x0000000781000000,0x0000000781000000,0x0000000783480000)
 ParOldGen       total 206336K, used 46292K [0x00000006c3200000, 0x00000006cfb80000, 0x000000076bb80000)
  object space 206336K, 22% used [0x00000006c3200000,0x00000006c5f353d8,0x00000006cfb80000)
 Metaspace       used 31440K, capacity 32368K, committed 35416K, reserved 1081344K
  class space    used 3461K, capacity 3692K, committed 4224K, reserved 1048576K
}
Event: 15.110 GC heap before
{Heap before GC invocations=18 (full 2):
 PSYoungGen      total 346624K, used 313023K [0x000000076bb80000, 0x0000000783480000, 0x00000007c0000000)
  eden space 307200K, 99% used [0x000000076bb80000,0x000000077e75acd8,0x000000077e780000)
  from space 39424K, 15% used [0x000000077e780000,0x000000077ed55018,0x0000000780e00000)
  to   space 37376K, 0% used [0x0000000781000000,0x0000000781000000,0x0000000783480000)
 ParOldGen       total 206336K, used 46292K [0x00000006c3200000, 0x00000006cfb80000, 0x000000076bb80000)
  object space 206336K, 22% used [0x00000006c3200000,0x00000006c5f353d8,0x00000006cfb80000)
 Metaspace       used 31753K, capacity 32720K, committed 35416K, reserved 1081344K
  class space    used 3474K, capacity 3724K, committed 4224K, reserved 1048576K
Event: 15.123 GC heap after
Heap after GC invocations=18 (full 2):
 PSYoungGen      total 344576K, used 19908K [0x000000076bb80000, 0x0000000783480000, 0x00000007c0000000)
  eden space 307200K, 0% used [0x000000076bb80000,0x000000076bb80000,0x000000077e780000)
  from space 37376K, 53% used [0x0000000781000000,0x0000000782371138,0x0000000783480000)
  to   space 39424K, 0% used [0x000000077e780000,0x000000077e780000,0x0000000780e00000)
 ParOldGen       total 206336K, used 50172K [0x00000006c3200000, 0x00000006cfb80000, 0x000000076bb80000)
  object space 206336K, 24% used [0x00000006c3200000,0x00000006c62ff3e8,0x00000006cfb80000)
 Metaspace       used 31753K, capacity 32720K, committed 35416K, reserved 1081344K
  class space    used 3474K, capacity 3724K, committed 4224K, reserved 1048576K
}
Event: 17.182 GC heap before
{Heap before GC invocations=19 (full 2):
 PSYoungGen      total 344576K, used 327108K [0x000000076bb80000, 0x0000000783480000, 0x00000007c0000000)
  eden space 307200K, 100% used [0x000000076bb80000,0x000000077e780000,0x000000077e780000)
  from space 37376K, 53% used [0x0000000781000000,0x0000000782371138,0x0000000783480000)
  to   space 39424K, 0% used [0x000000077e780000,0x000000077e780000,0x0000000780e00000)
 ParOldGen       total 206336K, used 50172K [0x00000006c3200000, 0x00000006cfb80000, 0x000000076bb80000)
  object space 206336K, 24% used [0x00000006c3200000,0x00000006c62ff3e8,0x00000006cfb80000)
 Metaspace       used 33433K, capacity 34488K, committed 35416K, reserved 1081344K
  class space    used 3664K, capacity 3970K, committed 4224K, reserved 1048576K
Event: 17.200 GC heap after
Heap after GC invocations=19 (full 2):
 PSYoungGen      total 346624K, used 21424K [0x000000076bb80000, 0x0000000783480000, 0x00000007c0000000)
  eden space 307200K, 0% used [0x000000076bb80000,0x000000076bb80000,0x000000077e780000)
  from space 39424K, 54% used [0x000000077e780000,0x000000077fc6c298,0x0000000780e00000)
  to   space 37376K, 0% used [0x0000000781000000,0x0000000781000000,0x0000000783480000)
 ParOldGen       total 206336K, used 65846K [0x00000006c3200000, 0x00000006cfb80000, 0x000000076bb80000)
  object space 206336K, 31% used [0x00000006c3200000,0x00000006c724d940,0x00000006cfb80000)
 Metaspace       used 33433K, capacity 34488K, committed 35416K, reserved 1081344K
  class space    used 3664K, capacity 3970K, committed 4224K, reserved 1048576K
}

Deoptimization events (10 events):
Event: 18.310 Thread 0x0000029f3f9f0800 Uncommon trap: reason=unstable_if action=reinterpret pc=0x0000029f42aa4d14 method=org.codehaus.plexus.util.SelectorUtils.match([C[CZ)Z @ 166
Event: 18.327 Thread 0x0000029f3f9f0800 Uncommon trap: reason=unstable_if action=reinterpret pc=0x0000029f42c05738 method=java.io.BufferedReader.read()I @ 19
Event: 18.334 Thread 0x0000029f3f9f0800 Uncommon trap: reason=unstable_if action=reinterpret pc=0x0000029f426c7dc8 method=java.util.regex.Pattern$CharProperty.match(Ljava/util/regex/Matcher;ILjava/lang/CharSequence;)Z @ 40
Event: 18.522 Thread 0x0000029f3f9f0800 Uncommon trap: reason=unstable_if action=reinterpret pc=0x0000029f42210bf0 method=com.sun.tools.javac.util.ArrayUtils.ensureCapacity([BI)[B @ 3
Event: 18.537 Thread 0x0000029f3f9f0800 Uncommon trap: reason=unstable_if action=reinterpret pc=0x0000029f423a1940 method=com.sun.tools.javac.comp.Annotate.enterAttributeValue(Lcom/sun/tools/javac/code/Type;Lcom/sun/tools/javac/tree/JCTree$JCExpression;Lcom/sun/tools/javac/comp/Env;)Lcom/sun/to
Event: 18.537 Thread 0x0000029f3f9f0800 Uncommon trap: reason=class_check action=maybe_recompile pc=0x0000029f42a99a20 method=com.sun.tools.javac.comp.Annotate.enterAnnotation(Lcom/sun/tools/javac/tree/JCTree$JCAnnotation;Lcom/sun/tools/javac/code/Type;Lcom/sun/tools/javac/comp/Env;Z)Lcom/sun/t
Event: 19.539 Thread 0x0000029f3f9f0800 Uncommon trap: reason=bimorphic action=maybe_recompile pc=0x0000029f42eb4670 method=lombok.javac.JavacNode.traverse(Llombok/javac/JavacASTVisitor;)V @ 73
Event: 19.539 Thread 0x0000029f3f9f0800 Uncommon trap: reason=bimorphic action=maybe_recompile pc=0x0000029f42eb4664 method=lombok.javac.JavacNode.traverse(Llombok/javac/JavacASTVisitor;)V @ 113
Event: 19.539 Thread 0x0000029f3f9f0800 Uncommon trap: reason=bimorphic action=maybe_recompile pc=0x0000029f42eb4438 method=lombok.javac.JavacNode.traverse(Llombok/javac/JavacASTVisitor;)V @ 490
Event: 19.539 Thread 0x0000029f3f9f0800 Uncommon trap: reason=bimorphic action=maybe_recompile pc=0x0000029f42eb4438 method=lombok.javac.JavacNode.traverse(Llombok/javac/JavacASTVisitor;)V @ 490

Classes redefined (0 events):
No events

Internal exceptions (10 events):
Event: 11.557 Thread 0x0000029f3f9f0800 Exception <a 'java/io/FileNotFoundException'> (0x000000076eef38a8) thrown at [C:\jenkins\workspace\8-2-build-windows-x64-cygwin\jdk8u361\3183\hotspot\src\share\vm\prims\jni.cpp, line 710]
Event: 11.673 Thread 0x0000029f3f9f0800 Exception <a 'java/io/FileNotFoundException'> (0x000000076fa1cf70) thrown at [C:\jenkins\workspace\8-2-build-windows-x64-cygwin\jdk8u361\3183\hotspot\src\share\vm\prims\jni.cpp, line 710]
Event: 14.010 Thread 0x0000029f3f9f0800 Exception <a 'java/io/FileNotFoundException'> (0x0000000774184b60) thrown at [C:\jenkins\workspace\8-2-build-windows-x64-cygwin\jdk8u361\3183\hotspot\src\share\vm\prims\jni.cpp, line 710]
Event: 14.735 Thread 0x0000029f3f9f0800 Exception <a 'java/lang/NoSuchMethodError': org.apache.maven.execution.MavenExecutionRequest.getFailureBehavior()Ljava/lang/String;> (0x000000077ace6e08) thrown at [C:\jenkins\workspace\8-2-build-windows-x64-cygwin\jdk8u361\3183\hotspot\src\share\vm\inter
Event: 15.202 Thread 0x0000029f3f9f0800 Exception <a 'java/io/FileNotFoundException'> (0x000000076c68a048) thrown at [C:\jenkins\workspace\8-2-build-windows-x64-cygwin\jdk8u361\3183\hotspot\src\share\vm\prims\jni.cpp, line 710]
Event: 15.386 Thread 0x0000029f3f9f0800 Exception <a 'java/io/FileNotFoundException'> (0x000000076da7dd78) thrown at [C:\jenkins\workspace\8-2-build-windows-x64-cygwin\jdk8u361\3183\hotspot\src\share\vm\prims\jni.cpp, line 710]
Event: 17.355 Thread 0x0000029f3f9f0800 Exception <a 'java/io/FileNotFoundException'> (0x000000076de2b178) thrown at [C:\jenkins\workspace\8-2-build-windows-x64-cygwin\jdk8u361\3183\hotspot\src\share\vm\prims\jni.cpp, line 710]
Event: 18.054 Thread 0x0000029f3f9f0800 Exception <a 'java/lang/NoSuchMethodError': org.apache.maven.execution.MavenExecutionRequest.getFailureBehavior()Ljava/lang/String;> (0x00000007734f20f8) thrown at [C:\jenkins\workspace\8-2-build-windows-x64-cygwin\jdk8u361\3183\hotspot\src\share\vm\inter
Event: 18.442 Thread 0x0000029f3f9f0800 Exception <a 'java/io/FileNotFoundException'> (0x0000000776fd81c0) thrown at [C:\jenkins\workspace\8-2-build-windows-x64-cygwin\jdk8u361\3183\hotspot\src\share\vm\prims\jni.cpp, line 710]
Event: 18.541 Thread 0x0000029f3f9f0800 Exception <a 'java/io/FileNotFoundException'> (0x00000007779e65c8) thrown at [C:\jenkins\workspace\8-2-build-windows-x64-cygwin\jdk8u361\3183\hotspot\src\share\vm\prims\jni.cpp, line 710]

Events (10 events):
Event: 19.539 Thread 0x0000029f3f9f0800 DEOPT UNPACKING pc=0x0000029f413f58c3 sp=0x000000ef0eefd330 mode 2
Event: 19.539 Thread 0x0000029f3f9f0800 Uncommon trap: trap_request=0xffffffc6 fr.pc=0x0000029f42eb4664
Event: 19.539 Thread 0x0000029f3f9f0800 DEOPT PACKING pc=0x0000029f42eb4664 sp=0x000000ef0eefd2c0
Event: 19.539 Thread 0x0000029f3f9f0800 DEOPT UNPACKING pc=0x0000029f413f58c3 sp=0x000000ef0eefd250 mode 2
Event: 19.539 Thread 0x0000029f3f9f0800 Uncommon trap: trap_request=0xffffffc6 fr.pc=0x0000029f42eb4438
Event: 19.539 Thread 0x0000029f3f9f0800 DEOPT PACKING pc=0x0000029f42eb4438 sp=0x000000ef0eefd1e0
Event: 19.539 Thread 0x0000029f3f9f0800 DEOPT UNPACKING pc=0x0000029f413f58c3 sp=0x000000ef0eefd168 mode 2
Event: 19.539 Thread 0x0000029f3f9f0800 Uncommon trap: trap_request=0xffffffc6 fr.pc=0x0000029f42eb4438
Event: 19.539 Thread 0x0000029f3f9f0800 DEOPT PACKING pc=0x0000029f42eb4438 sp=0x000000ef0eefd1e0
Event: 19.539 Thread 0x0000029f3f9f0800 DEOPT UNPACKING pc=0x0000029f413f58c3 sp=0x000000ef0eefd168 mode 2


Dynamic libraries:
0x00007ff764b00000 - 0x00007ff764b47000 	C:\Program Files\Java\jdk1.8.0_361\bin\java.exe
0x00007ffa08070000 - 0x00007ffa08288000 	C:\WINDOWS\SYSTEM32\ntdll.dll
0x00007ffa05f70000 - 0x00007ffa06034000 	C:\WINDOWS\System32\KERNEL32.DLL
0x00007ffa052b0000 - 0x00007ffa05683000 	C:\WINDOWS\System32\KERNELBASE.dll
0x00007ffa06c10000 - 0x00007ffa06cc1000 	C:\WINDOWS\System32\ADVAPI32.dll
0x00007ffa06db0000 - 0x00007ffa06e57000 	C:\WINDOWS\System32\msvcrt.dll
0x00007ffa06ce0000 - 0x00007ffa06d88000 	C:\WINDOWS\System32\sechost.dll
0x00007ffa05b40000 - 0x00007ffa05b68000 	C:\WINDOWS\System32\bcrypt.dll
0x00007ffa05d90000 - 0x00007ffa05ea8000 	C:\WINDOWS\System32\RPCRT4.dll
0x00007ffa062c0000 - 0x00007ffa06472000 	C:\WINDOWS\System32\USER32.dll
0x00007ffa057c0000 - 0x00007ffa057e6000 	C:\WINDOWS\System32\win32u.dll
0x00007ffa07b60000 - 0x00007ffa07b89000 	C:\WINDOWS\System32\GDI32.dll
0x00007ffa05690000 - 0x00007ffa057b3000 	C:\WINDOWS\System32\gdi32full.dll
0x00007ffa05aa0000 - 0x00007ffa05b3a000 	C:\WINDOWS\System32\msvcp_win.dll
0x00007ffa05b70000 - 0x00007ffa05c81000 	C:\WINDOWS\System32\ucrtbase.dll
0x00007ff9ecba0000 - 0x00007ff9ece3c000 	C:\WINDOWS\WinSxS\amd64_microsoft.windows.common-controls_6595b64144ccf1df_6.0.22621.6060_none_2712eda17382d24b\COMCTL32.dll
0x00007ffa05eb0000 - 0x00007ffa05ee1000 	C:\WINDOWS\System32\IMM32.DLL
0x00007ff9fbee0000 - 0x00007ff9fbef5000 	C:\Program Files\Java\jdk1.8.0_361\jre\bin\vcruntime140.dll
0x00007ff9b1860000 - 0x00007ff9b18fb000 	C:\Program Files\Java\jdk1.8.0_361\jre\bin\msvcp140.dll
0x00000000537d0000 - 0x0000000054033000 	C:\Program Files\Java\jdk1.8.0_361\jre\bin\server\jvm.dll
0x00007ffa07b90000 - 0x00007ffa07b98000 	C:\WINDOWS\System32\PSAPI.DLL
0x00007ff9e7790000 - 0x00007ff9e7799000 	C:\WINDOWS\SYSTEM32\WSOCK32.dll
0x00007ffa01760000 - 0x00007ffa01794000 	C:\WINDOWS\SYSTEM32\WINMM.dll
0x00007ff9fe890000 - 0x00007ff9fe89a000 	C:\WINDOWS\SYSTEM32\VERSION.dll
0x00007ffa05d10000 - 0x00007ffa05d81000 	C:\WINDOWS\System32\WS2_32.dll
0x00007ffa041b0000 - 0x00007ffa041c8000 	C:\WINDOWS\SYSTEM32\kernel.appcore.dll
0x00007ff9fcdf0000 - 0x00007ff9fce00000 	C:\Program Files\Java\jdk1.8.0_361\jre\bin\verify.dll
0x00007ff9d4410000 - 0x00007ff9d443b000 	C:\Program Files\Java\jdk1.8.0_361\jre\bin\java.dll
0x00007ff9d24b0000 - 0x00007ff9d24e0000 	C:\Program Files\Java\jdk1.8.0_361\jre\bin\instrument.dll
0x00007ff9f3010000 - 0x00007ff9f3028000 	C:\Program Files\Java\jdk1.8.0_361\jre\bin\zip.dll
0x00007ffa071b0000 - 0x00007ffa07a4e000 	C:\WINDOWS\System32\SHELL32.dll
0x00007ffa05170000 - 0x00007ffa052af000 	C:\WINDOWS\System32\wintypes.dll
0x00007ffa066a0000 - 0x00007ffa06a32000 	C:\WINDOWS\System32\combase.dll
0x00007ffa03050000 - 0x00007ffa03968000 	C:\WINDOWS\SYSTEM32\windows.storage.dll
0x00007ffa07a50000 - 0x00007ffa07b54000 	C:\WINDOWS\System32\SHCORE.dll
0x00007ffa06040000 - 0x00007ffa060a9000 	C:\WINDOWS\System32\shlwapi.dll
0x00007ffa050a0000 - 0x00007ffa050c5000 	C:\WINDOWS\SYSTEM32\profapi.dll
0x00007ff9d43d0000 - 0x00007ff9d43ea000 	D:\IntelliJ IDEA 2021.2.2\bin\breakgen64.dll
0x00007ff9d2370000 - 0x00007ff9d238c000 	C:\Program Files\Java\jdk1.8.0_361\jre\bin\net.dll
0x00007ffa04710000 - 0x00007ffa04779000 	C:\WINDOWS\system32\mswsock.dll
0x00007ffa04960000 - 0x00007ffa0497b000 	C:\WINDOWS\SYSTEM32\CRYPTSP.dll
0x00007ffa04110000 - 0x00007ffa04147000 	C:\WINDOWS\system32\rsaenh.dll
0x00007ffa04800000 - 0x00007ffa04828000 	C:\WINDOWS\SYSTEM32\USERENV.dll
0x00007ffa057f0000 - 0x00007ffa0586b000 	C:\WINDOWS\System32\bcryptprimitives.dll
0x00007ffa04980000 - 0x00007ffa0498c000 	C:\WINDOWS\SYSTEM32\CRYPTBASE.dll
0x00007ffa03c60000 - 0x00007ffa03c8d000 	C:\WINDOWS\SYSTEM32\IPHLPAPI.DLL
0x00007ffa06cd0000 - 0x00007ffa06cd9000 	C:\WINDOWS\System32\NSI.dll
0x00007ff9fee50000 - 0x00007ff9fee69000 	C:\WINDOWS\SYSTEM32\dhcpcsvc6.DLL
0x00007ff9fee30000 - 0x00007ff9fee4f000 	C:\WINDOWS\SYSTEM32\dhcpcsvc.DLL
0x00007ffa03c90000 - 0x00007ffa03d88000 	C:\WINDOWS\SYSTEM32\DNSAPI.dll
0x00007ff9c6490000 - 0x00007ff9c64a3000 	C:\Program Files\Java\jdk1.8.0_361\jre\bin\nio.dll
0x00007ff9ec210000 - 0x00007ff9ec21a000 	C:\Users\11371\AppData\Local\Temp\jansi-1.17.1-5247184802055291232.dll
0x00007ff9dd460000 - 0x00007ff9dd46a000 	C:\Users\11371\AppData\Local\Temp\jansi-1.17.1-3162133519892299078.dll
0x00007ff9d8d70000 - 0x00007ff9d8d7d000 	C:\Program Files\Java\jdk1.8.0_361\jre\bin\management.dll
0x00007ff9d3260000 - 0x00007ff9d3293000 	C:\Program Files (x86)\Sangfor\SSL\ClientComponent\SangforNspX64.dll
0x00007ffa06500000 - 0x00007ffa066a0000 	C:\WINDOWS\System32\ole32.dll
0x00007ffa060b0000 - 0x00007ffa06188000 	C:\WINDOWS\System32\OLEAUT32.dll
0x00007ff9d3240000 - 0x00007ff9d3257000 	C:\WINDOWS\system32\napinsp.dll
0x00007ff9d3220000 - 0x00007ff9d323b000 	C:\WINDOWS\system32\pnrpnsp.dll
0x00007ff9d31f0000 - 0x00007ff9d3211000 	C:\WINDOWS\system32\nlansp_c.dll
0x00007ff9d31d0000 - 0x00007ff9d31e1000 	C:\WINDOWS\System32\winrnr.dll
0x00007ff9fe360000 - 0x00007ff9fe375000 	C:\WINDOWS\system32\wshbth.dll
0x00007ff9bc510000 - 0x00007ff9bc68a000 	C:\Program Files (x86)\Sangfor\SSL\ClientComponent\SangforTcpX64.dll
0x00007ffa05c90000 - 0x00007ffa05d0c000 	C:\WINDOWS\System32\WINTRUST.dll
0x00007ffa05930000 - 0x00007ffa05a98000 	C:\WINDOWS\System32\CRYPT32.dll
0x00007ffa049c0000 - 0x00007ffa049d2000 	C:\WINDOWS\SYSTEM32\MSASN1.dll
0x00007ff9fe8a0000 - 0x00007ff9fe8aa000 	C:\Windows\System32\rasadhlp.dll
0x00007ff9fe230000 - 0x00007ff9fe2b4000 	C:\WINDOWS\System32\fwpuclnt.dll
0x00007ffa02410000 - 0x00007ffa02643000 	C:\WINDOWS\SYSTEM32\dbghelp.dll

VM Arguments:
jvm_args: -Dmaven.multiModuleProjectDirectory=D:\IdeaPeojects\Bot -Dmaven.home=D:\apache-maven-3.8.1 -Dclassworlds.conf=D:\apache-maven-3.8.1\bin\m2.conf -Dmaven.ext.class.path=D:\IntelliJ IDEA 2021.2.2\plugins\maven\lib\maven-event-listener.jar -javaagent:D:\IntelliJ IDEA 2021.2.2\lib\idea_rt.jar=15420:D:\IntelliJ IDEA 2021.2.2\bin -Dfile.encoding=UTF-8 
java_command: org.codehaus.classworlds.Launcher -Didea.version=2021.2.2 -s D:\apache-maven-3.8.1\conf\settings.xml -Dmaven.repo.local=D:\repo -DskipTests=true package -P prod
java_class_path (initial): D:\apache-maven-3.8.1\boot\plexus-classworlds-2.6.0.jar;D:\apache-maven-3.8.1\boot\plexus-classworlds.license;D:\IntelliJ IDEA 2021.2.2\lib\idea_rt.jar
Launcher Type: SUN_STANDARD

Environment Variables:
JAVA_HOME=C:\Program Files\Java\jdk1.8.0_361
PATH=C:\WINDOWS\system32;C:\WINDOWS;C:\WINDOWS\System32\Wbem;C:\Program Files (x86)\Common Files\Oracle\Java\javapath;C:\Windows\System32\HWAudioDriverLibs;C:\Windows\system32;C:\Windows;C:\Windows\System32\Wbem;C:\Windows\System32\WindowsPowerShell\v1.0\;C:\Windows\System32\OpenSSH\;C:\Users\Administrator\AppData\Local\Microsoft\WindowsApps;C:\WINDOWS\System32\WindowsPowerShell\v1.0\;C:\WINDOWS\System32\OpenSSH\;%JAVA_HOME%\bin;C:\Program Files\nodejs\;C:\Program Files\Git\cmd;D:\Oracle\Instant Client\bin;C:\Program Files\TortoiseSVN\bin;D:\cursor\resources\app\bin;D:\apache-tomcat-8.5.87\bin;D:\apache-maven-3.8.1\bin;C:\Program Files\Java\jdk1.8.0_361\bin;C:\Users\11371\AppData\Local\Microsoft\WindowsApps;C:\Users\11371\AppData\Roaming\npm;C:\Program Files\nodejs\node_global;D:\Oracle\instantclient_11_2;D:\gradle-8.12.1\bin
USERNAME=11371
OS=Windows_NT
PROCESSOR_IDENTIFIER=Intel64 Family 6 Model 140 Stepping 1, GenuineIntel



---------------  S Y S T E M  ---------------

OS: Windows 11 , 64 bit Build 22621 (10.0.22621.5415)

CPU:total 8 (initial active 8) (4 cores per cpu, 2 threads per core) family 6 model 140 stepping 1, cmov, cx8, fxsr, mmx, sse, sse2, sse3, ssse3, sse4.1, sse4.2, popcnt, avx, avx2, aes, clmul, erms, 3dnowpref, lzcnt, ht, tsc, tscinvbit, bmi1, bmi2, adx

Memory: 4k page, physical 16571704k(1069124k free), swap 32158772k(5184k free)

vm_info: Java HotSpot(TM) 64-Bit Server VM (25.361-b09) for windows-amd64 JRE (1.8.0_361-b09), built on Jan  9 2023 08:38:53 by "java_re" with MS VC++ 15.9 (VS2017)

time: Tue Nov  4 20:14:44 2025
timezone: Intel64 Family 6 Model 140 Stepping 1, GenuineIntel
elapsed time: 19.604011 seconds (0d 0h 0m 19s)

