#
# There is insufficient memory for the Java Runtime Environment to continue.
# Native memory allocation (malloc) failed to allocate 1832336 bytes for Chunk::new
# Possible reasons:
#   The system is out of physical RAM or swap space
#   The process is running with CompressedOops enabled, and the Java Heap may be blocking the growth of the native heap
# Possible solutions:
#   Reduce memory load on the system
#   Increase physical memory or swap space
#   Check if swap backing store is full
#   Decrease Java heap size (-Xmx/-Xms)
#   Decrease number of Java threads
#   Decrease Java thread stack sizes (-Xss)
#   Set larger code cache with -XX:ReservedCodeCacheSize=
#   JVM is running with Zero Based Compressed Oops mode in which the Java heap is
#     placed in the first 32GB address space. The Java Heap base address is the
#     maximum limit for the native heap growth. Please use -XX:HeapBaseMinAddress
#     to set the Java Heap base and to place the Java Heap above 32GB virtual address.
# This output file may be truncated or incomplete.
#
#  Out of Memory Error (allocation.cpp:389), pid=33340, tid=0x0000000000006a18
#
# JRE version: Java(TM) SE Runtime Environment (8.0_361) (build 1.8.0_361-b09)
# Java VM: Java HotSpot(TM) 64-Bit Server VM (25.361-b09 mixed mode windows-amd64 compressed oops)
# Failed to write core dump. Minidumps are not enabled by default on client versions of Windows
#

---------------  T H R E A D  ---------------

Current thread (0x0000024e819a2000):  JavaThread "C2 CompilerThread0" daemon [_thread_in_native, id=27160, stack(0x0000007b77c00000,0x0000007b77d00000)]

Stack: [0x0000007b77c00000,0x0000007b77d00000]
Native frames: (J=compiled Java code, j=interpreted, Vv=VM code, C=native code)
V  [jvm.dll+0x3317a9]
V  [jvm.dll+0x277c4e]
V  [jvm.dll+0x27888d]
V  [jvm.dll+0x26f0d5]
V  [jvm.dll+0xd590c]
V  [jvm.dll+0xd610c]
V  [jvm.dll+0x4731b3]
V  [jvm.dll+0x43a820]
V  [jvm.dll+0x443825]
V  [jvm.dll+0x442be5]
V  [jvm.dll+0x42d98b]
V  [jvm.dll+0xac70b]
V  [jvm.dll+0xaad6b]
V  [jvm.dll+0x23ffb2]
V  [jvm.dll+0x294a5c]
C  [ucrtbase.dll+0x37b0]
C  [KERNEL32.DLL+0x2e8d7]
C  [ntdll.dll+0x8c53c]


Current CompileTask:
C2:  18752 10432       4       lombok.javac.JavacAST::buildStatementOrExpression (104 bytes)


---------------  P R O C E S S  ---------------

Java Threads: ( => current thread )
  0x0000024e81a34800 JavaThread "Service Thread" daemon [_thread_blocked, id=23340, stack(0x0000007b78000000,0x0000007b78100000)]
  0x0000024e819aa800 JavaThread "C1 CompilerThread3" daemon [_thread_blocked, id=22764, stack(0x0000007b77f00000,0x0000007b78000000)]
  0x0000024e819a5000 JavaThread "C2 CompilerThread2" daemon [_thread_in_native, id=348, stack(0x0000007b77e00000,0x0000007b77f00000)]
  0x0000024e819a4000 JavaThread "C2 CompilerThread1" daemon [_thread_in_native, id=29128, stack(0x0000007b77d00000,0x0000007b77e00000)]
=>0x0000024e819a2000 JavaThread "C2 CompilerThread0" daemon [_thread_in_native, id=27160, stack(0x0000007b77c00000,0x0000007b77d00000)]
  0x0000024effc0e800 JavaThread "Monitor Ctrl-Break" daemon [_thread_in_native, id=37256, stack(0x0000007b77b00000,0x0000007b77c00000)]
  0x0000024effbe9000 JavaThread "Attach Listener" daemon [_thread_blocked, id=16168, stack(0x0000007b77a00000,0x0000007b77b00000)]
  0x0000024effb92000 JavaThread "Signal Dispatcher" daemon [_thread_blocked, id=19012, stack(0x0000007b77900000,0x0000007b77a00000)]
  0x0000024effb70000 JavaThread "Finalizer" daemon [_thread_blocked, id=15812, stack(0x0000007b77800000,0x0000007b77900000)]
  0x0000024effb69000 JavaThread "Reference Handler" daemon [_thread_blocked, id=35808, stack(0x0000007b77700000,0x0000007b77800000)]
  0x0000024ee4ed4000 JavaThread "main" [_thread_in_Java, id=31036, stack(0x0000007b76d00000,0x0000007b76e00000)]

Other Threads:
  0x0000024effb3e800 VMThread [stack: 0x0000007b77600000,0x0000007b77700000] [id=35248]
  0x0000024e81a5d800 WatcherThread [stack: 0x0000007b78100000,0x0000007b78200000] [id=29584]

VM state:not at safepoint (normal execution)

VM Mutex/Monitor currently owned by a thread: None

heap address: 0x00000006c3200000, size: 4046 MB, Compressed Oops mode: Zero based, Oop shift amount: 3
Narrow klass base: 0x0000000000000000, Narrow klass shift: 3
Compressed class space size: 1073741824 Address: 0x00000007c0000000

Heap:
 PSYoungGen      total 356864K, used 154836K [0x000000076bb80000, 0x0000000783c80000, 0x00000007c0000000)
  eden space 322560K, 40% used [0x000000076bb80000,0x0000000773984c38,0x000000077f680000)
  from space 34304K, 75% used [0x0000000781880000,0x00000007831b05e0,0x0000000783a00000)
  to   space 34816K, 0% used [0x000000077f680000,0x000000077f680000,0x0000000781880000)
 ParOldGen       total 209920K, used 49990K [0x00000006c3200000, 0x00000006cff00000, 0x000000076bb80000)
  object space 209920K, 23% used [0x00000006c3200000,0x00000006c62d1a80,0x00000006cff00000)
 Metaspace       used 33216K, capacity 34244K, committed 35416K, reserved 1081344K
  class space    used 3644K, capacity 3934K, committed 4224K, reserved 1048576K

Card table byte_map: [0x0000024ef5d70000,0x0000024ef6560000] byte_map_base: 0x0000024ef2757000

Marking Bits: (ParMarkBitMap*) 0x000000006b88b090
 Begin Bits: [0x0000024ef6ab0000, 0x0000024efa9e8000)
 End Bits:   [0x0000024efa9e8000, 0x0000024efe920000)

Polling page: 0x0000024ee5130000

CodeCache: size=245760Kb used=31863Kb max_used=31863Kb free=213896Kb
 bounds [0x0000024ee69b0000, 0x0000024ee8980000, 0x0000024ef59b0000]
 total_blobs=8201 nmethods=7737 adapters=375
 compilation: enabled

Compilation events (10 events):
Event: 17.634 Thread 0x0000024e819aa800 10506       3       lombok.core.AST::<init> (62 bytes)
Event: 17.634 Thread 0x0000024e819aa800 nmethod 10506 0x0000024ee7960210 code [0x0000024ee79603c0, 0x0000024ee7960b78]
Event: 17.651 Thread 0x0000024e819aa800 10507   !   3       lombok.javac.HandlerLibrary::callASTVisitors (88 bytes)
Event: 17.652 Thread 0x0000024e819aa800 nmethod 10507 0x0000024ee795dd90 code [0x0000024ee795e040, 0x0000024ee795f500]
Event: 17.683 Thread 0x0000024e819aa800 10508       3       lombok.javac.JavacTransformer$AnnotationVisitor::visitAnnotationOnMethod (34 bytes)
Event: 17.684 Thread 0x0000024e819aa800 nmethod 10508 0x0000024ee795d310 code [0x0000024ee795d4a0, 0x0000024ee795daf0]
Event: 17.715 Thread 0x0000024e819aa800 10509   !   3       lombok.javac.JavacAST::getResourcesForTryNode (62 bytes)
Event: 17.715 Thread 0x0000024e819aa800 nmethod 10509 0x0000024ee795c890 code [0x0000024ee795ca40, 0x0000024ee795d120]
Event: 17.717 Thread 0x0000024e819aa800 10510       3       lombok.javac.JavacAST::buildTry (165 bytes)
Event: 17.719 Thread 0x0000024e819aa800 nmethod 10510 0x0000024ee79580d0 code [0x0000024ee7958520, 0x0000024ee795b200]

GC Heap History (10 events):
Event: 10.216 GC heap before
{Heap before GC invocations=14 (full 1):
 PSYoungGen      total 275456K, used 255132K [0x000000076bb80000, 0x000000077eb00000, 0x00000007c0000000)
  eden space 243200K, 100% used [0x000000076bb80000,0x000000077a900000,0x000000077a900000)
  from space 32256K, 36% used [0x000000077cb80000,0x000000077d727228,0x000000077eb00000)
  to   space 33792K, 0% used [0x000000077a900000,0x000000077a900000,0x000000077ca00000)
 ParOldGen       total 123392K, used 70942K [0x00000006c3200000, 0x00000006caa80000, 0x000000076bb80000)
  object space 123392K, 57% used [0x00000006c3200000,0x00000006c7747888,0x00000006caa80000)
 Metaspace       used 33154K, capacity 34224K, committed 34432K, reserved 1079296K
  class space    used 3670K, capacity 3968K, committed 3968K, reserved 1048576K
Event: 10.230 GC heap after
Heap after GC invocations=14 (full 1):
 PSYoungGen      total 276992K, used 24376K [0x000000076bb80000, 0x0000000783a00000, 0x00000007c0000000)
  eden space 243200K, 0% used [0x000000076bb80000,0x000000076bb80000,0x000000077a900000)
  from space 33792K, 72% used [0x000000077a900000,0x000000077c0ce208,0x000000077ca00000)
  to   space 34304K, 0% used [0x0000000781880000,0x0000000781880000,0x0000000783a00000)
 ParOldGen       total 123392K, used 73806K [0x00000006c3200000, 0x00000006caa80000, 0x000000076bb80000)
  object space 123392K, 59% used [0x00000006c3200000,0x00000006c7a13898,0x00000006caa80000)
 Metaspace       used 33154K, capacity 34224K, committed 34432K, reserved 1079296K
  class space    used 3670K, capacity 3968K, committed 3968K, reserved 1048576K
}
Event: 10.905 GC heap before
{Heap before GC invocations=15 (full 1):
 PSYoungGen      total 276992K, used 90647K [0x000000076bb80000, 0x0000000783a00000, 0x00000007c0000000)
  eden space 243200K, 27% used [0x000000076bb80000,0x000000076fc37ae0,0x000000077a900000)
  from space 33792K, 72% used [0x000000077a900000,0x000000077c0ce208,0x000000077ca00000)
  to   space 34304K, 0% used [0x0000000781880000,0x0000000781880000,0x0000000783a00000)
 ParOldGen       total 123392K, used 73806K [0x00000006c3200000, 0x00000006caa80000, 0x000000076bb80000)
  object space 123392K, 59% used [0x00000006c3200000,0x00000006c7a13898,0x00000006caa80000)
 Metaspace       used 34155K, capacity 35264K, committed 35416K, reserved 1081344K
  class space    used 3796K, capacity 4146K, committed 4224K, reserved 1048576K
Event: 10.919 GC heap after
Heap after GC invocations=15 (full 1):
 PSYoungGen      total 356864K, used 9506K [0x000000076bb80000, 0x0000000783c80000, 0x00000007c0000000)
  eden space 322560K, 0% used [0x000000076bb80000,0x000000076bb80000,0x000000077f680000)
  from space 34304K, 27% used [0x0000000781880000,0x00000007821c8a48,0x0000000783a00000)
  to   space 34816K, 0% used [0x000000077f680000,0x000000077f680000,0x0000000781880000)
 ParOldGen       total 123392K, used 97718K [0x00000006c3200000, 0x00000006caa80000, 0x000000076bb80000)
  object space 123392K, 79% used [0x00000006c3200000,0x00000006c916daa8,0x00000006caa80000)
 Metaspace       used 34155K, capacity 35264K, committed 35416K, reserved 1081344K
  class space    used 3796K, capacity 4146K, committed 4224K, reserved 1048576K
}
Event: 10.919 GC heap before
{Heap before GC invocations=16 (full 2):
 PSYoungGen      total 356864K, used 9506K [0x000000076bb80000, 0x0000000783c80000, 0x00000007c0000000)
  eden space 322560K, 0% used [0x000000076bb80000,0x000000076bb80000,0x000000077f680000)
  from space 34304K, 27% used [0x0000000781880000,0x00000007821c8a48,0x0000000783a00000)
  to   space 34816K, 0% used [0x000000077f680000,0x000000077f680000,0x0000000781880000)
 ParOldGen       total 123392K, used 97718K [0x00000006c3200000, 0x00000006caa80000, 0x000000076bb80000)
  object space 123392K, 79% used [0x00000006c3200000,0x00000006c916daa8,0x00000006caa80000)
 Metaspace       used 34155K, capacity 35264K, committed 35416K, reserved 1081344K
  class space    used 3796K, capacity 4146K, committed 4224K, reserved 1048576K
Event: 10.980 GC heap after
Heap after GC invocations=16 (full 2):
 PSYoungGen      total 356864K, used 0K [0x000000076bb80000, 0x0000000783c80000, 0x00000007c0000000)
  eden space 322560K, 0% used [0x000000076bb80000,0x000000076bb80000,0x000000077f680000)
  from space 34304K, 0% used [0x0000000781880000,0x0000000781880000,0x0000000783a00000)
  to   space 34816K, 0% used [0x000000077f680000,0x000000077f680000,0x0000000781880000)
 ParOldGen       total 209920K, used 45990K [0x00000006c3200000, 0x00000006cff00000, 0x000000076bb80000)
  object space 209920K, 21% used [0x00000006c3200000,0x00000006c5ee9a70,0x00000006cff00000)
 Metaspace       used 30802K, capacity 31688K, committed 35416K, reserved 1081344K
  class space    used 3410K, capacity 3658K, committed 4224K, reserved 1048576K
}
Event: 11.691 GC heap before
{Heap before GC invocations=17 (full 2):
 PSYoungGen      total 356864K, used 322560K [0x000000076bb80000, 0x0000000783c80000, 0x00000007c0000000)
  eden space 322560K, 100% used [0x000000076bb80000,0x000000077f680000,0x000000077f680000)
  from space 34304K, 0% used [0x0000000781880000,0x0000000781880000,0x0000000783a00000)
  to   space 34816K, 0% used [0x000000077f680000,0x000000077f680000,0x0000000781880000)
 ParOldGen       total 209920K, used 45990K [0x00000006c3200000, 0x00000006cff00000, 0x000000076bb80000)
  object space 209920K, 21% used [0x00000006c3200000,0x00000006c5ee9a70,0x00000006cff00000)
 Metaspace       used 31468K, capacity 32372K, committed 35416K, reserved 1081344K
  class space    used 3461K, capacity 3692K, committed 4224K, reserved 1048576K
Event: 13.007 GC heap after
Heap after GC invocations=17 (full 2):
 PSYoungGen      total 357376K, used 4659K [0x000000076bb80000, 0x0000000783c80000, 0x00000007c0000000)
  eden space 322560K, 0% used [0x000000076bb80000,0x000000076bb80000,0x000000077f680000)
  from space 34816K, 13% used [0x000000077f680000,0x000000077fb0cf98,0x0000000781880000)
  to   space 34304K, 0% used [0x0000000781880000,0x0000000781880000,0x0000000783a00000)
 ParOldGen       total 209920K, used 45998K [0x00000006c3200000, 0x00000006cff00000, 0x000000076bb80000)
  object space 209920K, 21% used [0x00000006c3200000,0x00000006c5eeba70,0x00000006cff00000)
 Metaspace       used 31468K, capacity 32372K, committed 35416K, reserved 1081344K
  class space    used 3461K, capacity 3692K, committed 4224K, reserved 1048576K
}
Event: 14.766 GC heap before
{Heap before GC invocations=18 (full 2):
 PSYoungGen      total 357376K, used 327219K [0x000000076bb80000, 0x0000000783c80000, 0x00000007c0000000)
  eden space 322560K, 100% used [0x000000076bb80000,0x000000077f680000,0x000000077f680000)
  from space 34816K, 13% used [0x000000077f680000,0x000000077fb0cf98,0x0000000781880000)
  to   space 34304K, 0% used [0x0000000781880000,0x0000000781880000,0x0000000783a00000)
 ParOldGen       total 209920K, used 45998K [0x00000006c3200000, 0x00000006cff00000, 0x000000076bb80000)
  object space 209920K, 21% used [0x00000006c3200000,0x00000006c5eeba70,0x00000006cff00000)
 Metaspace       used 31778K, capacity 32724K, committed 35416K, reserved 1081344K
  class space    used 3473K, capacity 3724K, committed 4224K, reserved 1048576K
Event: 16.804 GC heap after
Heap after GC invocations=18 (full 2):
 PSYoungGen      total 356864K, used 25793K [0x000000076bb80000, 0x0000000783c80000, 0x00000007c0000000)
  eden space 322560K, 0% used [0x000000076bb80000,0x000000076bb80000,0x000000077f680000)
  from space 34304K, 75% used [0x0000000781880000,0x00000007831b05e0,0x0000000783a00000)
  to   space 34816K, 0% used [0x000000077f680000,0x000000077f680000,0x0000000781880000)
 ParOldGen       total 209920K, used 49990K [0x00000006c3200000, 0x00000006cff00000, 0x000000076bb80000)
  object space 209920K, 23% used [0x00000006c3200000,0x00000006c62d1a80,0x00000006cff00000)
 Metaspace       used 31778K, capacity 32724K, committed 35416K, reserved 1081344K
  class space    used 3473K, capacity 3724K, committed 4224K, reserved 1048576K
}

Deoptimization events (10 events):
Event: 14.576 Thread 0x0000024ee4ed4000 Uncommon trap: reason=unstable_if action=reinterpret pc=0x0000024ee76ff158 method=com.sun.tools.javac.parser.UnicodeReader.scanCommentChar()V @ 10
Event: 14.642 Thread 0x0000024ee4ed4000 Uncommon trap: reason=array_check action=maybe_recompile pc=0x0000024ee77326f8 method=java.util.ComparableTimSort.reverseRange([Ljava/lang/Object;II)V @ 20
Event: 14.642 Thread 0x0000024ee4ed4000 Uncommon trap: reason=array_check action=maybe_recompile pc=0x0000024ee77326f8 method=java.util.ComparableTimSort.reverseRange([Ljava/lang/Object;II)V @ 20
Event: 14.643 Thread 0x0000024ee4ed4000 Uncommon trap: reason=array_check action=maybe_recompile pc=0x0000024ee77326f8 method=java.util.ComparableTimSort.reverseRange([Ljava/lang/Object;II)V @ 20
Event: 16.871 Thread 0x0000024ee4ed4000 Uncommon trap: reason=class_check action=maybe_recompile pc=0x0000024ee8058a60 method=com.sun.tools.javac.comp.Annotate.enterAnnotation(Lcom/sun/tools/javac/tree/JCTree$JCAnnotation;Lcom/sun/tools/javac/code/Type;Lcom/sun/tools/javac/comp/Env;Z)Lcom/sun/t
Event: 16.872 Thread 0x0000024ee4ed4000 Uncommon trap: reason=unstable_if action=reinterpret pc=0x0000024ee8814510 method=com.sun.tools.javac.comp.MemberEnter.actualEnterAnnotations(Lcom/sun/tools/javac/util/List;Lcom/sun/tools/javac/comp/Env;Lcom/sun/tools/javac/code/Symbol;)V @ 258
Event: 16.875 Thread 0x0000024ee4ed4000 Uncommon trap: reason=unstable_if action=reinterpret pc=0x0000024ee6b30878 method=com.sun.tools.javac.comp.MemberEnter.actualEnterAnnotations(Lcom/sun/tools/javac/util/List;Lcom/sun/tools/javac/comp/Env;Lcom/sun/tools/javac/code/Symbol;)V @ 258
Event: 16.878 Thread 0x0000024ee4ed4000 Uncommon trap: reason=unstable_if action=reinterpret pc=0x0000024ee6d754c8 method=com.sun.tools.javac.code.TypeAnnotations.annotationType(Lcom/sun/tools/javac/code/Attribute$Compound;Lcom/sun/tools/javac/code/Symbol;)Lcom/sun/tools/javac/code/TypeAnnotati
Event: 16.879 Thread 0x0000024ee4ed4000 Uncommon trap: reason=unstable_if action=reinterpret pc=0x0000024ee82fef6c method=com.sun.tools.javac.comp.Check.annotationApplicable(Lcom/sun/tools/javac/tree/JCTree$JCAnnotation;Lcom/sun/tools/javac/code/Symbol;)Z @ 282
Event: 17.470 Thread 0x0000024ee4ed4000 Uncommon trap: reason=class_check action=maybe_recompile pc=0x0000024ee7570a80 method=java.util.Collections$UnmodifiableMap.size()I @ 4

Classes redefined (0 events):
No events

Internal exceptions (10 events):
Event: 6.576 Thread 0x0000024ee4ed4000 Exception <a 'java/io/FileNotFoundException'> (0x0000000773a19818) thrown at [C:\jenkins\workspace\8-2-build-windows-x64-cygwin\jdk8u361\3183\hotspot\src\share\vm\prims\jni.cpp, line 710]
Event: 8.661 Thread 0x0000024ee4ed4000 Exception <a 'java/io/FileNotFoundException'> (0x000000076cea1008) thrown at [C:\jenkins\workspace\8-2-build-windows-x64-cygwin\jdk8u361\3183\hotspot\src\share\vm\prims\jni.cpp, line 710]
Event: 8.940 Thread 0x0000024ee4ed4000 Implicit null exception at 0x0000024ee83b1afc to 0x0000024ee83b4a5d
Event: 9.901 Thread 0x0000024ee4ed4000 Exception <a 'java/lang/NoSuchMethodError': org.apache.maven.execution.MavenExecutionRequest.getFailureBehavior()Ljava/lang/String;> (0x0000000776d07980) thrown at [C:\jenkins\workspace\8-2-build-windows-x64-cygwin\jdk8u361\3183\hotspot\src\share\vm\inter
Event: 10.332 Thread 0x0000024ee4ed4000 Exception <a 'java/io/FileNotFoundException'> (0x000000076cab2b80) thrown at [C:\jenkins\workspace\8-2-build-windows-x64-cygwin\jdk8u361\3183\hotspot\src\share\vm\prims\jni.cpp, line 710]
Event: 10.410 Thread 0x0000024ee4ed4000 Exception <a 'java/io/FileNotFoundException'> (0x000000076d5d3918) thrown at [C:\jenkins\workspace\8-2-build-windows-x64-cygwin\jdk8u361\3183\hotspot\src\share\vm\prims\jni.cpp, line 710]
Event: 13.526 Thread 0x0000024ee4ed4000 Exception <a 'java/io/FileNotFoundException'> (0x00000007737152e0) thrown at [C:\jenkins\workspace\8-2-build-windows-x64-cygwin\jdk8u361\3183\hotspot\src\share\vm\prims\jni.cpp, line 710]
Event: 14.202 Thread 0x0000024ee4ed4000 Exception <a 'java/lang/NoSuchMethodError': org.apache.maven.execution.MavenExecutionRequest.getFailureBehavior()Ljava/lang/String;> (0x000000077a19d840) thrown at [C:\jenkins\workspace\8-2-build-windows-x64-cygwin\jdk8u361\3183\hotspot\src\share\vm\inter
Event: 14.640 Thread 0x0000024ee4ed4000 Exception <a 'java/io/FileNotFoundException'> (0x000000077eb315d0) thrown at [C:\jenkins\workspace\8-2-build-windows-x64-cygwin\jdk8u361\3183\hotspot\src\share\vm\prims\jni.cpp, line 710]
Event: 16.884 Thread 0x0000024ee4ed4000 Exception <a 'java/io/FileNotFoundException'> (0x000000076c538b90) thrown at [C:\jenkins\workspace\8-2-build-windows-x64-cygwin\jdk8u361\3183\hotspot\src\share\vm\prims\jni.cpp, line 710]

Events (10 events):
Event: 17.267 loading class lombok/launch/AnnotationProcessorHider$AstModificationNotifierData done
Event: 17.363 loading class com/sun/tools/javac/processing/JavacProcessingEnvironment$processor
Event: 17.363 loading class com/sun/tools/javac/processing/JavacProcessingEnvironment$processor done
Event: 17.366 loading class com/sun/tools/javac/util/CancelService
Event: 17.366 loading class com/sun/tools/javac/util/CancelService done
Event: 17.368 loading class com/sun/tools/javac/file/BaseFileManager
Event: 17.368 loading class com/sun/tools/javac/file/BaseFileManager done
Event: 17.470 Thread 0x0000024ee4ed4000 Uncommon trap: trap_request=0xffffffde fr.pc=0x0000024ee7570a80
Event: 17.470 Thread 0x0000024ee4ed4000 DEOPT PACKING pc=0x0000024ee7570a80 sp=0x0000007b76dfcc50
Event: 17.470 Thread 0x0000024ee4ed4000 DEOPT UNPACKING pc=0x0000024ee69f58c3 sp=0x0000007b76dfcbe0 mode 2


Dynamic libraries:
0x00007ff6b2780000 - 0x00007ff6b27c7000 	C:\Program Files\Java\jdk1.8.0_361\bin\java.exe
0x00007ff8e2d40000 - 0x00007ff8e2fa8000 	C:\WINDOWS\SYSTEM32\ntdll.dll
0x00007ff8e1760000 - 0x00007ff8e1829000 	C:\WINDOWS\System32\KERNEL32.DLL
0x00007ff8e03c0000 - 0x00007ff8e07b8000 	C:\WINDOWS\System32\KERNELBASE.dll
0x00007ff8e16a0000 - 0x00007ff8e1754000 	C:\WINDOWS\System32\ADVAPI32.dll
0x00007ff8e1f90000 - 0x00007ff8e2039000 	C:\WINDOWS\System32\msvcrt.dll
0x00007ff8e1560000 - 0x00007ff8e1606000 	C:\WINDOWS\System32\sechost.dll
0x00007ff8e20c0000 - 0x00007ff8e21d8000 	C:\WINDOWS\System32\RPCRT4.dll
0x00007ff8e1ba0000 - 0x00007ff8e1d67000 	C:\WINDOWS\System32\USER32.dll
0x00007ff8e07c0000 - 0x00007ff8e07e7000 	C:\WINDOWS\System32\win32u.dll
0x00007ff8e1830000 - 0x00007ff8e185b000 	C:\WINDOWS\System32\GDI32.dll
0x00007ff8dffd0000 - 0x00007ff8e00fc000 	C:\WINDOWS\System32\gdi32full.dll
0x00007ff8e08b0000 - 0x00007ff8e0953000 	C:\WINDOWS\System32\msvcp_win.dll
0x00007ff8e0100000 - 0x00007ff8e024b000 	C:\WINDOWS\System32\ucrtbase.dll
0x00007ff8c24a0000 - 0x00007ff8c2734000 	C:\WINDOWS\WinSxS\amd64_microsoft.windows.common-controls_6595b64144ccf1df_6.0.26100.7019_none_3e06ffa0e335b8a8\COMCTL32.dll
0x00007ff8e0d70000 - 0x00007ff8e0da1000 	C:\WINDOWS\System32\IMM32.DLL
0x00007ff8d4360000 - 0x00007ff8d4375000 	C:\Program Files\Java\jdk1.8.0_361\jre\bin\vcruntime140.dll
0x00007ff8b7810000 - 0x00007ff8b78ab000 	C:\Program Files\Java\jdk1.8.0_361\jre\bin\msvcp140.dll
0x000000006b0a0000 - 0x000000006b903000 	C:\Program Files\Java\jdk1.8.0_361\jre\bin\server\jvm.dll
0x00007ff8e2770000 - 0x00007ff8e2778000 	C:\WINDOWS\System32\PSAPI.DLL
0x00007ff8c95f0000 - 0x00007ff8c95fa000 	C:\WINDOWS\SYSTEM32\WSOCK32.dll
0x00007ff8d3aa0000 - 0x00007ff8d3aab000 	C:\WINDOWS\SYSTEM32\VERSION.dll
0x00007ff8dc570000 - 0x00007ff8dc5a5000 	C:\WINDOWS\SYSTEM32\WINMM.dll
0x00007ff8e1940000 - 0x00007ff8e19b4000 	C:\WINDOWS\System32\WS2_32.dll
0x00007ff8dec50000 - 0x00007ff8dec6b000 	C:\WINDOWS\SYSTEM32\kernel.appcore.dll
0x00007ff8dc140000 - 0x00007ff8dc150000 	C:\Program Files\Java\jdk1.8.0_361\jre\bin\verify.dll
0x00007ff8d3c30000 - 0x00007ff8d3c5b000 	C:\Program Files\Java\jdk1.8.0_361\jre\bin\java.dll
0x00007ff8d0fa0000 - 0x00007ff8d0fd0000 	C:\Program Files\Java\jdk1.8.0_361\jre\bin\instrument.dll
0x00007ff8d4340000 - 0x00007ff8d4358000 	C:\Program Files\Java\jdk1.8.0_361\jre\bin\zip.dll
0x00007ff8e0db0000 - 0x00007ff8e14ff000 	C:\WINDOWS\System32\SHELL32.dll
0x00007ff8e0250000 - 0x00007ff8e03bb000 	C:\WINDOWS\System32\wintypes.dll
0x00007ff8e21e0000 - 0x00007ff8e256b000 	C:\WINDOWS\System32\combase.dll
0x00007ff8ddad0000 - 0x00007ff8de32d000 	C:\WINDOWS\SYSTEM32\windows.storage.dll
0x00007ff8e0c70000 - 0x00007ff8e0d62000 	C:\WINDOWS\System32\SHCORE.dll
0x00007ff8e0bf0000 - 0x00007ff8e0c57000 	C:\WINDOWS\System32\shlwapi.dll
0x00007ff8dfdb0000 - 0x00007ff8dfdd9000 	C:\WINDOWS\SYSTEM32\profapi.dll
0x00007ff8d4260000 - 0x00007ff8d427a000 	D:\IntelliJ IDEA 2021.2.2\bin\breakgen64.dll
0x00007ff8d40b0000 - 0x00007ff8d40cc000 	C:\Program Files\Java\jdk1.8.0_361\jre\bin\net.dll
0x00007ff8df1c0000 - 0x00007ff8df22b000 	C:\WINDOWS\system32\mswsock.dll
0x00007ff8df480000 - 0x00007ff8df49b000 	C:\WINDOWS\SYSTEM32\CRYPTSP.dll
0x00007ff8debb0000 - 0x00007ff8debea000 	C:\WINDOWS\system32\rsaenh.dll
0x00007ff8df270000 - 0x00007ff8df29b000 	C:\WINDOWS\SYSTEM32\USERENV.dll
0x00007ff8dfd80000 - 0x00007ff8dfdaa000 	C:\WINDOWS\SYSTEM32\bcrypt.dll
0x00007ff8dff20000 - 0x00007ff8dffc5000 	C:\WINDOWS\System32\bcryptprimitives.dll
0x00007ff8df4a0000 - 0x00007ff8df4ac000 	C:\WINDOWS\SYSTEM32\CRYPTBASE.dll
0x00007ff8de660000 - 0x00007ff8de694000 	C:\WINDOWS\SYSTEM32\IPHLPAPI.DLL
0x00007ff8e0ae0000 - 0x00007ff8e0aea000 	C:\WINDOWS\System32\NSI.dll
0x00007ff8d1530000 - 0x00007ff8d154e000 	C:\WINDOWS\SYSTEM32\dhcpcsvc6.DLL
0x00007ff8d1500000 - 0x00007ff8d1523000 	C:\WINDOWS\SYSTEM32\dhcpcsvc.DLL
0x00007ff8de6f0000 - 0x00007ff8de81c000 	C:\WINDOWS\SYSTEM32\DNSAPI.dll
0x00007ff8d3960000 - 0x00007ff8d3973000 	C:\Program Files\Java\jdk1.8.0_361\jre\bin\nio.dll
0x00007ff8d41f0000 - 0x00007ff8d41fa000 	C:\Users\11371\AppData\Local\Temp\jansi-1.17.1-3625193954756215975.dll
0x00007ff8d3be0000 - 0x00007ff8d3bea000 	C:\Users\11371\AppData\Local\Temp\jansi-1.17.1-4991970572495887672.dll
0x00007ff8d3ae0000 - 0x00007ff8d3aed000 	C:\Program Files\Java\jdk1.8.0_361\jre\bin\management.dll
0x00007ff8bb920000 - 0x00007ff8bb938000 	C:\WINDOWS\system32\napinsp.dll
0x00007ff8bb900000 - 0x00007ff8bb912000 	C:\WINDOWS\System32\winrnr.dll
0x00007ff8bb390000 - 0x00007ff8bb3b2000 	C:\WINDOWS\system32\nlansp_c.dll
0x00007ff8d1b40000 - 0x00007ff8d1b56000 	C:\WINDOWS\system32\wshbth.dll
0x00007ff8a64d0000 - 0x00007ff8a664a000 	C:\Program Files (x86)\Sangfor\SSL\ClientComponent\1_SangforTcpX64.dll
0x00007ff8e1d70000 - 0x00007ff8e1f07000 	C:\WINDOWS\System32\ole32.dll
0x00007ff8e1860000 - 0x00007ff8e1937000 	C:\WINDOWS\System32\OLEAUT32.dll
0x00007ff8dfe90000 - 0x00007ff8dff0f000 	C:\WINDOWS\System32\WINTRUST.dll
0x00007ff8e0960000 - 0x00007ff8e0ad7000 	C:\WINDOWS\System32\CRYPT32.dll
0x00007ff8df4f0000 - 0x00007ff8df503000 	C:\WINDOWS\SYSTEM32\MSASN1.dll
0x00007ff8d11d0000 - 0x00007ff8d11db000 	C:\Windows\System32\rasadhlp.dll
0x00007ff8d1b60000 - 0x00007ff8d1be6000 	C:\WINDOWS\System32\fwpuclnt.dll
0x00007ff8dd2f0000 - 0x00007ff8dd532000 	C:\WINDOWS\SYSTEM32\dbghelp.dll

VM Arguments:
jvm_args: -Dmaven.multiModuleProjectDirectory=D:\IdeaPeojects\Bot -Dmaven.home=D:\apache-maven-3.8.1 -Dclassworlds.conf=D:\apache-maven-3.8.1\bin\m2.conf -Dmaven.ext.class.path=D:\IntelliJ IDEA 2021.2.2\plugins\maven\lib\maven-event-listener.jar -javaagent:D:\IntelliJ IDEA 2021.2.2\lib\idea_rt.jar=17635:D:\IntelliJ IDEA 2021.2.2\bin -Dfile.encoding=UTF-8 
java_command: org.codehaus.classworlds.Launcher -Didea.version=2021.2.2 -s D:\apache-maven-3.8.1\conf\settings.xml -Dmaven.repo.local=D:\repo -DskipTests=true package -P prod
java_class_path (initial): D:\apache-maven-3.8.1\boot\plexus-classworlds-2.6.0.jar;D:\apache-maven-3.8.1\boot\plexus-classworlds.license;D:\IntelliJ IDEA 2021.2.2\lib\idea_rt.jar
Launcher Type: SUN_STANDARD

Environment Variables:
JAVA_HOME=C:\Program Files\Java\jdk1.8.0_361
PATH=C:\Python314\Scripts\;C:\Python314\;C:\WINDOWS\system32;C:\WINDOWS;C:\WINDOWS\System32\Wbem;C:\Program Files (x86)\Common Files\Oracle\Java\javapath;C:\Windows\System32\HWAudioDriverLibs;C:\Windows\system32;C:\Windows;C:\Windows\System32\Wbem;C:\Windows\System32\WindowsPowerShell\v1.0\;C:\Windows\System32\OpenSSH\;C:\Users\Administrator\AppData\Local\Microsoft\WindowsApps;C:\WINDOWS\System32\WindowsPowerShell\v1.0\;C:\WINDOWS\System32\OpenSSH\;%JAVA_HOME%\bin;C:\Program Files\Git\cmd;D:\Oracle\Instant Client\bin;C:\Program Files\TortoiseSVN\bin;D:\apache-tomcat-8.5.87\bin;D:\apache-maven-3.8.1\bin;C:\Program Files\nodejs\;C:\ProgramData\chocolatey\bin;C:\Users\11371\AppData\Local\Programs\Python\Python311\Scripts\;C:\Users\11371\AppData\Local\Programs\Python\Python311\;C:\Users\11371\AppData\Local\Programs\Python\Launcher\;C:\Program Files\Java\jdk1.8.0_361\bin;C:\WINDOWS\system32;C:\WINDOWS;C:\WINDOWS\System32\Wbem;C:\Users\11371\AppData\Local\Microsoft\WindowsApps;D:\apache-maven-3.8.1\bin;C:\Program Files\nodejs\node_global;D:\Oracle\instantclient_11_2;D:\apache-tomcat-8.5.87\bin;D:\gradle-8.12.1\bin;D:\apache-maven-3.8.1\bin;D:\Windsurf\bin;D:\Qoder\bin;C:\Users\11371\AppData\Roaming\npm;
USERNAME=11371
OS=Windows_NT
PROCESSOR_IDENTIFIER=Intel64 Family 6 Model 140 Stepping 1, GenuineIntel



---------------  S Y S T E M  ---------------

OS: Windows 11 , 64 bit Build 26100 (10.0.26100.7019)

CPU:total 8 (initial active 8) (4 cores per cpu, 2 threads per core) family 6 model 140 stepping 1, cmov, cx8, fxsr, mmx, sse, sse2, sse3, ssse3, sse4.1, sse4.2, popcnt, avx, avx2, aes, clmul, erms, 3dnowpref, lzcnt, ht, tsc, tscinvbit, bmi1, bmi2, adx

Memory: 4k page, physical 16571704k(2504796k free), swap 32158772k(5168k free)

vm_info: Java HotSpot(TM) 64-Bit Server VM (25.361-b09) for windows-amd64 JRE (1.8.0_361-b09), built on Jan  9 2023 08:38:53 by "java_re" with MS VC++ 15.9 (VS2017)

time: Thu Nov 27 10:35:23 2025
timezone: Intel64 Family 6 Model 140 Stepping 1, GenuineIntel
elapsed time: 18.756746 seconds (0d 0h 0m 18s)

